#
# There is insufficient memory for the Java Runtime Environment to continue.
# Native memory allocation (malloc) failed to allocate 1427696 bytes. Error detail: Chunk::new
# Possible reasons:
#   The system is out of physical RAM or swap space
#   This process is running with CompressedOops enabled, and the Java Heap may be blocking the growth of the native heap
# Possible solutions:
#   Reduce memory load on the system
#   Increase physical memory or swap space
#   Check if swap backing store is full
#   Decrease Java heap size (-Xmx/-Xms)
#   Decrease number of Java threads
#   Decrease Java thread stack sizes (-Xss)
#   Set larger code cache with -XX:ReservedCodeCacheSize=
#   JVM is running with Unscaled Compressed Oops mode in which the Java heap is
#     placed in the first 4GB address space. The Java Heap base address is the
#     maximum limit for the native heap growth. Please use -XX:HeapBaseMinAddress
#     to set the Java Heap base and to place the Java Heap above 4GB virtual address.
# This output file may be truncated or incomplete.
#
#  Out of Memory Error (arena.cpp:150), pid=25680, tid=26096
#
# JRE version: Java(TM) SE Runtime Environment (22.0.1+8) (build 22.0.1+8-16)
# Java VM: Java HotSpot(TM) 64-Bit Server VM (22.0.1+8-16, mixed mode, sharing, tiered, compressed oops, compressed class ptrs, g1 gc, windows-amd64)
# No core dump will be written. Minidumps are not enabled by default on client versions of Windows
#

---------------  S U M M A R Y ------------

Command Line: -javaagent:C:\Program Files\JetBrains\IntelliJ IDEA Community Edition 2024.1.1\lib\idea_rt.jar=54668:C:\Program Files\JetBrains\IntelliJ IDEA Community Edition 2024.1.1\bin -Dfile.encoding=UTF-8 -Dsun.stdout.encoding=UTF-8 -Dsun.stderr.encoding=UTF-8 com.example.dinhtrongkhang.DinhtrongkhangApplication

Host: Intel(R) Core(TM) i3-1005G1 CPU @ 1.20GHz, 4 cores, 3G,  Windows 11 , 64 bit Build 22000 (10.0.22000.2538)
Time: Mon Jun 10 15:33:54 2024 SE Asia Standard Time elapsed time: 7.174363 seconds (0d 0h 0m 7s)

---------------  T H R E A D  ---------------

Current thread (0x000002b66b6b8820):  JavaThread "C2 CompilerThread1" daemon [_thread_in_native, id=26096, stack(0x000000e745900000,0x000000e745a00000) (1024K)]


Current CompileTask:
C2:7174 3819   !   4       jdk.internal.loader.BuiltinClassLoader::loadClassOrNull (143 bytes)

Stack: [0x000000e745900000,0x000000e745a00000]
Native frames: (J=compiled Java code, j=interpreted, Vv=VM code, C=native code)
V  [jvm.dll+0x6e2279]  (no source info available)
V  [jvm.dll+0x874e33]  (no source info available)
V  [jvm.dll+0x87725e]  (no source info available)
V  [jvm.dll+0x877933]  (no source info available)
V  [jvm.dll+0x27fd76]  (no source info available)
V  [jvm.dll+0xc3d0f]  (no source info available)
V  [jvm.dll+0xc3f6b]  (no source info available)
V  [jvm.dll+0x3bb0d2]  (no source info available)
V  [jvm.dll+0x1df87e]  (no source info available)
V  [jvm.dll+0x247a5c]  (no source info available)
V  [jvm.dll+0x246fbf]  (no source info available)
V  [jvm.dll+0x1c4e90]  (no source info available)
V  [jvm.dll+0x2569fe]  (no source info available)
V  [jvm.dll+0x254cba]  (no source info available)
V  [jvm.dll+0x3f5336]  (no source info available)
V  [jvm.dll+0x81d44b]  (no source info available)
V  [jvm.dll+0x6e0915]  (no source info available)
C  [ucrtbase.dll+0x26c0c]  (no source info available)
C  [KERNEL32.DLL+0x153e0]  (no source info available)
C  [ntdll.dll+0x485b]  (no source info available)


---------------  P R O C E S S  ---------------

Threads class SMR info:
_java_thread_list=0x000002b66aea9f70, length=15, elements={
0x000002b607918410, 0x000002b62453c360, 0x000002b62453f430, 0x000002b624543080,
0x000002b624543bd0, 0x000002b6245448d0, 0x000002b624565430, 0x000002b6245662b0,
0x000002b624568bd0, 0x000002b62460cbc0, 0x000002b624abe910, 0x000002b624ad9790,
0x000002b66a7c28e0, 0x000002b66a7e0330, 0x000002b66b6b8820
}

Java Threads: ( => current thread )
  0x000002b607918410 JavaThread "main"                              [_thread_blocked, id=25768, stack(0x000000e744300000,0x000000e744400000) (1024K)]
  0x000002b62453c360 JavaThread "Reference Handler"          daemon [_thread_blocked, id=25624, stack(0x000000e744b00000,0x000000e744c00000) (1024K)]
  0x000002b62453f430 JavaThread "Finalizer"                  daemon [_thread_blocked, id=13712, stack(0x000000e744c00000,0x000000e744d00000) (1024K)]
  0x000002b624543080 JavaThread "Signal Dispatcher"          daemon [_thread_blocked, id=24084, stack(0x000000e744d00000,0x000000e744e00000) (1024K)]
  0x000002b624543bd0 JavaThread "Attach Listener"            daemon [_thread_blocked, id=18464, stack(0x000000e744e00000,0x000000e744f00000) (1024K)]
  0x000002b6245448d0 JavaThread "Service Thread"             daemon [_thread_blocked, id=25672, stack(0x000000e744f00000,0x000000e745000000) (1024K)]
  0x000002b624565430 JavaThread "Monitor Deflation Thread"   daemon [_thread_blocked, id=24444, stack(0x000000e745000000,0x000000e745100000) (1024K)]
  0x000002b6245662b0 JavaThread "C2 CompilerThread0"         daemon [_thread_in_native, id=20888, stack(0x000000e745100000,0x000000e745200000) (1024K)]
  0x000002b624568bd0 JavaThread "C1 CompilerThread0"         daemon [_thread_blocked, id=25872, stack(0x000000e745200000,0x000000e745300000) (1024K)]
  0x000002b62460cbc0 JavaThread "Common-Cleaner"             daemon [_thread_blocked, id=24408, stack(0x000000e745300000,0x000000e745400000) (1024K)]
  0x000002b624abe910 JavaThread "Monitor Ctrl-Break"         daemon [_thread_in_native, id=26056, stack(0x000000e745400000,0x000000e745500000) (1024K)]
  0x000002b624ad9790 JavaThread "Notification Thread"        daemon [_thread_blocked, id=23624, stack(0x000000e745500000,0x000000e745600000) (1024K)]
  0x000002b66a7c28e0 JavaThread "Thread-0"                          [_thread_blocked, id=26168, stack(0x000000e745a00000,0x000000e745b00000) (1024K)]
  0x000002b66a7e0330 JavaThread "restartedMain"                     [_thread_in_vm, id=7488, stack(0x000000e745b00000,0x000000e745c00000) (1024K)]
=>0x000002b66b6b8820 JavaThread "C2 CompilerThread1"         daemon [_thread_in_native, id=26096, stack(0x000000e745900000,0x000000e745a00000) (1024K)]
Total: 15

Other Threads:
  0x000002b609bc1c20 VMThread "VM Thread"                           [id=25616, stack(0x000000e744a00000,0x000000e744b00000) (1024K)]
  0x000002b62452b0b0 WatcherThread "VM Periodic Task Thread"        [id=25620, stack(0x000000e744900000,0x000000e744a00000) (1024K)]
  0x000002b609b3a430 WorkerThread "GC Thread#0"                     [id=25776, stack(0x000000e744400000,0x000000e744500000) (1024K)]
  0x000002b66a14fd70 WorkerThread "GC Thread#1"                     [id=26172, stack(0x000000e745600000,0x000000e745700000) (1024K)]
  0x000002b66a2a1ac0 WorkerThread "GC Thread#2"                     [id=26176, stack(0x000000e745700000,0x000000e745800000) (1024K)]
  0x000002b66a2a1e70 WorkerThread "GC Thread#3"                     [id=26180, stack(0x000000e745800000,0x000000e745900000) (1024K)]
  0x000002b609b42aa0 ConcurrentGCThread "G1 Main Marker"            [id=25804, stack(0x000000e744500000,0x000000e744600000) (1024K)]
  0x000002b609b435b0 WorkerThread "G1 Conc#0"                       [id=25772, stack(0x000000e744600000,0x000000e744700000) (1024K)]
  0x000002b609b99e20 ConcurrentGCThread "G1 Refine#0"               [id=25836, stack(0x000000e744700000,0x000000e744800000) (1024K)]
  0x000002b609b9a9a0 ConcurrentGCThread "G1 Service"                [id=25612, stack(0x000000e744800000,0x000000e744900000) (1024K)]
Total: 10

Threads with active compile tasks:
C2 CompilerThread0  7281 3839       4       org.springframework.boot.context.properties.source.ConfigurationPropertyName$ElementsParser::parse (234 bytes)
C2 CompilerThread1  7281 3819   !   4       jdk.internal.loader.BuiltinClassLoader::loadClassOrNull (143 bytes)
Total: 2

VM state: not at safepoint (normal execution)

VM Mutex/Monitor currently owned by a thread: None

Heap address: 0x00000000c4c00000, size: 948 MB, Compressed Oops mode: 32-bit

CDS archive(s) mapped at: [0x000002b625000000-0x000002b625c60000-0x000002b625c60000), size 12976128, SharedBaseAddress: 0x000002b625000000, ArchiveRelocationMode: 1.
Compressed class space mapped at: 0x000002b626000000-0x000002b666000000, reserved size: 1073741824
Narrow klass base: 0x000002b625000000, Narrow klass shift: 0, Narrow klass range: 0x41000000

GC Precious Log:
 CardTable entry size: 512
 Card Set container configuration: InlinePtr #cards 5 size 8 Array Of Cards #cards 12 size 40 Howl #buckets 4 coarsen threshold 1843 Howl Bitmap #cards 512 size 80 coarsen threshold 460 Card regions per heap region 1 cards per card region 2048
 CPUs: 4 total, 4 available
 Memory: 3784M
 Large Page Support: Disabled
 NUMA Support: Disabled
 Compressed Oops: Enabled (32-bit)
 Heap Region Size: 1M
 Heap Min Capacity: 8M
 Heap Initial Capacity: 60M
 Heap Max Capacity: 948M
 Pre-touch: Disabled
 Parallel Workers: 4
 Concurrent Workers: 1
 Concurrent Refinement Workers: 4
 Periodic GC: Disabled

Heap:
 garbage-first heap   total reserved 970752K, committed 51200K, used 25919K [0x00000000c4c00000, 0x0000000100000000)
  region size 1024K, 15 young (15360K), 4 survivors (4096K)
 Metaspace       used 28257K, committed 28672K, reserved 1114112K
  class space    used 3604K, committed 3776K, reserved 1048576K

Heap Regions: E=young(eden), S=young(survivor), O=old, HS=humongous(starts), HC=humongous(continues), CS=collection set, F=free, TAMS=top-at-mark-start, PB=parsable bottom
|   0|0x00000000c4c00000, 0x00000000c4d00000, 0x00000000c4d00000|100%|HS|  |TAMS 0x00000000c4c00000| PB 0x00000000c4c00000| Complete |  0
|   1|0x00000000c4d00000, 0x00000000c4e00000, 0x00000000c4e00000|100%| O|  |TAMS 0x00000000c4d00000| PB 0x00000000c4d00000| Untracked |  0
|   2|0x00000000c4e00000, 0x00000000c4f00000, 0x00000000c4f00000|100%| O|  |TAMS 0x00000000c4e00000| PB 0x00000000c4e00000| Untracked |  0
|   3|0x00000000c4f00000, 0x00000000c5000000, 0x00000000c5000000|100%| O|  |TAMS 0x00000000c4f00000| PB 0x00000000c4f00000| Untracked |  0
|   4|0x00000000c5000000, 0x00000000c5100000, 0x00000000c5100000|100%| O|  |TAMS 0x00000000c5000000| PB 0x00000000c5000000| Untracked |  0
|   5|0x00000000c5100000, 0x00000000c5200000, 0x00000000c5200000|100%| O|  |TAMS 0x00000000c5100000| PB 0x00000000c5100000| Untracked |  0
|   6|0x00000000c5200000, 0x00000000c5300000, 0x00000000c5300000|100%| O|  |TAMS 0x00000000c5200000| PB 0x00000000c5200000| Untracked |  0
|   7|0x00000000c5300000, 0x00000000c5400000, 0x00000000c5400000|100%| O|  |TAMS 0x00000000c5300000| PB 0x00000000c5300000| Untracked |  0
|   8|0x00000000c5400000, 0x00000000c5500000, 0x00000000c5500000|100%| O|  |TAMS 0x00000000c5400000| PB 0x00000000c5400000| Untracked |  0
|   9|0x00000000c5500000, 0x00000000c5600000, 0x00000000c5600000|100%| O|  |TAMS 0x00000000c5500000| PB 0x00000000c5500000| Untracked |  0
|  10|0x00000000c5600000, 0x00000000c5700000, 0x00000000c5700000|100%| O|  |TAMS 0x00000000c5600000| PB 0x00000000c5600000| Untracked |  0
|  11|0x00000000c5700000, 0x00000000c5800000, 0x00000000c5800000|100%| O|  |TAMS 0x00000000c5700000| PB 0x00000000c5700000| Untracked |  0
|  12|0x00000000c5800000, 0x00000000c5900000, 0x00000000c5900000|100%| O|  |TAMS 0x00000000c5800000| PB 0x00000000c5800000| Untracked |  0
|  13|0x00000000c5900000, 0x00000000c592e8c0, 0x00000000c5a00000| 18%| O|Cm|TAMS 0x00000000c5900000| PB 0x00000000c5900000| Complete |  0
|  14|0x00000000c5a00000, 0x00000000c5a00000, 0x00000000c5b00000|  0%| F|  |TAMS 0x00000000c5a00000| PB 0x00000000c5a00000| Untracked |  0
|  15|0x00000000c5b00000, 0x00000000c5b00000, 0x00000000c5c00000|  0%| F|  |TAMS 0x00000000c5b00000| PB 0x00000000c5b00000| Untracked |  0
|  16|0x00000000c5c00000, 0x00000000c5c21370, 0x00000000c5d00000| 12%| S|CS|TAMS 0x00000000c5c00000| PB 0x00000000c5c00000| Complete |  0
|  17|0x00000000c5d00000, 0x00000000c5e00000, 0x00000000c5e00000|100%| S|CS|TAMS 0x00000000c5d00000| PB 0x00000000c5d00000| Complete |  0
|  18|0x00000000c5e00000, 0x00000000c5f00000, 0x00000000c5f00000|100%| S|CS|TAMS 0x00000000c5e00000| PB 0x00000000c5e00000| Complete |  0
|  19|0x00000000c5f00000, 0x00000000c6000000, 0x00000000c6000000|100%| S|CS|TAMS 0x00000000c5f00000| PB 0x00000000c5f00000| Complete |  0
|  20|0x00000000c6000000, 0x00000000c6000000, 0x00000000c6100000|  0%| F|  |TAMS 0x00000000c6000000| PB 0x00000000c6000000| Untracked |  0
|  21|0x00000000c6100000, 0x00000000c6100000, 0x00000000c6200000|  0%| F|  |TAMS 0x00000000c6100000| PB 0x00000000c6100000| Untracked |  0
|  22|0x00000000c6200000, 0x00000000c6200000, 0x00000000c6300000|  0%| F|  |TAMS 0x00000000c6200000| PB 0x00000000c6200000| Untracked |  0
|  23|0x00000000c6300000, 0x00000000c6300000, 0x00000000c6400000|  0%| F|  |TAMS 0x00000000c6300000| PB 0x00000000c6300000| Untracked |  0
|  24|0x00000000c6400000, 0x00000000c6400000, 0x00000000c6500000|  0%| F|  |TAMS 0x00000000c6400000| PB 0x00000000c6400000| Untracked |  0
|  25|0x00000000c6500000, 0x00000000c6500000, 0x00000000c6600000|  0%| F|  |TAMS 0x00000000c6500000| PB 0x00000000c6500000| Untracked |  0
|  26|0x00000000c6600000, 0x00000000c6600000, 0x00000000c6700000|  0%| F|  |TAMS 0x00000000c6600000| PB 0x00000000c6600000| Untracked |  0
|  27|0x00000000c6700000, 0x00000000c6700000, 0x00000000c6800000|  0%| F|  |TAMS 0x00000000c6700000| PB 0x00000000c6700000| Untracked |  0
|  28|0x00000000c6800000, 0x00000000c6800000, 0x00000000c6900000|  0%| F|  |TAMS 0x00000000c6800000| PB 0x00000000c6800000| Untracked |  0
|  29|0x00000000c6900000, 0x00000000c6900000, 0x00000000c6a00000|  0%| F|  |TAMS 0x00000000c6900000| PB 0x00000000c6900000| Untracked |  0
|  30|0x00000000c6a00000, 0x00000000c6a00000, 0x00000000c6b00000|  0%| F|  |TAMS 0x00000000c6a00000| PB 0x00000000c6a00000| Untracked |  0
|  31|0x00000000c6b00000, 0x00000000c6b00000, 0x00000000c6c00000|  0%| F|  |TAMS 0x00000000c6b00000| PB 0x00000000c6b00000| Untracked |  0
|  32|0x00000000c6c00000, 0x00000000c6c00000, 0x00000000c6d00000|  0%| F|  |TAMS 0x00000000c6c00000| PB 0x00000000c6c00000| Untracked |  0
|  33|0x00000000c6d00000, 0x00000000c6d00000, 0x00000000c6e00000|  0%| F|  |TAMS 0x00000000c6d00000| PB 0x00000000c6d00000| Untracked |  0
|  34|0x00000000c6e00000, 0x00000000c6e00000, 0x00000000c6f00000|  0%| F|  |TAMS 0x00000000c6e00000| PB 0x00000000c6e00000| Untracked |  0
|  35|0x00000000c6f00000, 0x00000000c6f00000, 0x00000000c7000000|  0%| F|  |TAMS 0x00000000c6f00000| PB 0x00000000c6f00000| Untracked |  0
|  36|0x00000000c7000000, 0x00000000c7000000, 0x00000000c7100000|  0%| F|  |TAMS 0x00000000c7000000| PB 0x00000000c7000000| Untracked |  0
|  37|0x00000000c7100000, 0x00000000c7100000, 0x00000000c7200000|  0%| F|  |TAMS 0x00000000c7100000| PB 0x00000000c7100000| Untracked |  0
|  38|0x00000000c7200000, 0x00000000c7200000, 0x00000000c7300000|  0%| F|  |TAMS 0x00000000c7200000| PB 0x00000000c7200000| Untracked |  0
|  39|0x00000000c7300000, 0x00000000c73bfde0, 0x00000000c7400000| 74%| E|  |TAMS 0x00000000c7300000| PB 0x00000000c7300000| Complete |  0
|  40|0x00000000c7400000, 0x00000000c7500000, 0x00000000c7500000|100%| E|CS|TAMS 0x00000000c7400000| PB 0x00000000c7400000| Complete |  0
|  41|0x00000000c7500000, 0x00000000c7600000, 0x00000000c7600000|100%| E|CS|TAMS 0x00000000c7500000| PB 0x00000000c7500000| Complete |  0
|  42|0x00000000c7600000, 0x00000000c7700000, 0x00000000c7700000|100%| E|CS|TAMS 0x00000000c7600000| PB 0x00000000c7600000| Complete |  0
|  43|0x00000000c7700000, 0x00000000c7800000, 0x00000000c7800000|100%| E|CS|TAMS 0x00000000c7700000| PB 0x00000000c7700000| Complete |  0
|  44|0x00000000c7800000, 0x00000000c7900000, 0x00000000c7900000|100%| E|CS|TAMS 0x00000000c7800000| PB 0x00000000c7800000| Complete |  0
|  45|0x00000000c7900000, 0x00000000c7a00000, 0x00000000c7a00000|100%| E|CS|TAMS 0x00000000c7900000| PB 0x00000000c7900000| Complete |  0
|  46|0x00000000c7a00000, 0x00000000c7b00000, 0x00000000c7b00000|100%| E|CS|TAMS 0x00000000c7a00000| PB 0x00000000c7a00000| Complete |  0
|  47|0x00000000c7b00000, 0x00000000c7c00000, 0x00000000c7c00000|100%| E|CS|TAMS 0x00000000c7b00000| PB 0x00000000c7b00000| Complete |  0
|  55|0x00000000c8300000, 0x00000000c8400000, 0x00000000c8400000|100%| E|CS|TAMS 0x00000000c8300000| PB 0x00000000c8300000| Complete |  0
|  59|0x00000000c8700000, 0x00000000c8800000, 0x00000000c8800000|100%| E|  |TAMS 0x00000000c8700000| PB 0x00000000c8700000| Complete |  0

Card table byte_map: [0x000002b621030000,0x000002b621210000] _byte_map_base: 0x000002b620a0a000

Marking Bits: (CMBitMap*) 0x000002b609b3ab40
 Bits: [0x000002b621210000, 0x000002b6220e0000)

Polling page: 0x000002b6092d0000

Metaspace:

Usage:
  Non-class:     24.09 MB used.
      Class:      3.52 MB used.
       Both:     27.62 MB used.

Virtual space:
  Non-class space:       64.00 MB reserved,      24.38 MB ( 38%) committed,  1 nodes.
      Class space:        1.00 GB reserved,       3.69 MB ( <1%) committed,  1 nodes.
             Both:        1.06 GB reserved,      28.06 MB (  3%) committed. 

Chunk freelists:
   Non-Class:  6.80 MB
       Class:  12.31 MB
        Both:  19.09 MB

MaxMetaspaceSize: unlimited
CompressedClassSpaceSize: 1.00 GB
Initial GC threshold: 21.00 MB
Current GC threshold: 35.12 MB
CDS: on
 - commit_granule_bytes: 65536.
 - commit_granule_words: 8192.
 - virtual_space_node_default_size: 8388608.
 - enlarge_chunks_in_place: 1.
 - use_allocation_guard: 0.


Internal statistics:

num_allocs_failed_limit: 3.
num_arena_births: 566.
num_arena_deaths: 0.
num_vsnodes_births: 2.
num_vsnodes_deaths: 0.
num_space_committed: 449.
num_space_uncommitted: 0.
num_chunks_returned_to_freelist: 3.
num_chunks_taken_from_freelist: 1550.
num_chunk_merges: 3.
num_chunk_splits: 1027.
num_chunks_enlarged: 710.
num_inconsistent_stats: 0.

CodeHeap 'non-profiled nmethods': size=120000Kb used=1742Kb max_used=1742Kb free=118257Kb
 bounds [0x000002b619920000, 0x000002b619b90000, 0x000002b620e50000]
CodeHeap 'profiled nmethods': size=120000Kb used=8301Kb max_used=8301Kb free=111698Kb
 bounds [0x000002b611e50000, 0x000002b612670000, 0x000002b619380000]
CodeHeap 'non-nmethods': size=5760Kb used=1637Kb max_used=1685Kb free=4123Kb
 bounds [0x000002b619380000, 0x000002b6195f0000, 0x000002b619920000]
 total_blobs=4552 nmethods=3998 adapters=458
 compilation: enabled
              stopped_count=0, restarted_count=0
 full_count=0

Compilation events (20 events):
Event: 7.109 Thread 0x000002b624568bd0 3942       3       java.lang.reflect.Method::isDefault (28 bytes)
Event: 7.109 Thread 0x000002b624568bd0 nmethod 3942 0x000002b612650510 code [0x000002b6126506c0, 0x000002b6126508b8]
Event: 7.130 Thread 0x000002b624568bd0 3947       2       java.io.FilterInputStream::available (8 bytes)
Event: 7.130 Thread 0x000002b624568bd0 nmethod 3947 0x000002b612650990 code [0x000002b612650b40, 0x000002b612650c78]
Event: 7.130 Thread 0x000002b624568bd0 3948       2       java.util.zip.ZipFile$ZipFileInflaterInputStream::available (44 bytes)
Event: 7.131 Thread 0x000002b624568bd0 nmethod 3948 0x000002b612650d10 code [0x000002b612650ec0, 0x000002b6126510c8]
Event: 7.131 Thread 0x000002b624568bd0 3949   !   2       java.util.zip.Inflater::getBytesWritten (23 bytes)
Event: 7.131 Thread 0x000002b624568bd0 nmethod 3949 0x000002b612651210 code [0x000002b6126513c0, 0x000002b6126515e0]
Event: 7.147 Thread 0x000002b624568bd0 3950       3       java.nio.Buffer::position (52 bytes)
Event: 7.148 Thread 0x000002b624568bd0 nmethod 3950 0x000002b612651710 code [0x000002b6126518c0, 0x000002b612651b18]
Event: 7.157 Thread 0x000002b624568bd0 3953       1       java.util.logging.Logger::getName (5 bytes)
Event: 7.158 Thread 0x000002b624568bd0 nmethod 3953 0x000002b619abda90 code [0x000002b619abdc20, 0x000002b619abdce8]
Event: 7.163 Thread 0x000002b624568bd0 3954       2       java.lang.reflect.Constructor::isVarArgs (5 bytes)
Event: 7.164 Thread 0x000002b624568bd0 nmethod 3954 0x000002b612651c10 code [0x000002b612651da0, 0x000002b612651ec0]
Event: 7.164 Thread 0x000002b624568bd0 3955       2       java.lang.invoke.MethodHandleImpl$1::unreflectConstructor (8 bytes)
Event: 7.164 Thread 0x000002b624568bd0 nmethod 3955 0x000002b612651f90 code [0x000002b612652140, 0x000002b612652268]
Event: 7.164 Thread 0x000002b624568bd0 3956       2       java.lang.invoke.MethodHandles$Lookup::unreflectConstructor (55 bytes)
Event: 7.164 Thread 0x000002b624568bd0 nmethod 3956 0x000002b612652310 code [0x000002b6126524c0, 0x000002b6126526c0]
Event: 7.164 Thread 0x000002b624568bd0 3957       2       jdk.internal.reflect.MethodHandleAccessorFactory::makeConstructorHandle (37 bytes)
Event: 7.165 Thread 0x000002b624568bd0 nmethod 3957 0x000002b612652810 code [0x000002b612652a00, 0x000002b612652ca8]

GC Heap History (12 events):
Event: 1.210 GC heap before
{Heap before GC invocations=0 (full 0):
 garbage-first heap   total reserved 970752K, committed 61440K, used 14336K [0x00000000c4c00000, 0x0000000100000000)
  region size 1024K, 14 young (14336K), 0 survivors (0K)
 Metaspace       used 3872K, committed 4096K, reserved 1114112K
  class space    used 409K, committed 512K, reserved 1048576K
}
Event: 1.220 GC heap after
{Heap after GC invocations=1 (full 0):
 garbage-first heap   total reserved 970752K, committed 61440K, used 6208K [0x00000000c4c00000, 0x0000000100000000)
  region size 1024K, 2 young (2048K), 2 survivors (2048K)
 Metaspace       used 3872K, committed 4096K, reserved 1114112K
  class space    used 409K, committed 512K, reserved 1048576K
}
Event: 2.096 GC heap before
{Heap before GC invocations=1 (full 0):
 garbage-first heap   total reserved 970752K, committed 61440K, used 20544K [0x00000000c4c00000, 0x0000000100000000)
  region size 1024K, 16 young (16384K), 2 survivors (2048K)
 Metaspace       used 7342K, committed 7552K, reserved 1114112K
  class space    used 855K, committed 960K, reserved 1048576K
}
Event: 2.100 GC heap after
{Heap after GC invocations=2 (full 0):
 garbage-first heap   total reserved 970752K, committed 61440K, used 7938K [0x00000000c4c00000, 0x0000000100000000)
  region size 1024K, 2 young (2048K), 2 survivors (2048K)
 Metaspace       used 7342K, committed 7552K, reserved 1114112K
  class space    used 855K, committed 960K, reserved 1048576K
}
Event: 3.267 GC heap before
{Heap before GC invocations=2 (full 0):
 garbage-first heap   total reserved 970752K, committed 61440K, used 33538K [0x00000000c4c00000, 0x0000000100000000)
  region size 1024K, 28 young (28672K), 2 survivors (2048K)
 Metaspace       used 15758K, committed 16064K, reserved 1114112K
  class space    used 1856K, committed 1984K, reserved 1048576K
}
Event: 3.272 GC heap after
{Heap after GC invocations=3 (full 0):
 garbage-first heap   total reserved 970752K, committed 61440K, used 10339K [0x00000000c4c00000, 0x0000000100000000)
  region size 1024K, 4 young (4096K), 4 survivors (4096K)
 Metaspace       used 15758K, committed 16064K, reserved 1114112K
  class space    used 1856K, committed 1984K, reserved 1048576K
}
Event: 4.722 GC heap before
{Heap before GC invocations=3 (full 0):
 garbage-first heap   total reserved 970752K, committed 61440K, used 43107K [0x00000000c4c00000, 0x0000000100000000)
  region size 1024K, 36 young (36864K), 4 survivors (4096K)
 Metaspace       used 21045K, committed 21376K, reserved 1114112K
  class space    used 2547K, committed 2688K, reserved 1048576K
}
Event: 4.731 GC heap after
{Heap after GC invocations=4 (full 0):
 garbage-first heap   total reserved 970752K, committed 61440K, used 13312K [0x00000000c4c00000, 0x0000000100000000)
  region size 1024K, 5 young (5120K), 5 survivors (5120K)
 Metaspace       used 21045K, committed 21376K, reserved 1114112K
  class space    used 2547K, committed 2688K, reserved 1048576K
}
Event: 4.887 GC heap before
{Heap before GC invocations=4 (full 0):
 garbage-first heap   total reserved 970752K, committed 61440K, used 16384K [0x00000000c4c00000, 0x0000000100000000)
  region size 1024K, 9 young (9216K), 5 survivors (5120K)
 Metaspace       used 21237K, committed 21504K, reserved 1114112K
  class space    used 2570K, committed 2688K, reserved 1048576K
}
Event: 4.894 GC heap after
{Heap after GC invocations=5 (full 0):
 garbage-first heap   total reserved 970752K, committed 61440K, used 14409K [0x00000000c4c00000, 0x0000000100000000)
  region size 1024K, 1 young (1024K), 1 survivors (1024K)
 Metaspace       used 21237K, committed 21504K, reserved 1114112K
  class space    used 2570K, committed 2688K, reserved 1048576K
}
Event: 6.713 GC heap before
{Heap before GC invocations=6 (full 0):
 garbage-first heap   total reserved 970752K, committed 51200K, used 44105K [0x00000000c4c00000, 0x0000000100000000)
  region size 1024K, 30 young (30720K), 1 survivors (1024K)
 Metaspace       used 26355K, committed 26752K, reserved 1114112K
  class space    used 3312K, committed 3456K, reserved 1048576K
}
Event: 6.720 GC heap after
{Heap after GC invocations=7 (full 0):
 garbage-first heap   total reserved 970752K, committed 51200K, used 16703K [0x00000000c4c00000, 0x0000000100000000)
  region size 1024K, 4 young (4096K), 4 survivors (4096K)
 Metaspace       used 26355K, committed 26752K, reserved 1114112K
  class space    used 3312K, committed 3456K, reserved 1048576K
}

Dll operation events (14 events):
Event: 0.049 Loaded shared library C:\Program Files\Java\jdk-22\bin\java.dll
Event: 0.101 Loaded shared library C:\Program Files\Java\jdk-22\bin\jsvml.dll
Event: 0.217 Loaded shared library C:\Program Files\Java\jdk-22\bin\zip.dll
Event: 0.223 Loaded shared library C:\Program Files\Java\jdk-22\bin\instrument.dll
Event: 0.233 Loaded shared library C:\Program Files\Java\jdk-22\bin\net.dll
Event: 0.240 Loaded shared library C:\Program Files\Java\jdk-22\bin\nio.dll
Event: 0.245 Loaded shared library C:\Program Files\Java\jdk-22\bin\zip.dll
Event: 0.469 Loaded shared library C:\Program Files\JetBrains\IntelliJ IDEA Community Edition 2024.1.1\bin\breakgen64.dll
Event: 0.490 Loaded shared library C:\Program Files\Java\jdk-22\bin\extnet.dll
Event: 0.535 Loaded shared library C:\Program Files\Java\jdk-22\bin\jimage.dll
Event: 1.437 Loaded shared library C:\Program Files\Java\jdk-22\bin\management.dll
Event: 1.445 Loaded shared library C:\Program Files\Java\jdk-22\bin\management_ext.dll
Event: 2.814 Loaded shared library C:\Program Files\Java\jdk-22\bin\le.dll
Event: 3.679 Loaded shared library C:\Program Files\Java\jdk-22\bin\sunmscapi.dll

Deoptimization events (20 events):
Event: 6.833 Thread 0x000002b66a7e0330 DEOPT PACKING pc=0x000002b619aaaf08 sp=0x000000e745bf4ca0
Event: 6.833 Thread 0x000002b66a7e0330 DEOPT UNPACKING pc=0x000002b6193d7da2 sp=0x000000e745bf4c88 mode 2
Event: 6.834 Thread 0x000002b66a7e0330 Uncommon trap: trap_request=0xffffff45 fr.pc=0x000002b619a843d4 relative=0x0000000000000174
Event: 6.834 Thread 0x000002b66a7e0330 Uncommon trap: reason=unstable_if action=reinterpret pc=0x000002b619a843d4 method=java.lang.invoke.MethodType.methodType(Ljava/lang/Class;[Ljava/lang/Class;Z)Ljava/lang/invoke/MethodType; @ 53 c2
Event: 6.834 Thread 0x000002b66a7e0330 DEOPT PACKING pc=0x000002b619a843d4 sp=0x000000e745bfaac0
Event: 6.834 Thread 0x000002b66a7e0330 DEOPT UNPACKING pc=0x000002b6193d7da2 sp=0x000000e745bfaa40 mode 2
Event: 6.847 Thread 0x000002b66a7e0330 Uncommon trap: trap_request=0xffffffde fr.pc=0x000002b619aa5404 relative=0x0000000000000244
Event: 6.847 Thread 0x000002b66a7e0330 Uncommon trap: reason=class_check action=maybe_recompile pc=0x000002b619aa5404 method=java.util.Collections$SetFromMap.contains(Ljava/lang/Object;)Z @ 5 c2
Event: 6.847 Thread 0x000002b66a7e0330 DEOPT PACKING pc=0x000002b619aa5404 sp=0x000000e745bfada0
Event: 6.847 Thread 0x000002b66a7e0330 DEOPT UNPACKING pc=0x000002b6193d7da2 sp=0x000000e745bfad48 mode 2
Event: 6.907 Thread 0x000002b66a7e0330 Uncommon trap: trap_request=0xffffffde fr.pc=0x000002b6199eeb2c relative=0x0000000000000f2c
Event: 6.907 Thread 0x000002b66a7e0330 Uncommon trap: reason=class_check action=maybe_recompile pc=0x000002b6199eeb2c method=java.util.concurrent.ConcurrentHashMap.putVal(Ljava/lang/Object;Ljava/lang/Object;Z)Ljava/lang/Object; @ 242 c2
Event: 6.907 Thread 0x000002b66a7e0330 DEOPT PACKING pc=0x000002b6199eeb2c sp=0x000000e745bfb5d0
Event: 6.907 Thread 0x000002b66a7e0330 DEOPT UNPACKING pc=0x000002b6193d7da2 sp=0x000000e745bfb540 mode 2
Event: 6.926 Thread 0x000002b66a7e0330 Uncommon trap: trap_request=0xffffffde fr.pc=0x000002b6199eeb2c relative=0x0000000000000f2c
Event: 6.926 Thread 0x000002b66a7e0330 Uncommon trap: reason=class_check action=maybe_recompile pc=0x000002b6199eeb2c method=java.util.concurrent.ConcurrentHashMap.putVal(Ljava/lang/Object;Ljava/lang/Object;Z)Ljava/lang/Object; @ 242 c2
Event: 6.926 Thread 0x000002b66a7e0330 DEOPT PACKING pc=0x000002b6199eeb2c sp=0x000000e745bfd630
Event: 6.926 Thread 0x000002b66a7e0330 DEOPT UNPACKING pc=0x000002b6193d7da2 sp=0x000000e745bfd5a0 mode 2
Event: 7.148 Thread 0x000002b66a7e0330 DEOPT PACKING pc=0x000002b6122b7fc8 sp=0x000000e745bfdce0
Event: 7.148 Thread 0x000002b66a7e0330 DEOPT UNPACKING pc=0x000002b6193d88e2 sp=0x000000e745bfd198 mode 0

Classes loaded (20 events):
Event: 7.163 Loading class java/security/SecureRandomParameters done
Event: 7.163 Loading class sun/security/provider/DRBG
Event: 7.163 Loading class java/security/SecureRandomSpi
Event: 7.163 Loading class java/security/SecureRandomSpi done
Event: 7.163 Loading class sun/security/provider/DRBG done
Event: 7.166 Loading class java/security/DrbgParameters$Capability
Event: 7.167 Loading class java/security/DrbgParameters$Capability done
Event: 7.167 Loading class sun/security/provider/MoreDrbgParameters
Event: 7.168 Loading class sun/security/provider/MoreDrbgParameters done
Event: 7.168 Loading class java/security/DrbgParameters
Event: 7.168 Loading class java/security/DrbgParameters done
Event: 7.168 Loading class java/security/DrbgParameters$Instantiation
Event: 7.169 Loading class java/security/DrbgParameters$Instantiation done
Event: 7.169 Loading class sun/security/provider/HashDrbg
Event: 7.169 Loading class sun/security/provider/AbstractHashDrbg
Event: 7.169 Loading class sun/security/provider/AbstractDrbg
Event: 7.170 Loading class sun/security/provider/AbstractDrbg done
Event: 7.170 Loading class sun/security/provider/AbstractHashDrbg done
Event: 7.170 Loading class sun/security/provider/HashDrbg done
Event: 7.170 Loading class sun/security/provider/EntropySource

Classes unloaded (0 events):
No events

Classes redefined (0 events):
No events

Internal exceptions (20 events):
Event: 6.234 Thread 0x000002b66a7e0330 Exception <a 'java/lang/NoClassDefFoundError'{0x00000000c6412e88}: org/springframework/session/jdbc/JdbcIndexedSessionRepository> (0x00000000c6412e88) 
thrown [s\open\src\hotspot\share\classfile\systemDictionary.cpp, line 302]
Event: 6.329 Thread 0x000002b66a7e0330 Exception <a 'java/lang/NoSuchMethodError'{0x00000000c6315f00}: 'void java.lang.invoke.DirectMethodHandle$Holder.invokeSpecial(java.lang.Object, java.lang.Object, java.lang.Object, java.lang.Object, java.lang.Object, java.lang.Object)'> (0x00000000c6315f00) 
thrown [s\open\src\hotspot\share\interpreter\linkResolver.cpp, line 774]
Event: 6.356 Thread 0x000002b66a7e0330 Exception <a 'java/lang/NoSuchMethodError'{0x00000000c6352d90}: 'void java.lang.invoke.DirectMethodHandle$Holder.invokeVirtual(java.lang.Object, java.lang.Object, int)'> (0x00000000c6352d90) 
thrown [s\open\src\hotspot\share\interpreter\linkResolver.cpp, line 774]
Event: 6.358 Thread 0x000002b66a7e0330 Exception <a 'java/lang/NoSuchMethodError'{0x00000000c6356c60}: 'int java.lang.invoke.DirectMethodHandle$Holder.invokeSpecial(java.lang.Object, java.lang.Object, java.lang.Object, int)'> (0x00000000c6356c60) 
thrown [s\open\src\hotspot\share\interpreter\linkResolver.cpp, line 774]
Event: 6.361 Thread 0x000002b66a7e0330 Exception <a 'java/lang/NoSuchMethodError'{0x00000000c6368ce0}: 'java.lang.Object java.lang.invoke.DirectMethodHandle$Holder.invokeStatic(java.lang.Object, java.lang.Object, java.lang.Object, java.lang.Object, int)'> (0x00000000c6368ce0) 
thrown [s\open\src\hotspot\share\interpreter\linkResolver.cpp, line 774]
Event: 6.362 Thread 0x000002b66a7e0330 Exception <a 'java/lang/NoSuchMethodError'{0x00000000c6373408}: 'void java.lang.invoke.DelegatingMethodHandle$Holder.reinvoke_L(java.lang.Object, java.lang.Object, int)'> (0x00000000c6373408) 
thrown [s\open\src\hotspot\share\interpreter\linkResolver.cpp, line 774]
Event: 6.679 Thread 0x000002b66a7e0330 Exception <a 'java/lang/NoSuchMethodError'{0x00000000c604c068}: 'java.lang.Object java.lang.invoke.DirectMethodHandle$Holder.invokeSpecialIFC(java.lang.Object, java.lang.Object, java.lang.Object)'> (0x00000000c604c068) 
thrown [s\open\src\hotspot\share\interpreter\linkResolver.cpp, line 774]
Event: 6.699 Thread 0x000002b66a7e0330 Exception <a 'java/lang/NoSuchMethodError'{0x00000000c6096e18}: 'java.lang.Object java.lang.invoke.DirectMethodHandle$Holder.invokeVirtual(java.lang.Object, java.lang.Object, java.lang.Object, java.lang.Object, java.lang.Object)'> (0x00000000c6096e18) 
thrown [s\open\src\hotspot\share\interpreter\linkResolver.cpp, line 774]
Event: 6.833 Thread 0x000002b66a7e0330 Implicit null exception at 0x000002b619aaa62e to 0x000002b619aaaef8
Event: 6.833 Thread 0x000002b66a7e0330 Exception <a 'java/lang/NoSuchMethodError'{0x00000000c7b4db50}: 'java.lang.reflect.Field[] java.lang.Class.getDeclaredFields(java.lang.Class)'> (0x00000000c7b4db50) 
thrown [s\open\src\hotspot\share\interpreter\linkResolver.cpp, line 774]
Event: 6.852 Thread 0x000002b66a7e0330 Exception <a 'java/lang/NoSuchMethodError'{0x00000000c7ba09f0}: 'void java.lang.invoke.DirectMethodHandle$Holder.invokeStatic(java.lang.Object, java.lang.Object, int)'> (0x00000000c7ba09f0) 
thrown [s\open\src\hotspot\share\interpreter\linkResolver.cpp, line 774]
Event: 6.884 Thread 0x000002b66a7e0330 Exception <a 'java/lang/NoSuchMethodError'{0x00000000c7a7cd20}: 'java.lang.Object java.lang.invoke.DirectMethodHandle$Holder.invokeVirtual(java.lang.Object, java.lang.Object, java.lang.Object, java.lang.Object, java.lang.Object, java.lang.Object)'> (0x00000000c7a7cd20) 
thrown [s\open\src\hotspot\share\interpreter\linkResolver.cpp, line 774]
Event: 6.977 Thread 0x000002b66a7e0330 Exception <a 'java/lang/NoSuchMethodError'{0x00000000c79a5900}: 'void java.lang.invoke.DirectMethodHandle$Holder.invokeInterface(java.lang.Object, java.lang.Object, int)'> (0x00000000c79a5900) 
thrown [s\open\src\hotspot\share\interpreter\linkResolver.cpp, line 774]
Event: 6.984 Thread 0x000002b66a7e0330 Exception <a 'java/lang/IncompatibleClassChangeError'{0x00000000c79e8000}: Found class java.lang.Object, but interface was expected> (0x00000000c79e8000) 
thrown [s\open\src\hotspot\share\interpreter\linkResolver.cpp, line 841]
Event: 6.986 Thread 0x000002b66a7e0330 Exception <a 'java/lang/NoSuchMethodError'{0x00000000c79f6148}: 'int java.lang.invoke.DirectMethodHandle$Holder.invokeSpecialIFC(java.lang.Object, java.lang.Object, java.lang.Object)'> (0x00000000c79f6148) 
thrown [s\open\src\hotspot\share\interpreter\linkResolver.cpp, line 774]
Event: 6.990 Thread 0x000002b66a7e0330 Exception <a 'java/lang/NoSuchMethodError'{0x00000000c780b488}: 'void java.lang.invoke.DirectMethodHandle$Holder.invokeStatic(java.lang.Object, int, java.lang.Object)'> (0x00000000c780b488) 
thrown [s\open\src\hotspot\share\interpreter\linkResolver.cpp, line 774]
Event: 7.004 Thread 0x000002b66a7e0330 Exception <a 'java/lang/NoSuchMethodError'{0x00000000c785b0e8}: 'void java.lang.invoke.DirectMethodHandle$Holder.invokeStatic(java.lang.Object, java.lang.Object, java.lang.Object, int, java.lang.Object)'> (0x00000000c785b0e8) 
thrown [s\open\src\hotspot\share\interpreter\linkResolver.cpp, line 774]
Event: 7.006 Thread 0x000002b66a7e0330 Exception <a 'java/lang/NoSuchMethodError'{0x00000000c7861bb8}: 'java.lang.Object java.lang.invoke.DirectMethodHandle$Holder.newInvokeSpecial(java.lang.Object, java.lang.Object, java.lang.Object, int)'> (0x00000000c7861bb8) 
thrown [s\open\src\hotspot\share\interpreter\linkResolver.cpp, line 774]
Event: 7.007 Thread 0x000002b66a7e0330 Exception <a 'java/lang/NoSuchMethodError'{0x00000000c7865a58}: 'java.lang.Object java.lang.invoke.DirectMethodHandle$Holder.invokeSpecial(java.lang.Object, java.lang.Object, java.lang.Object, java.lang.Object, int)'> (0x00000000c7865a58) 
thrown [s\open\src\hotspot\share\interpreter\linkResolver.cpp, line 774]
Event: 7.007 Thread 0x000002b66a7e0330 Exception <a 'java/lang/NoSuchMethodError'{0x00000000c7868ee0}: 'java.lang.Object java.lang.invoke.Invokers$Holder.linkToTargetMethod(java.lang.Object, java.lang.Object, int, java.lang.Object)'> (0x00000000c7868ee0) 
thrown [s\open\src\hotspot\share\interpreter\linkResolver.cpp, line 774]

ZGC Phase Switch (0 events):
No events

VM Operations (20 events):
Event: 5.362 Executing VM operation: HandshakeAllThreads (Deoptimize)
Event: 5.362 Executing VM operation: HandshakeAllThreads (Deoptimize) done
Event: 5.363 Executing VM operation: HandshakeAllThreads (Deoptimize)
Event: 5.363 Executing VM operation: HandshakeAllThreads (Deoptimize) done
Event: 5.480 Executing VM operation: HandshakeAllThreads (Deoptimize)
Event: 5.480 Executing VM operation: HandshakeAllThreads (Deoptimize) done
Event: 5.954 Executing VM operation: HandshakeAllThreads (Deoptimize)
Event: 5.954 Executing VM operation: HandshakeAllThreads (Deoptimize) done
Event: 6.054 Executing VM operation: HandshakeAllThreads (Deoptimize)
Event: 6.054 Executing VM operation: HandshakeAllThreads (Deoptimize) done
Event: 6.446 Executing VM operation: HandshakeAllThreads (Deoptimize)
Event: 6.446 Executing VM operation: HandshakeAllThreads (Deoptimize) done
Event: 6.446 Executing VM operation: Cleanup
Event: 6.446 Executing VM operation: Cleanup done
Event: 6.518 Executing VM operation: HandshakeAllThreads (Deoptimize)
Event: 6.518 Executing VM operation: HandshakeAllThreads (Deoptimize) done
Event: 6.546 Executing VM operation: HandshakeAllThreads (Deoptimize)
Event: 6.547 Executing VM operation: HandshakeAllThreads (Deoptimize) done
Event: 6.713 Executing VM operation: G1CollectForAllocation (G1 Evacuation Pause)
Event: 6.720 Executing VM operation: G1CollectForAllocation (G1 Evacuation Pause) done

Events (19 events):
Event: 0.071 Thread 0x000002b607918410 Thread added: 0x000002b607918410
Event: 0.096 Thread 0x000002b62453c360 Thread added: 0x000002b62453c360
Event: 0.096 Thread 0x000002b62453f430 Thread added: 0x000002b62453f430
Event: 0.097 Thread 0x000002b624543080 Thread added: 0x000002b624543080
Event: 0.097 Thread 0x000002b624543bd0 Thread added: 0x000002b624543bd0
Event: 0.097 Thread 0x000002b6245448d0 Thread added: 0x000002b6245448d0
Event: 0.097 Thread 0x000002b624565430 Thread added: 0x000002b624565430
Event: 0.097 Thread 0x000002b6245662b0 Thread added: 0x000002b6245662b0
Event: 0.097 Thread 0x000002b624568bd0 Thread added: 0x000002b624568bd0
Event: 0.185 Thread 0x000002b62460cbc0 Thread added: 0x000002b62460cbc0
Event: 0.471 Thread 0x000002b624abe910 Thread added: 0x000002b624abe910
Event: 0.471 Thread 0x000002b624ad9790 Thread added: 0x000002b624ad9790
Event: 1.736 Thread 0x000002b66a7c28e0 Thread added: 0x000002b66a7c28e0
Event: 1.746 Thread 0x000002b66a7e0330 Thread added: 0x000002b66a7e0330
Event: 2.704 Thread 0x000002b66aa20fa0 Thread added: 0x000002b66aa20fa0
Event: 3.751 Thread 0x000002b66aa20fa0 Thread exited: 0x000002b66aa20fa0
Event: 3.883 Thread 0x000002b66aa20fa0 Thread added: 0x000002b66aa20fa0
Event: 4.060 Thread 0x000002b66aa20fa0 Thread exited: 0x000002b66aa20fa0
Event: 6.614 Thread 0x000002b66b6b8820 Thread added: 0x000002b66b6b8820


Dynamic libraries:
0x00007ff67c1d0000 - 0x00007ff67c1e0000 	C:\Program Files\Java\jdk-22\bin\java.exe
0x00007ffaa7a20000 - 0x00007ffaa7c29000 	C:\WINDOWS\SYSTEM32\ntdll.dll
0x00007ffaa6380000 - 0x00007ffaa643d000 	C:\WINDOWS\System32\KERNEL32.DLL
0x00007ffaa54e0000 - 0x00007ffaa5864000 	C:\WINDOWS\System32\KERNELBASE.dll
0x00007ffaa51a0000 - 0x00007ffaa52b1000 	C:\WINDOWS\System32\ucrtbase.dll
0x00007ffa91780000 - 0x00007ffa91797000 	C:\Program Files\Java\jdk-22\bin\jli.dll
0x00007ffaa5910000 - 0x00007ffaa59be000 	C:\WINDOWS\System32\ADVAPI32.dll
0x00007ffaa5ce0000 - 0x00007ffaa5d83000 	C:\WINDOWS\System32\msvcrt.dll
0x00007ffaa6f50000 - 0x00007ffaa6fee000 	C:\WINDOWS\System32\sechost.dll
0x00007ffaa59d0000 - 0x00007ffaa5af1000 	C:\WINDOWS\System32\RPCRT4.dll
0x00007ffaa64c0000 - 0x00007ffaa666d000 	C:\WINDOWS\System32\USER32.dll
0x00007ffaa54b0000 - 0x00007ffaa54d6000 	C:\WINDOWS\System32\win32u.dll
0x00007ffaa58e0000 - 0x00007ffaa590a000 	C:\WINDOWS\System32\GDI32.dll
0x00007ffaa5080000 - 0x00007ffaa519e000 	C:\WINDOWS\System32\gdi32full.dll
0x00007ffaa4fe0000 - 0x00007ffaa507d000 	C:\WINDOWS\System32\msvcp_win.dll
0x00007ffa86010000 - 0x00007ffa8602b000 	C:\Program Files\Java\jdk-22\bin\VCRUNTIME140.dll
0x00007ffa872b0000 - 0x00007ffa87555000 	C:\WINDOWS\WinSxS\amd64_microsoft.windows.common-controls_6595b64144ccf1df_6.0.22000.120_none_9d947278b86cc467\COMCTL32.dll
0x00007ffa9f5a0000 - 0x00007ffa9f5aa000 	C:\WINDOWS\SYSTEM32\VERSION.dll
0x00007ffaa6820000 - 0x00007ffaa6851000 	C:\WINDOWS\System32\IMM32.DLL
0x00007ffaa0980000 - 0x00007ffaa098c000 	C:\Program Files\Java\jdk-22\bin\vcruntime140_1.dll
0x00007ffa59330000 - 0x00007ffa593be000 	C:\Program Files\Java\jdk-22\bin\msvcp140.dll
0x00007ffa3d7b0000 - 0x00007ffa3e4f7000 	C:\Program Files\Java\jdk-22\bin\server\jvm.dll
0x00007ffaa69d0000 - 0x00007ffaa6a3f000 	C:\WINDOWS\System32\WS2_32.dll
0x00007ffaa4d80000 - 0x00007ffaa4dcd000 	C:\WINDOWS\SYSTEM32\POWRPROF.dll
0x00007ffa9fb00000 - 0x00007ffa9fb33000 	C:\WINDOWS\SYSTEM32\WINMM.dll
0x00007ffaa4d60000 - 0x00007ffaa4d73000 	C:\WINDOWS\SYSTEM32\UMPDC.dll
0x00007ffaa3f20000 - 0x00007ffaa3f38000 	C:\WINDOWS\SYSTEM32\kernel.appcore.dll
0x00007ffaa04a0000 - 0x00007ffaa04aa000 	C:\Program Files\Java\jdk-22\bin\jimage.dll
0x00007ffaa28e0000 - 0x00007ffaa2b01000 	C:\WINDOWS\SYSTEM32\DBGHELP.DLL
0x00007ffa83df0000 - 0x00007ffa83e21000 	C:\WINDOWS\SYSTEM32\dbgcore.DLL
0x00007ffaa52c0000 - 0x00007ffaa533f000 	C:\WINDOWS\System32\bcryptPrimitives.dll
0x00007ffa9fbe0000 - 0x00007ffa9fbef000 	C:\Program Files\Java\jdk-22\bin\instrument.dll
0x00007ffa85a70000 - 0x00007ffa85a8e000 	C:\Program Files\Java\jdk-22\bin\java.dll
0x00007ffaa7210000 - 0x00007ffaa79d5000 	C:\WINDOWS\System32\SHELL32.dll
0x00007ffaa6680000 - 0x00007ffaa681a000 	C:\WINDOWS\System32\ole32.dll
0x00007ffaa5e10000 - 0x00007ffaa6186000 	C:\WINDOWS\System32\combase.dll
0x00007ffaa2f80000 - 0x00007ffaa37e2000 	C:\WINDOWS\SYSTEM32\windows.storage.dll
0x00007ffaa2e10000 - 0x00007ffaa2f77000 	C:\WINDOWS\SYSTEM32\wintypes.dll
0x00007ffaa7120000 - 0x00007ffaa720a000 	C:\WINDOWS\System32\SHCORE.dll
0x00007ffaa6440000 - 0x00007ffaa649d000 	C:\WINDOWS\System32\shlwapi.dll
0x00007ffaa4de0000 - 0x00007ffaa4e05000 	C:\WINDOWS\SYSTEM32\profapi.dll
0x00007ffa44970000 - 0x00007ffa44a47000 	C:\Program Files\Java\jdk-22\bin\jsvml.dll
0x00007ffa79fa0000 - 0x00007ffa79fb7000 	C:\Program Files\Java\jdk-22\bin\zip.dll
0x00007ffa9fbb0000 - 0x00007ffa9fbc0000 	C:\Program Files\Java\jdk-22\bin\net.dll
0x00007ffaa43d0000 - 0x00007ffaa4437000 	C:\WINDOWS\system32\mswsock.dll
0x00007ffa70330000 - 0x00007ffa70346000 	C:\Program Files\Java\jdk-22\bin\nio.dll
0x00007ffa6be00000 - 0x00007ffa6be1a000 	C:\Program Files\JetBrains\IntelliJ IDEA Community Edition 2024.1.1\bin\breakgen64.dll
0x00007ffa9f870000 - 0x00007ffa9f879000 	C:\Program Files\Java\jdk-22\bin\extnet.dll
0x00007ffa876d0000 - 0x00007ffa876da000 	C:\Program Files\Java\jdk-22\bin\management.dll
0x00007ffa863e0000 - 0x00007ffa863eb000 	C:\Program Files\Java\jdk-22\bin\management_ext.dll
0x00007ffaa7110000 - 0x00007ffaa7118000 	C:\WINDOWS\System32\PSAPI.DLL
0x00007ffa86000000 - 0x00007ffa8600b000 	C:\Program Files\Java\jdk-22\bin\le.dll
0x00007ffa838a0000 - 0x00007ffa838ae000 	C:\Program Files\Java\jdk-22\bin\sunmscapi.dll
0x00007ffaa5340000 - 0x00007ffaa54a2000 	C:\WINDOWS\System32\CRYPT32.dll
0x00007ffaa4760000 - 0x00007ffaa4788000 	C:\WINDOWS\SYSTEM32\ncrypt.dll
0x00007ffaa4720000 - 0x00007ffaa4757000 	C:\WINDOWS\SYSTEM32\NTASN1.dll
0x00007ffaa4610000 - 0x00007ffaa4628000 	C:\WINDOWS\SYSTEM32\CRYPTSP.dll
0x00007ffaa3e80000 - 0x00007ffaa3eb5000 	C:\WINDOWS\system32\rsaenh.dll
0x00007ffaa44c0000 - 0x00007ffaa44ec000 	C:\WINDOWS\SYSTEM32\USERENV.dll
0x00007ffaa4790000 - 0x00007ffaa47b7000 	C:\WINDOWS\SYSTEM32\bcrypt.dll
0x00007ffaa4630000 - 0x00007ffaa463c000 	C:\WINDOWS\SYSTEM32\CRYPTBASE.dll
0x00007ffaa3a40000 - 0x00007ffaa3a6d000 	C:\WINDOWS\SYSTEM32\IPHLPAPI.DLL
0x00007ffaa6670000 - 0x00007ffaa6679000 	C:\WINDOWS\System32\NSI.dll

dbghelp: loaded successfully - version: 4.0.5 - missing functions: none
symbol engine: initialized successfully - sym options: 0x614 - pdb path: .;C:\Program Files\Java\jdk-22\bin;C:\WINDOWS\SYSTEM32;C:\WINDOWS\WinSxS\amd64_microsoft.windows.common-controls_6595b64144ccf1df_6.0.22000.120_none_9d947278b86cc467;C:\Program Files\Java\jdk-22\bin\server;C:\Program Files\JetBrains\IntelliJ IDEA Community Edition 2024.1.1\bin

VM Arguments:
jvm_args: -javaagent:C:\Program Files\JetBrains\IntelliJ IDEA Community Edition 2024.1.1\lib\idea_rt.jar=54668:C:\Program Files\JetBrains\IntelliJ IDEA Community Edition 2024.1.1\bin -Dfile.encoding=UTF-8 -Dsun.stdout.encoding=UTF-8 -Dsun.stderr.encoding=UTF-8 
java_command: com.example.dinhtrongkhang.DinhtrongkhangApplication
java_class_path (initial): C:\Users\Admin\Downloads\dinhtrongkhang\dinhtrongkhang\target\classes;C:\Users\Admin\.m2\repository\org\springframework\boot\spring-boot-starter-data-jpa\3.3.0\spring-boot-starter-data-jpa-3.3.0.jar;C:\Users\Admin\.m2\repository\org\springframework\boot\spring-boot-starter-aop\3.3.0\spring-boot-starter-aop-3.3.0.jar;C:\Users\Admin\.m2\repository\org\springframework\spring-aop\6.1.8\spring-aop-6.1.8.jar;C:\Users\Admin\.m2\repository\org\aspectj\aspectjweaver\1.9.22\aspectjweaver-1.9.22.jar;C:\Users\Admin\.m2\repository\org\springframework\boot\spring-boot-starter-jdbc\3.3.0\spring-boot-starter-jdbc-3.3.0.jar;C:\Users\Admin\.m2\repository\com\zaxxer\HikariCP\5.1.0\HikariCP-5.1.0.jar;C:\Users\Admin\.m2\repository\org\springframework\spring-jdbc\6.1.8\spring-jdbc-6.1.8.jar;C:\Users\Admin\.m2\repository\org\hibernate\orm\hibernate-core\6.5.2.Final\hibernate-core-6.5.2.Final.jar;C:\Users\Admin\.m2\repository\jakarta\persistence\jakarta.persistence-api\3.1.0\jakarta.persistence-api-3.1.0.jar;C:\Users\Admin\.m2\repository\jakarta\transaction\jakarta.transaction-api\2.0.1\jakarta.transaction-api-2.0.1.jar;C:\Users\Admin\.m2\repository\org\jboss\logging\jboss-logging\3.5.3.Final\jboss-logging-3.5.3.Final.jar;C:\Users\Admin\.m2\repository\org\hibernate\common\hibernate-commons-annotations\6.0.6.Final\hibernate-commons-annotations-6.0.6.Final.jar;C:\Users\Admin\.m2\repository\io\smallrye\jandex\3.1.2\jandex-3.1.2.jar;C:\Users\Admin\.m2\repository\com\fasterxml\classmate\1.7.0\classmate-1.7.0.jar;C:\Users\Admin\.m2\repository\net\bytebuddy\byte-buddy\1.14.16\byte-buddy-1.14.16.jar;C:\Users\Admin\.m2\repository\org\glassfish\jaxb\jaxb-runtime\4.0.5\jaxb-runtime-4.0.5.jar;C:\Users\Admin\.m2\repository\org\glassfish\jaxb\jaxb-core\4.0.5\jaxb-core-4.0.5.jar;C:\Users\Admin\.m2\repository\org\eclipse\angus\angus-activation\2.0.2\angus-activation-2.0.2.jar;C:\Users\Admin\.m2\repository\org\glassfish\jaxb\txw2\4.0.5\txw2-4.0.5.jar;C:\Users\Admin\.m2\repository\com\sun\istack\istack-commons-runtime\4.1.2\istack-commons-runtime-4.1.2.jar;C:\Users\Admin\.m2\repository\jakarta\inject\jakarta.inject-api\2.0.1\jakarta.inject-api-2.0.1.jar;C:\Users\Admin\.m2\repository\org\antlr\antlr4-runtime\4.13.0\antlr4-runtime-4.13.0.jar;C:\Users\Admin\.m2\repository\org\springframework\data\spring-data-jpa\3.3.0\spring-data-jpa-3.3.0.jar;C:\Users\Admin\.m2\repository\org\springframework\data\spring-data-commons\3.3.0\spring-data-commons-3.3.0.jar;C:\Users\Admin\.m2\repository\org\springframework\spring-orm\6.1.8\spring-orm-6.1.8.jar;C:\Users\Admin\.m2\repository\org\springframework\spring-context\6.1.8\spring-context-6.1.8.jar;C:\Users\Admin\.m2\repository\org\springframework\spring-tx\6.1.8\spring-tx-6.1.8.jar;C:\Users\Admin\.m2\repository\org\springframework\spring-beans\6.1.8\spring-beans-6.1.8.jar;C:\Users\Admin\.m2\repository\jakarta\annotation\jakarta.annotation-api\2.1.1\jakarta.annotation-api-2.1.1.jar;C:\Users\Admin\.m2\repository\org\slf4j\slf4j-api\2.0.13\slf4j-api-2.0.13.jar;C:\Users\Admin\.m2\repository\org\springframework\spring-aspects\6.1.8\spring-aspects-6.1.8.jar;C:\Users\Admin\.m2\repository\org\springframework\boot\spring-boot-starter-thymeleaf\3.3.0\spring-boot-starter-thymeleaf-3.3.0.jar;C:\Users\Admin\.m2\repository\org\springframework\boot\spring-boot-starter\3.3.0\spring-boot-starter-3.3.0.jar;C:\Users\Admin\.m2\repository\org\springframework\boot\spring-boot-starter-logging\3.3.0\spring-boot-starter-logging-3.3.0.jar;C:\Users\Admin\.m2\repository\ch\qos\logback\logback-classic\1.5.6\logback-classic-1.5.6.jar;C:\Users\Admin\.m2\repository\ch\qos\logback\logback-core\1.5.6\logback-core-1.5.6.jar;C:\Users\Admin\.m2\repository\org\apache\logging\log4j\log4j-to-slf4j\2.23.1\log4j-to-slf4j-2.23.1.jar;C:\Users\Admin\.m2\repository\org\apache\logging\log4j\log4j-api\2.23.1\log4j-api-2.23.1.jar;C:\Users\Admin\.m2\repository\org\slf4j\jul-to-slf4j\2.0.13\jul-to-slf4j-2.0.13.jar;C:\Users\Admin\.m2\repository\org\yaml\snakeyaml\2.2\snakeyaml-2.2.jar;C:\Users\Admin\.m2\repository\org\thymeleaf\thymeleaf-spring6\3.1.2.RELEASE\thymeleaf-spring6-3.1.2.RELEASE.jar;C:\Users\Admin\.m2\repository\org\thymeleaf\thymeleaf\3.1.2.RELEASE\thymeleaf-3.1.2.RELEASE.jar;C:\Users\Admin\.m2\repository\org\attoparser\attoparser\2.0.7.RELEASE\attoparser-2.0.7.RELEASE.jar;C:\Users\Admin\.m2\repository\org\unbescape\unbescape\1.1.6.RELEASE\unbescape-1.1.6.RELEASE.jar;C:\Users\Admin\.m2\repository\org\springframework\boot\spring-boot-starter-web\3.3.0\spring-boot-starter-web-3.3.0.jar;C:\Users\Admin\.m2\repository\org\springframework\boot\spring-boot-starter-json\3.3.0\spring-boot-starter-json-3.3.0.jar;C:\Users\Admin\.m2\repository\com\fasterxml\jackson\core\jackson-databind\2.17.1\jackson-databind-2.17.1.jar;C:\Users\Admin\.m2\repository\com\fasterxml\jackson\core\jackson-annotations\2.17.1\jackson-annotations-2.17.1.jar;C:\Users\Admin\.m2\repository\com\fasterxml\jackson\core\jackson-core\2.17.1\jackson-core-2.17.1.jar;C:\Users\Admin\.m2\repository\com\fasterxml\jackson\datatype\jackson-datatype-jdk8\2.17.1\jackson-datatype-jdk8-2.17.1.jar;C:\Users\Admin\.m2\repository\com\fasterxml\jackson\datatype\jackson-datatype-jsr310\2.17.1\jackson-datatype-jsr310-2.17.1.jar;C:\Users\Admin\.m2\repository\com\fasterxml\jackson\module\jackson-module-parameter-names\2.17.1\jackson-module-parameter-names-2.17.1.jar;C:\Users\Admin\.m2\repository\org\springframework\boot\spring-boot-starter-tomcat\3.3.0\spring-boot-starter-tomcat-3.3.0.jar;C:\Users\Admin\.m2\repository\org\apache\tomcat\embed\tomcat-embed-core\10.1.24\tomcat-embed-core-10.1.24.jar;C:\Users\Admin\.m2\repository\org\apache\tomcat\embed\tomcat-embed-el\10.1.24\tomcat-embed-el-10.1.24.jar;C:\Users\Admin\.m2\repository\org\apache\tomcat\embed\tomcat-embed-websocket\10.1.24\tomcat-embed-websocket-10.1.24.jar;C:\Users\Admin\.m2\repository\org\springframework\spring-web\6.1.8\spring-web-6.1.8.jar;C:\Users\Admin\.m2\repository\io\micrometer\micrometer-observation\1.13.0\micrometer-observation-1.13.0.jar;C:\Users\Admin\.m2\repository\io\micrometer\micrometer-commons\1.13.0\micrometer-commons-1.13.0.jar;C:\Users\Admin\.m2\repository\org\springframework\spring-webmvc\6.1.8\spring-webmvc-6.1.8.jar;C:\Users\Admin\.m2\repository\org\springframework\spring-expression\6.1.8\spring-expression-6.1.8.jar;C:\Users\Admin\.m2\repository\org\springframework\boot\spring-boot-devtools\3.3.0\spring-boot-devtools-3.3.0.jar;C:\Users\Admin\.m2\repository\org\springframework\boot\spring-boot\3.3.0\spring-boot-3.3.0.jar;C:\Users\Admin\.m2\repository\org\springframework\boot\spring-boot-autoconfigure\3.3.0\spring-boot-autoconfigure-3.3.0.jar;C:\Users\Admin\.m2\repository\com\mysql\mysql-connector-j\8.3.0\mysql-connector-j-8.3.0.jar;C:\Users\Admin\.m2\repository\org\projectlombok\lombok\1.18.32\lombok-1.18.32.jar;C:\Users\Admin\.m2\repository\jakarta\xml\bind\jakarta.xml.bind-api\4.0.2\jakarta.xml.bind-api-4.0.2.jar;C:\Users\Admin\.m2\repository\jakarta\activation\jakarta.activation-api\2.1.3\jakarta.activation-api-2.1.3.jar;C:\Users\Admin\.m2\repository\org\springframework\spring-core\6.1.8\spring-core-6.1.8.jar;C:\Users\Admin\.m2\repository\org\springframework\spring-jcl\6.1.8\spring-jcl-6.1.8.jar;C:\Users\Admin\.m2\repository\org\jetbrains\annotations\24.1.0\annotations-24.1.0.jar
Launcher Type: SUN_STANDARD

[Global flags]
     intx CICompilerCount                          = 3                                         {product} {ergonomic}
     uint ConcGCThreads                            = 1                                         {product} {ergonomic}
     uint G1ConcRefinementThreads                  = 4                                         {product} {ergonomic}
   size_t G1HeapRegionSize                         = 1048576                                   {product} {ergonomic}
   size_t InitialHeapSize                          = 62914560                                  {product} {ergonomic}
   size_t MarkStackSize                            = 4194304                                   {product} {ergonomic}
   size_t MaxHeapSize                              = 994050048                                 {product} {ergonomic}
   size_t MaxNewSize                               = 595591168                                 {product} {ergonomic}
   size_t MinHeapDeltaBytes                        = 1048576                                   {product} {ergonomic}
   size_t MinHeapSize                              = 8388608                                   {product} {ergonomic}
    uintx NonNMethodCodeHeapSize                   = 5832780                                {pd product} {ergonomic}
    uintx NonProfiledCodeHeapSize                  = 122912730                              {pd product} {ergonomic}
    uintx ProfiledCodeHeapSize                     = 122912730                              {pd product} {ergonomic}
    uintx ReservedCodeCacheSize                    = 251658240                              {pd product} {ergonomic}
     bool SegmentedCodeCache                       = true                                      {product} {ergonomic}
   size_t SoftMaxHeapSize                          = 994050048                              {manageable} {ergonomic}
     bool UseCompressedOops                        = true                           {product lp64_product} {ergonomic}
     bool UseG1GC                                  = true                                      {product} {ergonomic}
     bool UseLargePagesIndividualAllocation        = false                                  {pd product} {ergonomic}

Logging:
Log output configuration:
 #0: stdout all=warning uptime,level,tags foldmultilines=false
 #1: stderr all=off uptime,level,tags foldmultilines=false

Environment Variables:
PATH=C:\ProgramData\Oracle\Java\javapath;C:\Program Files\Common Files\Oracle\Java\javapath;C:\Program Files\Eclipse Adoptium\jdk-17.0.4.8-hotspot\bin;C:\WINDOWS\system32;C:\WINDOWS;C:\WINDOWS\System32\Wbem;C:\WINDOWS\System32\WindowsPowerShell\v1.0\;C:\WINDOWS\System32\OpenSSH\;c:\altera\91sp2\quartus\bin;C:\MinGW\bin;C:\Program Files\Microsoft SQL Server\Client SDK\ODBC\170\Tools\Binn\;C:\Program Files (x86)\Microsoft SQL Server\150\Tools\Binn\;C:\Program Files\Microsoft SQL Server\150\Tools\Binn\;C:\Program Files\Microsoft SQL Server\150\DTS\Binn\;C:\Program Files (x86)\Microsoft SQL Server\150\DTS\Binn\;C:\Program Files\Git\cmd;C:\Program Files\Cloudflare\Cloudflare WARP\;C:\Program Files\dotnet\;C:\Program Files\HP\HP One Agent;C:\Program Files (x86)\Git\cmd;C:\Users\Admin\AppData\Local\Microsoft\WindowsApps;C:\Users\Admin\.dotnet\tools;C:\Program Files\Azure Data Studio\bin
USERNAME=DinhTrongKhang
OS=Windows_NT
PROCESSOR_IDENTIFIER=Intel64 Family 6 Model 126 Stepping 5, GenuineIntel
TMP=C:\Users\Admin\AppData\Local\Temp
TEMP=C:\Users\Admin\AppData\Local\Temp




Periodic native trim disabled

---------------  S Y S T E M  ---------------

OS:
 Windows 11 , 64 bit Build 22000 (10.0.22000.2538)
OS uptime: 0 days 1:28 hours

CPU: total 4 (initial active 4) (2 cores per cpu, 2 threads per core) family 6 model 126 stepping 5 microcode 0xa0, cx8, cmov, fxsr, ht, mmx, 3dnowpref, sse, sse2, sse3, ssse3, sse4.1, sse4.2, popcnt, lzcnt, tsc, tscinvbit, avx, avx2, aes, erms, clmul, bmi1, bmi2, adx, avx512f, avx512dq, avx512cd, avx512bw, avx512vl, sha, fma, vzeroupper, avx512_vpopcntdq, avx512_vpclmulqdq, avx512_vaes, avx512_vnni, clflush, clflushopt, avx512_vbmi2, avx512_vbmi, rdtscp, rdpid, fsrm, gfni, avx512_bitalg, f16c, pku, avx512_ifma
Processor Information for all 4 processors :
  Max Mhz: 1190, Current Mhz: 1190, Mhz Limit: 1190

Memory: 4k page, system-wide physical 3784M (314M free)
TotalPageFile size 11976M (AvailPageFile size 11M)
current process WorkingSet (physical memory assigned to process): 181M, peak: 186M
current process commit charge ("private bytes"): 214M, peak: 221M

vm_info: Java HotSpot(TM) 64-Bit Server VM (22.0.1+8-16) for windows-amd64 JRE (22.0.1+8-16), built on 2024-03-12T10:33:16Z by "mach5one" with MS VC++ 17.6 (VS2022)

END.
