#
# There is insufficient memory for the Java Runtime Environment to continue.
# Native memory allocation (malloc) failed to allocate 274976 bytes. Error detail: Chunk::new
# Possible reasons:
#   The system is out of physical RAM or swap space
#   This process is running with CompressedOops enabled, and the Java Heap may be blocking the growth of the native heap
# Possible solutions:
#   Reduce memory load on the system
#   Increase physical memory or swap space
#   Check if swap backing store is full
#   Decrease Java heap size (-Xmx/-Xms)
#   Decrease number of Java threads
#   Decrease Java thread stack sizes (-Xss)
#   Set larger code cache with -XX:ReservedCodeCacheSize=
#   JVM is running with Unscaled Compressed Oops mode in which the Java heap is
#     placed in the first 4GB address space. The Java Heap base address is the
#     maximum limit for the native heap growth. Please use -XX:HeapBaseMinAddress
#     to set the Java Heap base and to place the Java Heap above 4GB virtual address.
# This output file may be truncated or incomplete.
#
#  Out of Memory Error (arena.cpp:150), pid=25980, tid=26092
#
# JRE version: Java(TM) SE Runtime Environment (22.0.1+8) (build 22.0.1+8-16)
# Java VM: Java HotSpot(TM) 64-Bit Server VM (22.0.1+8-16, mixed mode, sharing, tiered, compressed oops, compressed class ptrs, g1 gc, windows-amd64)
# No core dump will be written. Minidumps are not enabled by default on client versions of Windows
#

---------------  S U M M A R Y ------------

Command Line: -javaagent:C:\Program Files\JetBrains\IntelliJ IDEA Community Edition 2024.1.1\lib\idea_rt.jar=54665:C:\Program Files\JetBrains\IntelliJ IDEA Community Edition 2024.1.1\bin -Dfile.encoding=UTF-8 -Dsun.stdout.encoding=UTF-8 -Dsun.stderr.encoding=UTF-8 com.example.dinhtrongkhang.DinhtrongkhangApplication

Host: Intel(R) Core(TM) i3-1005G1 CPU @ 1.20GHz, 4 cores, 3G,  Windows 11 , 64 bit Build 22000 (10.0.22000.2538)
Time: Mon Jun 10 15:33:25 2024 SE Asia Standard Time elapsed time: 3.687422 seconds (0d 0h 0m 3s)

---------------  T H R E A D  ---------------

Current thread (0x000001db1a2850f0):  JavaThread "C2 CompilerThread0" daemon [_thread_in_native, id=26092, stack(0x000000caf7400000,0x000000caf7500000) (1024K)]


Current CompileTask:
C2:3687 2092       4       jdk.internal.org.objectweb.asm.Frame::execute (2305 bytes)

Stack: [0x000000caf7400000,0x000000caf7500000]
Native frames: (J=compiled Java code, j=interpreted, Vv=VM code, C=native code)
V  [jvm.dll+0x6e2279]  (no source info available)
V  [jvm.dll+0x874e33]  (no source info available)
V  [jvm.dll+0x87725e]  (no source info available)
V  [jvm.dll+0x877933]  (no source info available)
V  [jvm.dll+0x27fd76]  (no source info available)
V  [jvm.dll+0xc3d0f]  (no source info available)
V  [jvm.dll+0xc3f6b]  (no source info available)
V  [jvm.dll+0x2f3c2f]  (no source info available)
V  [jvm.dll+0x60bc9a]  (no source info available)
V  [jvm.dll+0x249a35]  (no source info available)
V  [jvm.dll+0x246ec6]  (no source info available)
V  [jvm.dll+0x1c4e90]  (no source info available)
V  [jvm.dll+0x2569fe]  (no source info available)
V  [jvm.dll+0x254cba]  (no source info available)
V  [jvm.dll+0x3f5336]  (no source info available)
V  [jvm.dll+0x81d44b]  (no source info available)
V  [jvm.dll+0x6e0915]  (no source info available)
C  [ucrtbase.dll+0x26c0c]  (no source info available)
C  [KERNEL32.DLL+0x153e0]  (no source info available)
C  [ntdll.dll+0x485b]  (no source info available)


---------------  P R O C E S S  ---------------

Threads class SMR info:
_java_thread_list=0x000001db609c9440, length=15, elements={
0x000001db7ccc7370, 0x000001db1a27cb80, 0x000001db1a27f9a0, 0x000001db1a281c70,
0x000001db1a2827c0, 0x000001db1a283720, 0x000001db1a284270, 0x000001db1a2850f0,
0x000001db1a2a0f00, 0x000001db1a26ba60, 0x000001db1a7a5b60, 0x000001db1a7a61d0,
0x000001db607be410, 0x000001db607c0f30, 0x000001db608bf300
}

Java Threads: ( => current thread )
  0x000001db7ccc7370 JavaThread "main"                              [_thread_blocked, id=26024, stack(0x000000caf6600000,0x000000caf6700000) (1024K)]
  0x000001db1a27cb80 JavaThread "Reference Handler"          daemon [_thread_blocked, id=26068, stack(0x000000caf6e00000,0x000000caf6f00000) (1024K)]
  0x000001db1a27f9a0 JavaThread "Finalizer"                  daemon [_thread_blocked, id=26072, stack(0x000000caf6f00000,0x000000caf7000000) (1024K)]
  0x000001db1a281c70 JavaThread "Signal Dispatcher"          daemon [_thread_blocked, id=26076, stack(0x000000caf7000000,0x000000caf7100000) (1024K)]
  0x000001db1a2827c0 JavaThread "Attach Listener"            daemon [_thread_blocked, id=26080, stack(0x000000caf7100000,0x000000caf7200000) (1024K)]
  0x000001db1a283720 JavaThread "Service Thread"             daemon [_thread_blocked, id=26084, stack(0x000000caf7200000,0x000000caf7300000) (1024K)]
  0x000001db1a284270 JavaThread "Monitor Deflation Thread"   daemon [_thread_blocked, id=26088, stack(0x000000caf7300000,0x000000caf7400000) (1024K)]
=>0x000001db1a2850f0 JavaThread "C2 CompilerThread0"         daemon [_thread_in_native, id=26092, stack(0x000000caf7400000,0x000000caf7500000) (1024K)]
  0x000001db1a2a0f00 JavaThread "C1 CompilerThread0"         daemon [_thread_blocked, id=26096, stack(0x000000caf7500000,0x000000caf7600000) (1024K)]
  0x000001db1a26ba60 JavaThread "Common-Cleaner"             daemon [_thread_blocked, id=26104, stack(0x000000caf7600000,0x000000caf7700000) (1024K)]
  0x000001db1a7a5b60 JavaThread "Monitor Ctrl-Break"         daemon [_thread_in_native, id=26120, stack(0x000000caf7700000,0x000000caf7800000) (1024K)]
  0x000001db1a7a61d0 JavaThread "Notification Thread"        daemon [_thread_blocked, id=26124, stack(0x000000caf7800000,0x000000caf7900000) (1024K)]
  0x000001db607be410 JavaThread "Thread-0"                          [_thread_blocked, id=26152, stack(0x000000caf7c00000,0x000000caf7d00000) (1024K)]
  0x000001db607c0f30 JavaThread "restartedMain"                     [_thread_in_vm, id=26156, stack(0x000000caf7d00000,0x000000caf7e00000) (1024K)]
  0x000001db608bf300 JavaThread "background-preinit"                [_thread_in_native, id=26192, stack(0x000000caf7e00000,0x000000caf7f00000) (1024K)]
Total: 15

Other Threads:
  0x000001db7eff0e30 VMThread "VM Thread"                           [id=26064, stack(0x000000caf6d00000,0x000000caf6e00000) (1024K)]
  0x000001db1a26aa00 WatcherThread "VM Periodic Task Thread"        [id=26060, stack(0x000000caf6c00000,0x000000caf6d00000) (1024K)]
  0x000001db7ef69d20 WorkerThread "GC Thread#0"                     [id=26028, stack(0x000000caf6700000,0x000000caf6800000) (1024K)]
  0x000001db6056a270 WorkerThread "GC Thread#1"                     [id=26140, stack(0x000000caf7900000,0x000000caf7a00000) (1024K)]
  0x000001db60487f90 WorkerThread "GC Thread#2"                     [id=26144, stack(0x000000caf7a00000,0x000000caf7b00000) (1024K)]
  0x000001db60488340 WorkerThread "GC Thread#3"                     [id=26148, stack(0x000000caf7b00000,0x000000caf7c00000) (1024K)]
  0x000001db7ef72390 ConcurrentGCThread "G1 Main Marker"            [id=26032, stack(0x000000caf6800000,0x000000caf6900000) (1024K)]
  0x000001db7ef72ea0 WorkerThread "G1 Conc#0"                       [id=26036, stack(0x000000caf6900000,0x000000caf6a00000) (1024K)]
  0x000001db7efcb1f0 ConcurrentGCThread "G1 Refine#0"               [id=26040, stack(0x000000caf6a00000,0x000000caf6b00000) (1024K)]
  0x000001db7efcbd70 ConcurrentGCThread "G1 Service"                [id=26044, stack(0x000000caf6b00000,0x000000caf6c00000) (1024K)]
Total: 10

Threads with active compile tasks:
C2 CompilerThread0  3788 2092       4       jdk.internal.org.objectweb.asm.Frame::execute (2305 bytes)
Total: 1

VM state: not at safepoint (normal execution)

VM Mutex/Monitor currently owned by a thread: None

Heap address: 0x00000000c4c00000, size: 948 MB, Compressed Oops mode: 32-bit

CDS archive(s) mapped at: [0x000001db1b000000-0x000001db1bc60000-0x000001db1bc60000), size 12976128, SharedBaseAddress: 0x000001db1b000000, ArchiveRelocationMode: 1.
Compressed class space mapped at: 0x000001db1c000000-0x000001db5c000000, reserved size: 1073741824
Narrow klass base: 0x000001db1b000000, Narrow klass shift: 0, Narrow klass range: 0x41000000

GC Precious Log:
 CardTable entry size: 512
 Card Set container configuration: InlinePtr #cards 5 size 8 Array Of Cards #cards 12 size 40 Howl #buckets 4 coarsen threshold 1843 Howl Bitmap #cards 512 size 80 coarsen threshold 460 Card regions per heap region 1 cards per card region 2048
 CPUs: 4 total, 4 available
 Memory: 3784M
 Large Page Support: Disabled
 NUMA Support: Disabled
 Compressed Oops: Enabled (32-bit)
 Heap Region Size: 1M
 Heap Min Capacity: 8M
 Heap Initial Capacity: 60M
 Heap Max Capacity: 948M
 Pre-touch: Disabled
 Parallel Workers: 4
 Concurrent Workers: 1
 Concurrent Refinement Workers: 4
 Periodic GC: Disabled

Heap:
 garbage-first heap   total reserved 970752K, committed 61440K, used 31301K [0x00000000c4c00000, 0x0000000100000000)
  region size 1024K, 27 young (27648K), 2 survivors (2048K)
 Metaspace       used 15284K, committed 15552K, reserved 1114112K
  class space    used 1793K, committed 1920K, reserved 1048576K

Heap Regions: E=young(eden), S=young(survivor), O=old, HS=humongous(starts), HC=humongous(continues), CS=collection set, F=free, TAMS=top-at-mark-start, PB=parsable bottom
|   0|0x00000000c4c00000, 0x00000000c4d00000, 0x00000000c4d00000|100%|HS|  |TAMS 0x00000000c4c00000| PB 0x00000000c4c00000| Complete |  0
|   1|0x00000000c4d00000, 0x00000000c4e00000, 0x00000000c4e00000|100%| O|  |TAMS 0x00000000c4d00000| PB 0x00000000c4d00000| Untracked |  0
|   2|0x00000000c4e00000, 0x00000000c4f00000, 0x00000000c4f00000|100%| O|  |TAMS 0x00000000c4e00000| PB 0x00000000c4e00000| Untracked |  0
|   3|0x00000000c4f00000, 0x00000000c5000000, 0x00000000c5000000|100%| O|  |TAMS 0x00000000c4f00000| PB 0x00000000c4f00000| Untracked |  0
|   4|0x00000000c5000000, 0x00000000c5100000, 0x00000000c5100000|100%| O|  |TAMS 0x00000000c5000000| PB 0x00000000c5000000| Untracked |  0
|   5|0x00000000c5100000, 0x00000000c5200000, 0x00000000c5200000|100%| O|  |TAMS 0x00000000c5100000| PB 0x00000000c5100000| Untracked |  0
|   6|0x00000000c5200000, 0x00000000c52352a8, 0x00000000c5300000| 20%| O|  |TAMS 0x00000000c5200000| PB 0x00000000c5200000| Untracked |  0
|   7|0x00000000c5300000, 0x00000000c5300000, 0x00000000c5400000|  0%| F|  |TAMS 0x00000000c5300000| PB 0x00000000c5300000| Untracked |  0
|   8|0x00000000c5400000, 0x00000000c5400000, 0x00000000c5500000|  0%| F|  |TAMS 0x00000000c5400000| PB 0x00000000c5400000| Untracked |  0
|   9|0x00000000c5500000, 0x00000000c5500000, 0x00000000c5600000|  0%| F|  |TAMS 0x00000000c5500000| PB 0x00000000c5500000| Untracked |  0
|  10|0x00000000c5600000, 0x00000000c5600000, 0x00000000c5700000|  0%| F|  |TAMS 0x00000000c5600000| PB 0x00000000c5600000| Untracked |  0
|  11|0x00000000c5700000, 0x00000000c5700000, 0x00000000c5800000|  0%| F|  |TAMS 0x00000000c5700000| PB 0x00000000c5700000| Untracked |  0
|  12|0x00000000c5800000, 0x00000000c5800000, 0x00000000c5900000|  0%| F|  |TAMS 0x00000000c5800000| PB 0x00000000c5800000| Untracked |  0
|  13|0x00000000c5900000, 0x00000000c5900000, 0x00000000c5a00000|  0%| F|  |TAMS 0x00000000c5900000| PB 0x00000000c5900000| Untracked |  0
|  14|0x00000000c5a00000, 0x00000000c5a00000, 0x00000000c5b00000|  0%| F|  |TAMS 0x00000000c5a00000| PB 0x00000000c5a00000| Untracked |  0
|  15|0x00000000c5b00000, 0x00000000c5b00000, 0x00000000c5c00000|  0%| F|  |TAMS 0x00000000c5b00000| PB 0x00000000c5b00000| Untracked |  0
|  16|0x00000000c5c00000, 0x00000000c5c00000, 0x00000000c5d00000|  0%| F|  |TAMS 0x00000000c5c00000| PB 0x00000000c5c00000| Untracked |  0
|  17|0x00000000c5d00000, 0x00000000c5d00000, 0x00000000c5e00000|  0%| F|  |TAMS 0x00000000c5d00000| PB 0x00000000c5d00000| Untracked |  0
|  18|0x00000000c5e00000, 0x00000000c5e00000, 0x00000000c5f00000|  0%| F|  |TAMS 0x00000000c5e00000| PB 0x00000000c5e00000| Untracked |  0
|  19|0x00000000c5f00000, 0x00000000c5f00000, 0x00000000c6000000|  0%| F|  |TAMS 0x00000000c5f00000| PB 0x00000000c5f00000| Untracked |  0
|  20|0x00000000c6000000, 0x00000000c6000000, 0x00000000c6100000|  0%| F|  |TAMS 0x00000000c6000000| PB 0x00000000c6000000| Untracked |  0
|  21|0x00000000c6100000, 0x00000000c6100000, 0x00000000c6200000|  0%| F|  |TAMS 0x00000000c6100000| PB 0x00000000c6100000| Untracked |  0
|  22|0x00000000c6200000, 0x00000000c6200000, 0x00000000c6300000|  0%| F|  |TAMS 0x00000000c6200000| PB 0x00000000c6200000| Untracked |  0
|  23|0x00000000c6300000, 0x00000000c6300000, 0x00000000c6400000|  0%| F|  |TAMS 0x00000000c6300000| PB 0x00000000c6300000| Untracked |  0
|  24|0x00000000c6400000, 0x00000000c6400000, 0x00000000c6500000|  0%| F|  |TAMS 0x00000000c6400000| PB 0x00000000c6400000| Untracked |  0
|  25|0x00000000c6500000, 0x00000000c6500000, 0x00000000c6600000|  0%| F|  |TAMS 0x00000000c6500000| PB 0x00000000c6500000| Untracked |  0
|  26|0x00000000c6600000, 0x00000000c6600000, 0x00000000c6700000|  0%| F|  |TAMS 0x00000000c6600000| PB 0x00000000c6600000| Untracked |  0
|  27|0x00000000c6700000, 0x00000000c6700000, 0x00000000c6800000|  0%| F|  |TAMS 0x00000000c6700000| PB 0x00000000c6700000| Untracked |  0
|  28|0x00000000c6800000, 0x00000000c6800000, 0x00000000c6900000|  0%| F|  |TAMS 0x00000000c6800000| PB 0x00000000c6800000| Untracked |  0
|  29|0x00000000c6900000, 0x00000000c6900000, 0x00000000c6a00000|  0%| F|  |TAMS 0x00000000c6900000| PB 0x00000000c6900000| Untracked |  0
|  30|0x00000000c6a00000, 0x00000000c6a00000, 0x00000000c6b00000|  0%| F|  |TAMS 0x00000000c6a00000| PB 0x00000000c6a00000| Untracked |  0
|  31|0x00000000c6b00000, 0x00000000c6b00000, 0x00000000c6c00000|  0%| F|  |TAMS 0x00000000c6b00000| PB 0x00000000c6b00000| Untracked |  0
|  32|0x00000000c6c00000, 0x00000000c6c00000, 0x00000000c6d00000|  0%| F|  |TAMS 0x00000000c6c00000| PB 0x00000000c6c00000| Untracked |  0
|  33|0x00000000c6d00000, 0x00000000c6d1aa90, 0x00000000c6e00000| 10%| E|  |TAMS 0x00000000c6d00000| PB 0x00000000c6d00000| Complete |  2
|  34|0x00000000c6e00000, 0x00000000c6f00000, 0x00000000c6f00000|100%| E|CS|TAMS 0x00000000c6e00000| PB 0x00000000c6e00000| Complete |  0
|  35|0x00000000c6f00000, 0x00000000c7000000, 0x00000000c7000000|100%| E|CS|TAMS 0x00000000c6f00000| PB 0x00000000c6f00000| Complete |  0
|  36|0x00000000c7000000, 0x00000000c7100000, 0x00000000c7100000|100%| E|CS|TAMS 0x00000000c7000000| PB 0x00000000c7000000| Complete |  0
|  37|0x00000000c7100000, 0x00000000c7200000, 0x00000000c7200000|100%| E|CS|TAMS 0x00000000c7100000| PB 0x00000000c7100000| Complete |  0
|  38|0x00000000c7200000, 0x00000000c7300000, 0x00000000c7300000|100%| E|  |TAMS 0x00000000c7200000| PB 0x00000000c7200000| Complete |  0
|  39|0x00000000c7300000, 0x00000000c7400000, 0x00000000c7400000|100%| E|CS|TAMS 0x00000000c7300000| PB 0x00000000c7300000| Complete |  0
|  40|0x00000000c7400000, 0x00000000c7500000, 0x00000000c7500000|100%| E|CS|TAMS 0x00000000c7400000| PB 0x00000000c7400000| Complete |  0
|  41|0x00000000c7500000, 0x00000000c7600000, 0x00000000c7600000|100%| E|CS|TAMS 0x00000000c7500000| PB 0x00000000c7500000| Complete |  0
|  42|0x00000000c7600000, 0x00000000c765c280, 0x00000000c7700000| 35%| S|CS|TAMS 0x00000000c7600000| PB 0x00000000c7600000| Complete |  0
|  43|0x00000000c7700000, 0x00000000c7800000, 0x00000000c7800000|100%| S|CS|TAMS 0x00000000c7700000| PB 0x00000000c7700000| Complete |  0
|  44|0x00000000c7800000, 0x00000000c7900000, 0x00000000c7900000|100%| E|CS|TAMS 0x00000000c7800000| PB 0x00000000c7800000| Complete |  0
|  45|0x00000000c7900000, 0x00000000c7a00000, 0x00000000c7a00000|100%| E|CS|TAMS 0x00000000c7900000| PB 0x00000000c7900000| Complete |  0
|  46|0x00000000c7a00000, 0x00000000c7b00000, 0x00000000c7b00000|100%| E|CS|TAMS 0x00000000c7a00000| PB 0x00000000c7a00000| Complete |  0
|  47|0x00000000c7b00000, 0x00000000c7c00000, 0x00000000c7c00000|100%| E|CS|TAMS 0x00000000c7b00000| PB 0x00000000c7b00000| Complete |  0
|  48|0x00000000c7c00000, 0x00000000c7d00000, 0x00000000c7d00000|100%| E|CS|TAMS 0x00000000c7c00000| PB 0x00000000c7c00000| Complete |  0
|  49|0x00000000c7d00000, 0x00000000c7e00000, 0x00000000c7e00000|100%| E|CS|TAMS 0x00000000c7d00000| PB 0x00000000c7d00000| Complete |  0
|  50|0x00000000c7e00000, 0x00000000c7f00000, 0x00000000c7f00000|100%| E|CS|TAMS 0x00000000c7e00000| PB 0x00000000c7e00000| Complete |  0
|  51|0x00000000c7f00000, 0x00000000c8000000, 0x00000000c8000000|100%| E|CS|TAMS 0x00000000c7f00000| PB 0x00000000c7f00000| Complete |  0
|  52|0x00000000c8000000, 0x00000000c8100000, 0x00000000c8100000|100%| E|CS|TAMS 0x00000000c8000000| PB 0x00000000c8000000| Complete |  0
|  53|0x00000000c8100000, 0x00000000c8200000, 0x00000000c8200000|100%| E|CS|TAMS 0x00000000c8100000| PB 0x00000000c8100000| Complete |  0
|  54|0x00000000c8200000, 0x00000000c8300000, 0x00000000c8300000|100%| E|CS|TAMS 0x00000000c8200000| PB 0x00000000c8200000| Complete |  0
|  55|0x00000000c8300000, 0x00000000c8400000, 0x00000000c8400000|100%| E|CS|TAMS 0x00000000c8300000| PB 0x00000000c8300000| Complete |  0
|  56|0x00000000c8400000, 0x00000000c8500000, 0x00000000c8500000|100%| E|CS|TAMS 0x00000000c8400000| PB 0x00000000c8400000| Complete |  0
|  57|0x00000000c8500000, 0x00000000c8600000, 0x00000000c8600000|100%| E|CS|TAMS 0x00000000c8500000| PB 0x00000000c8500000| Complete |  0
|  58|0x00000000c8600000, 0x00000000c8700000, 0x00000000c8700000|100%| E|CS|TAMS 0x00000000c8600000| PB 0x00000000c8600000| Complete |  0
|  59|0x00000000c8700000, 0x00000000c8800000, 0x00000000c8800000|100%| E|CS|TAMS 0x00000000c8700000| PB 0x00000000c8700000| Complete |  0

Card table byte_map: [0x000001db7f000000,0x000001db7f1e0000] _byte_map_base: 0x000001db7e9da000

Marking Bits: (CMBitMap*) 0x000001db7ef6a430
 Bits: [0x000001db17280000, 0x000001db18150000)

Polling page: 0x000001db7cf10000

Metaspace:

Usage:
  Non-class:     13.18 MB used.
      Class:      1.75 MB used.
       Both:     14.93 MB used.

Virtual space:
  Non-class space:       64.00 MB reserved,      13.31 MB ( 21%) committed,  1 nodes.
      Class space:        1.00 GB reserved,       1.88 MB ( <1%) committed,  1 nodes.
             Both:        1.06 GB reserved,      15.19 MB (  1%) committed. 

Chunk freelists:
   Non-Class:  1.75 MB
       Class:  14.11 MB
        Both:  15.86 MB

MaxMetaspaceSize: unlimited
CompressedClassSpaceSize: 1.00 GB
Initial GC threshold: 21.00 MB
Current GC threshold: 21.00 MB
CDS: on
 - commit_granule_bytes: 65536.
 - commit_granule_words: 8192.
 - virtual_space_node_default_size: 8388608.
 - enlarge_chunks_in_place: 1.
 - use_allocation_guard: 0.


Internal statistics:

num_allocs_failed_limit: 0.
num_arena_births: 258.
num_arena_deaths: 0.
num_vsnodes_births: 2.
num_vsnodes_deaths: 0.
num_space_committed: 243.
num_space_uncommitted: 0.
num_chunks_returned_to_freelist: 0.
num_chunks_taken_from_freelist: 722.
num_chunk_merges: 0.
num_chunk_splits: 458.
num_chunks_enlarged: 305.
num_inconsistent_stats: 0.

CodeHeap 'non-profiled nmethods': size=120000Kb used=784Kb max_used=784Kb free=119215Kb
 bounds [0x000001db0fd50000, 0x000001db0ffc0000, 0x000001db17280000]
CodeHeap 'profiled nmethods': size=120000Kb used=3983Kb max_used=3983Kb free=116016Kb
 bounds [0x000001db08280000, 0x000001db08670000, 0x000001db0f7b0000]
CodeHeap 'non-nmethods': size=5760Kb used=1598Kb max_used=1605Kb free=4161Kb
 bounds [0x000001db0f7b0000, 0x000001db0fa20000, 0x000001db0fd50000]
 total_blobs=2673 nmethods=2145 adapters=432
 compilation: enabled
              stopped_count=0, restarted_count=0
 full_count=0

Compilation events (20 events):
Event: 3.674 Thread 0x000001db1a2a0f00 2087       3       java.lang.Class::getInterfaces (49 bytes)
Event: 3.674 Thread 0x000001db1a2a0f00 nmethod 2087 0x000001db08643190 code [0x000001db08643380, 0x000001db08643838]
Event: 3.674 Thread 0x000001db1a2a0f00 2088       3       java.lang.reflect.Method::getParameterCount (6 bytes)
Event: 3.674 Thread 0x000001db1a2a0f00 nmethod 2088 0x000001db08643990 code [0x000001db08643b20, 0x000001db08643c38]
Event: 3.675 Thread 0x000001db1a2a0f00 2089       3       jdk.internal.org.objectweb.asm.Edge::<init> (20 bytes)
Event: 3.675 Thread 0x000001db1a2a0f00 nmethod 2089 0x000001db08643d10 code [0x000001db08643ec0, 0x000001db086440e8]
Event: 3.675 Thread 0x000001db1a2a0f00 2090       3       jdk.internal.org.objectweb.asm.Frame::merge (395 bytes)
Event: 3.675 Thread 0x000001db1a2850f0 2092       4       jdk.internal.org.objectweb.asm.Frame::execute (2305 bytes)
Event: 3.676 Thread 0x000001db1a2a0f00 nmethod 2090 0x000001db08644190 code [0x000001db08644440, 0x000001db086451d8]
Event: 3.676 Thread 0x000001db1a2a0f00 2091       3       jdk.internal.org.objectweb.asm.MethodWriter::visitTryCatchBlock (67 bytes)
Event: 3.677 Thread 0x000001db1a2a0f00 nmethod 2091 0x000001db08645810 code [0x000001db08645a00, 0x000001db08646078]
Event: 3.680 Thread 0x000001db1a2a0f00 2093       3       java.lang.invoke.MethodHandles$Lookup::checkMethod (87 bytes)
Event: 3.680 Thread 0x000001db1a2a0f00 nmethod 2093 0x000001db08646290 code [0x000001db086464a0, 0x000001db08646af8]
Event: 3.680 Thread 0x000001db1a2a0f00 2094       3       java.lang.invoke.MethodHandles$Lookup::maybeBindCaller (72 bytes)
Event: 3.681 Thread 0x000001db1a2a0f00 nmethod 2094 0x000001db08646d10 code [0x000001db08646f40, 0x000001db086476a8]
Event: 3.681 Thread 0x000001db1a2a0f00 2095       3       sun.reflect.generics.visitor.Reifier::make (9 bytes)
Event: 3.682 Thread 0x000001db1a2a0f00 nmethod 2095 0x000001db08647990 code [0x000001db08647b40, 0x000001db08647da0]
Event: 3.682 Thread 0x000001db1a2a0f00 2098       3       java.lang.StringBuilder::append (6 bytes)
Event: 3.682 Thread 0x000001db1a2a0f00 nmethod 2098 0x000001db08647e90 code [0x000001db08648040, 0x000001db086481f0]
Event: 3.682 Thread 0x000001db1a2a0f00 2096       3       sun.reflect.generics.visitor.Reifier::<init> (10 bytes)

GC Heap History (4 events):
Event: 1.699 GC heap before
{Heap before GC invocations=0 (full 0):
 garbage-first heap   total reserved 970752K, committed 61440K, used 14336K [0x00000000c4c00000, 0x0000000100000000)
  region size 1024K, 14 young (14336K), 0 survivors (0K)
 Metaspace       used 3924K, committed 4096K, reserved 1114112K
  class space    used 419K, committed 512K, reserved 1048576K
}
Event: 1.709 GC heap after
{Heap after GC invocations=1 (full 0):
 garbage-first heap   total reserved 970752K, committed 61440K, used 6208K [0x00000000c4c00000, 0x0000000100000000)
  region size 1024K, 2 young (2048K), 2 survivors (2048K)
 Metaspace       used 3924K, committed 4096K, reserved 1114112K
  class space    used 419K, committed 512K, reserved 1048576K
}
Event: 2.511 GC heap before
{Heap before GC invocations=1 (full 0):
 garbage-first heap   total reserved 970752K, committed 61440K, used 19520K [0x00000000c4c00000, 0x0000000100000000)
  region size 1024K, 16 young (16384K), 2 survivors (2048K)
 Metaspace       used 7350K, committed 7616K, reserved 1114112K
  class space    used 856K, committed 1024K, reserved 1048576K
}
Event: 2.516 GC heap after
{Heap after GC invocations=2 (full 0):
 garbage-first heap   total reserved 970752K, committed 61440K, used 7749K [0x00000000c4c00000, 0x0000000100000000)
  region size 1024K, 2 young (2048K), 2 survivors (2048K)
 Metaspace       used 7350K, committed 7616K, reserved 1114112K
  class space    used 856K, committed 1024K, reserved 1048576K
}

Dll operation events (13 events):
Event: 0.040 Loaded shared library C:\Program Files\Java\jdk-22\bin\java.dll
Event: 0.145 Loaded shared library C:\Program Files\Java\jdk-22\bin\jsvml.dll
Event: 0.378 Loaded shared library C:\Program Files\Java\jdk-22\bin\zip.dll
Event: 0.384 Loaded shared library C:\Program Files\Java\jdk-22\bin\instrument.dll
Event: 0.405 Loaded shared library C:\Program Files\Java\jdk-22\bin\net.dll
Event: 0.411 Loaded shared library C:\Program Files\Java\jdk-22\bin\nio.dll
Event: 0.421 Loaded shared library C:\Program Files\Java\jdk-22\bin\zip.dll
Event: 0.870 Loaded shared library C:\Program Files\JetBrains\IntelliJ IDEA Community Edition 2024.1.1\bin\breakgen64.dll
Event: 0.889 Loaded shared library C:\Program Files\Java\jdk-22\bin\extnet.dll
Event: 1.092 Loaded shared library C:\Program Files\Java\jdk-22\bin\jimage.dll
Event: 1.824 Loaded shared library C:\Program Files\Java\jdk-22\bin\management.dll
Event: 1.830 Loaded shared library C:\Program Files\Java\jdk-22\bin\management_ext.dll
Event: 3.013 Loaded shared library C:\Program Files\Java\jdk-22\bin\le.dll

Deoptimization events (20 events):
Event: 3.465 Thread 0x000001db607c0f30 Uncommon trap: trap_request=0xffffff45 fr.pc=0x000001db0fddd608 relative=0x00000000000001c8
Event: 3.465 Thread 0x000001db607c0f30 Uncommon trap: reason=unstable_if action=reinterpret pc=0x000001db0fddd608 method=java.util.concurrent.ConcurrentHashMap.addCount(JI)V @ 171 c2
Event: 3.465 Thread 0x000001db607c0f30 DEOPT PACKING pc=0x000001db0fddd608 sp=0x000000caf7dfdc50
Event: 3.466 Thread 0x000001db607c0f30 DEOPT UNPACKING pc=0x000001db0f807da2 sp=0x000000caf7dfdb90 mode 2
Event: 3.597 Thread 0x000001db608bf300 Uncommon trap: trap_request=0xffffff45 fr.pc=0x000001db0fd6c3ac relative=0x00000000000004cc
Event: 3.597 Thread 0x000001db608bf300 Uncommon trap: reason=unstable_if action=reinterpret pc=0x000001db0fd6c3ac method=java.lang.StringLatin1.canEncode(C)Z @ 4 c2
Event: 3.597 Thread 0x000001db608bf300 DEOPT PACKING pc=0x000001db0fd6c3ac sp=0x000000caf7efd8a0
Event: 3.597 Thread 0x000001db608bf300 DEOPT UNPACKING pc=0x000001db0f807da2 sp=0x000000caf7efd7d0 mode 2
Event: 3.597 Thread 0x000001db608bf300 Uncommon trap: trap_request=0xffffff45 fr.pc=0x000001db0fd6b890 relative=0x00000000000004b0
Event: 3.597 Thread 0x000001db608bf300 Uncommon trap: reason=unstable_if action=reinterpret pc=0x000001db0fd6b890 method=java.lang.AbstractStringBuilder.isLatin1()Z @ 10 c2
Event: 3.597 Thread 0x000001db608bf300 DEOPT PACKING pc=0x000001db0fd6b890 sp=0x000000caf7efd8b0
Event: 3.597 Thread 0x000001db608bf300 DEOPT UNPACKING pc=0x000001db0f807da2 sp=0x000000caf7efd840 mode 2
Event: 3.597 Thread 0x000001db608bf300 Uncommon trap: trap_request=0xffffff45 fr.pc=0x000001db0fdf87ec relative=0x000000000000006c
Event: 3.597 Thread 0x000001db608bf300 Uncommon trap: reason=unstable_if action=reinterpret pc=0x000001db0fdf87ec method=java.lang.AbstractStringBuilder.isLatin1()Z @ 10 c2
Event: 3.597 Thread 0x000001db608bf300 DEOPT PACKING pc=0x000001db0fdf87ec sp=0x000000caf7efd8b0
Event: 3.597 Thread 0x000001db608bf300 DEOPT UNPACKING pc=0x000001db0f807da2 sp=0x000000caf7efd840 mode 2
Event: 3.602 Thread 0x000001db608bf300 Uncommon trap: trap_request=0xffffff45 fr.pc=0x000001db0fdbf5d4 relative=0x0000000000000054
Event: 3.602 Thread 0x000001db608bf300 Uncommon trap: reason=unstable_if action=reinterpret pc=0x000001db0fdbf5d4 method=java.lang.CharacterData.of(I)Ljava/lang/CharacterData; @ 4 c2
Event: 3.602 Thread 0x000001db608bf300 DEOPT PACKING pc=0x000001db0fdbf5d4 sp=0x000000caf7efd030
Event: 3.602 Thread 0x000001db608bf300 DEOPT UNPACKING pc=0x000001db0f807da2 sp=0x000000caf7efcfc8 mode 2

Classes loaded (20 events):
Event: 3.498 Loading class java/util/concurrent/atomic/AtomicLongArray done
Event: 3.498 Loading class java/lang/invoke/VarHandleLongs$Array
Event: 3.499 Loading class java/lang/invoke/VarHandleLongs$Array done
Event: 3.499 Loading class java/util/concurrent/atomic/AtomicReferenceArray
Event: 3.500 Loading class java/util/concurrent/atomic/AtomicReferenceArray done
Event: 3.500 Loading class java/lang/invoke/VarHandleReferences$Array
Event: 3.500 Loading class java/lang/invoke/VarHandleReferences$Array done
Event: 3.525 Loading class java/lang/Deprecated
Event: 3.525 Loading class java/lang/Deprecated done
Event: 3.591 Loading class sun/text/resources/cldr/FormatData_en
Event: 3.594 Loading class sun/text/resources/cldr/FormatData_en done
Event: 3.594 Loading class sun/text/resources/cldr/FormatData_en_US
Event: 3.594 Loading class sun/text/resources/cldr/FormatData_en_US done
Event: 3.628 Loading class java/time/ZonedDateTime$1
Event: 3.629 Loading class java/time/ZonedDateTime$1 done
Event: 3.634 Loading class java/io/CharArrayReader
Event: 3.635 Loading class java/io/CharArrayReader done
Event: 3.645 Loading class org/xml/sax/SAXParseException
Event: 3.645 Loading class org/xml/sax/SAXParseException done
Event: 3.682 Loading class java/lang/annotation/Repeatable

Classes unloaded (0 events):
No events

Classes redefined (0 events):
No events

Internal exceptions (20 events):
Event: 2.682 Thread 0x000001db607c0f30 Exception <a 'java/lang/NoSuchMethodError'{0x00000000c8425d68}: 'java.lang.Object java.lang.invoke.DirectMethodHandle$Holder.invokeSpecial(java.lang.Object, java.lang.Object, java.lang.Object, int, java.lang.Object)'> (0x00000000c8425d68) 
thrown [s\open\src\hotspot\share\interpreter\linkResolver.cpp, line 774]
Event: 2.683 Thread 0x000001db607c0f30 Exception <a 'java/lang/NoSuchMethodError'{0x00000000c842d828}: 'java.lang.Object java.lang.invoke.DirectMethodHandle$Holder.newInvokeSpecial(java.lang.Object, java.lang.Object, java.lang.Object, int, java.lang.Object)'> (0x00000000c842d828) 
thrown [s\open\src\hotspot\share\interpreter\linkResolver.cpp, line 774]
Event: 2.684 Thread 0x000001db607c0f30 Exception <a 'java/lang/NoSuchMethodError'{0x00000000c8434dd0}: 'java.lang.Object java.lang.invoke.Invokers$Holder.linkToTargetMethod(java.lang.Object, java.lang.Object, int, java.lang.Object, java.lang.Object)'> (0x00000000c8434dd0) 
thrown [s\open\src\hotspot\share\interpreter\linkResolver.cpp, line 774]
Event: 2.686 Thread 0x000001db607c0f30 Exception <a 'java/lang/NoSuchMethodError'{0x00000000c8443468}: 'java.lang.Object java.lang.invoke.DirectMethodHandle$Holder.newInvokeSpecial(java.lang.Object, int, java.lang.Object)'> (0x00000000c8443468) 
thrown [s\open\src\hotspot\share\interpreter\linkResolver.cpp, line 774]
Event: 2.687 Thread 0x000001db607c0f30 Exception <a 'java/lang/NoSuchMethodError'{0x00000000c8447fd8}: 'int java.lang.invoke.DirectMethodHandle$Holder.invokeSpecialIFC(java.lang.Object, java.lang.Object, java.lang.Object, java.lang.Object)'> (0x00000000c8447fd8) 
thrown [s\open\src\hotspot\share\interpreter\linkResolver.cpp, line 774]
Event: 2.725 Thread 0x000001db607c0f30 Exception <a 'java/lang/NoSuchMethodError'{0x00000000c8314348}: 'void java.lang.invoke.DirectMethodHandle$Holder.invokeInterface(java.lang.Object, java.lang.Object, java.lang.Object)'> (0x00000000c8314348) 
thrown [s\open\src\hotspot\share\interpreter\linkResolver.cpp, line 774]
Event: 2.776 Thread 0x000001db607c0f30 Exception <a 'java/lang/NoSuchMethodError'{0x00000000c83b3680}: 'void java.lang.invoke.DirectMethodHandle$Holder.invokeStaticInit(java.lang.Object, java.lang.Object, java.lang.Object)'> (0x00000000c83b3680) 
thrown [s\open\src\hotspot\share\interpreter\linkResolver.cpp, line 774]
Event: 2.788 Thread 0x000001db607c0f30 Exception <a 'java/lang/NoSuchMethodError'{0x00000000c83f7728}: 'java.lang.Object java.lang.invoke.DirectMethodHandle$Holder.invokeStatic(java.lang.Object, long, java.lang.Object)'> (0x00000000c83f7728) 
thrown [s\open\src\hotspot\share\interpreter\linkResolver.cpp, line 774]
Event: 2.788 Thread 0x000001db607c0f30 Exception <a 'java/lang/NoSuchMethodError'{0x00000000c83fadb0}: 'java.lang.Object java.lang.invoke.DirectMethodHandle$Holder.invokeStaticInit(java.lang.Object, long, java.lang.Object)'> (0x00000000c83fadb0) 
thrown [s\open\src\hotspot\share\interpreter\linkResolver.cpp, line 774]
Event: 2.791 Thread 0x000001db607c0f30 Exception <a 'java/lang/NoSuchMethodError'{0x00000000c8200880}: 'java.lang.Object java.lang.invoke.DirectMethodHandle$Holder.newInvokeSpecial(java.lang.Object, long)'> (0x00000000c8200880) 
thrown [s\open\src\hotspot\share\interpreter\linkResolver.cpp, line 774]
Event: 2.828 Thread 0x000001db607c0f30 Exception <a 'java/lang/NoSuchMethodError'{0x00000000c825aef8}: 'void java.lang.invoke.DirectMethodHandle$Holder.invokeVirtual(java.lang.Object, java.lang.Object, java.lang.Object, java.lang.Object)'> (0x00000000c825aef8) 
thrown [s\open\src\hotspot\share\interpreter\linkResolver.cpp, line 774]
Event: 2.941 Thread 0x000001db607c0f30 Exception <a 'java/lang/IncompatibleClassChangeError'{0x00000000c81e7e08}: Found class java.lang.Object, but interface was expected> (0x00000000c81e7e08) 
thrown [s\open\src\hotspot\share\interpreter\linkResolver.cpp, line 841]
Event: 2.949 Thread 0x000001db608bf300 Exception <a 'java/lang/NoClassDefFoundError'{0x00000000c81e36f8}: jakarta/validation/Validation> (0x00000000c81e36f8) 
thrown [s\open\src\hotspot\share\classfile\systemDictionary.cpp, line 302]
Event: 2.960 Thread 0x000001db607c0f30 Exception <a 'java/lang/NoSuchMethodError'{0x00000000c81fcb60}: 'java.lang.Object java.lang.invoke.DirectMethodHandle$Holder.invokeStaticInit(java.lang.Object, int)'> (0x00000000c81fcb60) 
thrown [s\open\src\hotspot\share\interpreter\linkResolver.cpp, line 774]
Event: 2.965 Thread 0x000001db607c0f30 Exception <a 'java/lang/NoSuchMethodError'{0x00000000c803ddb8}: 'java.lang.Object java.lang.invoke.DirectMethodHandle$Holder.invokeStatic(java.lang.Object, int, java.lang.Object)'> (0x00000000c803ddb8) 
thrown [s\open\src\hotspot\share\interpreter\linkResolver.cpp, line 774]
Event: 2.966 Thread 0x000001db607c0f30 Exception <a 'java/lang/NoSuchMethodError'{0x00000000c8041438}: 'java.lang.Object java.lang.invoke.DirectMethodHandle$Holder.invokeStaticInit(java.lang.Object, int, java.lang.Object)'> (0x00000000c8041438) 
thrown [s\open\src\hotspot\share\interpreter\linkResolver.cpp, line 774]
Event: 2.995 Thread 0x000001db607c0f30 Exception <a 'sun/nio/fs/WindowsException'{0x00000000c80fc668}> (0x00000000c80fc668) 
thrown [s\open\src\hotspot\share\prims\jni.cpp, line 520]
Event: 3.016 Thread 0x000001db607c0f30 Exception <a 'jdk/internal/org/jline/terminal/impl/jna/LastErrorException'{0x00000000c7f239f0}> (0x00000000c7f239f0) 
thrown [s\open\src\hotspot\share\prims\jni.cpp, line 520]
Event: 3.016 Thread 0x000001db607c0f30 Exception <a 'jdk/internal/org/jline/terminal/impl/jna/LastErrorException'{0x00000000c7f240b0}> (0x00000000c7f240b0) 
thrown [s\open\src\hotspot\share\prims\jni.cpp, line 520]
Event: 3.016 Thread 0x000001db607c0f30 Exception <a 'jdk/internal/org/jline/terminal/impl/jna/LastErrorException'{0x00000000c7f24720}> (0x00000000c7f24720) 
thrown [s\open\src\hotspot\share\prims\jni.cpp, line 520]

ZGC Phase Switch (0 events):
No events

VM Operations (20 events):
Event: 1.753 Executing VM operation: HandshakeAllThreads (Deoptimize)
Event: 1.753 Executing VM operation: HandshakeAllThreads (Deoptimize) done
Event: 1.753 Executing VM operation: HandshakeAllThreads (Deoptimize)
Event: 1.753 Executing VM operation: HandshakeAllThreads (Deoptimize) done
Event: 2.081 Executing VM operation: HandshakeAllThreads (Deoptimize)
Event: 2.081 Executing VM operation: HandshakeAllThreads (Deoptimize) done
Event: 2.511 Executing VM operation: G1CollectForAllocation (G1 Evacuation Pause)
Event: 2.516 Executing VM operation: G1CollectForAllocation (G1 Evacuation Pause) done
Event: 2.648 Executing VM operation: HandshakeAllThreads (Deoptimize)
Event: 2.649 Executing VM operation: HandshakeAllThreads (Deoptimize) done
Event: 2.912 Executing VM operation: HandshakeAllThreads (Deoptimize)
Event: 2.912 Executing VM operation: HandshakeAllThreads (Deoptimize) done
Event: 2.920 Executing VM operation: HandshakeAllThreads (Deoptimize)
Event: 2.920 Executing VM operation: HandshakeAllThreads (Deoptimize) done
Event: 2.921 Executing VM operation: HandshakeAllThreads (Deoptimize)
Event: 2.921 Executing VM operation: HandshakeAllThreads (Deoptimize) done
Event: 3.244 Executing VM operation: ICBufferFull
Event: 3.244 Executing VM operation: ICBufferFull done
Event: 3.606 Executing VM operation: HandshakeAllThreads (Deoptimize)
Event: 3.606 Executing VM operation: HandshakeAllThreads (Deoptimize) done

Events (15 events):
Event: 0.110 Thread 0x000001db7ccc7370 Thread added: 0x000001db7ccc7370
Event: 0.131 Thread 0x000001db1a27cb80 Thread added: 0x000001db1a27cb80
Event: 0.131 Thread 0x000001db1a27f9a0 Thread added: 0x000001db1a27f9a0
Event: 0.131 Thread 0x000001db1a281c70 Thread added: 0x000001db1a281c70
Event: 0.131 Thread 0x000001db1a2827c0 Thread added: 0x000001db1a2827c0
Event: 0.131 Thread 0x000001db1a283720 Thread added: 0x000001db1a283720
Event: 0.131 Thread 0x000001db1a284270 Thread added: 0x000001db1a284270
Event: 0.131 Thread 0x000001db1a2850f0 Thread added: 0x000001db1a2850f0
Event: 0.137 Thread 0x000001db1a2a0f00 Thread added: 0x000001db1a2a0f00
Event: 0.293 Thread 0x000001db1a26ba60 Thread added: 0x000001db1a26ba60
Event: 0.872 Thread 0x000001db1a7a5b60 Thread added: 0x000001db1a7a5b60
Event: 0.872 Thread 0x000001db1a7a61d0 Thread added: 0x000001db1a7a61d0
Event: 1.921 Thread 0x000001db607be410 Thread added: 0x000001db607be410
Event: 1.926 Thread 0x000001db607c0f30 Thread added: 0x000001db607c0f30
Event: 2.933 Thread 0x000001db608bf300 Thread added: 0x000001db608bf300


Dynamic libraries:
0x00007ff67c1d0000 - 0x00007ff67c1e0000 	C:\Program Files\Java\jdk-22\bin\java.exe
0x00007ffaa7a20000 - 0x00007ffaa7c29000 	C:\WINDOWS\SYSTEM32\ntdll.dll
0x00007ffaa6380000 - 0x00007ffaa643d000 	C:\WINDOWS\System32\KERNEL32.DLL
0x00007ffaa54e0000 - 0x00007ffaa5864000 	C:\WINDOWS\System32\KERNELBASE.dll
0x00007ffaa51a0000 - 0x00007ffaa52b1000 	C:\WINDOWS\System32\ucrtbase.dll
0x00007ffa86010000 - 0x00007ffa86027000 	C:\Program Files\Java\jdk-22\bin\jli.dll
0x00007ffaa5910000 - 0x00007ffaa59be000 	C:\WINDOWS\System32\ADVAPI32.dll
0x00007ffaa5ce0000 - 0x00007ffaa5d83000 	C:\WINDOWS\System32\msvcrt.dll
0x00007ffaa6f50000 - 0x00007ffaa6fee000 	C:\WINDOWS\System32\sechost.dll
0x00007ffaa59d0000 - 0x00007ffaa5af1000 	C:\WINDOWS\System32\RPCRT4.dll
0x00007ffaa64c0000 - 0x00007ffaa666d000 	C:\WINDOWS\System32\USER32.dll
0x00007ffaa54b0000 - 0x00007ffaa54d6000 	C:\WINDOWS\System32\win32u.dll
0x00007ffaa58e0000 - 0x00007ffaa590a000 	C:\WINDOWS\System32\GDI32.dll
0x00007ffaa5080000 - 0x00007ffaa519e000 	C:\WINDOWS\System32\gdi32full.dll
0x00007ffaa4fe0000 - 0x00007ffaa507d000 	C:\WINDOWS\System32\msvcp_win.dll
0x00007ffa872b0000 - 0x00007ffa87555000 	C:\WINDOWS\WinSxS\amd64_microsoft.windows.common-controls_6595b64144ccf1df_6.0.22000.120_none_9d947278b86cc467\COMCTL32.dll
0x00007ffa9f5a0000 - 0x00007ffa9f5aa000 	C:\WINDOWS\SYSTEM32\VERSION.dll
0x00007ffa91780000 - 0x00007ffa9179b000 	C:\Program Files\Java\jdk-22\bin\VCRUNTIME140.dll
0x00007ffaa6820000 - 0x00007ffaa6851000 	C:\WINDOWS\System32\IMM32.DLL
0x00007ffaa0980000 - 0x00007ffaa098c000 	C:\Program Files\Java\jdk-22\bin\vcruntime140_1.dll
0x00007ffa56470000 - 0x00007ffa564fe000 	C:\Program Files\Java\jdk-22\bin\msvcp140.dll
0x00007ffa3d7b0000 - 0x00007ffa3e4f7000 	C:\Program Files\Java\jdk-22\bin\server\jvm.dll
0x00007ffaa69d0000 - 0x00007ffaa6a3f000 	C:\WINDOWS\System32\WS2_32.dll
0x00007ffaa4d80000 - 0x00007ffaa4dcd000 	C:\WINDOWS\SYSTEM32\POWRPROF.dll
0x00007ffa9fb00000 - 0x00007ffa9fb33000 	C:\WINDOWS\SYSTEM32\WINMM.dll
0x00007ffaa4d60000 - 0x00007ffaa4d73000 	C:\WINDOWS\SYSTEM32\UMPDC.dll
0x00007ffaa3f20000 - 0x00007ffaa3f38000 	C:\WINDOWS\SYSTEM32\kernel.appcore.dll
0x00007ffaa04a0000 - 0x00007ffaa04aa000 	C:\Program Files\Java\jdk-22\bin\jimage.dll
0x00007ffaa28e0000 - 0x00007ffaa2b01000 	C:\WINDOWS\SYSTEM32\DBGHELP.DLL
0x00007ffa83df0000 - 0x00007ffa83e21000 	C:\WINDOWS\SYSTEM32\dbgcore.DLL
0x00007ffaa52c0000 - 0x00007ffaa533f000 	C:\WINDOWS\System32\bcryptPrimitives.dll
0x00007ffa9fbb0000 - 0x00007ffa9fbbf000 	C:\Program Files\Java\jdk-22\bin\instrument.dll
0x00007ffa85a70000 - 0x00007ffa85a8e000 	C:\Program Files\Java\jdk-22\bin\java.dll
0x00007ffaa7210000 - 0x00007ffaa79d5000 	C:\WINDOWS\System32\SHELL32.dll
0x00007ffaa6680000 - 0x00007ffaa681a000 	C:\WINDOWS\System32\ole32.dll
0x00007ffaa5e10000 - 0x00007ffaa6186000 	C:\WINDOWS\System32\combase.dll
0x00007ffaa2f80000 - 0x00007ffaa37e2000 	C:\WINDOWS\SYSTEM32\windows.storage.dll
0x00007ffaa2e10000 - 0x00007ffaa2f77000 	C:\WINDOWS\SYSTEM32\wintypes.dll
0x00007ffaa7120000 - 0x00007ffaa720a000 	C:\WINDOWS\System32\SHCORE.dll
0x00007ffaa6440000 - 0x00007ffaa649d000 	C:\WINDOWS\System32\shlwapi.dll
0x00007ffaa4de0000 - 0x00007ffaa4e05000 	C:\WINDOWS\SYSTEM32\profapi.dll
0x00007ffa44970000 - 0x00007ffa44a47000 	C:\Program Files\Java\jdk-22\bin\jsvml.dll
0x00007ffa70330000 - 0x00007ffa70347000 	C:\Program Files\Java\jdk-22\bin\zip.dll
0x00007ffa9fbe0000 - 0x00007ffa9fbf0000 	C:\Program Files\Java\jdk-22\bin\net.dll
0x00007ffaa43d0000 - 0x00007ffaa4437000 	C:\WINDOWS\system32\mswsock.dll
0x00007ffa79fa0000 - 0x00007ffa79fb6000 	C:\Program Files\Java\jdk-22\bin\nio.dll
0x00007ffa6be00000 - 0x00007ffa6be1a000 	C:\Program Files\JetBrains\IntelliJ IDEA Community Edition 2024.1.1\bin\breakgen64.dll
0x00007ffa9f870000 - 0x00007ffa9f879000 	C:\Program Files\Java\jdk-22\bin\extnet.dll
0x00007ffa876d0000 - 0x00007ffa876da000 	C:\Program Files\Java\jdk-22\bin\management.dll
0x00007ffa863e0000 - 0x00007ffa863eb000 	C:\Program Files\Java\jdk-22\bin\management_ext.dll
0x00007ffaa7110000 - 0x00007ffaa7118000 	C:\WINDOWS\System32\PSAPI.DLL
0x00007ffa86000000 - 0x00007ffa8600b000 	C:\Program Files\Java\jdk-22\bin\le.dll

dbghelp: loaded successfully - version: 4.0.5 - missing functions: none
symbol engine: initialized successfully - sym options: 0x614 - pdb path: .;C:\Program Files\Java\jdk-22\bin;C:\WINDOWS\SYSTEM32;C:\WINDOWS\WinSxS\amd64_microsoft.windows.common-controls_6595b64144ccf1df_6.0.22000.120_none_9d947278b86cc467;C:\Program Files\Java\jdk-22\bin\server;C:\Program Files\JetBrains\IntelliJ IDEA Community Edition 2024.1.1\bin

VM Arguments:
jvm_args: -javaagent:C:\Program Files\JetBrains\IntelliJ IDEA Community Edition 2024.1.1\lib\idea_rt.jar=54665:C:\Program Files\JetBrains\IntelliJ IDEA Community Edition 2024.1.1\bin -Dfile.encoding=UTF-8 -Dsun.stdout.encoding=UTF-8 -Dsun.stderr.encoding=UTF-8 
java_command: com.example.dinhtrongkhang.DinhtrongkhangApplication
java_class_path (initial): C:\Users\Admin\Downloads\dinhtrongkhang\dinhtrongkhang\target\classes;C:\Users\Admin\.m2\repository\org\springframework\boot\spring-boot-starter-data-jpa\3.3.0\spring-boot-starter-data-jpa-3.3.0.jar;C:\Users\Admin\.m2\repository\org\springframework\boot\spring-boot-starter-aop\3.3.0\spring-boot-starter-aop-3.3.0.jar;C:\Users\Admin\.m2\repository\org\springframework\spring-aop\6.1.8\spring-aop-6.1.8.jar;C:\Users\Admin\.m2\repository\org\aspectj\aspectjweaver\1.9.22\aspectjweaver-1.9.22.jar;C:\Users\Admin\.m2\repository\org\springframework\boot\spring-boot-starter-jdbc\3.3.0\spring-boot-starter-jdbc-3.3.0.jar;C:\Users\Admin\.m2\repository\com\zaxxer\HikariCP\5.1.0\HikariCP-5.1.0.jar;C:\Users\Admin\.m2\repository\org\springframework\spring-jdbc\6.1.8\spring-jdbc-6.1.8.jar;C:\Users\Admin\.m2\repository\org\hibernate\orm\hibernate-core\6.5.2.Final\hibernate-core-6.5.2.Final.jar;C:\Users\Admin\.m2\repository\jakarta\persistence\jakarta.persistence-api\3.1.0\jakarta.persistence-api-3.1.0.jar;C:\Users\Admin\.m2\repository\jakarta\transaction\jakarta.transaction-api\2.0.1\jakarta.transaction-api-2.0.1.jar;C:\Users\Admin\.m2\repository\org\jboss\logging\jboss-logging\3.5.3.Final\jboss-logging-3.5.3.Final.jar;C:\Users\Admin\.m2\repository\org\hibernate\common\hibernate-commons-annotations\6.0.6.Final\hibernate-commons-annotations-6.0.6.Final.jar;C:\Users\Admin\.m2\repository\io\smallrye\jandex\3.1.2\jandex-3.1.2.jar;C:\Users\Admin\.m2\repository\com\fasterxml\classmate\1.7.0\classmate-1.7.0.jar;C:\Users\Admin\.m2\repository\net\bytebuddy\byte-buddy\1.14.16\byte-buddy-1.14.16.jar;C:\Users\Admin\.m2\repository\org\glassfish\jaxb\jaxb-runtime\4.0.5\jaxb-runtime-4.0.5.jar;C:\Users\Admin\.m2\repository\org\glassfish\jaxb\jaxb-core\4.0.5\jaxb-core-4.0.5.jar;C:\Users\Admin\.m2\repository\org\eclipse\angus\angus-activation\2.0.2\angus-activation-2.0.2.jar;C:\Users\Admin\.m2\repository\org\glassfish\jaxb\txw2\4.0.5\txw2-4.0.5.jar;C:\Users\Admin\.m2\repository\com\sun\istack\istack-commons-runtime\4.1.2\istack-commons-runtime-4.1.2.jar;C:\Users\Admin\.m2\repository\jakarta\inject\jakarta.inject-api\2.0.1\jakarta.inject-api-2.0.1.jar;C:\Users\Admin\.m2\repository\org\antlr\antlr4-runtime\4.13.0\antlr4-runtime-4.13.0.jar;C:\Users\Admin\.m2\repository\org\springframework\data\spring-data-jpa\3.3.0\spring-data-jpa-3.3.0.jar;C:\Users\Admin\.m2\repository\org\springframework\data\spring-data-commons\3.3.0\spring-data-commons-3.3.0.jar;C:\Users\Admin\.m2\repository\org\springframework\spring-orm\6.1.8\spring-orm-6.1.8.jar;C:\Users\Admin\.m2\repository\org\springframework\spring-context\6.1.8\spring-context-6.1.8.jar;C:\Users\Admin\.m2\repository\org\springframework\spring-tx\6.1.8\spring-tx-6.1.8.jar;C:\Users\Admin\.m2\repository\org\springframework\spring-beans\6.1.8\spring-beans-6.1.8.jar;C:\Users\Admin\.m2\repository\jakarta\annotation\jakarta.annotation-api\2.1.1\jakarta.annotation-api-2.1.1.jar;C:\Users\Admin\.m2\repository\org\slf4j\slf4j-api\2.0.13\slf4j-api-2.0.13.jar;C:\Users\Admin\.m2\repository\org\springframework\spring-aspects\6.1.8\spring-aspects-6.1.8.jar;C:\Users\Admin\.m2\repository\org\springframework\boot\spring-boot-starter-thymeleaf\3.3.0\spring-boot-starter-thymeleaf-3.3.0.jar;C:\Users\Admin\.m2\repository\org\springframework\boot\spring-boot-starter\3.3.0\spring-boot-starter-3.3.0.jar;C:\Users\Admin\.m2\repository\org\springframework\boot\spring-boot-starter-logging\3.3.0\spring-boot-starter-logging-3.3.0.jar;C:\Users\Admin\.m2\repository\ch\qos\logback\logback-classic\1.5.6\logback-classic-1.5.6.jar;C:\Users\Admin\.m2\repository\ch\qos\logback\logback-core\1.5.6\logback-core-1.5.6.jar;C:\Users\Admin\.m2\repository\org\apache\logging\log4j\log4j-to-slf4j\2.23.1\log4j-to-slf4j-2.23.1.jar;C:\Users\Admin\.m2\repository\org\apache\logging\log4j\log4j-api\2.23.1\log4j-api-2.23.1.jar;C:\Users\Admin\.m2\repository\org\slf4j\jul-to-slf4j\2.0.13\jul-to-slf4j-2.0.13.jar;C:\Users\Admin\.m2\repository\org\yaml\snakeyaml\2.2\snakeyaml-2.2.jar;C:\Users\Admin\.m2\repository\org\thymeleaf\thymeleaf-spring6\3.1.2.RELEASE\thymeleaf-spring6-3.1.2.RELEASE.jar;C:\Users\Admin\.m2\repository\org\thymeleaf\thymeleaf\3.1.2.RELEASE\thymeleaf-3.1.2.RELEASE.jar;C:\Users\Admin\.m2\repository\org\attoparser\attoparser\2.0.7.RELEASE\attoparser-2.0.7.RELEASE.jar;C:\Users\Admin\.m2\repository\org\unbescape\unbescape\1.1.6.RELEASE\unbescape-1.1.6.RELEASE.jar;C:\Users\Admin\.m2\repository\org\springframework\boot\spring-boot-starter-web\3.3.0\spring-boot-starter-web-3.3.0.jar;C:\Users\Admin\.m2\repository\org\springframework\boot\spring-boot-starter-json\3.3.0\spring-boot-starter-json-3.3.0.jar;C:\Users\Admin\.m2\repository\com\fasterxml\jackson\core\jackson-databind\2.17.1\jackson-databind-2.17.1.jar;C:\Users\Admin\.m2\repository\com\fasterxml\jackson\core\jackson-annotations\2.17.1\jackson-annotations-2.17.1.jar;C:\Users\Admin\.m2\repository\com\fasterxml\jackson\core\jackson-core\2.17.1\jackson-core-2.17.1.jar;C:\Users\Admin\.m2\repository\com\fasterxml\jackson\datatype\jackson-datatype-jdk8\2.17.1\jackson-datatype-jdk8-2.17.1.jar;C:\Users\Admin\.m2\repository\com\fasterxml\jackson\datatype\jackson-datatype-jsr310\2.17.1\jackson-datatype-jsr310-2.17.1.jar;C:\Users\Admin\.m2\repository\com\fasterxml\jackson\module\jackson-module-parameter-names\2.17.1\jackson-module-parameter-names-2.17.1.jar;C:\Users\Admin\.m2\repository\org\springframework\boot\spring-boot-starter-tomcat\3.3.0\spring-boot-starter-tomcat-3.3.0.jar;C:\Users\Admin\.m2\repository\org\apache\tomcat\embed\tomcat-embed-core\10.1.24\tomcat-embed-core-10.1.24.jar;C:\Users\Admin\.m2\repository\org\apache\tomcat\embed\tomcat-embed-el\10.1.24\tomcat-embed-el-10.1.24.jar;C:\Users\Admin\.m2\repository\org\apache\tomcat\embed\tomcat-embed-websocket\10.1.24\tomcat-embed-websocket-10.1.24.jar;C:\Users\Admin\.m2\repository\org\springframework\spring-web\6.1.8\spring-web-6.1.8.jar;C:\Users\Admin\.m2\repository\io\micrometer\micrometer-observation\1.13.0\micrometer-observation-1.13.0.jar;C:\Users\Admin\.m2\repository\io\micrometer\micrometer-commons\1.13.0\micrometer-commons-1.13.0.jar;C:\Users\Admin\.m2\repository\org\springframework\spring-webmvc\6.1.8\spring-webmvc-6.1.8.jar;C:\Users\Admin\.m2\repository\org\springframework\spring-expression\6.1.8\spring-expression-6.1.8.jar;C:\Users\Admin\.m2\repository\org\springframework\boot\spring-boot-devtools\3.3.0\spring-boot-devtools-3.3.0.jar;C:\Users\Admin\.m2\repository\org\springframework\boot\spring-boot\3.3.0\spring-boot-3.3.0.jar;C:\Users\Admin\.m2\repository\org\springframework\boot\spring-boot-autoconfigure\3.3.0\spring-boot-autoconfigure-3.3.0.jar;C:\Users\Admin\.m2\repository\com\mysql\mysql-connector-j\8.3.0\mysql-connector-j-8.3.0.jar;C:\Users\Admin\.m2\repository\org\projectlombok\lombok\1.18.32\lombok-1.18.32.jar;C:\Users\Admin\.m2\repository\jakarta\xml\bind\jakarta.xml.bind-api\4.0.2\jakarta.xml.bind-api-4.0.2.jar;C:\Users\Admin\.m2\repository\jakarta\activation\jakarta.activation-api\2.1.3\jakarta.activation-api-2.1.3.jar;C:\Users\Admin\.m2\repository\org\springframework\spring-core\6.1.8\spring-core-6.1.8.jar;C:\Users\Admin\.m2\repository\org\springframework\spring-jcl\6.1.8\spring-jcl-6.1.8.jar;C:\Users\Admin\.m2\repository\org\jetbrains\annotations\24.1.0\annotations-24.1.0.jar
Launcher Type: SUN_STANDARD

[Global flags]
     intx CICompilerCount                          = 3                                         {product} {ergonomic}
     uint ConcGCThreads                            = 1                                         {product} {ergonomic}
     uint G1ConcRefinementThreads                  = 4                                         {product} {ergonomic}
   size_t G1HeapRegionSize                         = 1048576                                   {product} {ergonomic}
   size_t InitialHeapSize                          = 62914560                                  {product} {ergonomic}
   size_t MarkStackSize                            = 4194304                                   {product} {ergonomic}
   size_t MaxHeapSize                              = 994050048                                 {product} {ergonomic}
   size_t MaxNewSize                               = 595591168                                 {product} {ergonomic}
   size_t MinHeapDeltaBytes                        = 1048576                                   {product} {ergonomic}
   size_t MinHeapSize                              = 8388608                                   {product} {ergonomic}
    uintx NonNMethodCodeHeapSize                   = 5832780                                {pd product} {ergonomic}
    uintx NonProfiledCodeHeapSize                  = 122912730                              {pd product} {ergonomic}
    uintx ProfiledCodeHeapSize                     = 122912730                              {pd product} {ergonomic}
    uintx ReservedCodeCacheSize                    = 251658240                              {pd product} {ergonomic}
     bool SegmentedCodeCache                       = true                                      {product} {ergonomic}
   size_t SoftMaxHeapSize                          = 994050048                              {manageable} {ergonomic}
     bool UseCompressedOops                        = true                           {product lp64_product} {ergonomic}
     bool UseG1GC                                  = true                                      {product} {ergonomic}
     bool UseLargePagesIndividualAllocation        = false                                  {pd product} {ergonomic}

Logging:
Log output configuration:
 #0: stdout all=warning uptime,level,tags foldmultilines=false
 #1: stderr all=off uptime,level,tags foldmultilines=false

Environment Variables:
PATH=C:\ProgramData\Oracle\Java\javapath;C:\Program Files\Common Files\Oracle\Java\javapath;C:\Program Files\Eclipse Adoptium\jdk-17.0.4.8-hotspot\bin;C:\WINDOWS\system32;C:\WINDOWS;C:\WINDOWS\System32\Wbem;C:\WINDOWS\System32\WindowsPowerShell\v1.0\;C:\WINDOWS\System32\OpenSSH\;c:\altera\91sp2\quartus\bin;C:\MinGW\bin;C:\Program Files\Microsoft SQL Server\Client SDK\ODBC\170\Tools\Binn\;C:\Program Files (x86)\Microsoft SQL Server\150\Tools\Binn\;C:\Program Files\Microsoft SQL Server\150\Tools\Binn\;C:\Program Files\Microsoft SQL Server\150\DTS\Binn\;C:\Program Files (x86)\Microsoft SQL Server\150\DTS\Binn\;C:\Program Files\Git\cmd;C:\Program Files\Cloudflare\Cloudflare WARP\;C:\Program Files\dotnet\;C:\Program Files\HP\HP One Agent;C:\Program Files (x86)\Git\cmd;C:\Users\Admin\AppData\Local\Microsoft\WindowsApps;C:\Users\Admin\.dotnet\tools;C:\Program Files\Azure Data Studio\bin
USERNAME=DinhTrongKhang
OS=Windows_NT
PROCESSOR_IDENTIFIER=Intel64 Family 6 Model 126 Stepping 5, GenuineIntel
TMP=C:\Users\Admin\AppData\Local\Temp
TEMP=C:\Users\Admin\AppData\Local\Temp




Periodic native trim disabled

---------------  S Y S T E M  ---------------

OS:
 Windows 11 , 64 bit Build 22000 (10.0.22000.2538)
OS uptime: 0 days 1:27 hours

CPU: total 4 (initial active 4) (2 cores per cpu, 2 threads per core) family 6 model 126 stepping 5 microcode 0xa0, cx8, cmov, fxsr, ht, mmx, 3dnowpref, sse, sse2, sse3, ssse3, sse4.1, sse4.2, popcnt, lzcnt, tsc, tscinvbit, avx, avx2, aes, erms, clmul, bmi1, bmi2, adx, avx512f, avx512dq, avx512cd, avx512bw, avx512vl, sha, fma, vzeroupper, avx512_vpopcntdq, avx512_vpclmulqdq, avx512_vaes, avx512_vnni, clflush, clflushopt, avx512_vbmi2, avx512_vbmi, rdtscp, rdpid, fsrm, gfni, avx512_bitalg, f16c, pku, avx512_ifma
Processor Information for all 4 processors :
  Max Mhz: 1190, Current Mhz: 1190, Mhz Limit: 1190

Memory: 4k page, system-wide physical 3784M (337M free)
TotalPageFile size 11976M (AvailPageFile size 4M)
current process WorkingSet (physical memory assigned to process): 104M, peak: 104M
current process commit charge ("private bytes"): 164M, peak: 164M

vm_info: Java HotSpot(TM) 64-Bit Server VM (22.0.1+8-16) for windows-amd64 JRE (22.0.1+8-16), built on 2024-03-12T10:33:16Z by "mach5one" with MS VC++ 17.6 (VS2022)

END.
