#
# There is insufficient memory for the Java Runtime Environment to continue.
# Native memory allocation (mmap) failed to map 65536 bytes. Error detail: Failed to commit metaspace.
# Possible reasons:
#   The system is out of physical RAM or swap space
#   This process is running with CompressedOops enabled, and the Java Heap may be blocking the growth of the native heap
# Possible solutions:
#   Reduce memory load on the system
#   Increase physical memory or swap space
#   Check if swap backing store is full
#   Decrease Java heap size (-Xmx/-Xms)
#   Decrease number of Java threads
#   Decrease Java thread stack sizes (-Xss)
#   Set larger code cache with -XX:ReservedCodeCacheSize=
#   JVM is running with Unscaled Compressed Oops mode in which the Java heap is
#     placed in the first 4GB address space. The Java Heap base address is the
#     maximum limit for the native heap growth. Please use -XX:HeapBaseMinAddress
#     to set the Java Heap base and to place the Java Heap above 4GB virtual address.
# This output file may be truncated or incomplete.
#
#  Out of Memory Error (virtualSpaceNode.cpp:112), pid=37088, tid=8356
#
# JRE version: Java(TM) SE Runtime Environment (22.0.1+8) (build 22.0.1+8-16)
# Java VM: Java HotSpot(TM) 64-Bit Server VM (22.0.1+8-16, mixed mode, sharing, tiered, compressed oops, compressed class ptrs, g1 gc, windows-amd64)
# No core dump will be written. Minidumps are not enabled by default on client versions of Windows
#

---------------  S U M M A R Y ------------

Command Line: -javaagent:C:\Program Files\JetBrains\IntelliJ IDEA Community Edition 2024.1.1\lib\idea_rt.jar=52260:C:\Program Files\JetBrains\IntelliJ IDEA Community Edition 2024.1.1\bin -Dfile.encoding=UTF-8 -Dsun.stdout.encoding=UTF-8 -Dsun.stderr.encoding=UTF-8 com.example.dinhtrongkhang.DinhtrongkhangApplication

Host: Intel(R) Core(TM) i3-1005G1 CPU @ 1.20GHz, 4 cores, 3G,  Windows 11 , 64 bit Build 22000 (10.0.22000.2538)
Time: Fri Jun 14 19:14:56 2024 SE Asia Standard Time elapsed time: 1.965447 seconds (0d 0h 0m 1s)

---------------  T H R E A D  ---------------

Current thread (0x0000026722e238d0):  JavaThread "background-preinit"        [_thread_in_vm, id=8356, stack(0x000000740d200000,0x000000740d300000) (1024K)]

Stack: [0x000000740d200000,0x000000740d300000]
Native frames: (J=compiled Java code, j=interpreted, Vv=VM code, C=native code)
V  [jvm.dll+0x6e2279]  (no source info available)
V  [jvm.dll+0x874e33]  (no source info available)
V  [jvm.dll+0x87725e]  (no source info available)
V  [jvm.dll+0x877933]  (no source info available)
V  [jvm.dll+0x27fd76]  (no source info available)
V  [jvm.dll+0x870a7e]  (no source info available)
V  [jvm.dll+0x6852e5]  (no source info available)
V  [jvm.dll+0x68534a]  (no source info available)
V  [jvm.dll+0x687b8a]  (no source info available)
V  [jvm.dll+0x2250ac]  (no source info available)
V  [jvm.dll+0x685cfe]  (no source info available)
V  [jvm.dll+0x26b190]  (no source info available)
V  [jvm.dll+0x215cf7]  (no source info available)
V  [jvm.dll+0x20b4ee]  (no source info available)
V  [jvm.dll+0x5c462f]  (no source info available)
V  [jvm.dll+0x21cc6a]  (no source info available)
V  [jvm.dll+0x7eb6dc]  (no source info available)
V  [jvm.dll+0x7ec776]  (no source info available)
V  [jvm.dll+0x7ecd84]  (no source info available)
V  [jvm.dll+0x7eca08]  (no source info available)
V  [jvm.dll+0x26d79b]  (no source info available)
V  [jvm.dll+0x3d9b4e]  (no source info available)
C  0x00000266d150b494  (no source info available)

The last pc belongs to new (printed below).
Java frames: (J=compiled Java code, j=interpreted, Vv=VM code)
j  com.sun.org.apache.xerces.internal.parsers.AbstractSAXParser.<init>(Lcom/sun/org/apache/xerces/internal/xni/parser/XMLParserConfiguration;)V+47 java.xml@22.0.1
j  com.sun.org.apache.xerces.internal.parsers.SAXParser.<init>(Lcom/sun/org/apache/xerces/internal/util/SymbolTable;Lcom/sun/org/apache/xerces/internal/xni/grammars/XMLGrammarPool;Lcom/sun/org/apache/xerces/internal/utils/XMLSecurityPropertyManager;Ljdk/xml/internal/XMLSecurityManager;)V+8 java.xml@22.0.1
j  com.sun.org.apache.xerces.internal.jaxp.SAXParserImpl$JAXPSAXParser.<init>(Lcom/sun/org/apache/xerces/internal/jaxp/SAXParserImpl;Lcom/sun/org/apache/xerces/internal/utils/XMLSecurityPropertyManager;Ljdk/xml/internal/XMLSecurityManager;)V+5 java.xml@22.0.1
j  com.sun.org.apache.xerces.internal.jaxp.SAXParserImpl.<init>(Lcom/sun/org/apache/xerces/internal/jaxp/SAXParserFactoryImpl;Ljava/util/Map;Z)V+39 java.xml@22.0.1
j  com.sun.org.apache.xerces.internal.jaxp.SAXParserImpl.<init>(Lcom/sun/org/apache/xerces/internal/jaxp/SAXParserFactoryImpl;Ljava/util/Map;)V+4 java.xml@22.0.1
j  com.sun.org.apache.xerces.internal.jaxp.SAXParserFactoryImpl.newSAXParserImpl()Lcom/sun/org/apache/xerces/internal/jaxp/SAXParserImpl;+9 java.xml@22.0.1
j  com.sun.org.apache.xerces.internal.jaxp.SAXParserFactoryImpl.setFeature(Ljava/lang/String;Z)V+76 java.xml@22.0.1
j  javax.xml.catalog.CatalogImpl.getParser()Ljavax/xml/parsers/SAXParser;+25 java.xml@22.0.1
j  javax.xml.catalog.CatalogImpl.parse(Ljava/lang/String;)V+9 java.xml@22.0.1
j  javax.xml.catalog.CatalogImpl.load()V+12 java.xml@22.0.1
j  javax.xml.catalog.CatalogManager.catalog(Ljavax/xml/catalog/CatalogFeatures;[Ljava/net/URI;)Ljavax/xml/catalog/Catalog;+15 java.xml@22.0.1
j  jdk.xml.internal.JdkCatalog.init(Ljava/lang/String;)V+30 java.xml@22.0.1
j  jdk.xml.internal.XMLSecurityManager.prepareCatalog()V+32 java.xml@22.0.1
j  jdk.xml.internal.XMLSecurityManager.<init>(Z)V+160 java.xml@22.0.1
j  com.sun.org.apache.xalan.internal.xsltc.trax.TransformerFactoryImpl.<init>()V+244 java.xml@22.0.1
j  java.lang.invoke.DirectMethodHandle$Holder.newInvokeSpecial(Ljava/lang/Object;)Ljava/lang/Object;+15 java.base@22.0.1
j  java.lang.invoke.Invokers$Holder.invokeExact_MT(Ljava/lang/Object;Ljava/lang/Object;)Ljava/lang/Object;+18 java.base@22.0.1
j  jdk.internal.reflect.DirectConstructorHandleAccessor.invokeImpl([Ljava/lang/Object;)Ljava/lang/Object;+40 java.base@22.0.1
j  jdk.internal.reflect.DirectConstructorHandleAccessor.newInstance([Ljava/lang/Object;)Ljava/lang/Object;+60 java.base@22.0.1
j  java.lang.reflect.Constructor.newInstanceWithCaller([Ljava/lang/Object;ZLjava/lang/Class;)Ljava/lang/Object;+41 java.base@22.0.1
j  java.lang.reflect.Constructor.newInstance([Ljava/lang/Object;)Ljava/lang/Object;+30 java.base@22.0.1
j  javax.xml.transform.FactoryFinder.newInstance(Ljava/lang/Class;Ljava/lang/String;Ljava/lang/ClassLoader;Z)Ljava/lang/Object;+95 java.xml@22.0.1
j  javax.xml.transform.FactoryFinder.find(Ljava/lang/Class;Ljava/lang/String;)Ljava/lang/Object;+135 java.xml@22.0.1
j  javax.xml.transform.TransformerFactory.newInstance()Ljavax/xml/transform/TransformerFactory;+4 java.xml@22.0.1
j  org.springframework.http.converter.xml.AbstractXmlHttpMessageConverter.<init>()V+35
j  org.springframework.http.converter.xml.AbstractJaxb2HttpMessageConverter.<init>()V+1
j  org.springframework.http.converter.xml.Jaxb2RootElementHttpMessageConverter.<init>()V+1
j  org.springframework.http.converter.support.AllEncompassingFormHttpMessageConverter.<init>()V+21
j  org.springframework.boot.autoconfigure.BackgroundPreinitializer$MessageConverterInitializer.run()V+4
j  org.springframework.boot.autoconfigure.BackgroundPreinitializer$1.runSafely(Ljava/lang/Runnable;)Z+1
j  org.springframework.boot.autoconfigure.BackgroundPreinitializer$1.run()V+32
j  java.lang.Thread.runWith(Ljava/lang/Object;Ljava/lang/Runnable;)V+5 java.base@22.0.1
j  java.lang.Thread.run()V+19 java.base@22.0.1
v  ~StubRoutines::call_stub 0x00000266d14f100d
new  187 new  [0x00000266d150b300, 0x00000266d150b508]  520 bytes
[MachCode]
  0x00000266d150b300: 4883 ec08 | c5fa 1104 | 24eb 1f48 | 83ec 10c5 | fb11 0424 | eb14 4883 | ec10 4889 | 0424 48c7 
  0x00000266d150b320: 4424 0800 | 0000 00eb | 0150 410f | b755 010f | cac1 ea10 | 488b 4de8 | 488b 4908 | 488b 4908 
  0x00000266d150b340: 488b 4108 | 807c 1004 | 070f 85d3 | 0000 0066 | 8b54 d148 | 488b 4928 | 488b 4cd1 | 0851 80b9 
  0x00000266d150b360: 2001 0000 | 050f 85b6 | 0000 008b | 5108 f6c2 | 010f 85aa | 0000 0049 | 8b87 b801 | 0000 488d 
  0x00000266d150b380: 1c10 493b | 9fc8 0100 | 000f 8792 | 0000 0049 | 899f b801 | 0000 4883 | ea10 0f84 | 0f00 0000 
  0x00000266d150b3a0: 33c9 c1ea | 0348 894c | d008 48ff | ca75 f648 | c700 0100 | 0000 5933 | f689 700c | 49ba 0000 
  0x00000266d150b3c0: 00dd 6602 | 0000 492b | ca89 4808 | 49ba 9d30 | 3f78 fb7f | 0000 4180 | 3a00 0f84 | 3c00 0000 
  0x00000266d150b3e0: 5048 8bc8 | 4883 ec20 | 40f6 c40f | 0f84 1900 | 0000 4883 | ec08 48b8 | 80b5 ef77 | fb7f 0000 
  0x00000266d150b400: ffd0 4883 | c408 e90c | 0000 0048 | b880 b5ef | 77fb 7f00 | 00ff d048 | 83c4 2058 | e9cb 0000 
  0x00000266d150b420: 0059 488b | 55e8 488b | 5208 488b | 5208 450f | b745 0141 | 0fc8 41c1 | e810 e805 | 0000 00e9 
  0x00000266d150b440: a800 0000 | 488d 4424 | 084c 896d | c049 8bcf | c5f8 7749 | 89af b003 | 0000 4989 | 87a0 0300 
  0x00000266d150b460: 0048 83ec | 2040 f6c4 | 0f0f 8419 | 0000 0048 | 83ec 0848 | b800 9bb8 | 77fb 7f00 | 00ff d048 
  0x00000266d150b480: 83c4 08e9 | 0c00 0000 | 48b8 009b | b877 fb7f | 0000 ffd0 | 4883 c420 | 49c7 87a0 | 0300 0000 
  0x00000266d150b4a0: 0000 0049 | c787 b003 | 0000 0000 | 0000 49c7 | 87a8 0300 | 0000 0000 | 00c5 f877 | 4983 7f08 
  0x00000266d150b4c0: 000f 8405 | 0000 00e9 | 345a feff | 498b 87f8 | 0300 0049 | c787 f803 | 0000 0000 | 0000 4c8b 
  0x00000266d150b4e0: 6dc0 4c8b | 75c8 4e8d | 74f5 00c3 | 410f b65d | 0349 83c5 | 0349 baf0 | f942 78fb | 7f00 0041 
  0x00000266d150b500: ff24 da0f | 1f44 0000 
[/MachCode]

---------------  P R O C E S S  ---------------

Threads class SMR info:
_java_thread_list=0x0000026722e4cda0, length=15, elements={
0x00000266c0398130, 0x00000266dcddc3f0, 0x00000266dcddf3c0, 0x00000266dcde2180,
0x00000266dcde55f0, 0x00000266dcde6480, 0x00000266dcde91d0, 0x00000266dcde7fe0,
0x00000266dcdf0400, 0x00000266c053c380, 0x00000267224dcc80, 0x00000267223f8340,
0x0000026722b67090, 0x0000026722b7fe40, 0x0000026722e238d0
}

Java Threads: ( => current thread )
  0x00000266c0398130 JavaThread "main"                              [_thread_blocked, id=36988, stack(0x000000740ba00000,0x000000740bb00000) (1024K)]
  0x00000266dcddc3f0 JavaThread "Reference Handler"          daemon [_thread_blocked, id=39948, stack(0x000000740c200000,0x000000740c300000) (1024K)]
  0x00000266dcddf3c0 JavaThread "Finalizer"                  daemon [_thread_blocked, id=35596, stack(0x000000740c300000,0x000000740c400000) (1024K)]
  0x00000266dcde2180 JavaThread "Signal Dispatcher"          daemon [_thread_blocked, id=9588, stack(0x000000740c400000,0x000000740c500000) (1024K)]
  0x00000266dcde55f0 JavaThread "Attach Listener"            daemon [_thread_blocked, id=37704, stack(0x000000740c500000,0x000000740c600000) (1024K)]
  0x00000266dcde6480 JavaThread "Service Thread"             daemon [_thread_blocked, id=36364, stack(0x000000740c600000,0x000000740c700000) (1024K)]
  0x00000266dcde91d0 JavaThread "Monitor Deflation Thread"   daemon [_thread_blocked, id=38884, stack(0x000000740c700000,0x000000740c800000) (1024K)]
  0x00000266dcde7fe0 JavaThread "C2 CompilerThread0"         daemon [_thread_blocked, id=37924, stack(0x000000740c800000,0x000000740c900000) (1024K)]
  0x00000266dcdf0400 JavaThread "C1 CompilerThread0"         daemon [_thread_in_vm, id=39520, stack(0x000000740c900000,0x000000740ca00000) (1024K)]
  0x00000266c053c380 JavaThread "Common-Cleaner"             daemon [_thread_blocked, id=39276, stack(0x000000740ca00000,0x000000740cb00000) (1024K)]
  0x00000267224dcc80 JavaThread "Monitor Ctrl-Break"         daemon [_thread_in_native, id=32672, stack(0x000000740cb00000,0x000000740cc00000) (1024K)]
  0x00000267223f8340 JavaThread "Notification Thread"        daemon [_thread_blocked, id=39304, stack(0x000000740cc00000,0x000000740cd00000) (1024K)]
  0x0000026722b67090 JavaThread "Thread-0"                          [_thread_blocked, id=37184, stack(0x000000740d000000,0x000000740d100000) (1024K)]
  0x0000026722b7fe40 JavaThread "restartedMain"                     [_thread_in_vm, id=12292, stack(0x000000740d100000,0x000000740d200000) (1024K)]
=>0x0000026722e238d0 JavaThread "background-preinit"                [_thread_in_vm, id=8356, stack(0x000000740d200000,0x000000740d300000) (1024K)]
Total: 15

Other Threads:
  0x00000266c0551490 VMThread "VM Thread"                           [id=39420, stack(0x000000740c100000,0x000000740c200000) (1024K)]
  0x00000266dcdcd230 WatcherThread "VM Periodic Task Thread"        [id=39100, stack(0x000000740c000000,0x000000740c100000) (1024K)]
  0x00000266c04ca450 WorkerThread "GC Thread#0"                     [id=38136, stack(0x000000740bb00000,0x000000740bc00000) (1024K)]
  0x000002672271ad80 WorkerThread "GC Thread#1"                     [id=37072, stack(0x000000740cd00000,0x000000740ce00000) (1024K)]
  0x0000026722aa9680 WorkerThread "GC Thread#2"                     [id=29924, stack(0x000000740ce00000,0x000000740cf00000) (1024K)]
  0x0000026722a0fef0 WorkerThread "GC Thread#3"                     [id=40060, stack(0x000000740cf00000,0x000000740d000000) (1024K)]
  0x00000266c04d2ac0 ConcurrentGCThread "G1 Main Marker"            [id=32572, stack(0x000000740bc00000,0x000000740bd00000) (1024K)]
  0x00000266c04d3780 WorkerThread "G1 Conc#0"                       [id=836, stack(0x000000740bd00000,0x000000740be00000) (1024K)]
  0x00000266c0529ee0 ConcurrentGCThread "G1 Refine#0"               [id=40096, stack(0x000000740be00000,0x000000740bf00000) (1024K)]
  0x00000266c052ac10 ConcurrentGCThread "G1 Service"                [id=39740, stack(0x000000740bf00000,0x000000740c000000) (1024K)]
Total: 10

Threads with active compile tasks:
C1 CompilerThread0  2032 1829       3       java.lang.AbstractStringBuilder::appendChars (130 bytes)
Total: 1

VM state: not at safepoint (normal execution)

VM Mutex/Monitor currently owned by a thread:  ([mutex/lock_event])
[0x00007ffb78419b38] Metaspace_lock - owner thread: 0x0000026722e238d0

Heap address: 0x00000000c4c00000, size: 948 MB, Compressed Oops mode: 32-bit

CDS archive(s) mapped at: [0x00000266dd000000-0x00000266ddc60000-0x00000266ddc60000), size 12976128, SharedBaseAddress: 0x00000266dd000000, ArchiveRelocationMode: 1.
Compressed class space mapped at: 0x00000266de000000-0x000002671e000000, reserved size: 1073741824
Narrow klass base: 0x00000266dd000000, Narrow klass shift: 0, Narrow klass range: 0x41000000

GC Precious Log:
 CardTable entry size: 512
 Card Set container configuration: InlinePtr #cards 5 size 8 Array Of Cards #cards 12 size 40 Howl #buckets 4 coarsen threshold 1843 Howl Bitmap #cards 512 size 80 coarsen threshold 460 Card regions per heap region 1 cards per card region 2048
 CPUs: 4 total, 4 available
 Memory: 3784M
 Large Page Support: Disabled
 NUMA Support: Disabled
 Compressed Oops: Enabled (32-bit)
 Heap Region Size: 1M
 Heap Min Capacity: 8M
 Heap Initial Capacity: 60M
 Heap Max Capacity: 948M
 Pre-touch: Disabled
 Parallel Workers: 4
 Concurrent Workers: 1
 Concurrent Refinement Workers: 4
 Periodic GC: Disabled

Heap:
 garbage-first heap   total reserved 970752K, committed 61440K, used 15973K [0x00000000c4c00000, 0x0000000100000000)
  region size 1024K, 11 young (11264K), 2 survivors (2048K)
 Metaspace       used 11047K, committed 11328K, reserved 1114112K
  class space    used 1339K, committed 1472K, reserved 1048576K

Heap Regions: E=young(eden), S=young(survivor), O=old, HS=humongous(starts), HC=humongous(continues), CS=collection set, F=free, TAMS=top-at-mark-start, PB=parsable bottom
|   0|0x00000000c4c00000, 0x00000000c4d00000, 0x00000000c4d00000|100%|HS|  |TAMS 0x00000000c4c00000| PB 0x00000000c4c00000| Complete |  0
|   1|0x00000000c4d00000, 0x00000000c4e00000, 0x00000000c4e00000|100%| O|  |TAMS 0x00000000c4d00000| PB 0x00000000c4d00000| Untracked |  0
|   2|0x00000000c4e00000, 0x00000000c4f00000, 0x00000000c4f00000|100%| O|  |TAMS 0x00000000c4e00000| PB 0x00000000c4e00000| Untracked |  0
|   3|0x00000000c4f00000, 0x00000000c5000000, 0x00000000c5000000|100%| O|  |TAMS 0x00000000c4f00000| PB 0x00000000c4f00000| Untracked |  0
|   4|0x00000000c5000000, 0x00000000c5100000, 0x00000000c5100000|100%| O|  |TAMS 0x00000000c5000000| PB 0x00000000c5000000| Untracked |  0
|   5|0x00000000c5100000, 0x00000000c5200000, 0x00000000c5200000|100%| O|  |TAMS 0x00000000c5100000| PB 0x00000000c5100000| Untracked |  0
|   6|0x00000000c5200000, 0x00000000c523fa68, 0x00000000c5300000| 24%| O|  |TAMS 0x00000000c5200000| PB 0x00000000c5200000| Untracked |  0
|   7|0x00000000c5300000, 0x00000000c5300000, 0x00000000c5400000|  0%| F|  |TAMS 0x00000000c5300000| PB 0x00000000c5300000| Untracked |  0
|   8|0x00000000c5400000, 0x00000000c5400000, 0x00000000c5500000|  0%| F|  |TAMS 0x00000000c5400000| PB 0x00000000c5400000| Untracked |  0
|   9|0x00000000c5500000, 0x00000000c5500000, 0x00000000c5600000|  0%| F|  |TAMS 0x00000000c5500000| PB 0x00000000c5500000| Untracked |  0
|  10|0x00000000c5600000, 0x00000000c5600000, 0x00000000c5700000|  0%| F|  |TAMS 0x00000000c5600000| PB 0x00000000c5600000| Untracked |  0
|  11|0x00000000c5700000, 0x00000000c5700000, 0x00000000c5800000|  0%| F|  |TAMS 0x00000000c5700000| PB 0x00000000c5700000| Untracked |  0
|  12|0x00000000c5800000, 0x00000000c5800000, 0x00000000c5900000|  0%| F|  |TAMS 0x00000000c5800000| PB 0x00000000c5800000| Untracked |  0
|  13|0x00000000c5900000, 0x00000000c5900000, 0x00000000c5a00000|  0%| F|  |TAMS 0x00000000c5900000| PB 0x00000000c5900000| Untracked |  0
|  14|0x00000000c5a00000, 0x00000000c5a00000, 0x00000000c5b00000|  0%| F|  |TAMS 0x00000000c5a00000| PB 0x00000000c5a00000| Untracked |  0
|  15|0x00000000c5b00000, 0x00000000c5b00000, 0x00000000c5c00000|  0%| F|  |TAMS 0x00000000c5b00000| PB 0x00000000c5b00000| Untracked |  0
|  16|0x00000000c5c00000, 0x00000000c5c00000, 0x00000000c5d00000|  0%| F|  |TAMS 0x00000000c5c00000| PB 0x00000000c5c00000| Untracked |  0
|  17|0x00000000c5d00000, 0x00000000c5d00000, 0x00000000c5e00000|  0%| F|  |TAMS 0x00000000c5d00000| PB 0x00000000c5d00000| Untracked |  0
|  18|0x00000000c5e00000, 0x00000000c5e00000, 0x00000000c5f00000|  0%| F|  |TAMS 0x00000000c5e00000| PB 0x00000000c5e00000| Untracked |  0
|  19|0x00000000c5f00000, 0x00000000c5f00000, 0x00000000c6000000|  0%| F|  |TAMS 0x00000000c5f00000| PB 0x00000000c5f00000| Untracked |  0
|  20|0x00000000c6000000, 0x00000000c6000000, 0x00000000c6100000|  0%| F|  |TAMS 0x00000000c6000000| PB 0x00000000c6000000| Untracked |  0
|  21|0x00000000c6100000, 0x00000000c6100000, 0x00000000c6200000|  0%| F|  |TAMS 0x00000000c6100000| PB 0x00000000c6100000| Untracked |  0
|  22|0x00000000c6200000, 0x00000000c6200000, 0x00000000c6300000|  0%| F|  |TAMS 0x00000000c6200000| PB 0x00000000c6200000| Untracked |  0
|  23|0x00000000c6300000, 0x00000000c6300000, 0x00000000c6400000|  0%| F|  |TAMS 0x00000000c6300000| PB 0x00000000c6300000| Untracked |  0
|  24|0x00000000c6400000, 0x00000000c6400000, 0x00000000c6500000|  0%| F|  |TAMS 0x00000000c6400000| PB 0x00000000c6400000| Untracked |  0
|  25|0x00000000c6500000, 0x00000000c6500000, 0x00000000c6600000|  0%| F|  |TAMS 0x00000000c6500000| PB 0x00000000c6500000| Untracked |  0
|  26|0x00000000c6600000, 0x00000000c6600000, 0x00000000c6700000|  0%| F|  |TAMS 0x00000000c6600000| PB 0x00000000c6600000| Untracked |  0
|  27|0x00000000c6700000, 0x00000000c6700000, 0x00000000c6800000|  0%| F|  |TAMS 0x00000000c6700000| PB 0x00000000c6700000| Untracked |  0
|  28|0x00000000c6800000, 0x00000000c6800000, 0x00000000c6900000|  0%| F|  |TAMS 0x00000000c6800000| PB 0x00000000c6800000| Untracked |  0
|  29|0x00000000c6900000, 0x00000000c6900000, 0x00000000c6a00000|  0%| F|  |TAMS 0x00000000c6900000| PB 0x00000000c6900000| Untracked |  0
|  30|0x00000000c6a00000, 0x00000000c6a00000, 0x00000000c6b00000|  0%| F|  |TAMS 0x00000000c6a00000| PB 0x00000000c6a00000| Untracked |  0
|  31|0x00000000c6b00000, 0x00000000c6b00000, 0x00000000c6c00000|  0%| F|  |TAMS 0x00000000c6b00000| PB 0x00000000c6b00000| Untracked |  0
|  32|0x00000000c6c00000, 0x00000000c6c00000, 0x00000000c6d00000|  0%| F|  |TAMS 0x00000000c6c00000| PB 0x00000000c6c00000| Untracked |  0
|  33|0x00000000c6d00000, 0x00000000c6d00000, 0x00000000c6e00000|  0%| F|  |TAMS 0x00000000c6d00000| PB 0x00000000c6d00000| Untracked |  0
|  34|0x00000000c6e00000, 0x00000000c6e00000, 0x00000000c6f00000|  0%| F|  |TAMS 0x00000000c6e00000| PB 0x00000000c6e00000| Untracked |  0
|  35|0x00000000c6f00000, 0x00000000c6f00000, 0x00000000c7000000|  0%| F|  |TAMS 0x00000000c6f00000| PB 0x00000000c6f00000| Untracked |  0
|  36|0x00000000c7000000, 0x00000000c7000000, 0x00000000c7100000|  0%| F|  |TAMS 0x00000000c7000000| PB 0x00000000c7000000| Untracked |  0
|  37|0x00000000c7100000, 0x00000000c7100000, 0x00000000c7200000|  0%| F|  |TAMS 0x00000000c7100000| PB 0x00000000c7100000| Untracked |  0
|  38|0x00000000c7200000, 0x00000000c7200000, 0x00000000c7300000|  0%| F|  |TAMS 0x00000000c7200000| PB 0x00000000c7200000| Untracked |  0
|  39|0x00000000c7300000, 0x00000000c7300000, 0x00000000c7400000|  0%| F|  |TAMS 0x00000000c7300000| PB 0x00000000c7300000| Untracked |  0
|  40|0x00000000c7400000, 0x00000000c7400000, 0x00000000c7500000|  0%| F|  |TAMS 0x00000000c7400000| PB 0x00000000c7400000| Untracked |  0
|  41|0x00000000c7500000, 0x00000000c7500000, 0x00000000c7600000|  0%| F|  |TAMS 0x00000000c7500000| PB 0x00000000c7500000| Untracked |  0
|  42|0x00000000c7600000, 0x00000000c7659a80, 0x00000000c7700000| 35%| S|CS|TAMS 0x00000000c7600000| PB 0x00000000c7600000| Complete |  0
|  43|0x00000000c7700000, 0x00000000c7800000, 0x00000000c7800000|100%| S|CS|TAMS 0x00000000c7700000| PB 0x00000000c7700000| Complete |  0
|  44|0x00000000c7800000, 0x00000000c7800000, 0x00000000c7900000|  0%| F|  |TAMS 0x00000000c7800000| PB 0x00000000c7800000| Untracked |  0
|  45|0x00000000c7900000, 0x00000000c7900000, 0x00000000c7a00000|  0%| F|  |TAMS 0x00000000c7900000| PB 0x00000000c7900000| Untracked |  0
|  46|0x00000000c7a00000, 0x00000000c7a00000, 0x00000000c7b00000|  0%| F|  |TAMS 0x00000000c7a00000| PB 0x00000000c7a00000| Untracked |  0
|  47|0x00000000c7b00000, 0x00000000c7b00000, 0x00000000c7c00000|  0%| F|  |TAMS 0x00000000c7b00000| PB 0x00000000c7b00000| Untracked |  0
|  48|0x00000000c7c00000, 0x00000000c7c00000, 0x00000000c7d00000|  0%| F|  |TAMS 0x00000000c7c00000| PB 0x00000000c7c00000| Untracked |  0
|  49|0x00000000c7d00000, 0x00000000c7d00000, 0x00000000c7e00000|  0%| F|  |TAMS 0x00000000c7d00000| PB 0x00000000c7d00000| Untracked |  0
|  50|0x00000000c7e00000, 0x00000000c7e00000, 0x00000000c7f00000|  0%| F|  |TAMS 0x00000000c7e00000| PB 0x00000000c7e00000| Untracked |  0
|  51|0x00000000c7f00000, 0x00000000c7fe2090, 0x00000000c8000000| 88%| E|  |TAMS 0x00000000c7f00000| PB 0x00000000c7f00000| Complete |  0
|  52|0x00000000c8000000, 0x00000000c8100000, 0x00000000c8100000|100%| E|CS|TAMS 0x00000000c8000000| PB 0x00000000c8000000| Complete |  0
|  53|0x00000000c8100000, 0x00000000c8200000, 0x00000000c8200000|100%| E|CS|TAMS 0x00000000c8100000| PB 0x00000000c8100000| Complete |  0
|  54|0x00000000c8200000, 0x00000000c8300000, 0x00000000c8300000|100%| E|CS|TAMS 0x00000000c8200000| PB 0x00000000c8200000| Complete |  0
|  55|0x00000000c8300000, 0x00000000c8400000, 0x00000000c8400000|100%| E|CS|TAMS 0x00000000c8300000| PB 0x00000000c8300000| Complete |  0
|  56|0x00000000c8400000, 0x00000000c8500000, 0x00000000c8500000|100%| E|CS|TAMS 0x00000000c8400000| PB 0x00000000c8400000| Complete |  0
|  57|0x00000000c8500000, 0x00000000c8600000, 0x00000000c8600000|100%| E|CS|TAMS 0x00000000c8500000| PB 0x00000000c8500000| Complete |  0
|  58|0x00000000c8600000, 0x00000000c8700000, 0x00000000c8700000|100%| E|CS|TAMS 0x00000000c8600000| PB 0x00000000c8600000| Complete |  0
|  59|0x00000000c8700000, 0x00000000c8800000, 0x00000000c8800000|100%| E|CS|TAMS 0x00000000c8700000| PB 0x00000000c8700000| Complete |  0

Card table byte_map: [0x00000266d97c0000,0x00000266d99a0000] _byte_map_base: 0x00000266d919a000

Marking Bits: (CMBitMap*) 0x00000266c04cab60
 Bits: [0x00000266d99a0000, 0x00000266da870000)

Polling page: 0x00000266c0330000

Metaspace:

Usage:
  Non-class:      9.48 MB used.
      Class:      1.31 MB used.
       Both:     10.79 MB used.

Virtual space:
  Non-class space:       64.00 MB reserved,       9.62 MB ( 15%) committed,  1 nodes.
      Class space:        1.00 GB reserved,       1.44 MB ( <1%) committed,  1 nodes.
             Both:        1.06 GB reserved,      11.06 MB (  1%) committed. 

Chunk freelists:
   Non-Class:  6.30 MB
       Class:  14.50 MB
        Both:  20.80 MB

MaxMetaspaceSize: unlimited
CompressedClassSpaceSize: 1.00 GB
Initial GC threshold: 21.00 MB
Current GC threshold: 21.00 MB
CDS: on
 - commit_granule_bytes: 65536.
 - commit_granule_words: 8192.
 - virtual_space_node_default_size: 8388608.
 - enlarge_chunks_in_place: 1.
 - use_allocation_guard: 0.


Internal statistics:

num_allocs_failed_limit: 0.
num_arena_births: 254.
num_arena_deaths: 0.
num_vsnodes_births: 2.
num_vsnodes_deaths: 0.
num_space_committed: 177.
num_space_uncommitted: 0.
num_chunks_returned_to_freelist: 0.
num_chunks_taken_from_freelist: 593.
num_chunk_merges: 0.
num_chunk_splits: 344.
num_chunks_enlarged: 199.
num_inconsistent_stats: 0.

CodeHeap 'non-profiled nmethods': size=120000Kb used=645Kb max_used=645Kb free=119354Kb
 bounds [0x00000266d1a90000, 0x00000266d1d00000, 0x00000266d8fc0000]
CodeHeap 'profiled nmethods': size=120000Kb used=3108Kb max_used=3108Kb free=116892Kb
 bounds [0x00000266c9fc0000, 0x00000266ca2d0000, 0x00000266d14f0000]
CodeHeap 'non-nmethods': size=5760Kb used=1563Kb max_used=1577Kb free=4196Kb
 bounds [0x00000266d14f0000, 0x00000266d1760000, 0x00000266d1a90000]
 total_blobs=2321 nmethods=1816 adapters=409
 compilation: enabled
              stopped_count=0, restarted_count=0
 full_count=0

Compilation events (20 events):
Event: 1.960 Thread 0x00000266dcdf0400 nmethod 1806 0x00000266ca2c4f90 code [0x00000266ca2c5140, 0x00000266ca2c5308]
Event: 1.960 Thread 0x00000266dcdf0400 1807       3       java.nio.charset.CoderResult::isOverflow (14 bytes)
Event: 1.960 Thread 0x00000266dcdf0400 nmethod 1807 0x00000266ca2c5390 code [0x00000266ca2c5520, 0x00000266ca2c5680]
Event: 1.960 Thread 0x00000266dcdf0400 1808       3       java.nio.ByteBuffer::hasArray (20 bytes)
Event: 1.960 Thread 0x00000266dcdf0400 nmethod 1808 0x00000266ca2c5710 code [0x00000266ca2c58a0, 0x00000266ca2c5a38]
Event: 1.960 Thread 0x00000266dcdf0400 1809       3       java.nio.CharBuffer::hasArray (20 bytes)
Event: 1.960 Thread 0x00000266dcdf0400 nmethod 1809 0x00000266ca2c5b10 code [0x00000266ca2c5ca0, 0x00000266ca2c5e38]
Event: 1.960 Thread 0x00000266dcdf0400 1810       3       java.nio.CharBuffer::array (35 bytes)
Event: 1.960 Thread 0x00000266dcde7fe0 1812       4       java.lang.StringLatin1::canEncode (13 bytes)
Event: 1.960 Thread 0x00000266dcdf0400 nmethod 1810 0x00000266ca2c5f10 code [0x00000266ca2c60e0, 0x00000266ca2c63b0]
Event: 1.960 Thread 0x00000266dcdf0400 1811       1       java.lang.Enum::name (5 bytes)
Event: 1.960 Thread 0x00000266dcdf0400 nmethod 1811 0x00000266d1b30c90 code [0x00000266d1b30e20, 0x00000266d1b30ee8]
Event: 1.961 Thread 0x00000266dcde7fe0 nmethod 1812 0x00000266d1b30f90 code [0x00000266d1b31100, 0x00000266d1b31188]
Event: 1.961 Thread 0x00000266dcdf0400 1813   !   3       java.nio.charset.CharsetDecoder::decode (275 bytes)
Event: 1.962 Thread 0x00000266dcdf0400 nmethod 1813 0x00000266ca2c6510 code [0x00000266ca2c6840, 0x00000266ca2c7be0]
Event: 1.962 Thread 0x00000266dcdf0400 1814       3       java.nio.CharBuffer::limit (8 bytes)
Event: 1.962 Thread 0x00000266dcdf0400 nmethod 1814 0x00000266ca2c8290 code [0x00000266ca2c8440, 0x00000266ca2c8590]
Event: 1.962 Thread 0x00000266dcdf0400 1815       3       java.lang.System$2::decodeASCII (11 bytes)
Event: 1.962 Thread 0x00000266dcdf0400 nmethod 1815 0x00000266ca2c8610 code [0x00000266ca2c87c0, 0x00000266ca2c8908]
Event: 1.962 Thread 0x00000266dcdf0400 1816       3       java.lang.String::decodeASCII (46 bytes)

GC Heap History (4 events):
Event: 0.816 GC heap before
{Heap before GC invocations=0 (full 0):
 garbage-first heap   total reserved 970752K, committed 61440K, used 14336K [0x00000000c4c00000, 0x0000000100000000)
  region size 1024K, 14 young (14336K), 0 survivors (0K)
 Metaspace       used 3922K, committed 4096K, reserved 1114112K
  class space    used 419K, committed 512K, reserved 1048576K
}
Event: 0.823 GC heap after
{Heap after GC invocations=1 (full 0):
 garbage-first heap   total reserved 970752K, committed 61440K, used 6336K [0x00000000c4c00000, 0x0000000100000000)
  region size 1024K, 2 young (2048K), 2 survivors (2048K)
 Metaspace       used 3922K, committed 4096K, reserved 1114112K
  class space    used 419K, committed 512K, reserved 1048576K
}
Event: 1.612 GC heap before
{Heap before GC invocations=1 (full 0):
 garbage-first heap   total reserved 970752K, committed 61440K, used 19648K [0x00000000c4c00000, 0x0000000100000000)
  region size 1024K, 16 young (16384K), 2 survivors (2048K)
 Metaspace       used 7383K, committed 7680K, reserved 1114112K
  class space    used 865K, committed 1024K, reserved 1048576K
}
Event: 1.616 GC heap after
{Heap after GC invocations=2 (full 0):
 garbage-first heap   total reserved 970752K, committed 61440K, used 7781K [0x00000000c4c00000, 0x0000000100000000)
  region size 1024K, 2 young (2048K), 2 survivors (2048K)
 Metaspace       used 7383K, committed 7680K, reserved 1114112K
  class space    used 865K, committed 1024K, reserved 1048576K
}

Dll operation events (13 events):
Event: 0.023 Loaded shared library C:\Program Files\Java\jdk-22\bin\java.dll
Event: 0.104 Loaded shared library C:\Program Files\Java\jdk-22\bin\jsvml.dll
Event: 0.210 Loaded shared library C:\Program Files\Java\jdk-22\bin\zip.dll
Event: 0.215 Loaded shared library C:\Program Files\Java\jdk-22\bin\instrument.dll
Event: 0.221 Loaded shared library C:\Program Files\Java\jdk-22\bin\net.dll
Event: 0.223 Loaded shared library C:\Program Files\Java\jdk-22\bin\nio.dll
Event: 0.227 Loaded shared library C:\Program Files\Java\jdk-22\bin\zip.dll
Event: 0.423 Loaded shared library C:\Program Files\JetBrains\IntelliJ IDEA Community Edition 2024.1.1\bin\breakgen64.dll
Event: 0.433 Loaded shared library C:\Program Files\Java\jdk-22\bin\extnet.dll
Event: 0.493 Loaded shared library C:\Program Files\Java\jdk-22\bin\jimage.dll
Event: 0.941 Loaded shared library C:\Program Files\Java\jdk-22\bin\management.dll
Event: 0.944 Loaded shared library C:\Program Files\Java\jdk-22\bin\management_ext.dll
Event: 1.898 Loaded shared library C:\Program Files\Java\jdk-22\bin\le.dll

Deoptimization events (20 events):
Event: 1.765 Thread 0x0000026722b7fe40 DEOPT PACKING pc=0x00000266d1b103d8 sp=0x000000740d1fe5a0
Event: 1.765 Thread 0x0000026722b7fe40 DEOPT UNPACKING pc=0x00000266d1547da2 sp=0x000000740d1fe518 mode 2
Event: 1.768 Thread 0x0000026722b7fe40 Uncommon trap: trap_request=0xffffffc6 fr.pc=0x00000266d1b103d8 relative=0x0000000000000358
Event: 1.768 Thread 0x0000026722b7fe40 Uncommon trap: reason=bimorphic_or_optimized_type_check action=maybe_recompile pc=0x00000266d1b103d8 method=java.util.HashMap.getNode(Ljava/lang/Object;)Ljava/util/HashMap$Node; @ 63 c2
Event: 1.768 Thread 0x0000026722b7fe40 DEOPT PACKING pc=0x00000266d1b103d8 sp=0x000000740d1fe5a0
Event: 1.768 Thread 0x0000026722b7fe40 DEOPT UNPACKING pc=0x00000266d1547da2 sp=0x000000740d1fe518 mode 2
Event: 1.811 Thread 0x0000026722b7fe40 Uncommon trap: trap_request=0xffffff54 fr.pc=0x00000266d1b03718 relative=0x0000000000000db8
Event: 1.811 Thread 0x0000026722b7fe40 Uncommon trap: reason=speculate_null_assert action=make_not_entrant pc=0x00000266d1b03718 method=java.util.jar.JarFile.getVersionedEntry(Ljava/lang/String;Ljava/util/jar/JarEntry;)Ljava/util/jar/JarEntry; @ 115 c2
Event: 1.811 Thread 0x0000026722b7fe40 DEOPT PACKING pc=0x00000266d1b03718 sp=0x000000740d1fd4a0
Event: 1.811 Thread 0x0000026722b7fe40 DEOPT UNPACKING pc=0x00000266d1547da2 sp=0x000000740d1fd4a8 mode 2
Event: 1.811 Thread 0x0000026722b7fe40 Uncommon trap: trap_request=0xffffff45 fr.pc=0x00000266d1adbf6c relative=0x0000000000000c2c
Event: 1.811 Thread 0x0000026722b7fe40 Uncommon trap: reason=unstable_if action=reinterpret pc=0x00000266d1adbf6c method=java.util.jar.JarFile.getEntry(Ljava/lang/String;)Ljava/util/zip/ZipEntry; @ 15 c2
Event: 1.811 Thread 0x0000026722b7fe40 DEOPT PACKING pc=0x00000266d1adbf6c sp=0x000000740d1fd570
Event: 1.811 Thread 0x0000026722b7fe40 DEOPT UNPACKING pc=0x00000266d1547da2 sp=0x000000740d1fd568 mode 2
Event: 1.844 Thread 0x0000026722b7fe40 DEOPT PACKING pc=0x00000266ca1aff67 sp=0x000000740d1fd050
Event: 1.844 Thread 0x0000026722b7fe40 DEOPT UNPACKING pc=0x00000266d15488e2 sp=0x000000740d1fc538 mode 0
Event: 1.890 Thread 0x0000026722b7fe40 Uncommon trap: trap_request=0xffffff45 fr.pc=0x00000266d1ab024c relative=0x000000000000004c
Event: 1.890 Thread 0x0000026722b7fe40 Uncommon trap: reason=unstable_if action=reinterpret pc=0x00000266d1ab024c method=sun.nio.fs.WindowsPathParser.isSlash(C)Z @ 9 c2
Event: 1.890 Thread 0x0000026722b7fe40 DEOPT PACKING pc=0x00000266d1ab024c sp=0x000000740d1fc170
Event: 1.890 Thread 0x0000026722b7fe40 DEOPT UNPACKING pc=0x00000266d1547da2 sp=0x000000740d1fc0f8 mode 2

Classes loaded (20 events):
Event: 1.959 Loading class com/sun/org/apache/xerces/internal/impl/dv/dtd/ENTITYDatatypeValidator done
Event: 1.959 Loading class com/sun/org/apache/xerces/internal/impl/dv/dtd/NOTATIONDatatypeValidator
Event: 1.960 Loading class com/sun/org/apache/xerces/internal/impl/dv/dtd/NOTATIONDatatypeValidator done
Event: 1.960 Loading class com/sun/org/apache/xerces/internal/impl/dv/dtd/NMTOKENDatatypeValidator
Event: 1.960 Loading class com/sun/org/apache/xerces/internal/impl/dv/dtd/NMTOKENDatatypeValidator done
Event: 1.960 Loading class com/sun/org/apache/xerces/internal/impl/validation/ValidationManager
Event: 1.960 Loading class com/sun/org/apache/xerces/internal/impl/validation/ValidationManager done
Event: 1.960 Loading class com/sun/org/apache/xerces/internal/impl/XMLVersionDetector
Event: 1.961 Loading class com/sun/org/apache/xerces/internal/impl/XMLVersionDetector done
Event: 1.961 Loading class com/sun/org/apache/xerces/internal/impl/msg/XMLMessageFormatter
Event: 1.961 Loading class com/sun/org/apache/xerces/internal/util/MessageFormatter
Event: 1.961 Loading class com/sun/org/apache/xerces/internal/util/MessageFormatter done
Event: 1.961 Loading class com/sun/org/apache/xerces/internal/impl/msg/XMLMessageFormatter done
Event: 1.961 Loading class com/sun/org/apache/xerces/internal/util/PropertyState
Event: 1.962 Loading class com/sun/org/apache/xerces/internal/util/PropertyState done
Event: 1.962 Loading class com/sun/org/apache/xerces/internal/util/Status
Event: 1.962 Loading class com/sun/org/apache/xerces/internal/util/Status done
Event: 1.962 Loading class com/sun/org/apache/xerces/internal/util/FeatureState
Event: 1.962 Loading class com/sun/org/apache/xerces/internal/util/FeatureState done
Event: 1.962 Loading class com/sun/org/apache/xerces/internal/parsers/AbstractSAXParser$AttributesProxy

Classes unloaded (0 events):
No events

Classes redefined (0 events):
No events

Internal exceptions (20 events):
Event: 1.724 Thread 0x0000026722b7fe40 Exception <a 'java/lang/NoSuchMethodError'{0x00000000c85d4058}: 'java.lang.Object java.lang.invoke.DirectMethodHandle$Holder.invokeSpecial(java.lang.Object, java.lang.Object, java.lang.Object, int, java.lang.Object)'> (0x00000000c85d4058) 
thrown [s\open\src\hotspot\share\interpreter\linkResolver.cpp, line 774]
Event: 1.725 Thread 0x0000026722b7fe40 Exception <a 'java/lang/NoSuchMethodError'{0x00000000c85dbb18}: 'java.lang.Object java.lang.invoke.DirectMethodHandle$Holder.newInvokeSpecial(java.lang.Object, java.lang.Object, java.lang.Object, int, java.lang.Object)'> (0x00000000c85dbb18) 
thrown [s\open\src\hotspot\share\interpreter\linkResolver.cpp, line 774]
Event: 1.725 Thread 0x0000026722b7fe40 Exception <a 'java/lang/NoSuchMethodError'{0x00000000c85e30c0}: 'java.lang.Object java.lang.invoke.Invokers$Holder.linkToTargetMethod(java.lang.Object, java.lang.Object, int, java.lang.Object, java.lang.Object)'> (0x00000000c85e30c0) 
thrown [s\open\src\hotspot\share\interpreter\linkResolver.cpp, line 774]
Event: 1.727 Thread 0x0000026722b7fe40 Exception <a 'java/lang/NoSuchMethodError'{0x00000000c85f1750}: 'java.lang.Object java.lang.invoke.DirectMethodHandle$Holder.newInvokeSpecial(java.lang.Object, int, java.lang.Object)'> (0x00000000c85f1750) 
thrown [s\open\src\hotspot\share\interpreter\linkResolver.cpp, line 774]
Event: 1.728 Thread 0x0000026722b7fe40 Exception <a 'java/lang/NoSuchMethodError'{0x00000000c85f62c0}: 'int java.lang.invoke.DirectMethodHandle$Holder.invokeSpecialIFC(java.lang.Object, java.lang.Object, java.lang.Object, java.lang.Object)'> (0x00000000c85f62c0) 
thrown [s\open\src\hotspot\share\interpreter\linkResolver.cpp, line 774]
Event: 1.755 Thread 0x0000026722b7fe40 Exception <a 'java/lang/NoSuchMethodError'{0x00000000c84c29a8}: 'void java.lang.invoke.DirectMethodHandle$Holder.invokeInterface(java.lang.Object, java.lang.Object, java.lang.Object)'> (0x00000000c84c29a8) 
thrown [s\open\src\hotspot\share\interpreter\linkResolver.cpp, line 774]
Event: 1.779 Thread 0x0000026722b7fe40 Exception <a 'java/lang/NoSuchMethodError'{0x00000000c8362138}: 'void java.lang.invoke.DirectMethodHandle$Holder.invokeStaticInit(java.lang.Object, java.lang.Object, java.lang.Object)'> (0x00000000c8362138) 
thrown [s\open\src\hotspot\share\interpreter\linkResolver.cpp, line 774]
Event: 1.786 Thread 0x0000026722b7fe40 Exception <a 'java/lang/NoSuchMethodError'{0x00000000c83a5b10}: 'java.lang.Object java.lang.invoke.DirectMethodHandle$Holder.invokeStatic(java.lang.Object, long, java.lang.Object)'> (0x00000000c83a5b10) 
thrown [s\open\src\hotspot\share\interpreter\linkResolver.cpp, line 774]
Event: 1.786 Thread 0x0000026722b7fe40 Exception <a 'java/lang/NoSuchMethodError'{0x00000000c83a9198}: 'java.lang.Object java.lang.invoke.DirectMethodHandle$Holder.invokeStaticInit(java.lang.Object, long, java.lang.Object)'> (0x00000000c83a9198) 
thrown [s\open\src\hotspot\share\interpreter\linkResolver.cpp, line 774]
Event: 1.787 Thread 0x0000026722b7fe40 Exception <a 'java/lang/NoSuchMethodError'{0x00000000c83aec70}: 'java.lang.Object java.lang.invoke.DirectMethodHandle$Holder.newInvokeSpecial(java.lang.Object, long)'> (0x00000000c83aec70) 
thrown [s\open\src\hotspot\share\interpreter\linkResolver.cpp, line 774]
Event: 1.816 Thread 0x0000026722b7fe40 Exception <a 'java/lang/NoSuchMethodError'{0x00000000c8208f50}: 'void java.lang.invoke.DirectMethodHandle$Holder.invokeVirtual(java.lang.Object, java.lang.Object, java.lang.Object, java.lang.Object)'> (0x00000000c8208f50) 
thrown [s\open\src\hotspot\share\interpreter\linkResolver.cpp, line 774]
Event: 1.868 Thread 0x0000026722b7fe40 Exception <a 'java/lang/IncompatibleClassChangeError'{0x00000000c81a5930}: Found class java.lang.Object, but interface was expected> (0x00000000c81a5930) 
thrown [s\open\src\hotspot\share\interpreter\linkResolver.cpp, line 841]
Event: 1.869 Thread 0x0000026722e238d0 Exception <a 'java/lang/NoClassDefFoundError'{0x00000000c818c268}: jakarta/validation/Validation> (0x00000000c818c268) 
thrown [s\open\src\hotspot\share\classfile\systemDictionary.cpp, line 302]
Event: 1.873 Thread 0x0000026722b7fe40 Exception <a 'java/lang/NoSuchMethodError'{0x00000000c81e0ad0}: 'java.lang.Object java.lang.invoke.DirectMethodHandle$Holder.invokeStaticInit(java.lang.Object, int)'> (0x00000000c81e0ad0) 
thrown [s\open\src\hotspot\share\interpreter\linkResolver.cpp, line 774]
Event: 1.876 Thread 0x0000026722b7fe40 Exception <a 'java/lang/NoSuchMethodError'{0x00000000c81eaf50}: 'java.lang.Object java.lang.invoke.DirectMethodHandle$Holder.invokeStatic(java.lang.Object, int, java.lang.Object)'> (0x00000000c81eaf50) 
thrown [s\open\src\hotspot\share\interpreter\linkResolver.cpp, line 774]
Event: 1.877 Thread 0x0000026722b7fe40 Exception <a 'java/lang/NoSuchMethodError'{0x00000000c81ee5d0}: 'java.lang.Object java.lang.invoke.DirectMethodHandle$Holder.invokeStaticInit(java.lang.Object, int, java.lang.Object)'> (0x00000000c81ee5d0) 
thrown [s\open\src\hotspot\share\interpreter\linkResolver.cpp, line 774]
Event: 1.891 Thread 0x0000026722b7fe40 Exception <a 'sun/nio/fs/WindowsException'{0x00000000c80c31c8}> (0x00000000c80c31c8) 
thrown [s\open\src\hotspot\share\prims\jni.cpp, line 520]
Event: 1.901 Thread 0x0000026722b7fe40 Exception <a 'jdk/internal/org/jline/terminal/impl/jna/LastErrorException'{0x00000000c80cf868}> (0x00000000c80cf868) 
thrown [s\open\src\hotspot\share\prims\jni.cpp, line 520]
Event: 1.901 Thread 0x0000026722b7fe40 Exception <a 'jdk/internal/org/jline/terminal/impl/jna/LastErrorException'{0x00000000c80cff28}> (0x00000000c80cff28) 
thrown [s\open\src\hotspot\share\prims\jni.cpp, line 520]
Event: 1.901 Thread 0x0000026722b7fe40 Exception <a 'jdk/internal/org/jline/terminal/impl/jna/LastErrorException'{0x00000000c80d0598}> (0x00000000c80d0598) 
thrown [s\open\src\hotspot\share\prims\jni.cpp, line 520]

ZGC Phase Switch (0 events):
No events

VM Operations (20 events):
Event: 0.816 Executing VM operation: G1CollectForAllocation (G1 Evacuation Pause)
Event: 0.823 Executing VM operation: G1CollectForAllocation (G1 Evacuation Pause) done
Event: 0.865 Executing VM operation: HandshakeAllThreads (Deoptimize)
Event: 0.865 Executing VM operation: HandshakeAllThreads (Deoptimize) done
Event: 0.865 Executing VM operation: HandshakeAllThreads (Deoptimize)
Event: 0.865 Executing VM operation: HandshakeAllThreads (Deoptimize) done
Event: 1.407 Executing VM operation: HandshakeAllThreads (Deoptimize)
Event: 1.407 Executing VM operation: HandshakeAllThreads (Deoptimize) done
Event: 1.612 Executing VM operation: G1CollectForAllocation (G1 Evacuation Pause)
Event: 1.616 Executing VM operation: G1CollectForAllocation (G1 Evacuation Pause) done
Event: 1.695 Executing VM operation: HandshakeAllThreads (Deoptimize)
Event: 1.695 Executing VM operation: HandshakeAllThreads (Deoptimize) done
Event: 1.748 Executing VM operation: HandshakeAllThreads (Deoptimize)
Event: 1.748 Executing VM operation: HandshakeAllThreads (Deoptimize) done
Event: 1.852 Executing VM operation: HandshakeAllThreads (Deoptimize)
Event: 1.852 Executing VM operation: HandshakeAllThreads (Deoptimize) done
Event: 1.857 Executing VM operation: HandshakeAllThreads (Deoptimize)
Event: 1.857 Executing VM operation: HandshakeAllThreads (Deoptimize) done
Event: 1.857 Executing VM operation: HandshakeAllThreads (Deoptimize)
Event: 1.857 Executing VM operation: HandshakeAllThreads (Deoptimize) done

Events (15 events):
Event: 0.071 Thread 0x00000266c0398130 Thread added: 0x00000266c0398130
Event: 0.101 Thread 0x00000266dcddc3f0 Thread added: 0x00000266dcddc3f0
Event: 0.101 Thread 0x00000266dcddf3c0 Thread added: 0x00000266dcddf3c0
Event: 0.101 Thread 0x00000266dcde2180 Thread added: 0x00000266dcde2180
Event: 0.101 Thread 0x00000266dcde55f0 Thread added: 0x00000266dcde55f0
Event: 0.101 Thread 0x00000266dcde6480 Thread added: 0x00000266dcde6480
Event: 0.102 Thread 0x00000266dcde91d0 Thread added: 0x00000266dcde91d0
Event: 0.102 Thread 0x00000266dcde7fe0 Thread added: 0x00000266dcde7fe0
Event: 0.102 Thread 0x00000266dcdf0400 Thread added: 0x00000266dcdf0400
Event: 0.186 Thread 0x00000266c053c380 Thread added: 0x00000266c053c380
Event: 0.423 Thread 0x00000267224dcc80 Thread added: 0x00000267224dcc80
Event: 0.423 Thread 0x00000267223f8340 Thread added: 0x00000267223f8340
Event: 1.277 Thread 0x0000026722b67090 Thread added: 0x0000026722b67090
Event: 1.285 Thread 0x0000026722b7fe40 Thread added: 0x0000026722b7fe40
Event: 1.865 Thread 0x0000026722e238d0 Thread added: 0x0000026722e238d0


Dynamic libraries:
0x00007ff69d430000 - 0x00007ff69d440000 	C:\Program Files\Java\jdk-22\bin\java.exe
0x00007ffbceaa0000 - 0x00007ffbceca9000 	C:\WINDOWS\SYSTEM32\ntdll.dll
0x00007ffbce450000 - 0x00007ffbce50d000 	C:\WINDOWS\System32\KERNEL32.DLL
0x00007ffbcc380000 - 0x00007ffbcc704000 	C:\WINDOWS\System32\KERNELBASE.dll
0x00007ffbcc230000 - 0x00007ffbcc341000 	C:\WINDOWS\System32\ucrtbase.dll
0x00007ffbc8250000 - 0x00007ffbc826b000 	C:\Program Files\Java\jdk-22\bin\VCRUNTIME140.dll
0x00007ffb8c5c0000 - 0x00007ffb8c5d7000 	C:\Program Files\Java\jdk-22\bin\jli.dll
0x00007ffbce510000 - 0x00007ffbce5be000 	C:\WINDOWS\System32\ADVAPI32.dll
0x00007ffbce210000 - 0x00007ffbce2b3000 	C:\WINDOWS\System32\msvcrt.dll
0x00007ffbcce30000 - 0x00007ffbccece000 	C:\WINDOWS\System32\sechost.dll
0x00007ffbce300000 - 0x00007ffbce421000 	C:\WINDOWS\System32\RPCRT4.dll
0x00007ffbce8b0000 - 0x00007ffbcea5d000 	C:\WINDOWS\System32\USER32.dll
0x00007ffbcc350000 - 0x00007ffbcc376000 	C:\WINDOWS\System32\win32u.dll
0x00007ffbce640000 - 0x00007ffbce66a000 	C:\WINDOWS\System32\GDI32.dll
0x00007ffbcbff0000 - 0x00007ffbcc10e000 	C:\WINDOWS\System32\gdi32full.dll
0x00007ffbcc110000 - 0x00007ffbcc1ad000 	C:\WINDOWS\System32\msvcp_win.dll
0x00007ffbad880000 - 0x00007ffbadb25000 	C:\WINDOWS\WinSxS\amd64_microsoft.windows.common-controls_6595b64144ccf1df_6.0.22000.120_none_9d947278b86cc467\COMCTL32.dll
0x00007ffbc5c10000 - 0x00007ffbc5c1a000 	C:\WINDOWS\SYSTEM32\VERSION.dll
0x00007ffbce2c0000 - 0x00007ffbce2f1000 	C:\WINDOWS\System32\IMM32.DLL
0x00007ffbc8ef0000 - 0x00007ffbc8efc000 	C:\Program Files\Java\jdk-22\bin\vcruntime140_1.dll
0x00007ffb846d0000 - 0x00007ffb8475e000 	C:\Program Files\Java\jdk-22\bin\msvcp140.dll
0x00007ffb777b0000 - 0x00007ffb784f7000 	C:\Program Files\Java\jdk-22\bin\server\jvm.dll
0x00007ffbccc00000 - 0x00007ffbccc6f000 	C:\WINDOWS\System32\WS2_32.dll
0x00007ffbcbe00000 - 0x00007ffbcbe4d000 	C:\WINDOWS\SYSTEM32\POWRPROF.dll
0x00007ffbc6490000 - 0x00007ffbc64c3000 	C:\WINDOWS\SYSTEM32\WINMM.dll
0x00007ffbcbde0000 - 0x00007ffbcbdf3000 	C:\WINDOWS\SYSTEM32\UMPDC.dll
0x00007ffbcafa0000 - 0x00007ffbcafb8000 	C:\WINDOWS\SYSTEM32\kernel.appcore.dll
0x00007ffbc8220000 - 0x00007ffbc822a000 	C:\Program Files\Java\jdk-22\bin\jimage.dll
0x00007ffbc9960000 - 0x00007ffbc9b81000 	C:\WINDOWS\SYSTEM32\DBGHELP.DLL
0x00007ffbafee0000 - 0x00007ffbaff11000 	C:\WINDOWS\SYSTEM32\dbgcore.DLL
0x00007ffbcc1b0000 - 0x00007ffbcc22f000 	C:\WINDOWS\System32\bcryptPrimitives.dll
0x00007ffbade70000 - 0x00007ffbade7f000 	C:\Program Files\Java\jdk-22\bin\instrument.dll
0x00007ffb8c010000 - 0x00007ffb8c02e000 	C:\Program Files\Java\jdk-22\bin\java.dll
0x00007ffbcd360000 - 0x00007ffbcdb25000 	C:\WINDOWS\System32\SHELL32.dll
0x00007ffbce710000 - 0x00007ffbce8aa000 	C:\WINDOWS\System32\ole32.dll
0x00007ffbcde90000 - 0x00007ffbce206000 	C:\WINDOWS\System32\combase.dll
0x00007ffbca000000 - 0x00007ffbca862000 	C:\WINDOWS\SYSTEM32\windows.storage.dll
0x00007ffbc9e90000 - 0x00007ffbc9ff7000 	C:\WINDOWS\SYSTEM32\wintypes.dll
0x00007ffbccb10000 - 0x00007ffbccbfa000 	C:\WINDOWS\System32\SHCORE.dll
0x00007ffbcdda0000 - 0x00007ffbcddfd000 	C:\WINDOWS\System32\shlwapi.dll
0x00007ffbcbe60000 - 0x00007ffbcbe85000 	C:\WINDOWS\SYSTEM32\profapi.dll
0x00007ffb7e6c0000 - 0x00007ffb7e797000 	C:\Program Files\Java\jdk-22\bin\jsvml.dll
0x00007ffb8bff0000 - 0x00007ffb8c007000 	C:\Program Files\Java\jdk-22\bin\zip.dll
0x00007ffbadbe0000 - 0x00007ffbadbf0000 	C:\Program Files\Java\jdk-22\bin\net.dll
0x00007ffbcb450000 - 0x00007ffbcb4b7000 	C:\WINDOWS\system32\mswsock.dll
0x00007ffb8bfd0000 - 0x00007ffb8bfe6000 	C:\Program Files\Java\jdk-22\bin\nio.dll
0x00007ffb883f0000 - 0x00007ffb8840a000 	C:\Program Files\JetBrains\IntelliJ IDEA Community Edition 2024.1.1\bin\breakgen64.dll
0x00007ffbabb40000 - 0x00007ffbabb49000 	C:\Program Files\Java\jdk-22\bin\extnet.dll
0x00007ffba22b0000 - 0x00007ffba22ba000 	C:\Program Files\Java\jdk-22\bin\management.dll
0x00007ffb99ba0000 - 0x00007ffb99bab000 	C:\Program Files\Java\jdk-22\bin\management_ext.dll
0x00007ffbcca10000 - 0x00007ffbcca18000 	C:\WINDOWS\System32\PSAPI.DLL
0x00007ffb95a80000 - 0x00007ffb95a8b000 	C:\Program Files\Java\jdk-22\bin\le.dll

dbghelp: loaded successfully - version: 4.0.5 - missing functions: none
symbol engine: initialized successfully - sym options: 0x614 - pdb path: .;C:\Program Files\Java\jdk-22\bin;C:\WINDOWS\SYSTEM32;C:\WINDOWS\WinSxS\amd64_microsoft.windows.common-controls_6595b64144ccf1df_6.0.22000.120_none_9d947278b86cc467;C:\Program Files\Java\jdk-22\bin\server;C:\Program Files\JetBrains\IntelliJ IDEA Community Edition 2024.1.1\bin

VM Arguments:
jvm_args: -javaagent:C:\Program Files\JetBrains\IntelliJ IDEA Community Edition 2024.1.1\lib\idea_rt.jar=52260:C:\Program Files\JetBrains\IntelliJ IDEA Community Edition 2024.1.1\bin -Dfile.encoding=UTF-8 -Dsun.stdout.encoding=UTF-8 -Dsun.stderr.encoding=UTF-8 
java_command: com.example.dinhtrongkhang.DinhtrongkhangApplication
java_class_path (initial): C:\Users\Admin\Downloads\dinhtrongkhang\dinhtrongkhang\target\classes;C:\Users\Admin\.m2\repository\org\springframework\boot\spring-boot-starter-data-jpa\3.3.0\spring-boot-starter-data-jpa-3.3.0.jar;C:\Users\Admin\.m2\repository\org\springframework\boot\spring-boot-starter-aop\3.3.0\spring-boot-starter-aop-3.3.0.jar;C:\Users\Admin\.m2\repository\org\springframework\spring-aop\6.1.8\spring-aop-6.1.8.jar;C:\Users\Admin\.m2\repository\org\aspectj\aspectjweaver\1.9.22\aspectjweaver-1.9.22.jar;C:\Users\Admin\.m2\repository\org\springframework\boot\spring-boot-starter-jdbc\3.3.0\spring-boot-starter-jdbc-3.3.0.jar;C:\Users\Admin\.m2\repository\com\zaxxer\HikariCP\5.1.0\HikariCP-5.1.0.jar;C:\Users\Admin\.m2\repository\org\springframework\spring-jdbc\6.1.8\spring-jdbc-6.1.8.jar;C:\Users\Admin\.m2\repository\org\hibernate\orm\hibernate-core\6.5.2.Final\hibernate-core-6.5.2.Final.jar;C:\Users\Admin\.m2\repository\jakarta\persistence\jakarta.persistence-api\3.1.0\jakarta.persistence-api-3.1.0.jar;C:\Users\Admin\.m2\repository\jakarta\transaction\jakarta.transaction-api\2.0.1\jakarta.transaction-api-2.0.1.jar;C:\Users\Admin\.m2\repository\org\jboss\logging\jboss-logging\3.5.3.Final\jboss-logging-3.5.3.Final.jar;C:\Users\Admin\.m2\repository\org\hibernate\common\hibernate-commons-annotations\6.0.6.Final\hibernate-commons-annotations-6.0.6.Final.jar;C:\Users\Admin\.m2\repository\io\smallrye\jandex\3.1.2\jandex-3.1.2.jar;C:\Users\Admin\.m2\repository\com\fasterxml\classmate\1.7.0\classmate-1.7.0.jar;C:\Users\Admin\.m2\repository\net\bytebuddy\byte-buddy\1.14.16\byte-buddy-1.14.16.jar;C:\Users\Admin\.m2\repository\org\glassfish\jaxb\jaxb-runtime\4.0.5\jaxb-runtime-4.0.5.jar;C:\Users\Admin\.m2\repository\org\glassfish\jaxb\jaxb-core\4.0.5\jaxb-core-4.0.5.jar;C:\Users\Admin\.m2\repository\org\eclipse\angus\angus-activation\2.0.2\angus-activation-2.0.2.jar;C:\Users\Admin\.m2\repository\org\glassfish\jaxb\txw2\4.0.5\txw2-4.0.5.jar;C:\Users\Admin\.m2\repository\com\sun\istack\istack-commons-runtime\4.1.2\istack-commons-runtime-4.1.2.jar;C:\Users\Admin\.m2\repository\jakarta\inject\jakarta.inject-api\2.0.1\jakarta.inject-api-2.0.1.jar;C:\Users\Admin\.m2\repository\org\antlr\antlr4-runtime\4.13.0\antlr4-runtime-4.13.0.jar;C:\Users\Admin\.m2\repository\org\springframework\data\spring-data-jpa\3.3.0\spring-data-jpa-3.3.0.jar;C:\Users\Admin\.m2\repository\org\springframework\data\spring-data-commons\3.3.0\spring-data-commons-3.3.0.jar;C:\Users\Admin\.m2\repository\org\springframework\spring-orm\6.1.8\spring-orm-6.1.8.jar;C:\Users\Admin\.m2\repository\org\springframework\spring-context\6.1.8\spring-context-6.1.8.jar;C:\Users\Admin\.m2\repository\org\springframework\spring-tx\6.1.8\spring-tx-6.1.8.jar;C:\Users\Admin\.m2\repository\org\springframework\spring-beans\6.1.8\spring-beans-6.1.8.jar;C:\Users\Admin\.m2\repository\jakarta\annotation\jakarta.annotation-api\2.1.1\jakarta.annotation-api-2.1.1.jar;C:\Users\Admin\.m2\repository\org\slf4j\slf4j-api\2.0.13\slf4j-api-2.0.13.jar;C:\Users\Admin\.m2\repository\org\springframework\spring-aspects\6.1.8\spring-aspects-6.1.8.jar;C:\Users\Admin\.m2\repository\org\springframework\boot\spring-boot-starter-thymeleaf\3.3.0\spring-boot-starter-thymeleaf-3.3.0.jar;C:\Users\Admin\.m2\repository\org\springframework\boot\spring-boot-starter\3.3.0\spring-boot-starter-3.3.0.jar;C:\Users\Admin\.m2\repository\org\springframework\boot\spring-boot-starter-logging\3.3.0\spring-boot-starter-logging-3.3.0.jar;C:\Users\Admin\.m2\repository\ch\qos\logback\logback-classic\1.5.6\logback-classic-1.5.6.jar;C:\Users\Admin\.m2\repository\ch\qos\logback\logback-core\1.5.6\logback-core-1.5.6.jar;C:\Users\Admin\.m2\repository\org\apache\logging\log4j\log4j-to-slf4j\2.23.1\log4j-to-slf4j-2.23.1.jar;C:\Users\Admin\.m2\repository\org\apache\logging\log4j\log4j-api\2.23.1\log4j-api-2.23.1.jar;C:\Users\Admin\.m2\repository\org\slf4j\jul-to-slf4j\2.0.13\jul-to-slf4j-2.0.13.jar;C:\Users\Admin\.m2\repository\org\yaml\snakeyaml\2.2\snakeyaml-2.2.jar;C:\Users\Admin\.m2\repository\org\thymeleaf\thymeleaf-spring6\3.1.2.RELEASE\thymeleaf-spring6-3.1.2.RELEASE.jar;C:\Users\Admin\.m2\repository\org\thymeleaf\thymeleaf\3.1.2.RELEASE\thymeleaf-3.1.2.RELEASE.jar;C:\Users\Admin\.m2\repository\org\attoparser\attoparser\2.0.7.RELEASE\attoparser-2.0.7.RELEASE.jar;C:\Users\Admin\.m2\repository\org\unbescape\unbescape\1.1.6.RELEASE\unbescape-1.1.6.RELEASE.jar;C:\Users\Admin\.m2\repository\org\springframework\boot\spring-boot-starter-web\3.3.0\spring-boot-starter-web-3.3.0.jar;C:\Users\Admin\.m2\repository\org\springframework\boot\spring-boot-starter-json\3.3.0\spring-boot-starter-json-3.3.0.jar;C:\Users\Admin\.m2\repository\com\fasterxml\jackson\core\jackson-databind\2.17.1\jackson-databind-2.17.1.jar;C:\Users\Admin\.m2\repository\com\fasterxml\jackson\core\jackson-annotations\2.17.1\jackson-annotations-2.17.1.jar;C:\Users\Admin\.m2\repository\com\fasterxml\jackson\core\jackson-core\2.17.1\jackson-core-2.17.1.jar;C:\Users\Admin\.m2\repository\com\fasterxml\jackson\datatype\jackson-datatype-jdk8\2.17.1\jackson-datatype-jdk8-2.17.1.jar;C:\Users\Admin\.m2\repository\com\fasterxml\jackson\datatype\jackson-datatype-jsr310\2.17.1\jackson-datatype-jsr310-2.17.1.jar;C:\Users\Admin\.m2\repository\com\fasterxml\jackson\module\jackson-module-parameter-names\2.17.1\jackson-module-parameter-names-2.17.1.jar;C:\Users\Admin\.m2\repository\org\springframework\boot\spring-boot-starter-tomcat\3.3.0\spring-boot-starter-tomcat-3.3.0.jar;C:\Users\Admin\.m2\repository\org\apache\tomcat\embed\tomcat-embed-core\10.1.24\tomcat-embed-core-10.1.24.jar;C:\Users\Admin\.m2\repository\org\apache\tomcat\embed\tomcat-embed-el\10.1.24\tomcat-embed-el-10.1.24.jar;C:\Users\Admin\.m2\repository\org\apache\tomcat\embed\tomcat-embed-websocket\10.1.24\tomcat-embed-websocket-10.1.24.jar;C:\Users\Admin\.m2\repository\org\springframework\spring-web\6.1.8\spring-web-6.1.8.jar;C:\Users\Admin\.m2\repository\io\micrometer\micrometer-observation\1.13.0\micrometer-observation-1.13.0.jar;C:\Users\Admin\.m2\repository\io\micrometer\micrometer-commons\1.13.0\micrometer-commons-1.13.0.jar;C:\Users\Admin\.m2\repository\org\springframework\spring-webmvc\6.1.8\spring-webmvc-6.1.8.jar;C:\Users\Admin\.m2\repository\org\springframework\spring-expression\6.1.8\spring-expression-6.1.8.jar;C:\Users\Admin\.m2\repository\org\springframework\boot\spring-boot-devtools\3.3.0\spring-boot-devtools-3.3.0.jar;C:\Users\Admin\.m2\repository\org\springframework\boot\spring-boot\3.3.0\spring-boot-3.3.0.jar;C:\Users\Admin\.m2\repository\org\springframework\boot\spring-boot-autoconfigure\3.3.0\spring-boot-autoconfigure-3.3.0.jar;C:\Users\Admin\.m2\repository\com\mysql\mysql-connector-j\8.3.0\mysql-connector-j-8.3.0.jar;C:\Users\Admin\.m2\repository\org\projectlombok\lombok\1.18.32\lombok-1.18.32.jar;C:\Users\Admin\.m2\repository\jakarta\xml\bind\jakarta.xml.bind-api\4.0.2\jakarta.xml.bind-api-4.0.2.jar;C:\Users\Admin\.m2\repository\jakarta\activation\jakarta.activation-api\2.1.3\jakarta.activation-api-2.1.3.jar;C:\Users\Admin\.m2\repository\org\springframework\spring-core\6.1.8\spring-core-6.1.8.jar;C:\Users\Admin\.m2\repository\org\springframework\spring-jcl\6.1.8\spring-jcl-6.1.8.jar;C:\Users\Admin\.m2\repository\org\jetbrains\annotations\24.1.0\annotations-24.1.0.jar
Launcher Type: SUN_STANDARD

[Global flags]
     intx CICompilerCount                          = 3                                         {product} {ergonomic}
     uint ConcGCThreads                            = 1                                         {product} {ergonomic}
     uint G1ConcRefinementThreads                  = 4                                         {product} {ergonomic}
   size_t G1HeapRegionSize                         = 1048576                                   {product} {ergonomic}
   size_t InitialHeapSize                          = 62914560                                  {product} {ergonomic}
   size_t MarkStackSize                            = 4194304                                   {product} {ergonomic}
   size_t MaxHeapSize                              = 994050048                                 {product} {ergonomic}
   size_t MaxNewSize                               = 595591168                                 {product} {ergonomic}
   size_t MinHeapDeltaBytes                        = 1048576                                   {product} {ergonomic}
   size_t MinHeapSize                              = 8388608                                   {product} {ergonomic}
    uintx NonNMethodCodeHeapSize                   = 5832780                                {pd product} {ergonomic}
    uintx NonProfiledCodeHeapSize                  = 122912730                              {pd product} {ergonomic}
    uintx ProfiledCodeHeapSize                     = 122912730                              {pd product} {ergonomic}
    uintx ReservedCodeCacheSize                    = 251658240                              {pd product} {ergonomic}
     bool SegmentedCodeCache                       = true                                      {product} {ergonomic}
   size_t SoftMaxHeapSize                          = 994050048                              {manageable} {ergonomic}
     bool UseCompressedOops                        = true                           {product lp64_product} {ergonomic}
     bool UseG1GC                                  = true                                      {product} {ergonomic}
     bool UseLargePagesIndividualAllocation        = false                                  {pd product} {ergonomic}

Logging:
Log output configuration:
 #0: stdout all=warning uptime,level,tags foldmultilines=false
 #1: stderr all=off uptime,level,tags foldmultilines=false

Environment Variables:
PATH=C:\ProgramData\Oracle\Java\javapath;C:\Program Files\Common Files\Oracle\Java\javapath;C:\Program Files\Eclipse Adoptium\jdk-17.0.4.8-hotspot\bin;C:\WINDOWS\system32;C:\WINDOWS;C:\WINDOWS\System32\Wbem;C:\WINDOWS\System32\WindowsPowerShell\v1.0\;C:\WINDOWS\System32\OpenSSH\;c:\altera\91sp2\quartus\bin;C:\MinGW\bin;C:\Program Files\Microsoft SQL Server\Client SDK\ODBC\170\Tools\Binn\;C:\Program Files (x86)\Microsoft SQL Server\150\Tools\Binn\;C:\Program Files\Microsoft SQL Server\150\Tools\Binn\;C:\Program Files\Microsoft SQL Server\150\DTS\Binn\;C:\Program Files (x86)\Microsoft SQL Server\150\DTS\Binn\;C:\Program Files\Git\cmd;C:\Program Files\Cloudflare\Cloudflare WARP\;C:\Program Files\dotnet\;C:\Program Files\HP\HP One Agent;C:\Program Files (x86)\Git\cmd;C:\Users\Admin\AppData\Local\Microsoft\WindowsApps;C:\Users\Admin\.dotnet\tools;C:\Program Files\Azure Data Studio\bin
USERNAME=DinhTrongKhang
OS=Windows_NT
PROCESSOR_IDENTIFIER=Intel64 Family 6 Model 126 Stepping 5, GenuineIntel
TMP=C:\Users\Admin\AppData\Local\Temp
TEMP=C:\Users\Admin\AppData\Local\Temp




Periodic native trim disabled

---------------  S Y S T E M  ---------------

OS:
 Windows 11 , 64 bit Build 22000 (10.0.22000.2538)
OS uptime: 0 days 4:27 hours

CPU: total 4 (initial active 4) (2 cores per cpu, 2 threads per core) family 6 model 126 stepping 5 microcode 0xa0, cx8, cmov, fxsr, ht, mmx, 3dnowpref, sse, sse2, sse3, ssse3, sse4.1, sse4.2, popcnt, lzcnt, tsc, tscinvbit, avx, avx2, aes, erms, clmul, bmi1, bmi2, adx, avx512f, avx512dq, avx512cd, avx512bw, avx512vl, sha, fma, vzeroupper, avx512_vpopcntdq, avx512_vpclmulqdq, avx512_vaes, avx512_vnni, clflush, clflushopt, avx512_vbmi2, avx512_vbmi, rdtscp, rdpid, fsrm, gfni, avx512_bitalg, f16c, pku, avx512_ifma
Processor Information for all 4 processors :
  Max Mhz: 1190, Current Mhz: 1190, Mhz Limit: 1190

Memory: 4k page, system-wide physical 3784M (169M free)
TotalPageFile size 11976M (AvailPageFile size 2M)
current process WorkingSet (physical memory assigned to process): 89M, peak: 89M
current process commit charge ("private bytes"): 156M, peak: 156M

vm_info: Java HotSpot(TM) 64-Bit Server VM (22.0.1+8-16) for windows-amd64 JRE (22.0.1+8-16), built on 2024-03-12T10:33:16Z by "mach5one" with MS VC++ 17.6 (VS2022)

END.
