#
# There is insufficient memory for the Java Runtime Environment to continue.
# Native memory allocation (mmap) failed to map 65536 bytes. Error detail: Failed to commit metaspace.
# Possible reasons:
#   The system is out of physical RAM or swap space
#   This process is running with CompressedOops enabled, and the Java Heap may be blocking the growth of the native heap
# Possible solutions:
#   Reduce memory load on the system
#   Increase physical memory or swap space
#   Check if swap backing store is full
#   Decrease Java heap size (-Xmx/-Xms)
#   Decrease number of Java threads
#   Decrease Java thread stack sizes (-Xss)
#   Set larger code cache with -XX:ReservedCodeCacheSize=
#   JVM is running with Unscaled Compressed Oops mode in which the Java heap is
#     placed in the first 4GB address space. The Java Heap base address is the
#     maximum limit for the native heap growth. Please use -XX:HeapBaseMinAddress
#     to set the Java Heap base and to place the Java Heap above 4GB virtual address.
# This output file may be truncated or incomplete.
#
#  Out of Memory Error (virtualSpaceNode.cpp:112), pid=3868, tid=21096
#
# JRE version: Java(TM) SE Runtime Environment (22.0.1+8) (build 22.0.1+8-16)
# Java VM: Java HotSpot(TM) 64-Bit Server VM (22.0.1+8-16, mixed mode, sharing, tiered, compressed oops, compressed class ptrs, g1 gc, windows-amd64)
# No core dump will be written. Minidumps are not enabled by default on client versions of Windows
#

---------------  S U M M A R Y ------------

Command Line: -javaagent:C:\Program Files\JetBrains\IntelliJ IDEA Community Edition 2024.1.1\lib\idea_rt.jar=54710:C:\Program Files\JetBrains\IntelliJ IDEA Community Edition 2024.1.1\bin -Dfile.encoding=UTF-8 -Dsun.stdout.encoding=UTF-8 -Dsun.stderr.encoding=UTF-8 com.example.dinhtrongkhang.DinhtrongkhangApplication

Host: Intel(R) Core(TM) i3-1005G1 CPU @ 1.20GHz, 4 cores, 3G,  Windows 11 , 64 bit Build 22000 (10.0.22000.2538)
Time: Mon Jun 10 15:36:39 2024 SE Asia Standard Time elapsed time: 5.350939 seconds (0d 0h 0m 5s)

---------------  T H R E A D  ---------------

Current thread (0x00000211c6375d10):  JavaThread "background-preinit"        [_thread_in_vm, id=21096, stack(0x000000a7bb600000,0x000000a7bb700000) (1024K)]

Stack: [0x000000a7bb600000,0x000000a7bb700000]
Native frames: (J=compiled Java code, j=interpreted, Vv=VM code, C=native code)
V  [jvm.dll+0x6e2279]  (no source info available)
V  [jvm.dll+0x874e33]  (no source info available)
V  [jvm.dll+0x87725e]  (no source info available)
V  [jvm.dll+0x877933]  (no source info available)
V  [jvm.dll+0x27fd76]  (no source info available)
V  [jvm.dll+0x870a7e]  (no source info available)
V  [jvm.dll+0x6852e5]  (no source info available)
V  [jvm.dll+0x1e3eac]  (no source info available)
V  [jvm.dll+0x1e3c7e]  (no source info available)
V  [jvm.dll+0x687c38]  (no source info available)
V  [jvm.dll+0x2250ac]  (no source info available)
V  [jvm.dll+0x685cfe]  (no source info available)
V  [jvm.dll+0x26b190]  (no source info available)
V  [jvm.dll+0x215cf7]  (no source info available)
V  [jvm.dll+0x20b4ee]  (no source info available)
V  [jvm.dll+0x5c462f]  (no source info available)
V  [jvm.dll+0x7ec076]  (no source info available)
V  [jvm.dll+0x47ca36]  (no source info available)
V  [jvm.dll+0x4828e8]  (no source info available)
C  [java.dll+0x17e4]  (no source info available)
C  0x00000211df363f2c  (no source info available)

The last pc belongs to native nmethod (printed below).
Java frames: (J=compiled Java code, j=interpreted, Vv=VM code)
J 1277  java.lang.ClassLoader.defineClass1(Ljava/lang/ClassLoader;Ljava/lang/String;[BIILjava/security/ProtectionDomain;Ljava/lang/String;)Ljava/lang/Class; java.base@22.0.1 (0 bytes) @ 0x00000211df363e91 [0x00000211df363dc0+0x00000000000000d1]
J 1282 c1 java.lang.ClassLoader.defineClass(Ljava/lang/String;[BIILjava/security/ProtectionDomain;)Ljava/lang/Class; java.base@22.0.1 (43 bytes) @ 0x00000211d7a48ef4 [0x00000211d7a48ba0+0x0000000000000354]
J 1198 c1 java.security.SecureClassLoader.defineClass(Ljava/lang/String;[BIILjava/security/CodeSource;)Ljava/lang/Class; java.base@22.0.1 (16 bytes) @ 0x00000211d7a2431c [0x00000211d7a24240+0x00000000000000dc]
J 910 c1 jdk.internal.loader.BuiltinClassLoader.defineClass(Ljava/lang/String;Ljdk/internal/loader/Resource;)Ljava/lang/Class; java.base@22.0.1 (121 bytes) @ 0x00000211d799dabc [0x00000211d799cba0+0x0000000000000f1c]
J 1018 c1 jdk.internal.loader.BuiltinClassLoader.findClassOnClassPathOrNull(Ljava/lang/String;)Ljava/lang/Class; java.base@22.0.1 (64 bytes) @ 0x00000211d79cff34 [0x00000211d79cf280+0x0000000000000cb4]
J 516 c1 jdk.internal.loader.BuiltinClassLoader.loadClassOrNull(Ljava/lang/String;Z)Ljava/lang/Class; java.base@22.0.1 (143 bytes) @ 0x00000211d78d19fc [0x00000211d78d0fe0+0x0000000000000a1c]
J 806 c1 jdk.internal.loader.ClassLoaders$AppClassLoader.loadClass(Ljava/lang/String;Z)Ljava/lang/Class; java.base@22.0.1 (40 bytes) @ 0x00000211d79571c4 [0x00000211d7956fe0+0x00000000000001e4]
J 805 c1 java.lang.ClassLoader.loadClass(Ljava/lang/String;)Ljava/lang/Class; java.base@22.0.1 (7 bytes) @ 0x00000211d7956cd4 [0x00000211d7956bc0+0x0000000000000114]
v  ~StubRoutines::call_stub 0x00000211ded5100d
j  com.fasterxml.jackson.databind.cfg.MapperConfigBase.<clinit>()V+6
v  ~StubRoutines::call_stub 0x00000211ded5100d
j  com.fasterxml.jackson.databind.ObjectMapper.<init>(Lcom/fasterxml/jackson/core/JsonFactory;Lcom/fasterxml/jackson/databind/ser/DefaultSerializerProvider;Lcom/fasterxml/jackson/databind/deser/DefaultDeserializationContext;)V+138
j  com.fasterxml.jackson.databind.ObjectMapper.<init>()V+4
j  org.springframework.http.converter.json.Jackson2ObjectMapperBuilder.build()Lcom/fasterxml/jackson/databind/ObjectMapper;+81
j  org.springframework.http.converter.json.MappingJackson2HttpMessageConverter.<init>()V+4
j  org.springframework.http.converter.support.AllEncompassingFormHttpMessageConverter.<init>()V+55
j  org.springframework.boot.autoconfigure.BackgroundPreinitializer$MessageConverterInitializer.run()V+4
j  org.springframework.boot.autoconfigure.BackgroundPreinitializer$1.runSafely(Ljava/lang/Runnable;)Z+1
j  org.springframework.boot.autoconfigure.BackgroundPreinitializer$1.run()V+32
j  java.lang.Thread.runWith(Ljava/lang/Object;Ljava/lang/Runnable;)V+5 java.base@22.0.1
j  java.lang.Thread.run()V+19 java.base@22.0.1
v  ~StubRoutines::call_stub 0x00000211ded5100d

Compiled method (n/a) 5447 1277     n 0       java.lang.ClassLoader::defineClass1 (native)
 total in heap  [0x00000211df363c10,0x00000211df364370] = 1888
 relocation     [0x00000211df363d68,0x00000211df363da8] = 64
 main code      [0x00000211df363dc0,0x00000211df36436f] = 1455
 stub code      [0x00000211df36436f,0x00000211df364370] = 1

[Constant Pool (empty)]

[MachCode]
[Entry Point]
  # {method} {0x00000211803fec58} 'defineClass1' '(Ljava/lang/ClassLoader;Ljava/lang/String;[BIILjava/security/ProtectionDomain;Ljava/lang/String;)Ljava/lang/Class;' in 'java/lang/ClassLoader'
  # parm0:    rdx:rdx   = 'java/lang/ClassLoader'
  # parm1:    r8:r8     = 'java/lang/String'
  # parm2:    r9:r9     = '[B'
  # parm3:    rdi       = int
  # parm4:    rsi       = int
  # parm5:    rcx:rcx   = 'java/security/ProtectionDomain'
  # parm6:    [sp+0xa0]   = 'java/lang/String'  (sp of caller)
  0x00000211df363dc0: 448b 5208 | 49bb 0000 | 0080 1102 | 0000 4d03 | d349 3bc2 | 0f84 0600 

  0x00000211df363dd8: ;   {runtime_call ic_miss_stub}
  0x00000211df363dd8: 0000 e9a1 | aba3 ff90 
[Verified Entry Point]
  0x00000211df363de0: 8984 2400 | 80ff ff55 | 488b ec48 | 81ec 9000 | 0000 6690 | 4181 7f20 | 0100 0000 

  0x00000211df363dfc: ;   {runtime_call StubRoutines (final stubs)}
  0x00000211df363dfc: 7405 e8bd | 31a2 ff48 | 837d 1000 | 488d 4510 | 480f 4445 | 1048 8944 | 2440 4889 | 4c24 7048 
  0x00000211df363e1c: 83f9 0048 | 8d44 2470 | 480f 4444 | 2470 4889 | 4424 3848 | 8974 2430 | 4889 7c24 | 284c 894c 
  0x00000211df363e3c: 2458 4983 | f900 488d | 4424 5848 | 0f44 4424 | 5848 8944 | 2420 4c89 | 4424 5049 | 83f8 004c 
  0x00000211df363e5c: 8d4c 2450 | 4c0f 444c | 2450 4889 | 5424 4848 | 83fa 004c | 8d44 2448 | 4c0f 4444 

  0x00000211df363e78: ;   {oop(a 'java/lang/Class'{0x00000000c506b750} = 'java/lang/ClassLoader')}
  0x00000211df363e78: 2448 49be | 50b7 06c5 | 0000 0000 | 4c89 7424 | 784c 8d74 | 2478 498b | d6c5 f877 

  0x00000211df363e94: ;   {internal_word}
  0x00000211df363e94: 49ba 913e | 36df 1102 | 0000 4d89 | 97a8 0300 | 0049 89a7 | a003 0000 

  0x00000211df363eac: ;   {external_word}
  0x00000211df363eac: 49ba 9c30 | cb3c fa7f | 0000 4180 | 3a00 0f84 | 4e00 0000 | 5241 5041 

  0x00000211df363ec4: ;   {metadata({method} {0x00000211803fec58} 'defineClass1' '(Ljava/lang/ClassLoader;Ljava/lang/String;[BIILjava/security/ProtectionDomain;Ljava/lang/String;)Ljava/lang/Class;' in 'java/lang/ClassLoader')}
  0x00000211df363ec4: 5148 ba50 | ec3f 8011 | 0200 0049 | 8bcf 4883 | ec20 40f6 | c40f 0f84 | 1900 0000 | 4883 ec08 
  0x00000211df363ee4: ;   {runtime_call}
  0x00000211df363ee4: 48b8 40b5 | 7b3c fa7f | 0000 ffd0 | 4883 c408 | e90c 0000 

  0x00000211df363ef8: ;   {runtime_call}
  0x00000211df363ef8: 0048 b840 | b57b 3cfa | 7f00 00ff | d048 83c4 | 2041 5941 | 585a 498d | 8fc0 0300 | 0041 c787 
  0x00000211df363f18: 5404 0000 | 0400 0000 

  0x00000211df363f20: ;   {runtime_call}
  0x00000211df363f20: 48b8 a416 | 7891 fa7f | 0000 ffd0 | c5f8 7741 | c787 5404 | 0000 0500 | 0000 f083 | 4424 c000 
  0x00000211df363f40: 493b af58 | 0400 000f | 870e 0000 | 0041 83bf | 5004 0000 | 000f 842b | 0000 00c5 | f877 4889 
  0x00000211df363f60: 45f8 498b | cf4c 8be4 | 4883 ec20 | 4883 e4f0 

  0x00000211df363f70: ;   {runtime_call}
  0x00000211df363f70: 48b8 d01e | 463c fa7f | 0000 ffd0 | 498b e44d | 33e4 488b | 45f8 41c7 | 8754 0400 | 0008 0000 
  0x00000211df363f90: 0041 83bf | d004 0000 | 020f 84a3 

  0x00000211df363f9c: ;   {external_word}
  0x00000211df363f9c: 0300 0049 | ba9c 30cb | 3cfa 7f00 | 0041 803a | 000f 844c | 0000 0048 

  0x00000211df363fb4: ;   {metadata({method} {0x00000211803fec58} 'defineClass1' '(Ljava/lang/ClassLoader;Ljava/lang/String;[BIILjava/security/ProtectionDomain;Ljava/lang/String;)Ljava/lang/Class;' in 'java/lang/ClassLoader')}
  0x00000211df363fb4: 8945 f848 | ba50 ec3f | 8011 0200 | 0049 8bcf | 4883 ec20 | 40f6 c40f | 0f84 1900 | 0000 4883 
  0x00000211df363fd4: ;   {runtime_call}
  0x00000211df363fd4: ec08 48b8 | 40b5 7b3c | fa7f 0000 | ffd0 4883 | c408 e90c 

  0x00000211df363fe8: ;   {runtime_call}
  0x00000211df363fe8: 0000 0048 | b840 b57b | 3cfa 7f00 | 00ff d048 | 83c4 2048 | 8b45 f849 | c787 a003 | 0000 0000 
  0x00000211df364008: 0000 49c7 | 87a8 0300 | 0000 0000 | 00c5 f877 | 4885 c00f | 84fe 0200 | 00a8 030f | 8508 0000 
  0x00000211df364028: 0048 8b00 | e9ee 0200 | 00a8 010f | 8509 0000 | 0048 8b40 | fee9 dd02 | 0000 488b | 40ff 4180 
  0x00000211df364048: 7f38 000f | 84ce 0200 | 0048 83f8 | 000f 84c4 | 0200 0049 | 8b4f 2848 | 83f9 000f | 8414 0000 
  0x00000211df364068: 0048 83e9 | 0849 894f | 2849 034f | 3048 8901 | e9a2 0200 | 0048 81ec | 5001 0000 | 4889 0424 
  0x00000211df364088: 4889 4c24 | 0848 8954 | 2410 4889 | 7424 1848 | 897c 2420 | 4c89 4424 | 284c 894c | 2430 4c89 
  0x00000211df3640a8: 5424 384c | 895c 2440 | c5fb 1144 | 2450 c5fb | 114c 2458 | c5fb 1154 | 2460 c5fb | 115c 2468 
  0x00000211df3640c8: c5fb 1164 | 2470 c5fb | 116c 2478 | c5fb 11b4 | 2480 0000 | 00c5 fb11 | bc24 8800 | 0000 c57b 
  0x00000211df3640e8: ;   {no_reloc}
  0x00000211df3640e8: 1184 2490 | 0000 00c5 | 7b11 8c24 | 9800 0000 | c57b 1194 | 24a0 0000 | 00c5 7b11 | 9c24 a800 
  0x00000211df364108: 0000 c57b | 11a4 24b0 | 0000 00c5 | 7b11 ac24 | b800 0000 | c57b 11b4 | 24c0 0000 | 00c5 7b11 
  0x00000211df364128: bc24 c800 | 0000 62e1 | ff08 1144 | 241a 62e1 | ff08 114c | 241b 62e1 | ff08 1154 | 241c 62e1 
  0x00000211df364148: ff08 115c | 241d 62e1 | ff08 1164 | 241e 62e1 | ff08 116c | 241f 62e1 | ff08 1174 | 2420 62e1 
  0x00000211df364168: ff08 117c | 2421 6261 | ff08 1144 | 2422 6261 | ff08 114c | 2423 6261 | ff08 1154 | 2424 6261 
  0x00000211df364188: ff08 115c | 2425 6261 | ff08 1164 | 2426 6261 | ff08 116c | 2427 6261 | ff08 1174 | 2428 6261 
  0x00000211df3641a8: ff08 117c | 2429 498b | d748 8bc8 | 4883 ec20 | 40f6 c40f | 0f84 1900 | 0000 4883 

  0x00000211df3641c4: ;   {runtime_call}
  0x00000211df3641c4: ec08 48b8 | e03e 393c | fa7f 0000 | ffd0 4883 | c408 e90c 

  0x00000211df3641d8: ;   {runtime_call}
  0x00000211df3641d8: 0000 0048 | b8e0 3e39 | 3cfa 7f00 | 00ff d048 | 83c4 2062 | 61ff 0810 | 7c24 2962 | 61ff 0810 
  0x00000211df3641f8: 7424 2862 | 61ff 0810 | 6c24 2762 | 61ff 0810 | 6424 2662 | 61ff 0810 | 5c24 2562 | 61ff 0810 
  0x00000211df364218: 5424 2462 | 61ff 0810 | 4c24 2362 | 61ff 0810 | 4424 2262 | e1ff 0810 | 7c24 2162 | e1ff 0810 
  0x00000211df364238: 7424 2062 | e1ff 0810 | 6c24 1f62 | e1ff 0810 | 6424 1e62 | e1ff 0810 | 5c24 1d62 | e1ff 0810 
  0x00000211df364258: 5424 1c62 | e1ff 0810 | 4c24 1b62 | e1ff 0810 | 4424 1ac5 | 7b10 bc24 | c800 0000 | c57b 10b4 
  0x00000211df364278: 24c0 0000 | 00c5 7b10 | ac24 b800 | 0000 c57b | 10a4 24b0 | 0000 00c5 | 7b10 9c24 | a800 0000 
  0x00000211df364298: c57b 1094 | 24a0 0000 | 00c5 7b10 | 8c24 9800 | 0000 c57b | 1084 2490 | 0000 00c5 | fb10 bc24 
  0x00000211df3642b8: 8800 0000 | c5fb 10b4 | 2480 0000 | 00c5 fb10 | 6c24 78c5 | fb10 6424 | 70c5 fb10 | 5c24 68c5 
  0x00000211df3642d8: ;   {no_reloc}
  0x00000211df3642d8: fb10 5424 | 60c5 fb10 | 4c24 58c5 | fb10 4424 | 504c 8b5c | 2440 4c8b | 5424 384c | 8b4c 2430 
  0x00000211df3642f8: 4c8b 4424 | 2848 8b7c | 2420 488b | 7424 1848 | 8b54 2410 | 488b 4c24 | 0848 8b04 | 2448 81c4 
  0x00000211df364318: 5001 0000 | c5f8 7749 | 8b8f 3004 | 0000 c781 | 0001 0000 | 0000 0000 | c949 837f | 0800 0f85 
  0x00000211df364338: 0100 0000 

  0x00000211df36433c: ;   {runtime_call StubRoutines (initial stubs)}
  0x00000211df36433c: c3e9 becb | 9eff c5f8 | 7748 8945 | f84c 8be4 | 4883 ec20 | 4883 e4f0 

  0x00000211df364354: ;   {runtime_call}
  0x00000211df364354: 48b8 90ed | 7b3c fa7f | 0000 ffd0 | 498b e44d | 33e4 488b | 45f8 e930 | fcff fff4 
[/MachCode]


Compiled method (c1) 5458 1282       3       java.lang.ClassLoader::defineClass (43 bytes)
 total in heap  [0x00000211d7a48990,0x00000211d7a492e0] = 2384
 relocation     [0x00000211d7a48ae8,0x00000211d7a48b88] = 160
 main code      [0x00000211d7a48ba0,0x00000211d7a49038] = 1176
 stub code      [0x00000211d7a49038,0x00000211d7a490b0] = 120
 metadata       [0x00000211d7a490b0,0x00000211d7a490e0] = 48
 scopes data    [0x00000211d7a490e0,0x00000211d7a491d0] = 240
 scopes pcs     [0x00000211d7a491d0,0x00000211d7a492b0] = 224
 dependencies   [0x00000211d7a492b0,0x00000211d7a492b8] = 8
 nul chk table  [0x00000211d7a492b8,0x00000211d7a492e0] = 40

[Constant Pool (empty)]

[MachCode]
[Entry Point]
  # {method} {0x00000211803fefd8} 'defineClass' '(Ljava/lang/String;[BIILjava/security/ProtectionDomain;)Ljava/lang/Class;' in 'java/lang/ClassLoader'
  # this:     rdx:rdx   = 'java/lang/ClassLoader'
  # parm0:    r8:r8     = 'java/lang/String'
  # parm1:    r9:r9     = '[B'
  # parm2:    rdi       = int
  # parm3:    rsi       = int
  # parm4:    rcx:rcx   = 'java/security/ProtectionDomain'
  #           [sp+0xc0]  (sp of caller)
  0x00000211d7a48ba0: 448b 5208 | 49bb 0000 | 0080 1102 | 0000 4d03 | d34c 3bd0 

  0x00000211d7a48bb4: ;   {runtime_call ic_miss_stub}
  0x00000211d7a48bb4: 0f85 c65d | 3507 660f | 1f44 0000 
[Verified Entry Point]
  0x00000211d7a48bc0: 8984 2400 | 80ff ff55 | 4881 ecb0 | 0000 0090 | 4181 7f20 | 0100 0000 

  0x00000211d7a48bd8: ;   {runtime_call StubRoutines (final stubs)}
  0x00000211d7a48bd8: 7405 e8e1 | e333 0748 | 8954 2478 

  0x00000211d7a48be4: ;   {metadata(method data for {method} {0x00000211803fefd8} 'defineClass' '(Ljava/lang/String;[BIILjava/security/ProtectionDomain;)Ljava/lang/Class;' in 'java/lang/ClassLoader')}
  0x00000211d7a48be4: 48bb c05e | 2cc2 1102 | 0000 8b83 | cc00 0000 | 83c0 0289 | 83cc 0000 | 0025 fe07 | 0000 85c0 
  0x00000211d7a48c04: 0f84 5003 | 0000 89b4 | 2494 0000 | 0089 bc24 | 9000 0000 | 4c89 8c24 | 8800 0000 

  0x00000211d7a48c20: ;   {metadata(method data for {method} {0x00000211803fefd8} 'defineClass' '(Ljava/lang/String;[BIILjava/security/ProtectionDomain;)Ljava/lang/Class;' in 'java/lang/ClassLoader')}
  0x00000211d7a48c20: 488b da48 | b8c0 5e2c | c211 0200 | 0048 8380 | 1801 0000 | 0149 8bd8 | 4c8b c34c | 8bc9 488b 
  0x00000211d7a48c40: ca48 8bd1 | 4889 9c24 | 8000 0000 

  0x00000211d7a48c4c: ;   {optimized virtual_call}
  0x00000211d7a48c4c: 6666 90e8 

  0x00000211d7a48c50: ; ImmutableOopMap {[120]=Oop [128]=Oop [136]=Oop }
                      ;*invokevirtual preDefineClass {reexecute=0 rethrow=0 return_oop=0}
                      ; - java.lang.ClassLoader::defineClass@4 (line 1021)
  0x00000211d7a48c50: cc7c fdff 

  0x00000211d7a48c54: ;   {other}
  0x00000211d7a48c54: 0f1f 8400 | c402 0000 | 4889 8424 | 9800 0000 | 488b 5424 

  0x00000211d7a48c68: ;   {metadata(method data for {method} {0x00000211803fefd8} 'defineClass' '(Ljava/lang/String;[BIILjava/security/ProtectionDomain;)Ljava/lang/Class;' in 'java/lang/ClassLoader')}
  0x00000211d7a48c68: 7849 b8c0 | 5e2c c211 | 0200 0049 | 8380 4801 

  0x00000211d7a48c78: ;   {metadata(method data for {method} {0x00000211803fecc0} 'defineClassSourceLocation' '(Ljava/security/ProtectionDomain;)Ljava/lang/String;' in 'java/lang/ClassLoader')}
  0x00000211d7a48c78: 0000 0149 | b848 a131 | c211 0200 | 0041 8b90 | cc00 0000 | 83c2 0241 | 8990 cc00 | 0000 81e2 
  0x00000211d7a48c98: feff 1f00 | 85d2 0f84 | d702 0000 

  0x00000211d7a48ca4: ; implicit exception: dispatches to 0x00000211d7a48f9c
  0x00000211d7a48ca4: 483b 004c 

  0x00000211d7a48ca8: ;   {metadata(method data for {method} {0x00000211803fecc0} 'defineClassSourceLocation' '(Ljava/security/ProtectionDomain;)Ljava/lang/String;' in 'java/lang/ClassLoader')}
  0x00000211d7a48ca8: 8bc0 48ba | 48a1 31c2 | 1102 0000 | 4883 8218 | 0100 0001 | 448b 4010 

  0x00000211d7a48cc0: ;   {metadata(method data for {method} {0x00000211803fecc0} 'defineClassSourceLocation' '(Ljava/security/ProtectionDomain;)Ljava/lang/String;' in 'java/lang/ClassLoader')}
  0x00000211d7a48cc0: 4d85 c048 | ba48 a131 | c211 0200 | 0048 c7c6 | 5801 0000 | 7507 48c7 | c648 0100 | 0048 8b3c 
  0x00000211d7a48ce0: 3248 8d7f | 0148 893c | 320f 850f 

  0x00000211d7a48cec: ;   {oop(nullptr)}
  0x00000211d7a48cec: 0000 0048 | bb00 0000 | 0000 0000 | 00e9 a101 | 0000 493b | 0049 8bd0 

  0x00000211d7a48d04: ;   {metadata(method data for {method} {0x00000211803fecc0} 'defineClassSourceLocation' '(Ljava/security/ProtectionDomain;)Ljava/lang/String;' in 'java/lang/ClassLoader')}
  0x00000211d7a48d04: 48be 48a1 | 31c2 1102 | 0000 4883 | 8668 0100 | 0001 418b | 500c 4885 

  0x00000211d7a48d1c: ;   {metadata(method data for {method} {0x00000211803fecc0} 'defineClassSourceLocation' '(Ljava/security/ProtectionDomain;)Ljava/lang/String;' in 'java/lang/ClassLoader')}
  0x00000211d7a48d1c: d248 be48 | a131 c211 | 0200 0048 | c7c7 a801 | 0000 7507 | 48c7 c798 | 0100 0048 | 8b1c 3e48 
  0x00000211d7a48d3c: 8d5b 0148 | 891c 3e0f | 850f 0000 

  0x00000211d7a48d48: ;   {oop(nullptr)}
  0x00000211d7a48d48: 0048 bb00 | 0000 0000 | 0000 00e9 | 4701 0000 

  0x00000211d7a48d58: ;   {metadata(method data for {method} {0x00000211803fecc0} 'defineClassSourceLocation' '(Ljava/security/ProtectionDomain;)Ljava/lang/String;' in 'java/lang/ClassLoader')}
  0x00000211d7a48d58: 48be 48a1 | 31c2 1102 | 0000 4883 | 86b8 0100 | 0001 483b | 024c 8bc2 

  0x00000211d7a48d70: ;   {metadata(method data for {method} {0x00000211803fecc0} 'defineClassSourceLocation' '(Ljava/security/ProtectionDomain;)Ljava/lang/String;' in 'java/lang/ClassLoader')}
  0x00000211d7a48d70: 48be 48a1 | 31c2 1102 | 0000 4883 | 86e8 0100 

  0x00000211d7a48d80: ;   {metadata(method data for {method} {0x000002118001a690} 'toString' '()Ljava/lang/String;' in 'java/net/URL')}
  0x00000211d7a48d80: 0001 49b8 | 8019 1cc2 | 1102 0000 | 418b b0cc | 0000 0083 | c602 4189 | b0cc 0000 | 0081 e6fe 
  0x00000211d7a48da0: ff1f 0085 | f60f 8400 | 0200 004c 

  0x00000211d7a48dac: ;   {metadata(method data for {method} {0x000002118001a690} 'toString' '()Ljava/lang/String;' in 'java/net/URL')}
  0x00000211d7a48dac: 8bc2 48be | 8019 1cc2 | 1102 0000 | 4883 8618 | 0100 0001 

  0x00000211d7a48dc0: ;   {metadata(method data for {method} {0x00000211803f38b8} 'toExternalForm' '()Ljava/lang/String;' in 'java/net/URL')}
  0x00000211d7a48dc0: 49b8 081b | 1cc2 1102 | 0000 418b | b0cc 0000 | 0083 c602 | 4189 b0cc | 0000 0081 | e6fe ff1f 
  0x00000211d7a48de0: 0085 f60f | 84e3 0100 | 008b 7238 

  0x00000211d7a48dec: ; implicit exception: dispatches to 0x00000211d7a48fed
  0x00000211d7a48dec: 483b 064c 

  0x00000211d7a48df0: ;   {metadata(method data for {method} {0x00000211803f38b8} 'toExternalForm' '()Ljava/lang/String;' in 'java/net/URL')}
  0x00000211d7a48df0: 8bc6 48bf | 081b 1cc2 | 1102 0000 | 458b 4008 | 49ba 0000 | 0080 1102 | 0000 4d03 | c24c 3b87 
  0x00000211d7a48e10: 2001 0000 | 750d 4883 | 8728 0100 | 0001 e960 | 0000 004c | 3b87 3001 | 0000 750d | 4883 8738 
  0x00000211d7a48e30: 0100 0001 | e94a 0000 | 0048 83bf | 2001 0000 | 0075 174c | 8987 2001 | 0000 48c7 | 8728 0100 
  0x00000211d7a48e50: 0001 0000 | 00e9 2900 | 0000 4883 | bf30 0100 | 0000 7517 | 4c89 8730 | 0100 0048 | c787 3801 
  0x00000211d7a48e70: 0000 0100 | 0000 e908 | 0000 0048 | 8387 1801 | 0000 014c | 8bc2 488b | d666 0f1f 

  0x00000211d7a48e8c: ;   {optimized virtual_call}
  0x00000211d7a48e8c: 4400 00e8 

  0x00000211d7a48e90: ; ImmutableOopMap {[120]=Oop [128]=Oop [136]=Oop [152]=Oop }
                      ;*invokevirtual toExternalForm {reexecute=0 rethrow=0 return_oop=0}
                      ; - java.net.URL::toExternalForm@5 (line 1203)
                      ; - java.net.URL::toString@1 (line 1189)
                      ; - java.lang.ClassLoader::defineClassSourceLocation@22 (line 925)
                      ; - java.lang.ClassLoader::defineClass@12 (line 1022)
  0x00000211d7a48e90: 6c80 f7ff 

  0x00000211d7a48e94: ;   {other}
  0x00000211d7a48e94: 0f1f 8400 | 0405 0001 | 488b d848 | 8b84 2498 | 0000 008b | b424 9400 | 0000 8bbc | 2490 0000 
  0x00000211d7a48eb4: 004c 8b8c | 2488 0000 | 004c 8b84 | 2480 0000 | 0048 8b54 

  0x00000211d7a48ec8: ;   {metadata(method data for {method} {0x00000211803fefd8} 'defineClass' '(Ljava/lang/String;[BIILjava/security/ProtectionDomain;)Ljava/lang/Class;' in 'java/lang/ClassLoader')}
  0x00000211d7a48ec8: 2478 48b9 | c05e 2cc2 | 1102 0000 | 4883 8178 | 0100 0001 | 4c8b da49 | 8bd3 488b | c848 891c 
  0x00000211d7a48ee8: 2466 0f1f 

  0x00000211d7a48eec: ;   {static_call}
  0x00000211d7a48eec: 4400 00e8 

  0x00000211d7a48ef0: ; ImmutableOopMap {[120]=Oop [152]=Oop }
                      ;*invokestatic defineClass1 {reexecute=0 rethrow=0 return_oop=0}
                      ; - java.lang.ClassLoader::defineClass@27 (line 1023)
  0x00000211d7a48ef0: ecae 9107 

  0x00000211d7a48ef4: ;   {other}
  0x00000211d7a48ef4: 0f1f 8400 | 6405 0002 | 488b 5424 

  0x00000211d7a48f00: ;   {metadata(method data for {method} {0x00000211803fefd8} 'defineClass' '(Ljava/lang/String;[BIILjava/security/ProtectionDomain;)Ljava/lang/Class;' in 'java/lang/ClassLoader')}
  0x00000211d7a48f00: 7849 b8c0 | 5e2c c211 | 0200 0049 | 8380 8801 | 0000 014c | 8bc0 4c8b | 8c24 9800 | 0000 488b 
  0x00000211d7a48f20: 5424 7848 | 8984 24a0 | 0000 000f 

  0x00000211d7a48f2c: ;   {optimized virtual_call}
  0x00000211d7a48f2c: 1f40 00e8 

  0x00000211d7a48f30: ; ImmutableOopMap {[160]=Oop }
                      ;*invokevirtual postDefineClass {reexecute=0 rethrow=0 return_oop=0}
                      ; - java.lang.ClassLoader::defineClass@37 (line 1024)
  0x00000211d7a48f30: 6cf5 ffff 

  0x00000211d7a48f34: ;   {other}
  0x00000211d7a48f34: 0f1f 8400 | a405 0003 | 488b 8424 | a000 0000 | 4881 c4b0 | 0000 005d 

  0x00000211d7a48f4c: ;   {poll_return}
  0x00000211d7a48f4c: 493b a758 | 0400 000f | 8799 0000 

  0x00000211d7a48f58: ;   {metadata({method} {0x00000211803fefd8} 'defineClass' '(Ljava/lang/String;[BIILjava/security/ProtectionDomain;)Ljava/lang/Class;' in 'java/lang/ClassLoader')}
  0x00000211d7a48f58: 00c3 49ba | d0ef 3f80 | 1102 0000 | 4c89 5424 | 0848 c704 | 24ff ffff 

  0x00000211d7a48f70: ;   {runtime_call counter_overflow Runtime1 stub}
  0x00000211d7a48f70: ffe8 8a1b 

  0x00000211d7a48f74: ; ImmutableOopMap {rdx=Oop r8=Oop r9=Oop rcx=Oop [120]=Oop }
                      ;*synchronization entry
                      ; - java.lang.ClassLoader::defineClass@-1 (line 1021)
  0x00000211d7a48f74: 4307 e98f 

  0x00000211d7a48f78: ;   {metadata({method} {0x00000211803fecc0} 'defineClassSourceLocation' '(Ljava/security/ProtectionDomain;)Ljava/lang/String;' in 'java/lang/ClassLoader')}
  0x00000211d7a48f78: fcff ff49 | bab8 ec3f | 8011 0200 | 004c 8954 | 2408 48c7 | 0424 ffff 

  0x00000211d7a48f90: ;   {runtime_call counter_overflow Runtime1 stub}
  0x00000211d7a48f90: ffff e869 

  0x00000211d7a48f94: ; ImmutableOopMap {rax=Oop [120]=Oop [128]=Oop [136]=Oop [152]=Oop }
                      ;*synchronization entry
                      ; - java.lang.ClassLoader::defineClassSourceLocation@-1 (line 922)
                      ; - java.lang.ClassLoader::defineClass@12 (line 1022)
  0x00000211d7a48f94: 1b43 07e9 | 08fd ffff 

  0x00000211d7a48f9c: ;   {runtime_call throw_null_pointer_exception Runtime1 stub}
  0x00000211d7a48f9c: e8ff ca39 

  0x00000211d7a48fa0: ; ImmutableOopMap {rax=Oop [120]=Oop [128]=Oop [136]=Oop [152]=Oop }
                      ;*invokevirtual getCodeSource {reexecute=0 rethrow=0 return_oop=0}
                      ; - java.lang.ClassLoader::defineClassSourceLocation@1 (line 922)
                      ; - java.lang.ClassLoader::defineClass@12 (line 1022)
                      ;   {runtime_call throw_null_pointer_exception Runtime1 stub}
  0x00000211d7a48fa0: 07e8 faca 

  0x00000211d7a48fa4: ; ImmutableOopMap {rax=Oop r8=Oop [120]=Oop [128]=Oop [136]=Oop [152]=Oop }
                      ;*invokevirtual getLocation {reexecute=0 rethrow=0 return_oop=0}
                      ; - java.lang.ClassLoader::defineClassSourceLocation@12 (line 924)
                      ; - java.lang.ClassLoader::defineClass@12 (line 1022)
                      ;   {runtime_call throw_null_pointer_exception Runtime1 stub}
  0x00000211d7a48fa4: 3907 e8f5 

  0x00000211d7a48fa8: ; ImmutableOopMap {rdx=Oop [120]=Oop [128]=Oop [136]=Oop [152]=Oop }
                      ;*invokevirtual toString {reexecute=0 rethrow=0 return_oop=0}
                      ; - java.lang.ClassLoader::defineClassSourceLocation@22 (line 925)
                      ; - java.lang.ClassLoader::defineClass@12 (line 1022)
                      ;   {metadata({method} {0x000002118001a690} 'toString' '()Ljava/lang/String;' in 'java/net/URL')}
  0x00000211d7a48fa8: ca39 0749 | ba88 a601 | 8011 0200 | 004c 8954 | 2408 48c7 | 0424 ffff 

  0x00000211d7a48fc0: ;   {runtime_call counter_overflow Runtime1 stub}
  0x00000211d7a48fc0: ffff e839 

  0x00000211d7a48fc4: ; ImmutableOopMap {rdx=Oop [120]=Oop [128]=Oop [136]=Oop [152]=Oop }
                      ;*synchronization entry
                      ; - java.net.URL::toString@-1 (line 1189)
                      ; - java.lang.ClassLoader::defineClassSourceLocation@22 (line 925)
                      ; - java.lang.ClassLoader::defineClass@12 (line 1022)
  0x00000211d7a48fc4: 1b43 07e9 | dffd ffff 

  0x00000211d7a48fcc: ;   {metadata({method} {0x00000211803f38b8} 'toExternalForm' '()Ljava/lang/String;' in 'java/net/URL')}
  0x00000211d7a48fcc: 49ba b038 | 3f80 1102 | 0000 4c89 | 5424 0848 | c704 24ff 

  0x00000211d7a48fe0: ;   {runtime_call counter_overflow Runtime1 stub}
  0x00000211d7a48fe0: ffff ffe8 

  0x00000211d7a48fe4: ; ImmutableOopMap {rdx=Oop [120]=Oop [128]=Oop [136]=Oop [152]=Oop }
                      ;*synchronization entry
                      ; - java.net.URL::toExternalForm@-1 (line 1203)
                      ; - java.net.URL::toString@1 (line 1189)
                      ; - java.lang.ClassLoader::defineClassSourceLocation@22 (line 925)
                      ; - java.lang.ClassLoader::defineClass@12 (line 1022)
  0x00000211d7a48fe4: 181b 4307 | e9fc fdff 

  0x00000211d7a48fec: ;   {runtime_call throw_null_pointer_exception Runtime1 stub}
  0x00000211d7a48fec: ffe8 aeca 

  0x00000211d7a48ff0: ; ImmutableOopMap {rdx=Oop rsi=Oop [120]=Oop [128]=Oop [136]=Oop [152]=Oop }
                      ;*invokevirtual toExternalForm {reexecute=0 rethrow=0 return_oop=0}
                      ; - java.net.URL::toExternalForm@5 (line 1203)
                      ; - java.net.URL::toString@1 (line 1189)
                      ; - java.lang.ClassLoader::defineClassSourceLocation@22 (line 925)
                      ; - java.lang.ClassLoader::defineClass@12 (line 1022)
                      ;   {internal_word}
  0x00000211d7a48ff0: 3907 49ba | 4c8f a4d7 | 1102 0000 | 4d89 9770 

  0x00000211d7a49000: ;   {runtime_call SafepointBlob}
  0x00000211d7a49000: 0400 00e9 | 78db 3507 | 498b 8708 | 0500 0049 | c787 0805 | 0000 0000 | 0000 49c7 | 8710 0500 
  0x00000211d7a49020: 0000 0000 | 0048 81c4 | b000 0000 

  0x00000211d7a4902c: ;   {runtime_call unwind_exception Runtime1 stub}
  0x00000211d7a4902c: 5de9 4ed9 | 3907 f4f4 | f4f4 f4f4 
[Stub Code]
  0x00000211d7a49038: ;   {no_reloc}
  0x00000211d7a49038: 0f1f 4400 

  0x00000211d7a4903c: ;   {static_stub}
  0x00000211d7a4903c: 0048 bb00 | 0000 0000 

  0x00000211d7a49044: ;   {runtime_call}
  0x00000211d7a49044: 0000 00e9 | fbff ffff 

  0x00000211d7a4904c: ;   {static_stub}
  0x00000211d7a4904c: 48bb 0000 | 0000 0000 

  0x00000211d7a49054: ;   {runtime_call}
  0x00000211d7a49054: 0000 e9fb 

  0x00000211d7a49058: ;   {static_stub}
  0x00000211d7a49058: ffff ff48 | bb00 0000 | 0000 0000 

  0x00000211d7a49064: ;   {runtime_call}
  0x00000211d7a49064: 00e9 fbff 

  0x00000211d7a49068: ;   {static_stub}
  0x00000211d7a49068: ffff 48bb | 0000 0000 | 0000 0000 

  0x00000211d7a49074: ;   {runtime_call}
  0x00000211d7a49074: e9fb ffff 

  0x00000211d7a49078: ;   {runtime_call handle_exception_from_callee Runtime1 stub}
  0x00000211d7a49078: ffe8 02de 

  0x00000211d7a4907c: ;   {external_word}
  0x00000211d7a4907c: 4207 48b9 | c018 a33c | fa7f 0000 | 4883 e4f0 

  0x00000211d7a4908c: ;   {runtime_call}
  0x00000211d7a4908c: 48b8 c094 | 6a3c fa7f | 0000 ffd0 

  0x00000211d7a49098: ;   {section_word}
  0x00000211d7a49098: f449 ba99 | 90a4 d711 | 0200 0041 

  0x00000211d7a490a4: ;   {runtime_call DeoptimizationBlob}
  0x00000211d7a490a4: 52e9 76ef | 3507 f4f4 | f4f4 f4f4 
[/MachCode]


Compiled method (c1) 5469 1198       3       java.security.SecureClassLoader::defineClass (16 bytes)
 total in heap  [0x00000211d7a24090,0x00000211d7a24490] = 1024
 relocation     [0x00000211d7a241e8,0x00000211d7a24238] = 80
 main code      [0x00000211d7a24240,0x00000211d7a24398] = 344
 stub code      [0x00000211d7a24398,0x00000211d7a243e8] = 80
 metadata       [0x00000211d7a243e8,0x00000211d7a243f0] = 8
 scopes data    [0x00000211d7a243f0,0x00000211d7a24438] = 72
 scopes pcs     [0x00000211d7a24438,0x00000211d7a24488] = 80
 dependencies   [0x00000211d7a24488,0x00000211d7a24490] = 8

[Constant Pool (empty)]

[MachCode]
[Entry Point]
  # {method} {0x00000211800438c0} 'defineClass' '(Ljava/lang/String;[BIILjava/security/CodeSource;)Ljava/lang/Class;' in 'java/security/SecureClassLoader'
  # this:     rdx:rdx   = 'java/security/SecureClassLoader'
  # parm0:    r8:r8     = 'java/lang/String'
  # parm1:    r9:r9     = '[B'
  # parm2:    rdi       = int
  # parm3:    rsi       = int
  # parm4:    rcx:rcx   = 'java/security/CodeSource'
  #           [sp+0x80]  (sp of caller)
  0x00000211d7a24240: 448b 5208 | 49bb 0000 | 0080 1102 | 0000 4d03 | d34c 3bd0 

  0x00000211d7a24254: ;   {runtime_call ic_miss_stub}
  0x00000211d7a24254: 0f85 26a7 | 3707 660f | 1f44 0000 
[Verified Entry Point]
  0x00000211d7a24260: 8984 2400 | 80ff ff55 | 4883 ec70 | 4181 7f20 | 0100 0000 

  0x00000211d7a24274: ;   {runtime_call StubRoutines (final stubs)}
  0x00000211d7a24274: 7405 e845 

  0x00000211d7a24278: ;   {metadata(method data for {method} {0x00000211800438c0} 'defineClass' '(Ljava/lang/String;[BIILjava/security/CodeSource;)Ljava/lang/Class;' in 'java/security/SecureClassLoader')}
  0x00000211d7a24278: 2d36 0748 | bb80 dd1d | c211 0200 | 008b 83cc | 0000 0083 | c002 8983 | cc00 0000 | 25fe 0700 
  0x00000211d7a24298: 0085 c00f | 8496 0000 | 0089 7424 | 5c89 7c24 | 584c 894c | 2450 4c89 | 4424 4848 

  0x00000211d7a242b4: ;   {metadata(method data for {method} {0x00000211800438c0} 'defineClass' '(Ljava/lang/String;[BIILjava/security/CodeSource;)Ljava/lang/Class;' in 'java/security/SecureClassLoader')}
  0x00000211d7a242b4: 8bda 48b8 | 80dd 1dc2 | 1102 0000 | 4883 8018 | 0100 0001 | 4c8b c148 | 8bc2 488b | d048 8944 
  0x00000211d7a242d4: ;   {optimized virtual_call}
  0x00000211d7a242d4: 2440 90e8 

  0x00000211d7a242d8: ; ImmutableOopMap {[64]=Oop [72]=Oop [80]=Oop }
                      ;*invokevirtual getProtectionDomain {reexecute=0 rethrow=0 return_oop=0}
                      ; - java.security.SecureClassLoader::defineClass@9 (line 150)
  0x00000211d7a242d8: c4ac ffff 

  0x00000211d7a242dc: ;   {other}
  0x00000211d7a242dc: 0f1f 8400 | 4c02 0000 | 488b 5424 

  0x00000211d7a242e8: ;   {metadata(method data for {method} {0x00000211800438c0} 'defineClass' '(Ljava/lang/String;[BIILjava/security/CodeSource;)Ljava/lang/Class;' in 'java/security/SecureClassLoader')}
  0x00000211d7a242e8: 4049 b880 | dd1d c211 | 0200 0049 | 8380 4801 | 0000 014c | 8b44 2448 | 4c8b 4c24 | 508b 7c24 
  0x00000211d7a24308: 588b 7424 | 5c48 8bc8 | 488b 5424 

  0x00000211d7a24314: ;   {optimized virtual_call}
  0x00000211d7a24314: 4066 90e8 

  0x00000211d7a24318: ; ImmutableOopMap {}
                      ;*invokevirtual defineClass {reexecute=0 rethrow=0 return_oop=0}
                      ; - java.security.SecureClassLoader::defineClass@12 (line 150)
  0x00000211d7a24318: a448 0200 

  0x00000211d7a2431c: ;   {other}
  0x00000211d7a2431c: 0f1f 8400 | 8c02 0001 | 4883 c470 

  0x00000211d7a24328: ;   {poll_return}
  0x00000211d7a24328: 5d49 3ba7 | 5804 0000 | 0f87 2200 

  0x00000211d7a24334: ;   {metadata({method} {0x00000211800438c0} 'defineClass' '(Ljava/lang/String;[BIILjava/security/CodeSource;)Ljava/lang/Class;' in 'java/security/SecureClassLoader')}
  0x00000211d7a24334: 0000 c349 | bab8 3804 | 8011 0200 | 004c 8954 | 2408 48c7 | 0424 ffff 

  0x00000211d7a2434c: ;   {runtime_call counter_overflow Runtime1 stub}
  0x00000211d7a2434c: ffff e8ad 

  0x00000211d7a24350: ; ImmutableOopMap {rdx=Oop r8=Oop r9=Oop rcx=Oop }
                      ;*synchronization entry
                      ; - java.security.SecureClassLoader::defineClass@-1 (line 150)
  0x00000211d7a24350: 6745 07e9 | 49ff ffff 

  0x00000211d7a24358: ;   {internal_word}
  0x00000211d7a24358: 49ba 2943 | a2d7 1102 | 0000 4d89 | 9770 0400 

  0x00000211d7a24368: ;   {runtime_call SafepointBlob}
  0x00000211d7a24368: 00e9 1228 | 3807 498b | 8708 0500 | 0049 c787 | 0805 0000 | 0000 0000 | 49c7 8710 | 0500 0000 
  0x00000211d7a24388: 0000 0048 | 83c4 705d 

  0x00000211d7a24390: ;   {runtime_call unwind_exception Runtime1 stub}
  0x00000211d7a24390: e9eb 253c | 07f4 f4f4 
[Stub Code]
  0x00000211d7a24398: ;   {no_reloc}
  0x00000211d7a24398: 48bb 0000 | 0000 0000 

  0x00000211d7a243a0: ;   {runtime_call}
  0x00000211d7a243a0: 0000 e9fb 

  0x00000211d7a243a4: ;   {static_stub}
  0x00000211d7a243a4: ffff ff48 | bbd0 ef3f | 8011 0200 

  0x00000211d7a243b0: ;   {runtime_call I2C/C2I adapters}
  0x00000211d7a243b0: 00e9 dfa1 

  0x00000211d7a243b4: ;   {runtime_call handle_exception_from_callee Runtime1 stub}
  0x00000211d7a243b4: 3607 e8c5 

  0x00000211d7a243b8: ;   {external_word}
  0x00000211d7a243b8: 2a45 0748 | b9c0 18a3 | 3cfa 7f00 | 0048 83e4 

  0x00000211d7a243c8: ;   {runtime_call}
  0x00000211d7a243c8: f048 b8c0 | 946a 3cfa | 7f00 00ff 

  0x00000211d7a243d4: ;   {section_word}
  0x00000211d7a243d4: d0f4 49ba | d643 a2d7 | 1102 0000 

  0x00000211d7a243e0: ;   {runtime_call DeoptimizationBlob}
  0x00000211d7a243e0: 4152 e939 | 3c38 07f4 
[/MachCode]


---------------  P R O C E S S  ---------------

Threads class SMR info:
_java_thread_list=0x00000211c1ec7e20, length=15, elements={
0x00000211cd29a6b0, 0x00000211c112cee0, 0x00000211c112dbc0, 0x00000211c1133820,
0x00000211c1134370, 0x00000211c1135070, 0x00000211c1138560, 0x00000211c1138fd0,
0x00000211c116d890, 0x00000211c1338a90, 0x00000211c14e65a0, 0x00000211c17c59e0,
0x00000211c1cff750, 0x00000211c6153b20, 0x00000211c6375d10
}

Java Threads: ( => current thread )
  0x00000211cd29a6b0 JavaThread "main"                              [_thread_blocked, id=25820, stack(0x000000a7b9e00000,0x000000a7b9f00000) (1024K)]
  0x00000211c112cee0 JavaThread "Reference Handler"          daemon [_thread_blocked, id=24952, stack(0x000000a7ba600000,0x000000a7ba700000) (1024K)]
  0x00000211c112dbc0 JavaThread "Finalizer"                  daemon [_thread_blocked, id=26360, stack(0x000000a7ba700000,0x000000a7ba800000) (1024K)]
  0x00000211c1133820 JavaThread "Signal Dispatcher"          daemon [_thread_blocked, id=25708, stack(0x000000a7ba800000,0x000000a7ba900000) (1024K)]
  0x00000211c1134370 JavaThread "Attach Listener"            daemon [_thread_blocked, id=19072, stack(0x000000a7ba900000,0x000000a7baa00000) (1024K)]
  0x00000211c1135070 JavaThread "Service Thread"             daemon [_thread_blocked, id=1476, stack(0x000000a7baa00000,0x000000a7bab00000) (1024K)]
  0x00000211c1138560 JavaThread "Monitor Deflation Thread"   daemon [_thread_blocked, id=6252, stack(0x000000a7bab00000,0x000000a7bac00000) (1024K)]
  0x00000211c1138fd0 JavaThread "C2 CompilerThread0"         daemon [_thread_blocked, id=8908, stack(0x000000a7bac00000,0x000000a7bad00000) (1024K)]
  0x00000211c116d890 JavaThread "C1 CompilerThread0"         daemon [_thread_blocked, id=14896, stack(0x000000a7bad00000,0x000000a7bae00000) (1024K)]
  0x00000211c1338a90 JavaThread "Common-Cleaner"             daemon [_thread_blocked, id=23156, stack(0x000000a7bae00000,0x000000a7baf00000) (1024K)]
  0x00000211c14e65a0 JavaThread "Monitor Ctrl-Break"         daemon [_thread_in_native, id=5092, stack(0x000000a7baf00000,0x000000a7bb000000) (1024K)]
  0x00000211c17c59e0 JavaThread "Notification Thread"        daemon [_thread_blocked, id=24776, stack(0x000000a7bb000000,0x000000a7bb100000) (1024K)]
  0x00000211c1cff750 JavaThread "Thread-0"                          [_thread_blocked, id=19696, stack(0x000000a7bb400000,0x000000a7bb500000) (1024K)]
  0x00000211c6153b20 JavaThread "restartedMain"                     [_thread_in_vm, id=25872, stack(0x000000a7bb500000,0x000000a7bb600000) (1024K)]
=>0x00000211c6375d10 JavaThread "background-preinit"                [_thread_in_vm, id=21096, stack(0x000000a7bb600000,0x000000a7bb700000) (1024K)]
Total: 15

Other Threads:
  0x00000211cf591db0 VMThread "VM Thread"                           [id=14964, stack(0x000000a7ba500000,0x000000a7ba600000) (1024K)]
  0x00000211c111abf0 WatcherThread "VM Periodic Task Thread"        [id=24588, stack(0x000000a7ba400000,0x000000a7ba500000) (1024K)]
  0x00000211cf50ad30 WorkerThread "GC Thread#0"                     [id=9160, stack(0x000000a7b9f00000,0x000000a7ba000000) (1024K)]
  0x00000211c1aefb90 WorkerThread "GC Thread#1"                     [id=24200, stack(0x000000a7bb100000,0x000000a7bb200000) (1024K)]
  0x00000211c1b1f450 WorkerThread "GC Thread#2"                     [id=24656, stack(0x000000a7bb200000,0x000000a7bb300000) (1024K)]
  0x00000211c18ea800 WorkerThread "GC Thread#3"                     [id=11488, stack(0x000000a7bb300000,0x000000a7bb400000) (1024K)]
  0x00000211cf5133a0 ConcurrentGCThread "G1 Main Marker"            [id=8480, stack(0x000000a7ba000000,0x000000a7ba100000) (1024K)]
  0x00000211cf514060 WorkerThread "G1 Conc#0"                       [id=2740, stack(0x000000a7ba100000,0x000000a7ba200000) (1024K)]
  0x00000211cf56a7e0 ConcurrentGCThread "G1 Refine#0"               [id=24888, stack(0x000000a7ba200000,0x000000a7ba300000) (1024K)]
  0x00000211cf56b510 ConcurrentGCThread "G1 Service"                [id=22720, stack(0x000000a7ba300000,0x000000a7ba400000) (1024K)]
Total: 10

Threads with active compile tasks:
Total: 0

VM state: not at safepoint (normal execution)

VM Mutex/Monitor currently owned by a thread:  ([mutex/lock_event])
[0x00007ffa3ccd9b38] Metaspace_lock - owner thread: 0x00000211c6375d10

Heap address: 0x00000000c4c00000, size: 948 MB, Compressed Oops mode: 32-bit

CDS archive(s) mapped at: [0x0000021180000000-0x0000021180c60000-0x0000021180c60000), size 12976128, SharedBaseAddress: 0x0000021180000000, ArchiveRelocationMode: 1.
Compressed class space mapped at: 0x0000021181000000-0x00000211c1000000, reserved size: 1073741824
Narrow klass base: 0x0000021180000000, Narrow klass shift: 0, Narrow klass range: 0x41000000

GC Precious Log:
 CardTable entry size: 512
 Card Set container configuration: InlinePtr #cards 5 size 8 Array Of Cards #cards 12 size 40 Howl #buckets 4 coarsen threshold 1843 Howl Bitmap #cards 512 size 80 coarsen threshold 460 Card regions per heap region 1 cards per card region 2048
 CPUs: 4 total, 4 available
 Memory: 3784M
 Large Page Support: Disabled
 NUMA Support: Disabled
 Compressed Oops: Enabled (32-bit)
 Heap Region Size: 1M
 Heap Min Capacity: 8M
 Heap Initial Capacity: 60M
 Heap Max Capacity: 948M
 Pre-touch: Disabled
 Parallel Workers: 4
 Concurrent Workers: 1
 Concurrent Refinement Workers: 4
 Periodic GC: Disabled

Heap:
 garbage-first heap   total reserved 970752K, committed 61440K, used 28506K [0x00000000c4c00000, 0x0000000100000000)
  region size 1024K, 24 young (24576K), 2 survivors (2048K)
 Metaspace       used 14722K, committed 14912K, reserved 1114112K
  class space    used 1711K, committed 1792K, reserved 1048576K

Heap Regions: E=young(eden), S=young(survivor), O=old, HS=humongous(starts), HC=humongous(continues), CS=collection set, F=free, TAMS=top-at-mark-start, PB=parsable bottom
|   0|0x00000000c4c00000, 0x00000000c4d00000, 0x00000000c4d00000|100%|HS|  |TAMS 0x00000000c4c00000| PB 0x00000000c4c00000| Complete |  0
|   1|0x00000000c4d00000, 0x00000000c4e00000, 0x00000000c4e00000|100%| O|  |TAMS 0x00000000c4d00000| PB 0x00000000c4d00000| Untracked |  0
|   2|0x00000000c4e00000, 0x00000000c4f00000, 0x00000000c4f00000|100%| O|  |TAMS 0x00000000c4e00000| PB 0x00000000c4e00000| Untracked |  0
|   3|0x00000000c4f00000, 0x00000000c5000000, 0x00000000c5000000|100%| O|  |TAMS 0x00000000c4f00000| PB 0x00000000c4f00000| Untracked |  0
|   4|0x00000000c5000000, 0x00000000c5100000, 0x00000000c5100000|100%| O|  |TAMS 0x00000000c5000000| PB 0x00000000c5000000| Untracked |  0
|   5|0x00000000c5100000, 0x00000000c5200000, 0x00000000c5200000|100%| O|  |TAMS 0x00000000c5100000| PB 0x00000000c5100000| Untracked |  0
|   6|0x00000000c5200000, 0x00000000c527a920, 0x00000000c5300000| 47%| O|  |TAMS 0x00000000c5200000| PB 0x00000000c5200000| Untracked |  0
|   7|0x00000000c5300000, 0x00000000c5300000, 0x00000000c5400000|  0%| F|  |TAMS 0x00000000c5300000| PB 0x00000000c5300000| Untracked |  0
|   8|0x00000000c5400000, 0x00000000c5400000, 0x00000000c5500000|  0%| F|  |TAMS 0x00000000c5400000| PB 0x00000000c5400000| Untracked |  0
|   9|0x00000000c5500000, 0x00000000c5500000, 0x00000000c5600000|  0%| F|  |TAMS 0x00000000c5500000| PB 0x00000000c5500000| Untracked |  0
|  10|0x00000000c5600000, 0x00000000c5600000, 0x00000000c5700000|  0%| F|  |TAMS 0x00000000c5600000| PB 0x00000000c5600000| Untracked |  0
|  11|0x00000000c5700000, 0x00000000c5700000, 0x00000000c5800000|  0%| F|  |TAMS 0x00000000c5700000| PB 0x00000000c5700000| Untracked |  0
|  12|0x00000000c5800000, 0x00000000c5800000, 0x00000000c5900000|  0%| F|  |TAMS 0x00000000c5800000| PB 0x00000000c5800000| Untracked |  0
|  13|0x00000000c5900000, 0x00000000c5900000, 0x00000000c5a00000|  0%| F|  |TAMS 0x00000000c5900000| PB 0x00000000c5900000| Untracked |  0
|  14|0x00000000c5a00000, 0x00000000c5a00000, 0x00000000c5b00000|  0%| F|  |TAMS 0x00000000c5a00000| PB 0x00000000c5a00000| Untracked |  0
|  15|0x00000000c5b00000, 0x00000000c5b00000, 0x00000000c5c00000|  0%| F|  |TAMS 0x00000000c5b00000| PB 0x00000000c5b00000| Untracked |  0
|  16|0x00000000c5c00000, 0x00000000c5c00000, 0x00000000c5d00000|  0%| F|  |TAMS 0x00000000c5c00000| PB 0x00000000c5c00000| Untracked |  0
|  17|0x00000000c5d00000, 0x00000000c5d00000, 0x00000000c5e00000|  0%| F|  |TAMS 0x00000000c5d00000| PB 0x00000000c5d00000| Untracked |  0
|  18|0x00000000c5e00000, 0x00000000c5e00000, 0x00000000c5f00000|  0%| F|  |TAMS 0x00000000c5e00000| PB 0x00000000c5e00000| Untracked |  0
|  19|0x00000000c5f00000, 0x00000000c5f00000, 0x00000000c6000000|  0%| F|  |TAMS 0x00000000c5f00000| PB 0x00000000c5f00000| Untracked |  0
|  20|0x00000000c6000000, 0x00000000c6000000, 0x00000000c6100000|  0%| F|  |TAMS 0x00000000c6000000| PB 0x00000000c6000000| Untracked |  0
|  21|0x00000000c6100000, 0x00000000c6100000, 0x00000000c6200000|  0%| F|  |TAMS 0x00000000c6100000| PB 0x00000000c6100000| Untracked |  0
|  22|0x00000000c6200000, 0x00000000c6200000, 0x00000000c6300000|  0%| F|  |TAMS 0x00000000c6200000| PB 0x00000000c6200000| Untracked |  0
|  23|0x00000000c6300000, 0x00000000c6300000, 0x00000000c6400000|  0%| F|  |TAMS 0x00000000c6300000| PB 0x00000000c6300000| Untracked |  0
|  24|0x00000000c6400000, 0x00000000c6400000, 0x00000000c6500000|  0%| F|  |TAMS 0x00000000c6400000| PB 0x00000000c6400000| Untracked |  0
|  25|0x00000000c6500000, 0x00000000c6500000, 0x00000000c6600000|  0%| F|  |TAMS 0x00000000c6500000| PB 0x00000000c6500000| Untracked |  0
|  26|0x00000000c6600000, 0x00000000c6600000, 0x00000000c6700000|  0%| F|  |TAMS 0x00000000c6600000| PB 0x00000000c6600000| Untracked |  0
|  27|0x00000000c6700000, 0x00000000c6700000, 0x00000000c6800000|  0%| F|  |TAMS 0x00000000c6700000| PB 0x00000000c6700000| Untracked |  0
|  28|0x00000000c6800000, 0x00000000c6800000, 0x00000000c6900000|  0%| F|  |TAMS 0x00000000c6800000| PB 0x00000000c6800000| Untracked |  0
|  29|0x00000000c6900000, 0x00000000c6900000, 0x00000000c6a00000|  0%| F|  |TAMS 0x00000000c6900000| PB 0x00000000c6900000| Untracked |  0
|  30|0x00000000c6a00000, 0x00000000c6a00000, 0x00000000c6b00000|  0%| F|  |TAMS 0x00000000c6a00000| PB 0x00000000c6a00000| Untracked |  0
|  31|0x00000000c6b00000, 0x00000000c6b00000, 0x00000000c6c00000|  0%| F|  |TAMS 0x00000000c6b00000| PB 0x00000000c6b00000| Untracked |  0
|  32|0x00000000c6c00000, 0x00000000c6c00000, 0x00000000c6d00000|  0%| F|  |TAMS 0x00000000c6c00000| PB 0x00000000c6c00000| Untracked |  0
|  33|0x00000000c6d00000, 0x00000000c6d00000, 0x00000000c6e00000|  0%| F|  |TAMS 0x00000000c6d00000| PB 0x00000000c6d00000| Untracked |  0
|  34|0x00000000c6e00000, 0x00000000c6e00000, 0x00000000c6f00000|  0%| F|  |TAMS 0x00000000c6e00000| PB 0x00000000c6e00000| Untracked |  0
|  35|0x00000000c6f00000, 0x00000000c6f00000, 0x00000000c7000000|  0%| F|  |TAMS 0x00000000c6f00000| PB 0x00000000c6f00000| Untracked |  0
|  36|0x00000000c7000000, 0x00000000c70c26f0, 0x00000000c7100000| 75%| E|  |TAMS 0x00000000c7000000| PB 0x00000000c7000000| Complete |  0
|  37|0x00000000c7100000, 0x00000000c7200000, 0x00000000c7200000|100%| E|CS|TAMS 0x00000000c7100000| PB 0x00000000c7100000| Complete |  0
|  38|0x00000000c7200000, 0x00000000c7300000, 0x00000000c7300000|100%| E|CS|TAMS 0x00000000c7200000| PB 0x00000000c7200000| Complete |  0
|  39|0x00000000c7300000, 0x00000000c7400000, 0x00000000c7400000|100%| E|CS|TAMS 0x00000000c7300000| PB 0x00000000c7300000| Complete |  0
|  40|0x00000000c7400000, 0x00000000c7500000, 0x00000000c7500000|100%| E|CS|TAMS 0x00000000c7400000| PB 0x00000000c7400000| Complete |  0
|  41|0x00000000c7500000, 0x00000000c7600000, 0x00000000c7600000|100%| E|CS|TAMS 0x00000000c7500000| PB 0x00000000c7500000| Complete |  0
|  42|0x00000000c7600000, 0x00000000c765c1c0, 0x00000000c7700000| 35%| S|CS|TAMS 0x00000000c7600000| PB 0x00000000c7600000| Complete |  0
|  43|0x00000000c7700000, 0x00000000c7800000, 0x00000000c7800000|100%| S|CS|TAMS 0x00000000c7700000| PB 0x00000000c7700000| Complete |  0
|  44|0x00000000c7800000, 0x00000000c7900000, 0x00000000c7900000|100%| E|  |TAMS 0x00000000c7800000| PB 0x00000000c7800000| Complete |  0
|  45|0x00000000c7900000, 0x00000000c7a00000, 0x00000000c7a00000|100%| E|CS|TAMS 0x00000000c7900000| PB 0x00000000c7900000| Complete |  0
|  46|0x00000000c7a00000, 0x00000000c7b00000, 0x00000000c7b00000|100%| E|CS|TAMS 0x00000000c7a00000| PB 0x00000000c7a00000| Complete |  0
|  47|0x00000000c7b00000, 0x00000000c7c00000, 0x00000000c7c00000|100%| E|CS|TAMS 0x00000000c7b00000| PB 0x00000000c7b00000| Complete |  0
|  48|0x00000000c7c00000, 0x00000000c7d00000, 0x00000000c7d00000|100%| E|CS|TAMS 0x00000000c7c00000| PB 0x00000000c7c00000| Complete |  0
|  49|0x00000000c7d00000, 0x00000000c7e00000, 0x00000000c7e00000|100%| E|CS|TAMS 0x00000000c7d00000| PB 0x00000000c7d00000| Complete |  0
|  50|0x00000000c7e00000, 0x00000000c7f00000, 0x00000000c7f00000|100%| E|CS|TAMS 0x00000000c7e00000| PB 0x00000000c7e00000| Complete |  0
|  51|0x00000000c7f00000, 0x00000000c8000000, 0x00000000c8000000|100%| E|CS|TAMS 0x00000000c7f00000| PB 0x00000000c7f00000| Complete |  0
|  52|0x00000000c8000000, 0x00000000c8100000, 0x00000000c8100000|100%| E|CS|TAMS 0x00000000c8000000| PB 0x00000000c8000000| Complete |  0
|  53|0x00000000c8100000, 0x00000000c8200000, 0x00000000c8200000|100%| E|CS|TAMS 0x00000000c8100000| PB 0x00000000c8100000| Complete |  0
|  54|0x00000000c8200000, 0x00000000c8300000, 0x00000000c8300000|100%| E|CS|TAMS 0x00000000c8200000| PB 0x00000000c8200000| Complete |  0
|  55|0x00000000c8300000, 0x00000000c8400000, 0x00000000c8400000|100%| E|CS|TAMS 0x00000000c8300000| PB 0x00000000c8300000| Complete |  0
|  56|0x00000000c8400000, 0x00000000c8500000, 0x00000000c8500000|100%| E|CS|TAMS 0x00000000c8400000| PB 0x00000000c8400000| Complete |  0
|  57|0x00000000c8500000, 0x00000000c8600000, 0x00000000c8600000|100%| E|CS|TAMS 0x00000000c8500000| PB 0x00000000c8500000| Complete |  0
|  58|0x00000000c8600000, 0x00000000c8700000, 0x00000000c8700000|100%| E|CS|TAMS 0x00000000c8600000| PB 0x00000000c8600000| Complete |  0
|  59|0x00000000c8700000, 0x00000000c8800000, 0x00000000c8800000|100%| E|CS|TAMS 0x00000000c8700000| PB 0x00000000c8700000| Complete |  0

Card table byte_map: [0x00000211e6820000,0x00000211e6a00000] _byte_map_base: 0x00000211e61fa000

Marking Bits: (CMBitMap*) 0x00000211cf50b440
 Bits: [0x00000211e6a00000, 0x00000211e78d0000)

Polling page: 0x00000211cd400000

Metaspace:

Usage:
  Non-class:     12.71 MB used.
      Class:      1.67 MB used.
       Both:     14.38 MB used.

Virtual space:
  Non-class space:       64.00 MB reserved,      12.81 MB ( 20%) committed,  1 nodes.
      Class space:        1.00 GB reserved,       1.75 MB ( <1%) committed,  1 nodes.
             Both:        1.06 GB reserved,      14.56 MB (  1%) committed. 

Chunk freelists:
   Non-Class:  2.86 MB
       Class:  14.19 MB
        Both:  17.05 MB

MaxMetaspaceSize: unlimited
CompressedClassSpaceSize: 1.00 GB
Initial GC threshold: 21.00 MB
Current GC threshold: 21.00 MB
CDS: on
 - commit_granule_bytes: 65536.
 - commit_granule_words: 8192.
 - virtual_space_node_default_size: 8388608.
 - enlarge_chunks_in_place: 1.
 - use_allocation_guard: 0.


Internal statistics:

num_allocs_failed_limit: 0.
num_arena_births: 258.
num_arena_deaths: 0.
num_vsnodes_births: 2.
num_vsnodes_deaths: 0.
num_space_committed: 233.
num_space_uncommitted: 0.
num_chunks_returned_to_freelist: 0.
num_chunks_taken_from_freelist: 699.
num_chunk_merges: 0.
num_chunk_splits: 440.
num_chunks_enlarged: 292.
num_inconsistent_stats: 0.

CodeHeap 'non-profiled nmethods': size=120000Kb used=766Kb max_used=766Kb free=119234Kb
 bounds [0x00000211df2f0000, 0x00000211df560000, 0x00000211e6820000]
CodeHeap 'profiled nmethods': size=120000Kb used=3767Kb max_used=3767Kb free=116232Kb
 bounds [0x00000211d7820000, 0x00000211d7bd0000, 0x00000211ded50000]
CodeHeap 'non-nmethods': size=5760Kb used=1594Kb max_used=1607Kb free=4165Kb
 bounds [0x00000211ded50000, 0x00000211defc0000, 0x00000211df2f0000]
 total_blobs=2567 nmethods=2041 adapters=430
 compilation: enabled
              stopped_count=0, restarted_count=0
 full_count=0

Compilation events (20 events):
Event: 5.326 Thread 0x00000211c116d890 2032       3       java.lang.System::checkKey (34 bytes)
Event: 5.326 Thread 0x00000211c116d890 nmethod 2032 0x00000211d7bc8410 code [0x00000211d7bc85e0, 0x00000211d7bc8988]
Event: 5.326 Thread 0x00000211c116d890 2036       3       java.lang.invoke.MethodHandles$Lookup$ClassOption::optionsToFlag (40 bytes)
Event: 5.326 Thread 0x00000211c116d890 nmethod 2036 0x00000211d7bc8b10 code [0x00000211d7bc8ce0, 0x00000211d7bc91b8]
Event: 5.327 Thread 0x00000211c116d890 2033       3       java.lang.invoke.MethodHandles$Lookup$ClassFile::newInstanceNoCheck (11 bytes)
Event: 5.327 Thread 0x00000211c116d890 nmethod 2033 0x00000211d7bc9390 code [0x00000211d7bc9540, 0x00000211d7bc9800]
Event: 5.327 Thread 0x00000211c116d890 2034       3       java.lang.invoke.MethodHandles$Lookup$ClassFile::<init> (20 bytes)
Event: 5.327 Thread 0x00000211c116d890 nmethod 2034 0x00000211d7bc9910 code [0x00000211d7bc9ac0, 0x00000211d7bc9ce8]
Event: 5.327 Thread 0x00000211c116d890 2035       3       java.lang.invoke.MethodHandles$Lookup::makeHiddenClassDefiner (44 bytes)
Event: 5.327 Thread 0x00000211c116d890 nmethod 2035 0x00000211d7bc9d90 code [0x00000211d7bc9fa0, 0x00000211d7bca670]
Event: 5.327 Thread 0x00000211c116d890 2037       3       java.lang.invoke.MethodHandles$Lookup$ClassDefiner::<init> (64 bytes)
Event: 5.328 Thread 0x00000211c116d890 nmethod 2037 0x00000211d7bca910 code [0x00000211d7bcaac0, 0x00000211d7bcadb8]
Event: 5.329 Thread 0x00000211c116d890 2038       3       java.lang.invoke.LambdaFormEditor::bindArgumentType (101 bytes)
Event: 5.329 Thread 0x00000211c116d890 nmethod 2038 0x00000211d7bcae90 code [0x00000211d7bcb040, 0x00000211d7bcb258]
Event: 5.329 Thread 0x00000211c116d890 2039       3       java.lang.invoke.LambdaFormEditor::bindArgumentForm (255 bytes)
Event: 5.331 Thread 0x00000211c116d890 nmethod 2039 0x00000211d7bcb390 code [0x00000211d7bcb740, 0x00000211d7bccb78]
Event: 5.331 Thread 0x00000211c116d890 2040       3       java.lang.invoke.LambdaFormEditor$TransformKey::of (49 bytes)
Event: 5.331 Thread 0x00000211c116d890 nmethod 2040 0x00000211d7bcd510 code [0x00000211d7bcd700, 0x00000211d7bcdc50]
Event: 5.335 Thread 0x00000211c1138fd0 2041       4       java.lang.String::regionMatches (150 bytes)
Event: 5.339 Thread 0x00000211c1138fd0 nmethod 2041 0x00000211df3af090 code [0x00000211df3af240, 0x00000211df3af588]

GC Heap History (4 events):
Event: 2.167 GC heap before
{Heap before GC invocations=0 (full 0):
 garbage-first heap   total reserved 970752K, committed 61440K, used 14336K [0x00000000c4c00000, 0x0000000100000000)
  region size 1024K, 14 young (14336K), 0 survivors (0K)
 Metaspace       used 3919K, committed 4096K, reserved 1114112K
  class space    used 419K, committed 512K, reserved 1048576K
}
Event: 2.181 GC heap after
{Heap after GC invocations=1 (full 0):
 garbage-first heap   total reserved 970752K, committed 61440K, used 6272K [0x00000000c4c00000, 0x0000000100000000)
  region size 1024K, 2 young (2048K), 2 survivors (2048K)
 Metaspace       used 3919K, committed 4096K, reserved 1114112K
  class space    used 419K, committed 512K, reserved 1048576K
}
Event: 3.763 GC heap before
{Heap before GC invocations=1 (full 0):
 garbage-first heap   total reserved 970752K, committed 61440K, used 19584K [0x00000000c4c00000, 0x0000000100000000)
  region size 1024K, 16 young (16384K), 2 survivors (2048K)
 Metaspace       used 7397K, committed 7744K, reserved 1114112K
  class space    used 863K, committed 1024K, reserved 1048576K
}
Event: 3.777 GC heap after
{Heap after GC invocations=2 (full 0):
 garbage-first heap   total reserved 970752K, committed 61440K, used 8026K [0x00000000c4c00000, 0x0000000100000000)
  region size 1024K, 2 young (2048K), 2 survivors (2048K)
 Metaspace       used 7397K, committed 7744K, reserved 1114112K
  class space    used 863K, committed 1024K, reserved 1048576K
}

Dll operation events (13 events):
Event: 0.066 Loaded shared library C:\Program Files\Java\jdk-22\bin\java.dll
Event: 0.163 Loaded shared library C:\Program Files\Java\jdk-22\bin\jsvml.dll
Event: 0.900 Loaded shared library C:\Program Files\Java\jdk-22\bin\zip.dll
Event: 0.926 Loaded shared library C:\Program Files\Java\jdk-22\bin\instrument.dll
Event: 0.939 Loaded shared library C:\Program Files\Java\jdk-22\bin\net.dll
Event: 0.942 Loaded shared library C:\Program Files\Java\jdk-22\bin\nio.dll
Event: 0.956 Loaded shared library C:\Program Files\Java\jdk-22\bin\zip.dll
Event: 1.413 Loaded shared library C:\Program Files\JetBrains\IntelliJ IDEA Community Edition 2024.1.1\bin\breakgen64.dll
Event: 1.465 Loaded shared library C:\Program Files\Java\jdk-22\bin\extnet.dll
Event: 1.544 Loaded shared library C:\Program Files\Java\jdk-22\bin\jimage.dll
Event: 2.493 Loaded shared library C:\Program Files\Java\jdk-22\bin\management.dll
Event: 2.523 Loaded shared library C:\Program Files\Java\jdk-22\bin\management_ext.dll
Event: 4.258 Loaded shared library C:\Program Files\Java\jdk-22\bin\le.dll

Deoptimization events (20 events):
Event: 4.585 Thread 0x00000211c6375d10 Uncommon trap: trap_request=0xffffff45 fr.pc=0x00000211df3637d4 relative=0x0000000000000054
Event: 4.585 Thread 0x00000211c6375d10 Uncommon trap: reason=unstable_if action=reinterpret pc=0x00000211df3637d4 method=java.lang.CharacterData.of(I)Ljava/lang/CharacterData; @ 4 c2
Event: 4.585 Thread 0x00000211c6375d10 DEOPT PACKING pc=0x00000211df3637d4 sp=0x000000a7bb6fd4a0
Event: 4.585 Thread 0x00000211c6375d10 DEOPT UNPACKING pc=0x00000211deda7da2 sp=0x000000a7bb6fd438 mode 2
Event: 5.283 Thread 0x00000211c6153b20 Uncommon trap: trap_request=0xffffffc6 fr.pc=0x00000211df39ecdc relative=0x000000000000037c
Event: 5.283 Thread 0x00000211c6153b20 Uncommon trap: reason=bimorphic_or_optimized_type_check action=maybe_recompile pc=0x00000211df39ecdc method=java.nio.Buffer.<init>(IIIILjava/lang/foreign/MemorySegment;)V @ 39 c2
Event: 5.283 Thread 0x00000211c6153b20 DEOPT PACKING pc=0x00000211df39ecdc sp=0x000000a7bb5fe510
Event: 5.283 Thread 0x00000211c6153b20 DEOPT UNPACKING pc=0x00000211deda7da2 sp=0x000000a7bb5fe4e8 mode 2
Event: 5.284 Thread 0x00000211c6153b20 Uncommon trap: trap_request=0xffffffc6 fr.pc=0x00000211df39ecdc relative=0x000000000000037c
Event: 5.284 Thread 0x00000211c6153b20 Uncommon trap: reason=bimorphic_or_optimized_type_check action=maybe_recompile pc=0x00000211df39ecdc method=java.nio.Buffer.<init>(IIIILjava/lang/foreign/MemorySegment;)V @ 39 c2
Event: 5.284 Thread 0x00000211c6153b20 DEOPT PACKING pc=0x00000211df39ecdc sp=0x000000a7bb5fe1e0
Event: 5.284 Thread 0x00000211c6153b20 DEOPT UNPACKING pc=0x00000211deda7da2 sp=0x000000a7bb5fe1b8 mode 2
Event: 5.289 Thread 0x00000211c6153b20 Uncommon trap: trap_request=0xffffffc6 fr.pc=0x00000211df39ecdc relative=0x000000000000037c
Event: 5.289 Thread 0x00000211c6153b20 Uncommon trap: reason=bimorphic_or_optimized_type_check action=maybe_recompile pc=0x00000211df39ecdc method=java.nio.Buffer.<init>(IIIILjava/lang/foreign/MemorySegment;)V @ 39 c2
Event: 5.289 Thread 0x00000211c6153b20 DEOPT PACKING pc=0x00000211df39ecdc sp=0x000000a7bb5fe500
Event: 5.289 Thread 0x00000211c6153b20 DEOPT UNPACKING pc=0x00000211deda7da2 sp=0x000000a7bb5fe4d8 mode 2
Event: 5.290 Thread 0x00000211c6153b20 Uncommon trap: trap_request=0xffffffc6 fr.pc=0x00000211df39ecdc relative=0x000000000000037c
Event: 5.290 Thread 0x00000211c6153b20 Uncommon trap: reason=bimorphic_or_optimized_type_check action=maybe_recompile pc=0x00000211df39ecdc method=java.nio.Buffer.<init>(IIIILjava/lang/foreign/MemorySegment;)V @ 39 c2
Event: 5.290 Thread 0x00000211c6153b20 DEOPT PACKING pc=0x00000211df39ecdc sp=0x000000a7bb5fe280
Event: 5.290 Thread 0x00000211c6153b20 DEOPT UNPACKING pc=0x00000211deda7da2 sp=0x000000a7bb5fe258 mode 2

Classes loaded (20 events):
Event: 4.516 Loading class java/util/concurrent/atomic/AtomicReferenceArray
Event: 4.516 Loading class java/util/concurrent/atomic/AtomicReferenceArray done
Event: 4.517 Loading class java/lang/invoke/VarHandleReferences$Array
Event: 4.517 Loading class java/lang/invoke/VarHandleReferences$Array done
Event: 4.524 Loading class java/io/NotSerializableException
Event: 4.525 Loading class java/io/NotSerializableException done
Event: 4.544 Loading class java/util/RegularEnumSet$EnumSetIterator
Event: 4.544 Loading class java/util/RegularEnumSet$EnumSetIterator done
Event: 4.576 Loading class sun/text/resources/cldr/FormatData_en
Event: 4.578 Loading class sun/text/resources/cldr/FormatData_en done
Event: 4.578 Loading class sun/text/resources/cldr/FormatData_en_US
Event: 4.578 Loading class sun/text/resources/cldr/FormatData_en_US done
Event: 4.890 Loading class java/lang/CloneNotSupportedException
Event: 4.959 Loading class java/lang/CloneNotSupportedException done
Event: 4.963 Loading class java/io/CharArrayReader
Event: 4.990 Loading class java/io/CharArrayReader done
Event: 5.289 Loading class java/lang/Deprecated
Event: 5.289 Loading class java/lang/Deprecated done
Event: 5.333 Loading class java/time/ZonedDateTime$1
Event: 5.334 Loading class java/time/ZonedDateTime$1 done

Classes unloaded (0 events):
No events

Classes redefined (0 events):
No events

Internal exceptions (20 events):
Event: 4.025 Thread 0x00000211c6153b20 Exception <a 'java/lang/NoSuchMethodError'{0x00000000c85e4130}: 'java.lang.Object java.lang.invoke.DirectMethodHandle$Holder.invokeSpecial(java.lang.Object, java.lang.Object, java.lang.Object, int, java.lang.Object)'> (0x00000000c85e4130) 
thrown [s\open\src\hotspot\share\interpreter\linkResolver.cpp, line 774]
Event: 4.026 Thread 0x00000211c6153b20 Exception <a 'java/lang/NoSuchMethodError'{0x00000000c85ebbf0}: 'java.lang.Object java.lang.invoke.DirectMethodHandle$Holder.newInvokeSpecial(java.lang.Object, java.lang.Object, java.lang.Object, int, java.lang.Object)'> (0x00000000c85ebbf0) 
thrown [s\open\src\hotspot\share\interpreter\linkResolver.cpp, line 774]
Event: 4.027 Thread 0x00000211c6153b20 Exception <a 'java/lang/NoSuchMethodError'{0x00000000c85f33e0}: 'java.lang.Object java.lang.invoke.Invokers$Holder.linkToTargetMethod(java.lang.Object, java.lang.Object, int, java.lang.Object, java.lang.Object)'> (0x00000000c85f33e0) 
thrown [s\open\src\hotspot\share\interpreter\linkResolver.cpp, line 774]
Event: 4.029 Thread 0x00000211c6153b20 Exception <a 'java/lang/NoSuchMethodError'{0x00000000c8401a78}: 'java.lang.Object java.lang.invoke.DirectMethodHandle$Holder.newInvokeSpecial(java.lang.Object, int, java.lang.Object)'> (0x00000000c8401a78) 
thrown [s\open\src\hotspot\share\interpreter\linkResolver.cpp, line 774]
Event: 4.029 Thread 0x00000211c6153b20 Exception <a 'java/lang/NoSuchMethodError'{0x00000000c84065e8}: 'int java.lang.invoke.DirectMethodHandle$Holder.invokeSpecialIFC(java.lang.Object, java.lang.Object, java.lang.Object, java.lang.Object)'> (0x00000000c84065e8) 
thrown [s\open\src\hotspot\share\interpreter\linkResolver.cpp, line 774]
Event: 4.059 Thread 0x00000211c6153b20 Exception <a 'java/lang/NoSuchMethodError'{0x00000000c84d2cb0}: 'void java.lang.invoke.DirectMethodHandle$Holder.invokeInterface(java.lang.Object, java.lang.Object, java.lang.Object)'> (0x00000000c84d2cb0) 
thrown [s\open\src\hotspot\share\interpreter\linkResolver.cpp, line 774]
Event: 4.090 Thread 0x00000211c6153b20 Exception <a 'java/lang/NoSuchMethodError'{0x00000000c8372470}: 'void java.lang.invoke.DirectMethodHandle$Holder.invokeStaticInit(java.lang.Object, java.lang.Object, java.lang.Object)'> (0x00000000c8372470) 
thrown [s\open\src\hotspot\share\interpreter\linkResolver.cpp, line 774]
Event: 4.098 Thread 0x00000211c6153b20 Exception <a 'java/lang/NoSuchMethodError'{0x00000000c83b5af8}: 'java.lang.Object java.lang.invoke.DirectMethodHandle$Holder.invokeStatic(java.lang.Object, long, java.lang.Object)'> (0x00000000c83b5af8) 
thrown [s\open\src\hotspot\share\interpreter\linkResolver.cpp, line 774]
Event: 4.098 Thread 0x00000211c6153b20 Exception <a 'java/lang/NoSuchMethodError'{0x00000000c83b9180}: 'java.lang.Object java.lang.invoke.DirectMethodHandle$Holder.invokeStaticInit(java.lang.Object, long, java.lang.Object)'> (0x00000000c83b9180) 
thrown [s\open\src\hotspot\share\interpreter\linkResolver.cpp, line 774]
Event: 4.100 Thread 0x00000211c6153b20 Exception <a 'java/lang/NoSuchMethodError'{0x00000000c83bec78}: 'java.lang.Object java.lang.invoke.DirectMethodHandle$Holder.newInvokeSpecial(java.lang.Object, long)'> (0x00000000c83bec78) 
thrown [s\open\src\hotspot\share\interpreter\linkResolver.cpp, line 774]
Event: 4.123 Thread 0x00000211c6153b20 Exception <a 'java/lang/NoSuchMethodError'{0x00000000c8219058}: 'void java.lang.invoke.DirectMethodHandle$Holder.invokeVirtual(java.lang.Object, java.lang.Object, java.lang.Object, java.lang.Object)'> (0x00000000c8219058) 
thrown [s\open\src\hotspot\share\interpreter\linkResolver.cpp, line 774]
Event: 4.202 Thread 0x00000211c6153b20 Exception <a 'java/lang/IncompatibleClassChangeError'{0x00000000c81b4830}: Found class java.lang.Object, but interface was expected> (0x00000000c81b4830) 
thrown [s\open\src\hotspot\share\interpreter\linkResolver.cpp, line 841]
Event: 4.203 Thread 0x00000211c6375d10 Exception <a 'java/lang/NoClassDefFoundError'{0x00000000c81a6010}: jakarta/validation/Validation> (0x00000000c81a6010) 
thrown [s\open\src\hotspot\share\classfile\systemDictionary.cpp, line 302]
Event: 4.210 Thread 0x00000211c6153b20 Exception <a 'java/lang/NoSuchMethodError'{0x00000000c81c96a0}: 'java.lang.Object java.lang.invoke.DirectMethodHandle$Holder.invokeStaticInit(java.lang.Object, int)'> (0x00000000c81c96a0) 
thrown [s\open\src\hotspot\share\interpreter\linkResolver.cpp, line 774]
Event: 4.214 Thread 0x00000211c6153b20 Exception <a 'java/lang/NoSuchMethodError'{0x00000000c80074e8}: 'java.lang.Object java.lang.invoke.DirectMethodHandle$Holder.invokeStatic(java.lang.Object, int, java.lang.Object)'> (0x00000000c80074e8) 
thrown [s\open\src\hotspot\share\interpreter\linkResolver.cpp, line 774]
Event: 4.215 Thread 0x00000211c6153b20 Exception <a 'java/lang/NoSuchMethodError'{0x00000000c800ab68}: 'java.lang.Object java.lang.invoke.DirectMethodHandle$Holder.invokeStaticInit(java.lang.Object, int, java.lang.Object)'> (0x00000000c800ab68) 
thrown [s\open\src\hotspot\share\interpreter\linkResolver.cpp, line 774]
Event: 4.248 Thread 0x00000211c6153b20 Exception <a 'sun/nio/fs/WindowsException'{0x00000000c80c0bb0}> (0x00000000c80c0bb0) 
thrown [s\open\src\hotspot\share\prims\jni.cpp, line 520]
Event: 4.261 Thread 0x00000211c6153b20 Exception <a 'jdk/internal/org/jline/terminal/impl/jna/LastErrorException'{0x00000000c80cd250}> (0x00000000c80cd250) 
thrown [s\open\src\hotspot\share\prims\jni.cpp, line 520]
Event: 4.261 Thread 0x00000211c6153b20 Exception <a 'jdk/internal/org/jline/terminal/impl/jna/LastErrorException'{0x00000000c80cd910}> (0x00000000c80cd910) 
thrown [s\open\src\hotspot\share\prims\jni.cpp, line 520]
Event: 4.261 Thread 0x00000211c6153b20 Exception <a 'jdk/internal/org/jline/terminal/impl/jna/LastErrorException'{0x00000000c80cdf80}> (0x00000000c80cdf80) 
thrown [s\open\src\hotspot\share\prims\jni.cpp, line 520]

ZGC Phase Switch (0 events):
No events

VM Operations (20 events):
Event: 3.274 Executing VM operation: Cleanup
Event: 3.274 Executing VM operation: Cleanup done
Event: 3.350 Executing VM operation: HandshakeAllThreads (Deoptimize)
Event: 3.350 Executing VM operation: HandshakeAllThreads (Deoptimize) done
Event: 3.763 Executing VM operation: G1CollectForAllocation (G1 Evacuation Pause)
Event: 3.777 Executing VM operation: G1CollectForAllocation (G1 Evacuation Pause) done
Event: 3.977 Executing VM operation: HandshakeAllThreads (Deoptimize)
Event: 3.977 Executing VM operation: HandshakeAllThreads (Deoptimize) done
Event: 4.052 Executing VM operation: HandshakeAllThreads (Deoptimize)
Event: 4.052 Executing VM operation: HandshakeAllThreads (Deoptimize) done
Event: 4.180 Executing VM operation: HandshakeAllThreads (Deoptimize)
Event: 4.180 Executing VM operation: HandshakeAllThreads (Deoptimize) done
Event: 4.187 Executing VM operation: HandshakeAllThreads (Deoptimize)
Event: 4.187 Executing VM operation: HandshakeAllThreads (Deoptimize) done
Event: 4.187 Executing VM operation: HandshakeAllThreads (Deoptimize)
Event: 4.187 Executing VM operation: HandshakeAllThreads (Deoptimize) done
Event: 4.530 Executing VM operation: ICBufferFull
Event: 4.530 Executing VM operation: ICBufferFull done
Event: 4.590 Executing VM operation: HandshakeAllThreads (Deoptimize)
Event: 4.590 Executing VM operation: HandshakeAllThreads (Deoptimize) done

Events (15 events):
Event: 0.101 Thread 0x00000211cd29a6b0 Thread added: 0x00000211cd29a6b0
Event: 0.157 Thread 0x00000211c112cee0 Thread added: 0x00000211c112cee0
Event: 0.157 Thread 0x00000211c112dbc0 Thread added: 0x00000211c112dbc0
Event: 0.158 Thread 0x00000211c1133820 Thread added: 0x00000211c1133820
Event: 0.158 Thread 0x00000211c1134370 Thread added: 0x00000211c1134370
Event: 0.159 Thread 0x00000211c1135070 Thread added: 0x00000211c1135070
Event: 0.159 Thread 0x00000211c1138560 Thread added: 0x00000211c1138560
Event: 0.159 Thread 0x00000211c1138fd0 Thread added: 0x00000211c1138fd0
Event: 0.161 Thread 0x00000211c116d890 Thread added: 0x00000211c116d890
Event: 0.690 Thread 0x00000211c1338a90 Thread added: 0x00000211c1338a90
Event: 1.416 Thread 0x00000211c14e65a0 Thread added: 0x00000211c14e65a0
Event: 1.416 Thread 0x00000211c17c59e0 Thread added: 0x00000211c17c59e0
Event: 2.980 Thread 0x00000211c1cff750 Thread added: 0x00000211c1cff750
Event: 3.062 Thread 0x00000211c6153b20 Thread added: 0x00000211c6153b20
Event: 4.198 Thread 0x00000211c6375d10 Thread added: 0x00000211c6375d10


Dynamic libraries:
0x00007ff636380000 - 0x00007ff636390000 	C:\Program Files\Java\jdk-22\bin\java.exe
0x00007ffaa7a20000 - 0x00007ffaa7c29000 	C:\WINDOWS\SYSTEM32\ntdll.dll
0x00007ffaa6380000 - 0x00007ffaa643d000 	C:\WINDOWS\System32\KERNEL32.DLL
0x00007ffaa54e0000 - 0x00007ffaa5864000 	C:\WINDOWS\System32\KERNELBASE.dll
0x00007ffaa51a0000 - 0x00007ffaa52b1000 	C:\WINDOWS\System32\ucrtbase.dll
0x00007ffa99d00000 - 0x00007ffa99d1b000 	C:\Program Files\Java\jdk-22\bin\VCRUNTIME140.dll
0x00007ffa9fbe0000 - 0x00007ffa9fbf7000 	C:\Program Files\Java\jdk-22\bin\jli.dll
0x00007ffaa5910000 - 0x00007ffaa59be000 	C:\WINDOWS\System32\ADVAPI32.dll
0x00007ffaa5ce0000 - 0x00007ffaa5d83000 	C:\WINDOWS\System32\msvcrt.dll
0x00007ffaa6f50000 - 0x00007ffaa6fee000 	C:\WINDOWS\System32\sechost.dll
0x00007ffaa59d0000 - 0x00007ffaa5af1000 	C:\WINDOWS\System32\RPCRT4.dll
0x00007ffaa64c0000 - 0x00007ffaa666d000 	C:\WINDOWS\System32\USER32.dll
0x00007ffaa54b0000 - 0x00007ffaa54d6000 	C:\WINDOWS\System32\win32u.dll
0x00007ffaa58e0000 - 0x00007ffaa590a000 	C:\WINDOWS\System32\GDI32.dll
0x00007ffaa5080000 - 0x00007ffaa519e000 	C:\WINDOWS\System32\gdi32full.dll
0x00007ffaa4fe0000 - 0x00007ffaa507d000 	C:\WINDOWS\System32\msvcp_win.dll
0x00007ffa872b0000 - 0x00007ffa87555000 	C:\WINDOWS\WinSxS\amd64_microsoft.windows.common-controls_6595b64144ccf1df_6.0.22000.120_none_9d947278b86cc467\COMCTL32.dll
0x00007ffa9f5a0000 - 0x00007ffa9f5aa000 	C:\WINDOWS\SYSTEM32\VERSION.dll
0x00007ffaa6820000 - 0x00007ffaa6851000 	C:\WINDOWS\System32\IMM32.DLL
0x00007ffa9fbb0000 - 0x00007ffa9fbbc000 	C:\Program Files\Java\jdk-22\bin\vcruntime140_1.dll
0x00007ffa59330000 - 0x00007ffa593be000 	C:\Program Files\Java\jdk-22\bin\msvcp140.dll
0x00007ffa3c070000 - 0x00007ffa3cdb7000 	C:\Program Files\Java\jdk-22\bin\server\jvm.dll
0x00007ffaa69d0000 - 0x00007ffaa6a3f000 	C:\WINDOWS\System32\WS2_32.dll
0x00007ffaa4d80000 - 0x00007ffaa4dcd000 	C:\WINDOWS\SYSTEM32\POWRPROF.dll
0x00007ffa9fb00000 - 0x00007ffa9fb33000 	C:\WINDOWS\SYSTEM32\WINMM.dll
0x00007ffaa4d60000 - 0x00007ffaa4d73000 	C:\WINDOWS\SYSTEM32\UMPDC.dll
0x00007ffaa3f20000 - 0x00007ffaa3f38000 	C:\WINDOWS\SYSTEM32\kernel.appcore.dll
0x00007ffa9f870000 - 0x00007ffa9f87a000 	C:\Program Files\Java\jdk-22\bin\jimage.dll
0x00007ffaa28e0000 - 0x00007ffaa2b01000 	C:\WINDOWS\SYSTEM32\DBGHELP.DLL
0x00007ffa83df0000 - 0x00007ffa83e21000 	C:\WINDOWS\SYSTEM32\dbgcore.DLL
0x00007ffaa52c0000 - 0x00007ffaa533f000 	C:\WINDOWS\System32\bcryptPrimitives.dll
0x00007ffa8e8f0000 - 0x00007ffa8e8ff000 	C:\Program Files\Java\jdk-22\bin\instrument.dll
0x00007ffa91780000 - 0x00007ffa9179e000 	C:\Program Files\Java\jdk-22\bin\java.dll
0x00007ffaa7210000 - 0x00007ffaa79d5000 	C:\WINDOWS\System32\SHELL32.dll
0x00007ffaa6680000 - 0x00007ffaa681a000 	C:\WINDOWS\System32\ole32.dll
0x00007ffaa5e10000 - 0x00007ffaa6186000 	C:\WINDOWS\System32\combase.dll
0x00007ffaa2f80000 - 0x00007ffaa37e2000 	C:\WINDOWS\SYSTEM32\windows.storage.dll
0x00007ffaa2e10000 - 0x00007ffaa2f77000 	C:\WINDOWS\SYSTEM32\wintypes.dll
0x00007ffaa7120000 - 0x00007ffaa720a000 	C:\WINDOWS\System32\SHCORE.dll
0x00007ffaa6440000 - 0x00007ffaa649d000 	C:\WINDOWS\System32\shlwapi.dll
0x00007ffaa4de0000 - 0x00007ffaa4e05000 	C:\WINDOWS\SYSTEM32\profapi.dll
0x00007ffa43ce0000 - 0x00007ffa43db7000 	C:\Program Files\Java\jdk-22\bin\jsvml.dll
0x00007ffa86ab0000 - 0x00007ffa86ac7000 	C:\Program Files\Java\jdk-22\bin\zip.dll
0x00007ffa876d0000 - 0x00007ffa876e0000 	C:\Program Files\Java\jdk-22\bin\net.dll
0x00007ffaa43d0000 - 0x00007ffaa4437000 	C:\WINDOWS\system32\mswsock.dll
0x00007ffa85a70000 - 0x00007ffa85a86000 	C:\Program Files\Java\jdk-22\bin\nio.dll
0x00007ffa79fa0000 - 0x00007ffa79fba000 	C:\Program Files\JetBrains\IntelliJ IDEA Community Edition 2024.1.1\bin\breakgen64.dll
0x00007ffa86a70000 - 0x00007ffa86a79000 	C:\Program Files\Java\jdk-22\bin\extnet.dll
0x00007ffa863e0000 - 0x00007ffa863ea000 	C:\Program Files\Java\jdk-22\bin\management.dll
0x00007ffa86000000 - 0x00007ffa8600b000 	C:\Program Files\Java\jdk-22\bin\management_ext.dll
0x00007ffaa7110000 - 0x00007ffaa7118000 	C:\WINDOWS\System32\PSAPI.DLL
0x00007ffa838a0000 - 0x00007ffa838ab000 	C:\Program Files\Java\jdk-22\bin\le.dll

dbghelp: loaded successfully - version: 4.0.5 - missing functions: none
symbol engine: initialized successfully - sym options: 0x614 - pdb path: .;C:\Program Files\Java\jdk-22\bin;C:\WINDOWS\SYSTEM32;C:\WINDOWS\WinSxS\amd64_microsoft.windows.common-controls_6595b64144ccf1df_6.0.22000.120_none_9d947278b86cc467;C:\Program Files\Java\jdk-22\bin\server;C:\Program Files\JetBrains\IntelliJ IDEA Community Edition 2024.1.1\bin

VM Arguments:
jvm_args: -javaagent:C:\Program Files\JetBrains\IntelliJ IDEA Community Edition 2024.1.1\lib\idea_rt.jar=54710:C:\Program Files\JetBrains\IntelliJ IDEA Community Edition 2024.1.1\bin -Dfile.encoding=UTF-8 -Dsun.stdout.encoding=UTF-8 -Dsun.stderr.encoding=UTF-8 
java_command: com.example.dinhtrongkhang.DinhtrongkhangApplication
java_class_path (initial): C:\Users\Admin\Downloads\dinhtrongkhang\dinhtrongkhang\target\classes;C:\Users\Admin\.m2\repository\org\springframework\boot\spring-boot-starter-data-jpa\3.3.0\spring-boot-starter-data-jpa-3.3.0.jar;C:\Users\Admin\.m2\repository\org\springframework\boot\spring-boot-starter-aop\3.3.0\spring-boot-starter-aop-3.3.0.jar;C:\Users\Admin\.m2\repository\org\springframework\spring-aop\6.1.8\spring-aop-6.1.8.jar;C:\Users\Admin\.m2\repository\org\aspectj\aspectjweaver\1.9.22\aspectjweaver-1.9.22.jar;C:\Users\Admin\.m2\repository\org\springframework\boot\spring-boot-starter-jdbc\3.3.0\spring-boot-starter-jdbc-3.3.0.jar;C:\Users\Admin\.m2\repository\com\zaxxer\HikariCP\5.1.0\HikariCP-5.1.0.jar;C:\Users\Admin\.m2\repository\org\springframework\spring-jdbc\6.1.8\spring-jdbc-6.1.8.jar;C:\Users\Admin\.m2\repository\org\hibernate\orm\hibernate-core\6.5.2.Final\hibernate-core-6.5.2.Final.jar;C:\Users\Admin\.m2\repository\jakarta\persistence\jakarta.persistence-api\3.1.0\jakarta.persistence-api-3.1.0.jar;C:\Users\Admin\.m2\repository\jakarta\transaction\jakarta.transaction-api\2.0.1\jakarta.transaction-api-2.0.1.jar;C:\Users\Admin\.m2\repository\org\jboss\logging\jboss-logging\3.5.3.Final\jboss-logging-3.5.3.Final.jar;C:\Users\Admin\.m2\repository\org\hibernate\common\hibernate-commons-annotations\6.0.6.Final\hibernate-commons-annotations-6.0.6.Final.jar;C:\Users\Admin\.m2\repository\io\smallrye\jandex\3.1.2\jandex-3.1.2.jar;C:\Users\Admin\.m2\repository\com\fasterxml\classmate\1.7.0\classmate-1.7.0.jar;C:\Users\Admin\.m2\repository\net\bytebuddy\byte-buddy\1.14.16\byte-buddy-1.14.16.jar;C:\Users\Admin\.m2\repository\org\glassfish\jaxb\jaxb-runtime\4.0.5\jaxb-runtime-4.0.5.jar;C:\Users\Admin\.m2\repository\org\glassfish\jaxb\jaxb-core\4.0.5\jaxb-core-4.0.5.jar;C:\Users\Admin\.m2\repository\org\eclipse\angus\angus-activation\2.0.2\angus-activation-2.0.2.jar;C:\Users\Admin\.m2\repository\org\glassfish\jaxb\txw2\4.0.5\txw2-4.0.5.jar;C:\Users\Admin\.m2\repository\com\sun\istack\istack-commons-runtime\4.1.2\istack-commons-runtime-4.1.2.jar;C:\Users\Admin\.m2\repository\jakarta\inject\jakarta.inject-api\2.0.1\jakarta.inject-api-2.0.1.jar;C:\Users\Admin\.m2\repository\org\antlr\antlr4-runtime\4.13.0\antlr4-runtime-4.13.0.jar;C:\Users\Admin\.m2\repository\org\springframework\data\spring-data-jpa\3.3.0\spring-data-jpa-3.3.0.jar;C:\Users\Admin\.m2\repository\org\springframework\data\spring-data-commons\3.3.0\spring-data-commons-3.3.0.jar;C:\Users\Admin\.m2\repository\org\springframework\spring-orm\6.1.8\spring-orm-6.1.8.jar;C:\Users\Admin\.m2\repository\org\springframework\spring-context\6.1.8\spring-context-6.1.8.jar;C:\Users\Admin\.m2\repository\org\springframework\spring-tx\6.1.8\spring-tx-6.1.8.jar;C:\Users\Admin\.m2\repository\org\springframework\spring-beans\6.1.8\spring-beans-6.1.8.jar;C:\Users\Admin\.m2\repository\jakarta\annotation\jakarta.annotation-api\2.1.1\jakarta.annotation-api-2.1.1.jar;C:\Users\Admin\.m2\repository\org\slf4j\slf4j-api\2.0.13\slf4j-api-2.0.13.jar;C:\Users\Admin\.m2\repository\org\springframework\spring-aspects\6.1.8\spring-aspects-6.1.8.jar;C:\Users\Admin\.m2\repository\org\springframework\boot\spring-boot-starter-thymeleaf\3.3.0\spring-boot-starter-thymeleaf-3.3.0.jar;C:\Users\Admin\.m2\repository\org\springframework\boot\spring-boot-starter\3.3.0\spring-boot-starter-3.3.0.jar;C:\Users\Admin\.m2\repository\org\springframework\boot\spring-boot-starter-logging\3.3.0\spring-boot-starter-logging-3.3.0.jar;C:\Users\Admin\.m2\repository\ch\qos\logback\logback-classic\1.5.6\logback-classic-1.5.6.jar;C:\Users\Admin\.m2\repository\ch\qos\logback\logback-core\1.5.6\logback-core-1.5.6.jar;C:\Users\Admin\.m2\repository\org\apache\logging\log4j\log4j-to-slf4j\2.23.1\log4j-to-slf4j-2.23.1.jar;C:\Users\Admin\.m2\repository\org\apache\logging\log4j\log4j-api\2.23.1\log4j-api-2.23.1.jar;C:\Users\Admin\.m2\repository\org\slf4j\jul-to-slf4j\2.0.13\jul-to-slf4j-2.0.13.jar;C:\Users\Admin\.m2\repository\org\yaml\snakeyaml\2.2\snakeyaml-2.2.jar;C:\Users\Admin\.m2\repository\org\thymeleaf\thymeleaf-spring6\3.1.2.RELEASE\thymeleaf-spring6-3.1.2.RELEASE.jar;C:\Users\Admin\.m2\repository\org\thymeleaf\thymeleaf\3.1.2.RELEASE\thymeleaf-3.1.2.RELEASE.jar;C:\Users\Admin\.m2\repository\org\attoparser\attoparser\2.0.7.RELEASE\attoparser-2.0.7.RELEASE.jar;C:\Users\Admin\.m2\repository\org\unbescape\unbescape\1.1.6.RELEASE\unbescape-1.1.6.RELEASE.jar;C:\Users\Admin\.m2\repository\org\springframework\boot\spring-boot-starter-web\3.3.0\spring-boot-starter-web-3.3.0.jar;C:\Users\Admin\.m2\repository\org\springframework\boot\spring-boot-starter-json\3.3.0\spring-boot-starter-json-3.3.0.jar;C:\Users\Admin\.m2\repository\com\fasterxml\jackson\core\jackson-databind\2.17.1\jackson-databind-2.17.1.jar;C:\Users\Admin\.m2\repository\com\fasterxml\jackson\core\jackson-annotations\2.17.1\jackson-annotations-2.17.1.jar;C:\Users\Admin\.m2\repository\com\fasterxml\jackson\core\jackson-core\2.17.1\jackson-core-2.17.1.jar;C:\Users\Admin\.m2\repository\com\fasterxml\jackson\datatype\jackson-datatype-jdk8\2.17.1\jackson-datatype-jdk8-2.17.1.jar;C:\Users\Admin\.m2\repository\com\fasterxml\jackson\datatype\jackson-datatype-jsr310\2.17.1\jackson-datatype-jsr310-2.17.1.jar;C:\Users\Admin\.m2\repository\com\fasterxml\jackson\module\jackson-module-parameter-names\2.17.1\jackson-module-parameter-names-2.17.1.jar;C:\Users\Admin\.m2\repository\org\springframework\boot\spring-boot-starter-tomcat\3.3.0\spring-boot-starter-tomcat-3.3.0.jar;C:\Users\Admin\.m2\repository\org\apache\tomcat\embed\tomcat-embed-core\10.1.24\tomcat-embed-core-10.1.24.jar;C:\Users\Admin\.m2\repository\org\apache\tomcat\embed\tomcat-embed-el\10.1.24\tomcat-embed-el-10.1.24.jar;C:\Users\Admin\.m2\repository\org\apache\tomcat\embed\tomcat-embed-websocket\10.1.24\tomcat-embed-websocket-10.1.24.jar;C:\Users\Admin\.m2\repository\org\springframework\spring-web\6.1.8\spring-web-6.1.8.jar;C:\Users\Admin\.m2\repository\io\micrometer\micrometer-observation\1.13.0\micrometer-observation-1.13.0.jar;C:\Users\Admin\.m2\repository\io\micrometer\micrometer-commons\1.13.0\micrometer-commons-1.13.0.jar;C:\Users\Admin\.m2\repository\org\springframework\spring-webmvc\6.1.8\spring-webmvc-6.1.8.jar;C:\Users\Admin\.m2\repository\org\springframework\spring-expression\6.1.8\spring-expression-6.1.8.jar;C:\Users\Admin\.m2\repository\org\springframework\boot\spring-boot-devtools\3.3.0\spring-boot-devtools-3.3.0.jar;C:\Users\Admin\.m2\repository\org\springframework\boot\spring-boot\3.3.0\spring-boot-3.3.0.jar;C:\Users\Admin\.m2\repository\org\springframework\boot\spring-boot-autoconfigure\3.3.0\spring-boot-autoconfigure-3.3.0.jar;C:\Users\Admin\.m2\repository\com\mysql\mysql-connector-j\8.3.0\mysql-connector-j-8.3.0.jar;C:\Users\Admin\.m2\repository\org\projectlombok\lombok\1.18.32\lombok-1.18.32.jar;C:\Users\Admin\.m2\repository\jakarta\xml\bind\jakarta.xml.bind-api\4.0.2\jakarta.xml.bind-api-4.0.2.jar;C:\Users\Admin\.m2\repository\jakarta\activation\jakarta.activation-api\2.1.3\jakarta.activation-api-2.1.3.jar;C:\Users\Admin\.m2\repository\org\springframework\spring-core\6.1.8\spring-core-6.1.8.jar;C:\Users\Admin\.m2\repository\org\springframework\spring-jcl\6.1.8\spring-jcl-6.1.8.jar;C:\Users\Admin\.m2\repository\org\jetbrains\annotations\24.1.0\annotations-24.1.0.jar
Launcher Type: SUN_STANDARD

[Global flags]
     intx CICompilerCount                          = 3                                         {product} {ergonomic}
     uint ConcGCThreads                            = 1                                         {product} {ergonomic}
     uint G1ConcRefinementThreads                  = 4                                         {product} {ergonomic}
   size_t G1HeapRegionSize                         = 1048576                                   {product} {ergonomic}
   size_t InitialHeapSize                          = 62914560                                  {product} {ergonomic}
   size_t MarkStackSize                            = 4194304                                   {product} {ergonomic}
   size_t MaxHeapSize                              = 994050048                                 {product} {ergonomic}
   size_t MaxNewSize                               = 595591168                                 {product} {ergonomic}
   size_t MinHeapDeltaBytes                        = 1048576                                   {product} {ergonomic}
   size_t MinHeapSize                              = 8388608                                   {product} {ergonomic}
    uintx NonNMethodCodeHeapSize                   = 5832780                                {pd product} {ergonomic}
    uintx NonProfiledCodeHeapSize                  = 122912730                              {pd product} {ergonomic}
    uintx ProfiledCodeHeapSize                     = 122912730                              {pd product} {ergonomic}
    uintx ReservedCodeCacheSize                    = 251658240                              {pd product} {ergonomic}
     bool SegmentedCodeCache                       = true                                      {product} {ergonomic}
   size_t SoftMaxHeapSize                          = 994050048                              {manageable} {ergonomic}
     bool UseCompressedOops                        = true                           {product lp64_product} {ergonomic}
     bool UseG1GC                                  = true                                      {product} {ergonomic}
     bool UseLargePagesIndividualAllocation        = false                                  {pd product} {ergonomic}

Logging:
Log output configuration:
 #0: stdout all=warning uptime,level,tags foldmultilines=false
 #1: stderr all=off uptime,level,tags foldmultilines=false

Environment Variables:
PATH=C:\ProgramData\Oracle\Java\javapath;C:\Program Files\Common Files\Oracle\Java\javapath;C:\Program Files\Eclipse Adoptium\jdk-17.0.4.8-hotspot\bin;C:\WINDOWS\system32;C:\WINDOWS;C:\WINDOWS\System32\Wbem;C:\WINDOWS\System32\WindowsPowerShell\v1.0\;C:\WINDOWS\System32\OpenSSH\;c:\altera\91sp2\quartus\bin;C:\MinGW\bin;C:\Program Files\Microsoft SQL Server\Client SDK\ODBC\170\Tools\Binn\;C:\Program Files (x86)\Microsoft SQL Server\150\Tools\Binn\;C:\Program Files\Microsoft SQL Server\150\Tools\Binn\;C:\Program Files\Microsoft SQL Server\150\DTS\Binn\;C:\Program Files (x86)\Microsoft SQL Server\150\DTS\Binn\;C:\Program Files\Git\cmd;C:\Program Files\Cloudflare\Cloudflare WARP\;C:\Program Files\dotnet\;C:\Program Files\HP\HP One Agent;C:\Program Files (x86)\Git\cmd;C:\Users\Admin\AppData\Local\Microsoft\WindowsApps;C:\Users\Admin\.dotnet\tools;C:\Program Files\Azure Data Studio\bin
USERNAME=DinhTrongKhang
OS=Windows_NT
PROCESSOR_IDENTIFIER=Intel64 Family 6 Model 126 Stepping 5, GenuineIntel
TMP=C:\Users\Admin\AppData\Local\Temp
TEMP=C:\Users\Admin\AppData\Local\Temp




Periodic native trim disabled

---------------  S Y S T E M  ---------------

OS:
 Windows 11 , 64 bit Build 22000 (10.0.22000.2538)
OS uptime: 0 days 1:30 hours

CPU: total 4 (initial active 4) (2 cores per cpu, 2 threads per core) family 6 model 126 stepping 5 microcode 0xa0, cx8, cmov, fxsr, ht, mmx, 3dnowpref, sse, sse2, sse3, ssse3, sse4.1, sse4.2, popcnt, lzcnt, tsc, tscinvbit, avx, avx2, aes, erms, clmul, bmi1, bmi2, adx, avx512f, avx512dq, avx512cd, avx512bw, avx512vl, sha, fma, vzeroupper, avx512_vpopcntdq, avx512_vpclmulqdq, avx512_vaes, avx512_vnni, clflush, clflushopt, avx512_vbmi2, avx512_vbmi, rdtscp, rdpid, fsrm, gfni, avx512_bitalg, f16c, pku, avx512_ifma
Processor Information for all 4 processors :
  Max Mhz: 1190, Current Mhz: 1190, Mhz Limit: 1190

Memory: 4k page, system-wide physical 3784M (324M free)
TotalPageFile size 11976M (AvailPageFile size 142M)
current process WorkingSet (physical memory assigned to process): 100M, peak: 100M
current process commit charge ("private bytes"): 162M, peak: 162M

vm_info: Java HotSpot(TM) 64-Bit Server VM (22.0.1+8-16) for windows-amd64 JRE (22.0.1+8-16), built on 2024-03-12T10:33:16Z by "mach5one" with MS VC++ 17.6 (VS2022)

END.
