#
# There is insufficient memory for the Java Runtime Environment to continue.
# Native memory allocation (mmap) failed to map 65536 bytes. Error detail: Failed to commit metaspace.
# Possible reasons:
#   The system is out of physical RAM or swap space
#   This process is running with CompressedOops enabled, and the Java Heap may be blocking the growth of the native heap
# Possible solutions:
#   Reduce memory load on the system
#   Increase physical memory or swap space
#   Check if swap backing store is full
#   Decrease Java heap size (-Xmx/-Xms)
#   Decrease number of Java threads
#   Decrease Java thread stack sizes (-Xss)
#   Set larger code cache with -XX:ReservedCodeCacheSize=
#   JVM is running with Unscaled Compressed Oops mode in which the Java heap is
#     placed in the first 4GB address space. The Java Heap base address is the
#     maximum limit for the native heap growth. Please use -XX:HeapBaseMinAddress
#     to set the Java Heap base and to place the Java Heap above 4GB virtual address.
# This output file may be truncated or incomplete.
#
#  Out of Memory Error (virtualSpaceNode.cpp:112), pid=29532, tid=29228
#
# JRE version: Java(TM) SE Runtime Environment (22.0.1+8) (build 22.0.1+8-16)
# Java VM: Java HotSpot(TM) 64-Bit Server VM (22.0.1+8-16, mixed mode, sharing, tiered, compressed oops, compressed class ptrs, g1 gc, windows-amd64)
# No core dump will be written. Minidumps are not enabled by default on client versions of Windows
#

---------------  S U M M A R Y ------------

Command Line: -javaagent:C:\Program Files\JetBrains\IntelliJ IDEA Community Edition 2024.1.1\lib\idea_rt.jar=54811:C:\Program Files\JetBrains\IntelliJ IDEA Community Edition 2024.1.1\bin -Dfile.encoding=UTF-8 -Dsun.stdout.encoding=UTF-8 -Dsun.stderr.encoding=UTF-8 com.example.dinhtrongkhang.DinhtrongkhangApplication

Host: Intel(R) Core(TM) i3-1005G1 CPU @ 1.20GHz, 4 cores, 3G,  Windows 11 , 64 bit Build 22000 (10.0.22000.2538)
Time: Mon Jun 10 15:51:06 2024 SE Asia Standard Time elapsed time: 2.250624 seconds (0d 0h 0m 2s)

---------------  T H R E A D  ---------------

Current thread (0x000001a5a1f6fb70):  JavaThread "background-preinit"        [_thread_in_vm, id=29228, stack(0x0000005512200000,0x0000005512300000) (1024K)]

Stack: [0x0000005512200000,0x0000005512300000]
Native frames: (J=compiled Java code, j=interpreted, Vv=VM code, C=native code)
V  [jvm.dll+0x6e2279]  (no source info available)
V  [jvm.dll+0x874e33]  (no source info available)
V  [jvm.dll+0x87725e]  (no source info available)
V  [jvm.dll+0x877933]  (no source info available)
V  [jvm.dll+0x27fd76]  (no source info available)
V  [jvm.dll+0x870a7e]  (no source info available)
V  [jvm.dll+0x6852e5]  (no source info available)
V  [jvm.dll+0x1e3eac]  (no source info available)
V  [jvm.dll+0x1e3c7e]  (no source info available)
V  [jvm.dll+0x687c38]  (no source info available)
V  [jvm.dll+0x2250ac]  (no source info available)
V  [jvm.dll+0x685cfe]  (no source info available)
V  [jvm.dll+0x26b190]  (no source info available)
V  [jvm.dll+0x215cf7]  (no source info available)
V  [jvm.dll+0x20b4ee]  (no source info available)
V  [jvm.dll+0x5c462f]  (no source info available)
V  [jvm.dll+0x7ec076]  (no source info available)
V  [jvm.dll+0x47ca36]  (no source info available)
V  [jvm.dll+0x4828e8]  (no source info available)
C  [java.dll+0x17e4]  (no source info available)
C  0x000001a551124cac  (no source info available)

The last pc belongs to native nmethod (printed below).
Java frames: (J=compiled Java code, j=interpreted, Vv=VM code)
J 1262  java.lang.ClassLoader.defineClass1(Ljava/lang/ClassLoader;Ljava/lang/String;[BIILjava/security/ProtectionDomain;Ljava/lang/String;)Ljava/lang/Class; java.base@22.0.1 (0 bytes) @ 0x000001a551124c11 [0x000001a551124b40+0x00000000000000d1]
J 1267 c1 java.lang.ClassLoader.defineClass(Ljava/lang/String;[BIILjava/security/ProtectionDomain;)Ljava/lang/Class; java.base@22.0.1 (43 bytes) @ 0x000001a549803474 [0x000001a549803120+0x0000000000000354]
J 1178 c1 java.security.SecureClassLoader.defineClass(Ljava/lang/String;[BIILjava/security/CodeSource;)Ljava/lang/Class; java.base@22.0.1 (16 bytes) @ 0x000001a5497dac1c [0x000001a5497dab40+0x00000000000000dc]
J 908 c1 jdk.internal.loader.BuiltinClassLoader.defineClass(Ljava/lang/String;Ljdk/internal/loader/Resource;)Ljava/lang/Class; java.base@22.0.1 (121 bytes) @ 0x000001a54975a13c [0x000001a549759220+0x0000000000000f1c]
J 1021 c1 jdk.internal.loader.BuiltinClassLoader.findClassOnClassPathOrNull(Ljava/lang/String;)Ljava/lang/Class; java.base@22.0.1 (64 bytes) @ 0x000001a54978d334 [0x000001a54978c680+0x0000000000000cb4]
J 509 c1 jdk.internal.loader.BuiltinClassLoader.loadClassOrNull(Ljava/lang/String;Z)Ljava/lang/Class; java.base@22.0.1 (143 bytes) @ 0x000001a54968b2fc [0x000001a54968a8e0+0x0000000000000a1c]
J 799 c1 jdk.internal.loader.ClassLoaders$AppClassLoader.loadClass(Ljava/lang/String;Z)Ljava/lang/Class; java.base@22.0.1 (40 bytes) @ 0x000001a549715644 [0x000001a549715460+0x00000000000001e4]
J 798 c1 java.lang.ClassLoader.loadClass(Ljava/lang/String;)Ljava/lang/Class; java.base@22.0.1 (7 bytes) @ 0x000001a549715154 [0x000001a549715040+0x0000000000000114]
v  ~StubRoutines::call_stub 0x000001a550b1100d
j  org.springframework.http.converter.json.Jackson2ObjectMapperBuilder.build()Lcom/fasterxml/jackson/databind/ObjectMapper;+77
j  org.springframework.http.converter.json.MappingJackson2HttpMessageConverter.<init>()V+4
j  org.springframework.http.converter.support.AllEncompassingFormHttpMessageConverter.<init>()V+55
j  org.springframework.boot.autoconfigure.BackgroundPreinitializer$MessageConverterInitializer.run()V+4
j  org.springframework.boot.autoconfigure.BackgroundPreinitializer$1.runSafely(Ljava/lang/Runnable;)Z+1
j  org.springframework.boot.autoconfigure.BackgroundPreinitializer$1.run()V+32
j  java.lang.Thread.runWith(Ljava/lang/Object;Ljava/lang/Runnable;)V+5 java.base@22.0.1
j  java.lang.Thread.run()V+19 java.base@22.0.1
v  ~StubRoutines::call_stub 0x000001a550b1100d

Compiled method (n/a) 2346 1262     n 0       java.lang.ClassLoader::defineClass1 (native)
 total in heap  [0x000001a551124990,0x000001a5511250f0] = 1888
 relocation     [0x000001a551124ae8,0x000001a551124b28] = 64
 main code      [0x000001a551124b40,0x000001a5511250ef] = 1455
 stub code      [0x000001a5511250ef,0x000001a5511250f0] = 1

[Constant Pool (empty)]

[MachCode]
[Entry Point]
  # {method} {0x000001a55c3fec58} 'defineClass1' '(Ljava/lang/ClassLoader;Ljava/lang/String;[BIILjava/security/ProtectionDomain;Ljava/lang/String;)Ljava/lang/Class;' in 'java/lang/ClassLoader'
  # parm0:    rdx:rdx   = 'java/lang/ClassLoader'
  # parm1:    r8:r8     = 'java/lang/String'
  # parm2:    r9:r9     = '[B'
  # parm3:    rdi       = int
  # parm4:    rsi       = int
  # parm5:    rcx:rcx   = 'java/security/ProtectionDomain'
  # parm6:    [sp+0xa0]   = 'java/lang/String'  (sp of caller)
  0x000001a551124b40: 448b 5208 | 49bb 0000 | 005c a501 | 0000 4d03 | d349 3bc2 | 0f84 0600 

  0x000001a551124b58: ;   {runtime_call ic_miss_stub}
  0x000001a551124b58: 0000 e921 | 9ea3 ff90 
[Verified Entry Point]
  0x000001a551124b60: 8984 2400 | 80ff ff55 | 488b ec48 | 81ec 9000 | 0000 6690 | 4181 7f20 | 0100 0000 

  0x000001a551124b7c: ;   {runtime_call StubRoutines (final stubs)}
  0x000001a551124b7c: 7405 e8fd | 1ea2 ff48 | 837d 1000 | 488d 4510 | 480f 4445 | 1048 8944 | 2440 4889 | 4c24 7048 
  0x000001a551124b9c: 83f9 0048 | 8d44 2470 | 480f 4444 | 2470 4889 | 4424 3848 | 8974 2430 | 4889 7c24 | 284c 894c 
  0x000001a551124bbc: 2458 4983 | f900 488d | 4424 5848 | 0f44 4424 | 5848 8944 | 2420 4c89 | 4424 5049 | 83f8 004c 
  0x000001a551124bdc: 8d4c 2450 | 4c0f 444c | 2450 4889 | 5424 4848 | 83fa 004c | 8d44 2448 | 4c0f 4444 

  0x000001a551124bf8: ;   {oop(a 'java/lang/Class'{0x00000000c50a4060} = 'java/lang/ClassLoader')}
  0x000001a551124bf8: 2448 49be | 6040 0ac5 | 0000 0000 | 4c89 7424 | 784c 8d74 | 2478 498b | d6c5 f877 

  0x000001a551124c14: ;   {internal_word}
  0x000001a551124c14: 49ba 114c | 1251 a501 | 0000 4d89 | 97a8 0300 | 0049 89a7 | a003 0000 

  0x000001a551124c2c: ;   {external_word}
  0x000001a551124c2c: 49ba 9c30 | cb3c fa7f | 0000 4180 | 3a00 0f84 | 4e00 0000 | 5241 5041 

  0x000001a551124c44: ;   {metadata({method} {0x000001a55c3fec58} 'defineClass1' '(Ljava/lang/ClassLoader;Ljava/lang/String;[BIILjava/security/ProtectionDomain;Ljava/lang/String;)Ljava/lang/Class;' in 'java/lang/ClassLoader')}
  0x000001a551124c44: 5148 ba50 | ec3f 5ca5 | 0100 0049 | 8bcf 4883 | ec20 40f6 | c40f 0f84 | 1900 0000 | 4883 ec08 
  0x000001a551124c64: ;   {runtime_call}
  0x000001a551124c64: 48b8 40b5 | 7b3c fa7f | 0000 ffd0 | 4883 c408 | e90c 0000 

  0x000001a551124c78: ;   {runtime_call}
  0x000001a551124c78: 0048 b840 | b57b 3cfa | 7f00 00ff | d048 83c4 | 2041 5941 | 585a 498d | 8fc0 0300 | 0041 c787 
  0x000001a551124c98: 5404 0000 | 0400 0000 

  0x000001a551124ca0: ;   {runtime_call}
  0x000001a551124ca0: 48b8 a416 | 0086 fa7f | 0000 ffd0 | c5f8 7741 | c787 5404 | 0000 0500 | 0000 f083 | 4424 c000 
  0x000001a551124cc0: 493b af58 | 0400 000f | 870e 0000 | 0041 83bf | 5004 0000 | 000f 842b | 0000 00c5 | f877 4889 
  0x000001a551124ce0: 45f8 498b | cf4c 8be4 | 4883 ec20 | 4883 e4f0 

  0x000001a551124cf0: ;   {runtime_call}
  0x000001a551124cf0: 48b8 d01e | 463c fa7f | 0000 ffd0 | 498b e44d | 33e4 488b | 45f8 41c7 | 8754 0400 | 0008 0000 
  0x000001a551124d10: 0041 83bf | d004 0000 | 020f 84a3 

  0x000001a551124d1c: ;   {external_word}
  0x000001a551124d1c: 0300 0049 | ba9c 30cb | 3cfa 7f00 | 0041 803a | 000f 844c | 0000 0048 

  0x000001a551124d34: ;   {metadata({method} {0x000001a55c3fec58} 'defineClass1' '(Ljava/lang/ClassLoader;Ljava/lang/String;[BIILjava/security/ProtectionDomain;Ljava/lang/String;)Ljava/lang/Class;' in 'java/lang/ClassLoader')}
  0x000001a551124d34: 8945 f848 | ba50 ec3f | 5ca5 0100 | 0049 8bcf | 4883 ec20 | 40f6 c40f | 0f84 1900 | 0000 4883 
  0x000001a551124d54: ;   {runtime_call}
  0x000001a551124d54: ec08 48b8 | 40b5 7b3c | fa7f 0000 | ffd0 4883 | c408 e90c 

  0x000001a551124d68: ;   {runtime_call}
  0x000001a551124d68: 0000 0048 | b840 b57b | 3cfa 7f00 | 00ff d048 | 83c4 2048 | 8b45 f849 | c787 a003 | 0000 0000 
  0x000001a551124d88: 0000 49c7 | 87a8 0300 | 0000 0000 | 00c5 f877 | 4885 c00f | 84fe 0200 | 00a8 030f | 8508 0000 
  0x000001a551124da8: 0048 8b00 | e9ee 0200 | 00a8 010f | 8509 0000 | 0048 8b40 | fee9 dd02 | 0000 488b | 40ff 4180 
  0x000001a551124dc8: 7f38 000f | 84ce 0200 | 0048 83f8 | 000f 84c4 | 0200 0049 | 8b4f 2848 | 83f9 000f | 8414 0000 
  0x000001a551124de8: 0048 83e9 | 0849 894f | 2849 034f | 3048 8901 | e9a2 0200 | 0048 81ec | 5001 0000 | 4889 0424 
  0x000001a551124e08: 4889 4c24 | 0848 8954 | 2410 4889 | 7424 1848 | 897c 2420 | 4c89 4424 | 284c 894c | 2430 4c89 
  0x000001a551124e28: 5424 384c | 895c 2440 | c5fb 1144 | 2450 c5fb | 114c 2458 | c5fb 1154 | 2460 c5fb | 115c 2468 
  0x000001a551124e48: c5fb 1164 | 2470 c5fb | 116c 2478 | c5fb 11b4 | 2480 0000 | 00c5 fb11 | bc24 8800 | 0000 c57b 
  0x000001a551124e68: ;   {no_reloc}
  0x000001a551124e68: 1184 2490 | 0000 00c5 | 7b11 8c24 | 9800 0000 | c57b 1194 | 24a0 0000 | 00c5 7b11 | 9c24 a800 
  0x000001a551124e88: 0000 c57b | 11a4 24b0 | 0000 00c5 | 7b11 ac24 | b800 0000 | c57b 11b4 | 24c0 0000 | 00c5 7b11 
  0x000001a551124ea8: bc24 c800 | 0000 62e1 | ff08 1144 | 241a 62e1 | ff08 114c | 241b 62e1 | ff08 1154 | 241c 62e1 
  0x000001a551124ec8: ff08 115c | 241d 62e1 | ff08 1164 | 241e 62e1 | ff08 116c | 241f 62e1 | ff08 1174 | 2420 62e1 
  0x000001a551124ee8: ff08 117c | 2421 6261 | ff08 1144 | 2422 6261 | ff08 114c | 2423 6261 | ff08 1154 | 2424 6261 
  0x000001a551124f08: ff08 115c | 2425 6261 | ff08 1164 | 2426 6261 | ff08 116c | 2427 6261 | ff08 1174 | 2428 6261 
  0x000001a551124f28: ff08 117c | 2429 498b | d748 8bc8 | 4883 ec20 | 40f6 c40f | 0f84 1900 | 0000 4883 

  0x000001a551124f44: ;   {runtime_call}
  0x000001a551124f44: ec08 48b8 | e03e 393c | fa7f 0000 | ffd0 4883 | c408 e90c 

  0x000001a551124f58: ;   {runtime_call}
  0x000001a551124f58: 0000 0048 | b8e0 3e39 | 3cfa 7f00 | 00ff d048 | 83c4 2062 | 61ff 0810 | 7c24 2962 | 61ff 0810 
  0x000001a551124f78: 7424 2862 | 61ff 0810 | 6c24 2762 | 61ff 0810 | 6424 2662 | 61ff 0810 | 5c24 2562 | 61ff 0810 
  0x000001a551124f98: 5424 2462 | 61ff 0810 | 4c24 2362 | 61ff 0810 | 4424 2262 | e1ff 0810 | 7c24 2162 | e1ff 0810 
  0x000001a551124fb8: 7424 2062 | e1ff 0810 | 6c24 1f62 | e1ff 0810 | 6424 1e62 | e1ff 0810 | 5c24 1d62 | e1ff 0810 
  0x000001a551124fd8: 5424 1c62 | e1ff 0810 | 4c24 1b62 | e1ff 0810 | 4424 1ac5 | 7b10 bc24 | c800 0000 | c57b 10b4 
  0x000001a551124ff8: 24c0 0000 | 00c5 7b10 | ac24 b800 | 0000 c57b | 10a4 24b0 | 0000 00c5 | 7b10 9c24 | a800 0000 
  0x000001a551125018: c57b 1094 | 24a0 0000 | 00c5 7b10 | 8c24 9800 | 0000 c57b | 1084 2490 | 0000 00c5 | fb10 bc24 
  0x000001a551125038: 8800 0000 | c5fb 10b4 | 2480 0000 | 00c5 fb10 | 6c24 78c5 | fb10 6424 | 70c5 fb10 | 5c24 68c5 
  0x000001a551125058: ;   {no_reloc}
  0x000001a551125058: fb10 5424 | 60c5 fb10 | 4c24 58c5 | fb10 4424 | 504c 8b5c | 2440 4c8b | 5424 384c | 8b4c 2430 
  0x000001a551125078: 4c8b 4424 | 2848 8b7c | 2420 488b | 7424 1848 | 8b54 2410 | 488b 4c24 | 0848 8b04 | 2448 81c4 
  0x000001a551125098: 5001 0000 | c5f8 7749 | 8b8f 3004 | 0000 c781 | 0001 0000 | 0000 0000 | c949 837f | 0800 0f85 
  0x000001a5511250b8: 0100 0000 

  0x000001a5511250bc: ;   {runtime_call StubRoutines (initial stubs)}
  0x000001a5511250bc: c3e9 3ebe | 9eff c5f8 | 7748 8945 | f84c 8be4 | 4883 ec20 | 4883 e4f0 

  0x000001a5511250d4: ;   {runtime_call}
  0x000001a5511250d4: 48b8 90ed | 7b3c fa7f | 0000 ffd0 | 498b e44d | 33e4 488b | 45f8 e930 | fcff fff4 
[/MachCode]


Compiled method (c1) 2359 1267       3       java.lang.ClassLoader::defineClass (43 bytes)
 total in heap  [0x000001a549802f10,0x000001a549803860] = 2384
 relocation     [0x000001a549803068,0x000001a549803108] = 160
 main code      [0x000001a549803120,0x000001a5498035b8] = 1176
 stub code      [0x000001a5498035b8,0x000001a549803630] = 120
 metadata       [0x000001a549803630,0x000001a549803660] = 48
 scopes data    [0x000001a549803660,0x000001a549803750] = 240
 scopes pcs     [0x000001a549803750,0x000001a549803830] = 224
 dependencies   [0x000001a549803830,0x000001a549803838] = 8
 nul chk table  [0x000001a549803838,0x000001a549803860] = 40

[Constant Pool (empty)]

[MachCode]
[Entry Point]
  # {method} {0x000001a55c3fefd8} 'defineClass' '(Ljava/lang/String;[BIILjava/security/ProtectionDomain;)Ljava/lang/Class;' in 'java/lang/ClassLoader'
  # this:     rdx:rdx   = 'java/lang/ClassLoader'
  # parm0:    r8:r8     = 'java/lang/String'
  # parm1:    r9:r9     = '[B'
  # parm2:    rdi       = int
  # parm3:    rsi       = int
  # parm4:    rcx:rcx   = 'java/security/ProtectionDomain'
  #           [sp+0xc0]  (sp of caller)
  0x000001a549803120: 448b 5208 | 49bb 0000 | 005c a501 | 0000 4d03 | d34c 3bd0 

  0x000001a549803134: ;   {runtime_call ic_miss_stub}
  0x000001a549803134: 0f85 46b8 | 3507 660f | 1f44 0000 
[Verified Entry Point]
  0x000001a549803140: 8984 2400 | 80ff ff55 | 4881 ecb0 | 0000 0090 | 4181 7f20 | 0100 0000 

  0x000001a549803158: ;   {runtime_call StubRoutines (final stubs)}
  0x000001a549803158: 7405 e821 | 3934 0748 | 8954 2478 

  0x000001a549803164: ;   {metadata(method data for {method} {0x000001a55c3fefd8} 'defineClass' '(Ljava/lang/String;[BIILjava/security/ProtectionDomain;)Ljava/lang/Class;' in 'java/lang/ClassLoader')}
  0x000001a549803164: 48bb 7020 | 2c9d a501 | 0000 8b83 | cc00 0000 | 83c0 0289 | 83cc 0000 | 0025 fe07 | 0000 85c0 
  0x000001a549803184: 0f84 5003 | 0000 89b4 | 2494 0000 | 0089 bc24 | 9000 0000 | 4c89 8c24 | 8800 0000 

  0x000001a5498031a0: ;   {metadata(method data for {method} {0x000001a55c3fefd8} 'defineClass' '(Ljava/lang/String;[BIILjava/security/ProtectionDomain;)Ljava/lang/Class;' in 'java/lang/ClassLoader')}
  0x000001a5498031a0: 488b da48 | b870 202c | 9da5 0100 | 0048 8380 | 1801 0000 | 0149 8bd8 | 4c8b c34c | 8bc9 488b 
  0x000001a5498031c0: ca48 8bd1 | 4889 9c24 | 8000 0000 

  0x000001a5498031cc: ;   {optimized virtual_call}
  0x000001a5498031cc: 6666 90e8 

  0x000001a5498031d0: ; ImmutableOopMap {[120]=Oop [128]=Oop [136]=Oop }
                      ;*invokevirtual preDefineClass {reexecute=0 rethrow=0 return_oop=0}
                      ; - java.lang.ClassLoader::defineClass@4 (line 1021)
  0x000001a5498031d0: 4c49 fdff 

  0x000001a5498031d4: ;   {other}
  0x000001a5498031d4: 0f1f 8400 | c402 0000 | 4889 8424 | 9800 0000 | 488b 5424 

  0x000001a5498031e8: ;   {metadata(method data for {method} {0x000001a55c3fefd8} 'defineClass' '(Ljava/lang/String;[BIILjava/security/ProtectionDomain;)Ljava/lang/Class;' in 'java/lang/ClassLoader')}
  0x000001a5498031e8: 7849 b870 | 202c 9da5 | 0100 0049 | 8380 4801 

  0x000001a5498031f8: ;   {metadata(method data for {method} {0x000001a55c3fecc0} 'defineClassSourceLocation' '(Ljava/security/ProtectionDomain;)Ljava/lang/String;' in 'java/lang/ClassLoader')}
  0x000001a5498031f8: 0000 0149 | b888 7b31 | 9da5 0100 | 0041 8b90 | cc00 0000 | 83c2 0241 | 8990 cc00 | 0000 81e2 
  0x000001a549803218: feff 1f00 | 85d2 0f84 | d702 0000 

  0x000001a549803224: ; implicit exception: dispatches to 0x000001a54980351c
  0x000001a549803224: 483b 004c 

  0x000001a549803228: ;   {metadata(method data for {method} {0x000001a55c3fecc0} 'defineClassSourceLocation' '(Ljava/security/ProtectionDomain;)Ljava/lang/String;' in 'java/lang/ClassLoader')}
  0x000001a549803228: 8bc0 48ba | 887b 319d | a501 0000 | 4883 8218 | 0100 0001 | 448b 4010 

  0x000001a549803240: ;   {metadata(method data for {method} {0x000001a55c3fecc0} 'defineClassSourceLocation' '(Ljava/security/ProtectionDomain;)Ljava/lang/String;' in 'java/lang/ClassLoader')}
  0x000001a549803240: 4d85 c048 | ba88 7b31 | 9da5 0100 | 0048 c7c6 | 5801 0000 | 7507 48c7 | c648 0100 | 0048 8b3c 
  0x000001a549803260: 3248 8d7f | 0148 893c | 320f 850f 

  0x000001a54980326c: ;   {oop(nullptr)}
  0x000001a54980326c: 0000 0048 | bb00 0000 | 0000 0000 | 00e9 a101 | 0000 493b | 0049 8bd0 

  0x000001a549803284: ;   {metadata(method data for {method} {0x000001a55c3fecc0} 'defineClassSourceLocation' '(Ljava/security/ProtectionDomain;)Ljava/lang/String;' in 'java/lang/ClassLoader')}
  0x000001a549803284: 48be 887b | 319d a501 | 0000 4883 | 8668 0100 | 0001 418b | 500c 4885 

  0x000001a54980329c: ;   {metadata(method data for {method} {0x000001a55c3fecc0} 'defineClassSourceLocation' '(Ljava/security/ProtectionDomain;)Ljava/lang/String;' in 'java/lang/ClassLoader')}
  0x000001a54980329c: d248 be88 | 7b31 9da5 | 0100 0048 | c7c7 a801 | 0000 7507 | 48c7 c798 | 0100 0048 | 8b1c 3e48 
  0x000001a5498032bc: 8d5b 0148 | 891c 3e0f | 850f 0000 

  0x000001a5498032c8: ;   {oop(nullptr)}
  0x000001a5498032c8: 0048 bb00 | 0000 0000 | 0000 00e9 | 4701 0000 

  0x000001a5498032d8: ;   {metadata(method data for {method} {0x000001a55c3fecc0} 'defineClassSourceLocation' '(Ljava/security/ProtectionDomain;)Ljava/lang/String;' in 'java/lang/ClassLoader')}
  0x000001a5498032d8: 48be 887b | 319d a501 | 0000 4883 | 86b8 0100 | 0001 483b | 024c 8bc2 

  0x000001a5498032f0: ;   {metadata(method data for {method} {0x000001a55c3fecc0} 'defineClassSourceLocation' '(Ljava/security/ProtectionDomain;)Ljava/lang/String;' in 'java/lang/ClassLoader')}
  0x000001a5498032f0: 48be 887b | 319d a501 | 0000 4883 | 86e8 0100 

  0x000001a549803300: ;   {metadata(method data for {method} {0x000001a55c01a690} 'toString' '()Ljava/lang/String;' in 'java/net/URL')}
  0x000001a549803300: 0001 49b8 | 2042 1c9d | a501 0000 | 418b b0cc | 0000 0083 | c602 4189 | b0cc 0000 | 0081 e6fe 
  0x000001a549803320: ff1f 0085 | f60f 8400 | 0200 004c 

  0x000001a54980332c: ;   {metadata(method data for {method} {0x000001a55c01a690} 'toString' '()Ljava/lang/String;' in 'java/net/URL')}
  0x000001a54980332c: 8bc2 48be | 2042 1c9d | a501 0000 | 4883 8618 | 0100 0001 

  0x000001a549803340: ;   {metadata(method data for {method} {0x000001a55c3f38b8} 'toExternalForm' '()Ljava/lang/String;' in 'java/net/URL')}
  0x000001a549803340: 49b8 a843 | 1c9d a501 | 0000 418b | b0cc 0000 | 0083 c602 | 4189 b0cc | 0000 0081 | e6fe ff1f 
  0x000001a549803360: 0085 f60f | 84e3 0100 | 008b 7238 

  0x000001a54980336c: ; implicit exception: dispatches to 0x000001a54980356d
  0x000001a54980336c: 483b 064c 

  0x000001a549803370: ;   {metadata(method data for {method} {0x000001a55c3f38b8} 'toExternalForm' '()Ljava/lang/String;' in 'java/net/URL')}
  0x000001a549803370: 8bc6 48bf | a843 1c9d | a501 0000 | 458b 4008 | 49ba 0000 | 005c a501 | 0000 4d03 | c24c 3b87 
  0x000001a549803390: 2001 0000 | 750d 4883 | 8728 0100 | 0001 e960 | 0000 004c | 3b87 3001 | 0000 750d | 4883 8738 
  0x000001a5498033b0: 0100 0001 | e94a 0000 | 0048 83bf | 2001 0000 | 0075 174c | 8987 2001 | 0000 48c7 | 8728 0100 
  0x000001a5498033d0: 0001 0000 | 00e9 2900 | 0000 4883 | bf30 0100 | 0000 7517 | 4c89 8730 | 0100 0048 | c787 3801 
  0x000001a5498033f0: 0000 0100 | 0000 e908 | 0000 0048 | 8387 1801 | 0000 014c | 8bc2 488b | d666 0f1f 

  0x000001a54980340c: ;   {optimized virtual_call}
  0x000001a54980340c: 4400 00e8 

  0x000001a549803410: ; ImmutableOopMap {[120]=Oop [128]=Oop [136]=Oop [152]=Oop }
                      ;*invokevirtual toExternalForm {reexecute=0 rethrow=0 return_oop=0}
                      ; - java.net.URL::toExternalForm@5 (line 1203)
                      ; - java.net.URL::toString@1 (line 1189)
                      ; - java.lang.ClassLoader::defineClassSourceLocation@22 (line 925)
                      ; - java.lang.ClassLoader::defineClass@12 (line 1022)
  0x000001a549803410: 6c96 f7ff 

  0x000001a549803414: ;   {other}
  0x000001a549803414: 0f1f 8400 | 0405 0001 | 488b d848 | 8b84 2498 | 0000 008b | b424 9400 | 0000 8bbc | 2490 0000 
  0x000001a549803434: 004c 8b8c | 2488 0000 | 004c 8b84 | 2480 0000 | 0048 8b54 

  0x000001a549803448: ;   {metadata(method data for {method} {0x000001a55c3fefd8} 'defineClass' '(Ljava/lang/String;[BIILjava/security/ProtectionDomain;)Ljava/lang/Class;' in 'java/lang/ClassLoader')}
  0x000001a549803448: 2478 48b9 | 7020 2c9d | a501 0000 | 4883 8178 | 0100 0001 | 4c8b da49 | 8bd3 488b | c848 891c 
  0x000001a549803468: 2466 0f1f 

  0x000001a54980346c: ;   {static_call}
  0x000001a54980346c: 4400 00e8 

  0x000001a549803470: ; ImmutableOopMap {[120]=Oop [152]=Oop }
                      ;*invokestatic defineClass1 {reexecute=0 rethrow=0 return_oop=0}
                      ; - java.lang.ClassLoader::defineClass@27 (line 1023)
  0x000001a549803470: ec16 9207 

  0x000001a549803474: ;   {other}
  0x000001a549803474: 0f1f 8400 | 6405 0002 | 488b 5424 

  0x000001a549803480: ;   {metadata(method data for {method} {0x000001a55c3fefd8} 'defineClass' '(Ljava/lang/String;[BIILjava/security/ProtectionDomain;)Ljava/lang/Class;' in 'java/lang/ClassLoader')}
  0x000001a549803480: 7849 b870 | 202c 9da5 | 0100 0049 | 8380 8801 | 0000 014c | 8bc0 4c8b | 8c24 9800 | 0000 488b 
  0x000001a5498034a0: 5424 7848 | 8984 24a0 | 0000 000f 

  0x000001a5498034ac: ;   {optimized virtual_call}
  0x000001a5498034ac: 1f40 00e8 

  0x000001a5498034b0: ; ImmutableOopMap {[160]=Oop }
                      ;*invokevirtual postDefineClass {reexecute=0 rethrow=0 return_oop=0}
                      ; - java.lang.ClassLoader::defineClass@37 (line 1024)
  0x000001a5498034b0: 6cec ffff 

  0x000001a5498034b4: ;   {other}
  0x000001a5498034b4: 0f1f 8400 | a405 0003 | 488b 8424 | a000 0000 | 4881 c4b0 | 0000 005d 

  0x000001a5498034cc: ;   {poll_return}
  0x000001a5498034cc: 493b a758 | 0400 000f | 8799 0000 

  0x000001a5498034d8: ;   {metadata({method} {0x000001a55c3fefd8} 'defineClass' '(Ljava/lang/String;[BIILjava/security/ProtectionDomain;)Ljava/lang/Class;' in 'java/lang/ClassLoader')}
  0x000001a5498034d8: 00c3 49ba | d0ef 3f5c | a501 0000 | 4c89 5424 | 0848 c704 | 24ff ffff 

  0x000001a5498034f0: ;   {runtime_call counter_overflow Runtime1 stub}
  0x000001a5498034f0: ffe8 0ab3 

  0x000001a5498034f4: ; ImmutableOopMap {rdx=Oop r8=Oop r9=Oop rcx=Oop [120]=Oop }
                      ;*synchronization entry
                      ; - java.lang.ClassLoader::defineClass@-1 (line 1021)
  0x000001a5498034f4: 4307 e98f 

  0x000001a5498034f8: ;   {metadata({method} {0x000001a55c3fecc0} 'defineClassSourceLocation' '(Ljava/security/ProtectionDomain;)Ljava/lang/String;' in 'java/lang/ClassLoader')}
  0x000001a5498034f8: fcff ff49 | bab8 ec3f | 5ca5 0100 | 004c 8954 | 2408 48c7 | 0424 ffff 

  0x000001a549803510: ;   {runtime_call counter_overflow Runtime1 stub}
  0x000001a549803510: ffff e8e9 

  0x000001a549803514: ; ImmutableOopMap {rax=Oop [120]=Oop [128]=Oop [136]=Oop [152]=Oop }
                      ;*synchronization entry
                      ; - java.lang.ClassLoader::defineClassSourceLocation@-1 (line 922)
                      ; - java.lang.ClassLoader::defineClass@12 (line 1022)
  0x000001a549803514: b243 07e9 | 08fd ffff 

  0x000001a54980351c: ;   {runtime_call throw_null_pointer_exception Runtime1 stub}
  0x000001a54980351c: e8ff 3843 

  0x000001a549803520: ; ImmutableOopMap {rax=Oop [120]=Oop [128]=Oop [136]=Oop [152]=Oop }
                      ;*invokevirtual getCodeSource {reexecute=0 rethrow=0 return_oop=0}
                      ; - java.lang.ClassLoader::defineClassSourceLocation@1 (line 922)
                      ; - java.lang.ClassLoader::defineClass@12 (line 1022)
                      ;   {runtime_call throw_null_pointer_exception Runtime1 stub}
  0x000001a549803520: 07e8 fa38 

  0x000001a549803524: ; ImmutableOopMap {rax=Oop r8=Oop [120]=Oop [128]=Oop [136]=Oop [152]=Oop }
                      ;*invokevirtual getLocation {reexecute=0 rethrow=0 return_oop=0}
                      ; - java.lang.ClassLoader::defineClassSourceLocation@12 (line 924)
                      ; - java.lang.ClassLoader::defineClass@12 (line 1022)
                      ;   {runtime_call throw_null_pointer_exception Runtime1 stub}
  0x000001a549803524: 4307 e8f5 

  0x000001a549803528: ; ImmutableOopMap {rdx=Oop [120]=Oop [128]=Oop [136]=Oop [152]=Oop }
                      ;*invokevirtual toString {reexecute=0 rethrow=0 return_oop=0}
                      ; - java.lang.ClassLoader::defineClassSourceLocation@22 (line 925)
                      ; - java.lang.ClassLoader::defineClass@12 (line 1022)
                      ;   {metadata({method} {0x000001a55c01a690} 'toString' '()Ljava/lang/String;' in 'java/net/URL')}
  0x000001a549803528: 3843 0749 | ba88 a601 | 5ca5 0100 | 004c 8954 | 2408 48c7 | 0424 ffff 

  0x000001a549803540: ;   {runtime_call counter_overflow Runtime1 stub}
  0x000001a549803540: ffff e8b9 

  0x000001a549803544: ; ImmutableOopMap {rdx=Oop [120]=Oop [128]=Oop [136]=Oop [152]=Oop }
                      ;*synchronization entry
                      ; - java.net.URL::toString@-1 (line 1189)
                      ; - java.lang.ClassLoader::defineClassSourceLocation@22 (line 925)
                      ; - java.lang.ClassLoader::defineClass@12 (line 1022)
  0x000001a549803544: b243 07e9 | dffd ffff 

  0x000001a54980354c: ;   {metadata({method} {0x000001a55c3f38b8} 'toExternalForm' '()Ljava/lang/String;' in 'java/net/URL')}
  0x000001a54980354c: 49ba b038 | 3f5c a501 | 0000 4c89 | 5424 0848 | c704 24ff 

  0x000001a549803560: ;   {runtime_call counter_overflow Runtime1 stub}
  0x000001a549803560: ffff ffe8 

  0x000001a549803564: ; ImmutableOopMap {rdx=Oop [120]=Oop [128]=Oop [136]=Oop [152]=Oop }
                      ;*synchronization entry
                      ; - java.net.URL::toExternalForm@-1 (line 1203)
                      ; - java.net.URL::toString@1 (line 1189)
                      ; - java.lang.ClassLoader::defineClassSourceLocation@22 (line 925)
                      ; - java.lang.ClassLoader::defineClass@12 (line 1022)
  0x000001a549803564: 98b2 4307 | e9fc fdff 

  0x000001a54980356c: ;   {runtime_call throw_null_pointer_exception Runtime1 stub}
  0x000001a54980356c: ffe8 ae38 

  0x000001a549803570: ; ImmutableOopMap {rdx=Oop rsi=Oop [120]=Oop [128]=Oop [136]=Oop [152]=Oop }
                      ;*invokevirtual toExternalForm {reexecute=0 rethrow=0 return_oop=0}
                      ; - java.net.URL::toExternalForm@5 (line 1203)
                      ; - java.net.URL::toString@1 (line 1189)
                      ; - java.lang.ClassLoader::defineClassSourceLocation@22 (line 925)
                      ; - java.lang.ClassLoader::defineClass@12 (line 1022)
                      ;   {internal_word}
  0x000001a549803570: 4307 49ba | cc34 8049 | a501 0000 | 4d89 9770 

  0x000001a549803580: ;   {runtime_call SafepointBlob}
  0x000001a549803580: 0400 00e9 | f835 3607 | 498b 8708 | 0500 0049 | c787 0805 | 0000 0000 | 0000 49c7 | 8710 0500 
  0x000001a5498035a0: 0000 0000 | 0048 81c4 | b000 0000 

  0x000001a5498035ac: ;   {runtime_call unwind_exception Runtime1 stub}
  0x000001a5498035ac: 5de9 4e1d | 4307 f4f4 | f4f4 f4f4 
[Stub Code]
  0x000001a5498035b8: ;   {no_reloc}
  0x000001a5498035b8: 0f1f 4400 

  0x000001a5498035bc: ;   {static_stub}
  0x000001a5498035bc: 0048 bb00 | 0000 0000 

  0x000001a5498035c4: ;   {runtime_call}
  0x000001a5498035c4: 0000 00e9 | fbff ffff 

  0x000001a5498035cc: ;   {static_stub}
  0x000001a5498035cc: 48bb 0000 | 0000 0000 

  0x000001a5498035d4: ;   {runtime_call}
  0x000001a5498035d4: 0000 e9fb 

  0x000001a5498035d8: ;   {static_stub}
  0x000001a5498035d8: ffff ff48 | bb00 0000 | 0000 0000 

  0x000001a5498035e4: ;   {runtime_call}
  0x000001a5498035e4: 00e9 fbff 

  0x000001a5498035e8: ;   {static_stub}
  0x000001a5498035e8: ffff 48bb | 0000 0000 | 0000 0000 

  0x000001a5498035f4: ;   {runtime_call}
  0x000001a5498035f4: e9fb ffff 

  0x000001a5498035f8: ;   {runtime_call handle_exception_from_callee Runtime1 stub}
  0x000001a5498035f8: ffe8 8269 

  0x000001a5498035fc: ;   {external_word}
  0x000001a5498035fc: 4307 48b9 | c018 a33c | fa7f 0000 | 4883 e4f0 

  0x000001a54980360c: ;   {runtime_call}
  0x000001a54980360c: 48b8 c094 | 6a3c fa7f | 0000 ffd0 

  0x000001a549803618: ;   {section_word}
  0x000001a549803618: f449 ba19 | 3680 49a5 | 0100 0041 

  0x000001a549803624: ;   {runtime_call DeoptimizationBlob}
  0x000001a549803624: 52e9 f649 | 3607 f4f4 | f4f4 f4f4 
[/MachCode]


Compiled method (c1) 2376 1178       3       java.security.SecureClassLoader::defineClass (16 bytes)
 total in heap  [0x000001a5497da990,0x000001a5497dad90] = 1024
 relocation     [0x000001a5497daae8,0x000001a5497dab38] = 80
 main code      [0x000001a5497dab40,0x000001a5497dac98] = 344
 stub code      [0x000001a5497dac98,0x000001a5497dace8] = 80
 metadata       [0x000001a5497dace8,0x000001a5497dacf0] = 8
 scopes data    [0x000001a5497dacf0,0x000001a5497dad38] = 72
 scopes pcs     [0x000001a5497dad38,0x000001a5497dad88] = 80
 dependencies   [0x000001a5497dad88,0x000001a5497dad90] = 8

[Constant Pool (empty)]

[MachCode]
[Entry Point]
  # {method} {0x000001a55c0438c0} 'defineClass' '(Ljava/lang/String;[BIILjava/security/CodeSource;)Ljava/lang/Class;' in 'java/security/SecureClassLoader'
  # this:     rdx:rdx   = 'java/security/SecureClassLoader'
  # parm0:    r8:r8     = 'java/lang/String'
  # parm1:    r9:r9     = '[B'
  # parm2:    rdi       = int
  # parm3:    rsi       = int
  # parm4:    rcx:rcx   = 'java/security/CodeSource'
  #           [sp+0x80]  (sp of caller)
  0x000001a5497dab40: 448b 5208 | 49bb 0000 | 005c a501 | 0000 4d03 | d34c 3bd0 

  0x000001a5497dab54: ;   {runtime_call ic_miss_stub}
  0x000001a5497dab54: 0f85 263e | 3807 660f | 1f44 0000 
[Verified Entry Point]
  0x000001a5497dab60: 8984 2400 | 80ff ff55 | 4883 ec70 | 4181 7f20 | 0100 0000 

  0x000001a5497dab74: ;   {runtime_call StubRoutines (final stubs)}
  0x000001a5497dab74: 7405 e805 

  0x000001a5497dab78: ;   {metadata(method data for {method} {0x000001a55c0438c0} 'defineClass' '(Ljava/lang/String;[BIILjava/security/CodeSource;)Ljava/lang/Class;' in 'java/security/SecureClassLoader')}
  0x000001a5497dab78: bf36 0748 | bbb0 021e | 9da5 0100 | 008b 83cc | 0000 0083 | c002 8983 | cc00 0000 | 25fe 0700 
  0x000001a5497dab98: 0085 c00f | 8496 0000 | 0089 7424 | 5c89 7c24 | 584c 894c | 2450 4c89 | 4424 4848 

  0x000001a5497dabb4: ;   {metadata(method data for {method} {0x000001a55c0438c0} 'defineClass' '(Ljava/lang/String;[BIILjava/security/CodeSource;)Ljava/lang/Class;' in 'java/security/SecureClassLoader')}
  0x000001a5497dabb4: 8bda 48b8 | b002 1e9d | a501 0000 | 4883 8018 | 0100 0001 | 4c8b c148 | 8bc2 488b | d048 8944 
  0x000001a5497dabd4: ;   {optimized virtual_call}
  0x000001a5497dabd4: 2440 90e8 

  0x000001a5497dabd8: ; ImmutableOopMap {[64]=Oop [72]=Oop [80]=Oop }
                      ;*invokevirtual getProtectionDomain {reexecute=0 rethrow=0 return_oop=0}
                      ; - java.security.SecureClassLoader::defineClass@9 (line 150)
  0x000001a5497dabd8: c4b5 ffff 

  0x000001a5497dabdc: ;   {other}
  0x000001a5497dabdc: 0f1f 8400 | 4c02 0000 | 488b 5424 

  0x000001a5497dabe8: ;   {metadata(method data for {method} {0x000001a55c0438c0} 'defineClass' '(Ljava/lang/String;[BIILjava/security/CodeSource;)Ljava/lang/Class;' in 'java/security/SecureClassLoader')}
  0x000001a5497dabe8: 4049 b8b0 | 021e 9da5 | 0100 0049 | 8380 4801 | 0000 014c | 8b44 2448 | 4c8b 4c24 | 508b 7c24 
  0x000001a5497dac08: 588b 7424 | 5c48 8bc8 | 488b 5424 

  0x000001a5497dac14: ;   {optimized virtual_call}
  0x000001a5497dac14: 4066 90e8 

  0x000001a5497dac18: ; ImmutableOopMap {}
                      ;*invokevirtual defineClass {reexecute=0 rethrow=0 return_oop=0}
                      ; - java.security.SecureClassLoader::defineClass@12 (line 150)
  0x000001a5497dac18: 2485 0200 

  0x000001a5497dac1c: ;   {other}
  0x000001a5497dac1c: 0f1f 8400 | 8c02 0001 | 4883 c470 

  0x000001a5497dac28: ;   {poll_return}
  0x000001a5497dac28: 5d49 3ba7 | 5804 0000 | 0f87 2200 

  0x000001a5497dac34: ;   {metadata({method} {0x000001a55c0438c0} 'defineClass' '(Ljava/lang/String;[BIILjava/security/CodeSource;)Ljava/lang/Class;' in 'java/security/SecureClassLoader')}
  0x000001a5497dac34: 0000 c349 | bab8 3804 | 5ca5 0100 | 004c 8954 | 2408 48c7 | 0424 ffff 

  0x000001a5497dac4c: ;   {runtime_call counter_overflow Runtime1 stub}
  0x000001a5497dac4c: ffff e8ad 

  0x000001a5497dac50: ; ImmutableOopMap {rdx=Oop r8=Oop r9=Oop rcx=Oop }
                      ;*synchronization entry
                      ; - java.security.SecureClassLoader::defineClass@-1 (line 150)
  0x000001a5497dac50: 3b46 07e9 | 49ff ffff 

  0x000001a5497dac58: ;   {internal_word}
  0x000001a5497dac58: 49ba 29ac | 7d49 a501 | 0000 4d89 | 9770 0400 

  0x000001a5497dac68: ;   {runtime_call SafepointBlob}
  0x000001a5497dac68: 00e9 12bf | 3807 498b | 8708 0500 | 0049 c787 | 0805 0000 | 0000 0000 | 49c7 8710 | 0500 0000 
  0x000001a5497dac88: 0000 0048 | 83c4 705d 

  0x000001a5497dac90: ;   {runtime_call unwind_exception Runtime1 stub}
  0x000001a5497dac90: e96b a645 | 07f4 f4f4 
[Stub Code]
  0x000001a5497dac98: ;   {no_reloc}
  0x000001a5497dac98: 48bb 0000 | 0000 0000 

  0x000001a5497daca0: ;   {runtime_call}
  0x000001a5497daca0: 0000 e9fb 

  0x000001a5497daca4: ;   {static_stub}
  0x000001a5497daca4: ffff ff48 | bbd0 ef3f | 5ca5 0100 

  0x000001a5497dacb0: ;   {runtime_call I2C/C2I adapters}
  0x000001a5497dacb0: 00e9 df38 

  0x000001a5497dacb4: ;   {runtime_call handle_exception_from_callee Runtime1 stub}
  0x000001a5497dacb4: 3707 e8c5 

  0x000001a5497dacb8: ;   {external_word}
  0x000001a5497dacb8: f245 0748 | b9c0 18a3 | 3cfa 7f00 | 0048 83e4 

  0x000001a5497dacc8: ;   {runtime_call}
  0x000001a5497dacc8: f048 b8c0 | 946a 3cfa | 7f00 00ff 

  0x000001a5497dacd4: ;   {section_word}
  0x000001a5497dacd4: d0f4 49ba | d6ac 7d49 | a501 0000 

  0x000001a5497dace0: ;   {runtime_call DeoptimizationBlob}
  0x000001a5497dace0: 4152 e939 | d338 07f4 
[/MachCode]


---------------  P R O C E S S  ---------------

Threads class SMR info:
_java_thread_list=0x000001a5a1f99e40, length=15, elements={
0x000001a53f0a75b0, 0x000001a55bcf0270, 0x000001a55bcf3490, 0x000001a55bcf5ff0,
0x000001a55bcf6b40, 0x000001a55bcf7690, 0x000001a55bcf81e0, 0x000001a55bcf9060,
0x000001a55bcfbc10, 0x000001a55bdbe170, 0x000001a5a11a3c40, 0x000001a5a11a42b0,
0x000001a5a1804610, 0x000001a5a1b7ecb0, 0x000001a5a1f6fb70
}

Java Threads: ( => current thread )
  0x000001a53f0a75b0 JavaThread "main"                              [_thread_blocked, id=28432, stack(0x0000005510a00000,0x0000005510b00000) (1024K)]
  0x000001a55bcf0270 JavaThread "Reference Handler"          daemon [_thread_blocked, id=29284, stack(0x0000005511200000,0x0000005511300000) (1024K)]
  0x000001a55bcf3490 JavaThread "Finalizer"                  daemon [_thread_blocked, id=29124, stack(0x0000005511300000,0x0000005511400000) (1024K)]
  0x000001a55bcf5ff0 JavaThread "Signal Dispatcher"          daemon [_thread_blocked, id=29620, stack(0x0000005511400000,0x0000005511500000) (1024K)]
  0x000001a55bcf6b40 JavaThread "Attach Listener"            daemon [_thread_blocked, id=27060, stack(0x0000005511500000,0x0000005511600000) (1024K)]
  0x000001a55bcf7690 JavaThread "Service Thread"             daemon [_thread_blocked, id=29080, stack(0x0000005511600000,0x0000005511700000) (1024K)]
  0x000001a55bcf81e0 JavaThread "Monitor Deflation Thread"   daemon [_thread_blocked, id=6692, stack(0x0000005511700000,0x0000005511800000) (1024K)]
  0x000001a55bcf9060 JavaThread "C2 CompilerThread0"         daemon [_thread_blocked, id=29056, stack(0x0000005511800000,0x0000005511900000) (1024K)]
  0x000001a55bcfbc10 JavaThread "C1 CompilerThread0"         daemon [_thread_blocked, id=27320, stack(0x0000005511900000,0x0000005511a00000) (1024K)]
  0x000001a55bdbe170 JavaThread "Common-Cleaner"             daemon [_thread_blocked, id=26440, stack(0x0000005511a00000,0x0000005511b00000) (1024K)]
  0x000001a5a11a3c40 JavaThread "Monitor Ctrl-Break"         daemon [_thread_in_native, id=29204, stack(0x0000005511b00000,0x0000005511c00000) (1024K)]
  0x000001a5a11a42b0 JavaThread "Notification Thread"        daemon [_thread_blocked, id=26500, stack(0x0000005511c00000,0x0000005511d00000) (1024K)]
  0x000001a5a1804610 JavaThread "Thread-0"                          [_thread_blocked, id=28048, stack(0x0000005512000000,0x0000005512100000) (1024K)]
  0x000001a5a1b7ecb0 JavaThread "restartedMain"                     [_thread_in_vm, id=11920, stack(0x0000005512100000,0x0000005512200000) (1024K)]
=>0x000001a5a1f6fb70 JavaThread "background-preinit"                [_thread_in_vm, id=29228, stack(0x0000005512200000,0x0000005512300000) (1024K)]
Total: 15

Other Threads:
  0x000001a541356810 VMThread "VM Thread"                           [id=27976, stack(0x0000005511100000,0x0000005511200000) (1024K)]
  0x000001a55bcdc2c0 WatcherThread "VM Periodic Task Thread"        [id=17864, stack(0x0000005511000000,0x0000005511100000) (1024K)]
  0x000001a5412c9590 WorkerThread "GC Thread#0"                     [id=29396, stack(0x0000005510b00000,0x0000005510c00000) (1024K)]
  0x000001a5a15cd6a0 WorkerThread "GC Thread#1"                     [id=28720, stack(0x0000005511d00000,0x0000005511e00000) (1024K)]
  0x000001a5a1797830 WorkerThread "GC Thread#2"                     [id=23088, stack(0x0000005511e00000,0x0000005511f00000) (1024K)]
  0x000001a5a16b2c80 WorkerThread "GC Thread#3"                     [id=28532, stack(0x0000005511f00000,0x0000005512000000) (1024K)]
  0x000001a5412d1db0 ConcurrentGCThread "G1 Main Marker"            [id=28460, stack(0x0000005510c00000,0x0000005510d00000) (1024K)]
  0x000001a5412d28c0 WorkerThread "G1 Conc#0"                       [id=27144, stack(0x0000005510d00000,0x0000005510e00000) (1024K)]
  0x000001a54132dcd0 ConcurrentGCThread "G1 Refine#0"               [id=23676, stack(0x0000005510e00000,0x0000005510f00000) (1024K)]
  0x000001a54132e850 ConcurrentGCThread "G1 Service"                [id=25392, stack(0x0000005510f00000,0x0000005511000000) (1024K)]
Total: 10

Threads with active compile tasks:
Total: 0

VM state: not at safepoint (normal execution)

VM Mutex/Monitor currently owned by a thread:  ([mutex/lock_event])
[0x00007ffa3ccd9b38] Metaspace_lock - owner thread: 0x000001a5a1f6fb70

Heap address: 0x00000000c4c00000, size: 948 MB, Compressed Oops mode: 32-bit

CDS archive(s) mapped at: [0x000001a55c000000-0x000001a55cc60000-0x000001a55cc60000), size 12976128, SharedBaseAddress: 0x000001a55c000000, ArchiveRelocationMode: 1.
Compressed class space mapped at: 0x000001a55d000000-0x000001a59d000000, reserved size: 1073741824
Narrow klass base: 0x000001a55c000000, Narrow klass shift: 0, Narrow klass range: 0x41000000

GC Precious Log:
 CardTable entry size: 512
 Card Set container configuration: InlinePtr #cards 5 size 8 Array Of Cards #cards 12 size 40 Howl #buckets 4 coarsen threshold 1843 Howl Bitmap #cards 512 size 80 coarsen threshold 460 Card regions per heap region 1 cards per card region 2048
 CPUs: 4 total, 4 available
 Memory: 3784M
 Large Page Support: Disabled
 NUMA Support: Disabled
 Compressed Oops: Enabled (32-bit)
 Heap Region Size: 1M
 Heap Min Capacity: 8M
 Heap Initial Capacity: 60M
 Heap Max Capacity: 948M
 Pre-touch: Disabled
 Parallel Workers: 4
 Concurrent Workers: 1
 Concurrent Refinement Workers: 4
 Periodic GC: Disabled

Heap:
 garbage-first heap   total reserved 970752K, committed 61440K, used 20281K [0x00000000c4c00000, 0x0000000100000000)
  region size 1024K, 16 young (16384K), 2 survivors (2048K)
 Metaspace       used 12105K, committed 12416K, reserved 1114112K
  class space    used 1446K, committed 1600K, reserved 1048576K

Heap Regions: E=young(eden), S=young(survivor), O=old, HS=humongous(starts), HC=humongous(continues), CS=collection set, F=free, TAMS=top-at-mark-start, PB=parsable bottom
|   0|0x00000000c4c00000, 0x00000000c4d00000, 0x00000000c4d00000|100%|HS|  |TAMS 0x00000000c4c00000| PB 0x00000000c4c00000| Complete |  0
|   1|0x00000000c4d00000, 0x00000000c4e00000, 0x00000000c4e00000|100%| O|  |TAMS 0x00000000c4d00000| PB 0x00000000c4d00000| Untracked |  0
|   2|0x00000000c4e00000, 0x00000000c4f00000, 0x00000000c4f00000|100%| O|  |TAMS 0x00000000c4e00000| PB 0x00000000c4e00000| Untracked |  0
|   3|0x00000000c4f00000, 0x00000000c5000000, 0x00000000c5000000|100%| O|  |TAMS 0x00000000c4f00000| PB 0x00000000c4f00000| Untracked |  0
|   4|0x00000000c5000000, 0x00000000c5100000, 0x00000000c5100000|100%| O|  |TAMS 0x00000000c5000000| PB 0x00000000c5000000| Untracked |  0
|   5|0x00000000c5100000, 0x00000000c5200000, 0x00000000c5200000|100%| O|  |TAMS 0x00000000c5100000| PB 0x00000000c5100000| Untracked |  0
|   6|0x00000000c5200000, 0x00000000c526c790, 0x00000000c5300000| 42%| O|  |TAMS 0x00000000c5200000| PB 0x00000000c5200000| Untracked |  0
|   7|0x00000000c5300000, 0x00000000c5300000, 0x00000000c5400000|  0%| F|  |TAMS 0x00000000c5300000| PB 0x00000000c5300000| Untracked |  0
|   8|0x00000000c5400000, 0x00000000c5400000, 0x00000000c5500000|  0%| F|  |TAMS 0x00000000c5400000| PB 0x00000000c5400000| Untracked |  0
|   9|0x00000000c5500000, 0x00000000c5500000, 0x00000000c5600000|  0%| F|  |TAMS 0x00000000c5500000| PB 0x00000000c5500000| Untracked |  0
|  10|0x00000000c5600000, 0x00000000c5600000, 0x00000000c5700000|  0%| F|  |TAMS 0x00000000c5600000| PB 0x00000000c5600000| Untracked |  0
|  11|0x00000000c5700000, 0x00000000c5700000, 0x00000000c5800000|  0%| F|  |TAMS 0x00000000c5700000| PB 0x00000000c5700000| Untracked |  0
|  12|0x00000000c5800000, 0x00000000c5800000, 0x00000000c5900000|  0%| F|  |TAMS 0x00000000c5800000| PB 0x00000000c5800000| Untracked |  0
|  13|0x00000000c5900000, 0x00000000c5900000, 0x00000000c5a00000|  0%| F|  |TAMS 0x00000000c5900000| PB 0x00000000c5900000| Untracked |  0
|  14|0x00000000c5a00000, 0x00000000c5a00000, 0x00000000c5b00000|  0%| F|  |TAMS 0x00000000c5a00000| PB 0x00000000c5a00000| Untracked |  0
|  15|0x00000000c5b00000, 0x00000000c5b00000, 0x00000000c5c00000|  0%| F|  |TAMS 0x00000000c5b00000| PB 0x00000000c5b00000| Untracked |  0
|  16|0x00000000c5c00000, 0x00000000c5c00000, 0x00000000c5d00000|  0%| F|  |TAMS 0x00000000c5c00000| PB 0x00000000c5c00000| Untracked |  0
|  17|0x00000000c5d00000, 0x00000000c5d00000, 0x00000000c5e00000|  0%| F|  |TAMS 0x00000000c5d00000| PB 0x00000000c5d00000| Untracked |  0
|  18|0x00000000c5e00000, 0x00000000c5e00000, 0x00000000c5f00000|  0%| F|  |TAMS 0x00000000c5e00000| PB 0x00000000c5e00000| Untracked |  0
|  19|0x00000000c5f00000, 0x00000000c5f00000, 0x00000000c6000000|  0%| F|  |TAMS 0x00000000c5f00000| PB 0x00000000c5f00000| Untracked |  0
|  20|0x00000000c6000000, 0x00000000c6000000, 0x00000000c6100000|  0%| F|  |TAMS 0x00000000c6000000| PB 0x00000000c6000000| Untracked |  0
|  21|0x00000000c6100000, 0x00000000c6100000, 0x00000000c6200000|  0%| F|  |TAMS 0x00000000c6100000| PB 0x00000000c6100000| Untracked |  0
|  22|0x00000000c6200000, 0x00000000c6200000, 0x00000000c6300000|  0%| F|  |TAMS 0x00000000c6200000| PB 0x00000000c6200000| Untracked |  0
|  23|0x00000000c6300000, 0x00000000c6300000, 0x00000000c6400000|  0%| F|  |TAMS 0x00000000c6300000| PB 0x00000000c6300000| Untracked |  0
|  24|0x00000000c6400000, 0x00000000c6400000, 0x00000000c6500000|  0%| F|  |TAMS 0x00000000c6400000| PB 0x00000000c6400000| Untracked |  0
|  25|0x00000000c6500000, 0x00000000c6500000, 0x00000000c6600000|  0%| F|  |TAMS 0x00000000c6500000| PB 0x00000000c6500000| Untracked |  0
|  26|0x00000000c6600000, 0x00000000c6600000, 0x00000000c6700000|  0%| F|  |TAMS 0x00000000c6600000| PB 0x00000000c6600000| Untracked |  0
|  27|0x00000000c6700000, 0x00000000c6700000, 0x00000000c6800000|  0%| F|  |TAMS 0x00000000c6700000| PB 0x00000000c6700000| Untracked |  0
|  28|0x00000000c6800000, 0x00000000c6800000, 0x00000000c6900000|  0%| F|  |TAMS 0x00000000c6800000| PB 0x00000000c6800000| Untracked |  0
|  29|0x00000000c6900000, 0x00000000c6900000, 0x00000000c6a00000|  0%| F|  |TAMS 0x00000000c6900000| PB 0x00000000c6900000| Untracked |  0
|  30|0x00000000c6a00000, 0x00000000c6a00000, 0x00000000c6b00000|  0%| F|  |TAMS 0x00000000c6a00000| PB 0x00000000c6a00000| Untracked |  0
|  31|0x00000000c6b00000, 0x00000000c6b00000, 0x00000000c6c00000|  0%| F|  |TAMS 0x00000000c6b00000| PB 0x00000000c6b00000| Untracked |  0
|  32|0x00000000c6c00000, 0x00000000c6c00000, 0x00000000c6d00000|  0%| F|  |TAMS 0x00000000c6c00000| PB 0x00000000c6c00000| Untracked |  0
|  33|0x00000000c6d00000, 0x00000000c6d00000, 0x00000000c6e00000|  0%| F|  |TAMS 0x00000000c6d00000| PB 0x00000000c6d00000| Untracked |  0
|  34|0x00000000c6e00000, 0x00000000c6e00000, 0x00000000c6f00000|  0%| F|  |TAMS 0x00000000c6e00000| PB 0x00000000c6e00000| Untracked |  0
|  35|0x00000000c6f00000, 0x00000000c6f00000, 0x00000000c7000000|  0%| F|  |TAMS 0x00000000c6f00000| PB 0x00000000c6f00000| Untracked |  0
|  36|0x00000000c7000000, 0x00000000c7000000, 0x00000000c7100000|  0%| F|  |TAMS 0x00000000c7000000| PB 0x00000000c7000000| Untracked |  0
|  37|0x00000000c7100000, 0x00000000c7100000, 0x00000000c7200000|  0%| F|  |TAMS 0x00000000c7100000| PB 0x00000000c7100000| Untracked |  0
|  38|0x00000000c7200000, 0x00000000c7200000, 0x00000000c7300000|  0%| F|  |TAMS 0x00000000c7200000| PB 0x00000000c7200000| Untracked |  0
|  39|0x00000000c7300000, 0x00000000c7300000, 0x00000000c7400000|  0%| F|  |TAMS 0x00000000c7300000| PB 0x00000000c7300000| Untracked |  0
|  40|0x00000000c7400000, 0x00000000c7400000, 0x00000000c7500000|  0%| F|  |TAMS 0x00000000c7400000| PB 0x00000000c7400000| Untracked |  0
|  41|0x00000000c7500000, 0x00000000c7500000, 0x00000000c7600000|  0%| F|  |TAMS 0x00000000c7500000| PB 0x00000000c7500000| Untracked |  0
|  42|0x00000000c7600000, 0x00000000c7661d28, 0x00000000c7700000| 38%| S|CS|TAMS 0x00000000c7600000| PB 0x00000000c7600000| Complete |  0
|  43|0x00000000c7700000, 0x00000000c7800000, 0x00000000c7800000|100%| S|CS|TAMS 0x00000000c7700000| PB 0x00000000c7700000| Complete |  0
|  44|0x00000000c7800000, 0x00000000c7800000, 0x00000000c7900000|  0%| F|  |TAMS 0x00000000c7800000| PB 0x00000000c7800000| Untracked |  0
|  45|0x00000000c7900000, 0x00000000c7900000, 0x00000000c7a00000|  0%| F|  |TAMS 0x00000000c7900000| PB 0x00000000c7900000| Untracked |  0
|  46|0x00000000c7a00000, 0x00000000c7a232a8, 0x00000000c7b00000| 13%| E|  |TAMS 0x00000000c7a00000| PB 0x00000000c7a00000| Complete |  0
|  47|0x00000000c7b00000, 0x00000000c7c00000, 0x00000000c7c00000|100%| E|CS|TAMS 0x00000000c7b00000| PB 0x00000000c7b00000| Complete |  0
|  48|0x00000000c7c00000, 0x00000000c7d00000, 0x00000000c7d00000|100%| E|  |TAMS 0x00000000c7c00000| PB 0x00000000c7c00000| Complete |  0
|  49|0x00000000c7d00000, 0x00000000c7e00000, 0x00000000c7e00000|100%| E|CS|TAMS 0x00000000c7d00000| PB 0x00000000c7d00000| Complete |  0
|  50|0x00000000c7e00000, 0x00000000c7f00000, 0x00000000c7f00000|100%| E|CS|TAMS 0x00000000c7e00000| PB 0x00000000c7e00000| Complete |  0
|  51|0x00000000c7f00000, 0x00000000c8000000, 0x00000000c8000000|100%| E|CS|TAMS 0x00000000c7f00000| PB 0x00000000c7f00000| Complete |  0
|  52|0x00000000c8000000, 0x00000000c8100000, 0x00000000c8100000|100%| E|CS|TAMS 0x00000000c8000000| PB 0x00000000c8000000| Complete |  0
|  53|0x00000000c8100000, 0x00000000c8200000, 0x00000000c8200000|100%| E|CS|TAMS 0x00000000c8100000| PB 0x00000000c8100000| Complete |  0
|  54|0x00000000c8200000, 0x00000000c8300000, 0x00000000c8300000|100%| E|CS|TAMS 0x00000000c8200000| PB 0x00000000c8200000| Complete |  0
|  55|0x00000000c8300000, 0x00000000c8400000, 0x00000000c8400000|100%| E|CS|TAMS 0x00000000c8300000| PB 0x00000000c8300000| Complete |  0
|  56|0x00000000c8400000, 0x00000000c8500000, 0x00000000c8500000|100%| E|CS|TAMS 0x00000000c8400000| PB 0x00000000c8400000| Complete |  0
|  57|0x00000000c8500000, 0x00000000c8600000, 0x00000000c8600000|100%| E|CS|TAMS 0x00000000c8500000| PB 0x00000000c8500000| Complete |  0
|  58|0x00000000c8600000, 0x00000000c8700000, 0x00000000c8700000|100%| E|CS|TAMS 0x00000000c8600000| PB 0x00000000c8600000| Complete |  0
|  59|0x00000000c8700000, 0x00000000c8800000, 0x00000000c8800000|100%| E|CS|TAMS 0x00000000c8700000| PB 0x00000000c8700000| Complete |  0

Card table byte_map: [0x000001a5587c0000,0x000001a5589a0000] _byte_map_base: 0x000001a55819a000

Marking Bits: (CMBitMap*) 0x000001a5412c9ca0
 Bits: [0x000001a5589a0000, 0x000001a559870000)

Polling page: 0x000001a540a60000

Metaspace:

Usage:
  Non-class:     10.41 MB used.
      Class:      1.41 MB used.
       Both:     11.82 MB used.

Virtual space:
  Non-class space:       64.00 MB reserved,      10.56 MB ( 17%) committed,  1 nodes.
      Class space:        1.00 GB reserved,       1.56 MB ( <1%) committed,  1 nodes.
             Both:        1.06 GB reserved,      12.12 MB (  1%) committed. 

Chunk freelists:
   Non-Class:  5.42 MB
       Class:  14.42 MB
        Both:  19.84 MB

MaxMetaspaceSize: unlimited
CompressedClassSpaceSize: 1.00 GB
Initial GC threshold: 21.00 MB
Current GC threshold: 21.00 MB
CDS: on
 - commit_granule_bytes: 65536.
 - commit_granule_words: 8192.
 - virtual_space_node_default_size: 8388608.
 - enlarge_chunks_in_place: 1.
 - use_allocation_guard: 0.


Internal statistics:

num_allocs_failed_limit: 0.
num_arena_births: 258.
num_arena_deaths: 0.
num_vsnodes_births: 2.
num_vsnodes_deaths: 0.
num_space_committed: 194.
num_space_uncommitted: 0.
num_chunks_returned_to_freelist: 0.
num_chunks_taken_from_freelist: 628.
num_chunk_merges: 0.
num_chunk_splits: 372.
num_chunks_enlarged: 221.
num_inconsistent_stats: 0.

CodeHeap 'non-profiled nmethods': size=120000Kb used=695Kb max_used=695Kb free=119304Kb
 bounds [0x000001a5510b0000, 0x000001a551320000, 0x000001a5585e0000]
CodeHeap 'profiled nmethods': size=120000Kb used=3428Kb max_used=3428Kb free=116571Kb
 bounds [0x000001a5495e0000, 0x000001a549940000, 0x000001a550b10000]
CodeHeap 'non-nmethods': size=5760Kb used=1564Kb max_used=1580Kb free=4195Kb
 bounds [0x000001a550b10000, 0x000001a550d80000, 0x000001a5510b0000]
 total_blobs=2423 nmethods=1917 adapters=410
 compilation: enabled
              stopped_count=0, restarted_count=0
 full_count=0

Compilation events (20 events):
Event: 2.245 Thread 0x000001a55bcfbc10 1909       3       java.lang.module.ModuleDescriptor$1::newExports (14 bytes)
Event: 2.245 Thread 0x000001a55bcfbc10 nmethod 1909 0x000001a549935a90 code [0x000001a549935c40, 0x000001a549935fe0]
Event: 2.245 Thread 0x000001a55bcfbc10 1910       3       java.util.ImmutableCollections$SetN::hashCode (46 bytes)
Event: 2.245 Thread 0x000001a55bcfbc10 nmethod 1910 0x000001a549936110 code [0x000001a5499362c0, 0x000001a549936598]
Event: 2.245 Thread 0x000001a55bcfbc10 1911       3       java.lang.module.ModuleDescriptor$Exports::hashCode (36 bytes)
Event: 2.245 Thread 0x000001a55bcfbc10 nmethod 1911 0x000001a549936710 code [0x000001a5499368e0, 0x000001a549936b68]
Event: 2.245 Thread 0x000001a55bcfbc10 1912       3       java.lang.module.ModuleDescriptor$Exports::equals (60 bytes)
Event: 2.246 Thread 0x000001a55bcfbc10 nmethod 1912 0x000001a549936c90 code [0x000001a549936ea0, 0x000001a549937758]
Event: 2.246 Thread 0x000001a55bcfbc10 1913       3       jdk.internal.module.Builder::newExports (12 bytes)
Event: 2.246 Thread 0x000001a55bcfbc10 nmethod 1913 0x000001a549937910 code [0x000001a549937ac0, 0x000001a549937c18]
Event: 2.246 Thread 0x000001a55bcfbc10 1914       3       java.lang.module.ModuleDescriptor$1::newExports (12 bytes)
Event: 2.246 Thread 0x000001a55bcf9060 nmethod 1902 0x000001a55115b690 code [0x000001a55115b900, 0x000001a55115bfb8]
Event: 2.246 Thread 0x000001a55bcfbc10 nmethod 1914 0x000001a549937d10 code [0x000001a549937ec0, 0x000001a5499381f8]
Event: 2.246 Thread 0x000001a55bcf9060 1883       4       java.io.BufferedReader::fill (170 bytes)
Event: 2.246 Thread 0x000001a55bcfbc10 1917       3       java.net.URI::hash (33 bytes)
Event: 2.246 Thread 0x000001a55bcfbc10 nmethod 1917 0x000001a549938310 code [0x000001a5499384e0, 0x000001a5499387a8]
Event: 2.247 Thread 0x000001a55bcfbc10 1916       3       java.net.URI::toLower (19 bytes)
Event: 2.247 Thread 0x000001a55bcfbc10 nmethod 1916 0x000001a549938910 code [0x000001a549938aa0, 0x000001a549938c20]
Event: 2.247 Thread 0x000001a55bcfbc10 1918       3       jdk.internal.org.objectweb.asm.MethodVisitor::visitInsn (16 bytes)
Event: 2.247 Thread 0x000001a55bcfbc10 nmethod 1918 0x000001a549938c90 code [0x000001a549938e40, 0x000001a549939048]

GC Heap History (4 events):
Event: 0.975 GC heap before
{Heap before GC invocations=0 (full 0):
 garbage-first heap   total reserved 970752K, committed 61440K, used 14336K [0x00000000c4c00000, 0x0000000100000000)
  region size 1024K, 14 young (14336K), 0 survivors (0K)
 Metaspace       used 3895K, committed 4096K, reserved 1114112K
  class space    used 415K, committed 512K, reserved 1048576K
}
Event: 0.982 GC heap after
{Heap after GC invocations=1 (full 0):
 garbage-first heap   total reserved 970752K, committed 61440K, used 6272K [0x00000000c4c00000, 0x0000000100000000)
  region size 1024K, 2 young (2048K), 2 survivors (2048K)
 Metaspace       used 3895K, committed 4096K, reserved 1114112K
  class space    used 415K, committed 512K, reserved 1048576K
}
Event: 1.784 GC heap before
{Heap before GC invocations=1 (full 0):
 garbage-first heap   total reserved 970752K, committed 61440K, used 20608K [0x00000000c4c00000, 0x0000000100000000)
  region size 1024K, 16 young (16384K), 2 survivors (2048K)
 Metaspace       used 7344K, committed 7616K, reserved 1114112K
  class space    used 858K, committed 1024K, reserved 1048576K
}
Event: 1.789 GC heap after
{Heap after GC invocations=2 (full 0):
 garbage-first heap   total reserved 970752K, committed 61440K, used 7993K [0x00000000c4c00000, 0x0000000100000000)
  region size 1024K, 2 young (2048K), 2 survivors (2048K)
 Metaspace       used 7344K, committed 7616K, reserved 1114112K
  class space    used 858K, committed 1024K, reserved 1048576K
}

Dll operation events (13 events):
Event: 0.031 Loaded shared library C:\Program Files\Java\jdk-22\bin\java.dll
Event: 0.077 Loaded shared library C:\Program Files\Java\jdk-22\bin\jsvml.dll
Event: 0.174 Loaded shared library C:\Program Files\Java\jdk-22\bin\zip.dll
Event: 0.180 Loaded shared library C:\Program Files\Java\jdk-22\bin\instrument.dll
Event: 0.189 Loaded shared library C:\Program Files\Java\jdk-22\bin\net.dll
Event: 0.193 Loaded shared library C:\Program Files\Java\jdk-22\bin\nio.dll
Event: 0.197 Loaded shared library C:\Program Files\Java\jdk-22\bin\zip.dll
Event: 0.415 Loaded shared library C:\Program Files\JetBrains\IntelliJ IDEA Community Edition 2024.1.1\bin\breakgen64.dll
Event: 0.451 Loaded shared library C:\Program Files\Java\jdk-22\bin\extnet.dll
Event: 0.485 Loaded shared library C:\Program Files\Java\jdk-22\bin\jimage.dll
Event: 1.112 Loaded shared library C:\Program Files\Java\jdk-22\bin\management.dll
Event: 1.117 Loaded shared library C:\Program Files\Java\jdk-22\bin\management_ext.dll
Event: 2.125 Loaded shared library C:\Program Files\Java\jdk-22\bin\le.dll

Deoptimization events (20 events):
Event: 2.023 Thread 0x000001a5a1b7ecb0 Uncommon trap: trap_request=0xffffff45 fr.pc=0x000001a5510fbe6c relative=0x0000000000000c2c
Event: 2.023 Thread 0x000001a5a1b7ecb0 Uncommon trap: reason=unstable_if action=reinterpret pc=0x000001a5510fbe6c method=java.util.jar.JarFile.getEntry(Ljava/lang/String;)Ljava/util/zip/ZipEntry; @ 15 c2
Event: 2.023 Thread 0x000001a5a1b7ecb0 DEOPT PACKING pc=0x000001a5510fbe6c sp=0x00000055121fcc50
Event: 2.023 Thread 0x000001a5a1b7ecb0 DEOPT UNPACKING pc=0x000001a550b67da2 sp=0x00000055121fcc58 mode 2
Event: 2.116 Thread 0x000001a5a1b7ecb0 Uncommon trap: trap_request=0xffffff45 fr.pc=0x000001a5510cee4c relative=0x000000000000004c
Event: 2.116 Thread 0x000001a5a1b7ecb0 Uncommon trap: reason=unstable_if action=reinterpret pc=0x000001a5510cee4c method=sun.nio.fs.WindowsPathParser.isSlash(C)Z @ 9 c2
Event: 2.116 Thread 0x000001a5a1b7ecb0 DEOPT PACKING pc=0x000001a5510cee4c sp=0x00000055121fc0b0
Event: 2.116 Thread 0x000001a5a1b7ecb0 DEOPT UNPACKING pc=0x000001a550b67da2 sp=0x00000055121fc038 mode 2
Event: 2.221 Thread 0x000001a5a1b7ecb0 Uncommon trap: trap_request=0xffffffde fr.pc=0x000001a5511192e4 relative=0x0000000000000304
Event: 2.221 Thread 0x000001a5a1b7ecb0 Uncommon trap: reason=class_check action=maybe_recompile pc=0x000001a5511192e4 method=java.util.regex.Pattern$BmpCharPropertyGreedy.match(Ljava/util/regex/Matcher;ILjava/lang/CharSequence;)Z @ 26 c2
Event: 2.221 Thread 0x000001a5a1b7ecb0 DEOPT PACKING pc=0x000001a5511192e4 sp=0x00000055121fd790
Event: 2.221 Thread 0x000001a5a1b7ecb0 DEOPT UNPACKING pc=0x000001a550b67da2 sp=0x00000055121fd748 mode 2
Event: 2.221 Thread 0x000001a5a1b7ecb0 Uncommon trap: trap_request=0xffffffde fr.pc=0x000001a5511192e4 relative=0x0000000000000304
Event: 2.221 Thread 0x000001a5a1b7ecb0 Uncommon trap: reason=class_check action=maybe_recompile pc=0x000001a5511192e4 method=java.util.regex.Pattern$BmpCharPropertyGreedy.match(Ljava/util/regex/Matcher;ILjava/lang/CharSequence;)Z @ 26 c2
Event: 2.221 Thread 0x000001a5a1b7ecb0 DEOPT PACKING pc=0x000001a5511192e4 sp=0x00000055121fcec0
Event: 2.221 Thread 0x000001a5a1b7ecb0 DEOPT UNPACKING pc=0x000001a550b67da2 sp=0x00000055121fce78 mode 2
Event: 2.221 Thread 0x000001a5a1b7ecb0 Uncommon trap: trap_request=0xffffff45 fr.pc=0x000001a551119334 relative=0x0000000000000354
Event: 2.221 Thread 0x000001a5a1b7ecb0 Uncommon trap: reason=unstable_if action=reinterpret pc=0x000001a551119334 method=java.util.regex.Pattern$BmpCharPropertyGreedy.match(Ljava/util/regex/Matcher;ILjava/lang/CharSequence;)Z @ 12 c2
Event: 2.221 Thread 0x000001a5a1b7ecb0 DEOPT PACKING pc=0x000001a551119334 sp=0x00000055121fd790
Event: 2.221 Thread 0x000001a5a1b7ecb0 DEOPT UNPACKING pc=0x000001a550b67da2 sp=0x00000055121fd748 mode 2

Classes loaded (20 events):
Event: 2.207 Loading class java/io/CharConversionException done
Event: 2.207 Loading class com/sun/org/apache/xerces/internal/impl/io/MalformedByteSequenceException done
Event: 2.207 Loading class jdk/xml/internal/JdkProperty
Event: 2.207 Loading class jdk/xml/internal/JdkProperty done
Event: 2.216 Loading class java/lang/foreign/MemorySegment
Event: 2.216 Loading class java/lang/foreign/MemorySegment done
Event: 2.220 Loading class java/util/regex/Pattern$Loop
Event: 2.221 Loading class java/util/regex/Pattern$Loop done
Event: 2.221 Loading class java/util/regex/Pattern$Prolog
Event: 2.221 Loading class java/util/regex/Pattern$Prolog done
Event: 2.224 Loading class java/io/ProxyingConsole
Event: 2.224 Loading class java/io/ProxyingConsole done
Event: 2.224 Loading class java/io/Console$1
Event: 2.224 Loading class jdk/internal/access/JavaIOAccess
Event: 2.224 Loading class jdk/internal/access/JavaIOAccess done
Event: 2.224 Loading class java/io/Console$1 done
Event: 2.244 Loading class java/nio/file/FileSystemNotFoundException
Event: 2.244 Loading class java/nio/file/FileSystemNotFoundException done
Event: 2.244 Loading class java/util/zip/ZipException
Event: 2.244 Loading class java/util/zip/ZipException done

Classes unloaded (0 events):
No events

Classes redefined (0 events):
No events

Internal exceptions (20 events):
Event: 1.924 Thread 0x000001a5a1b7ecb0 Exception <a 'java/lang/NoSuchMethodError'{0x00000000c8424788}: 'java.lang.Object java.lang.invoke.DirectMethodHandle$Holder.invokeSpecial(java.lang.Object, java.lang.Object, java.lang.Object, int, java.lang.Object)'> (0x00000000c8424788) 
thrown [s\open\src\hotspot\share\interpreter\linkResolver.cpp, line 774]
Event: 1.925 Thread 0x000001a5a1b7ecb0 Exception <a 'java/lang/NoSuchMethodError'{0x00000000c842c248}: 'java.lang.Object java.lang.invoke.DirectMethodHandle$Holder.newInvokeSpecial(java.lang.Object, java.lang.Object, java.lang.Object, int, java.lang.Object)'> (0x00000000c842c248) 
thrown [s\open\src\hotspot\share\interpreter\linkResolver.cpp, line 774]
Event: 1.926 Thread 0x000001a5a1b7ecb0 Exception <a 'java/lang/NoSuchMethodError'{0x00000000c84337f0}: 'java.lang.Object java.lang.invoke.Invokers$Holder.linkToTargetMethod(java.lang.Object, java.lang.Object, int, java.lang.Object, java.lang.Object)'> (0x00000000c84337f0) 
thrown [s\open\src\hotspot\share\interpreter\linkResolver.cpp, line 774]
Event: 1.928 Thread 0x000001a5a1b7ecb0 Exception <a 'java/lang/NoSuchMethodError'{0x00000000c8442300}: 'java.lang.Object java.lang.invoke.DirectMethodHandle$Holder.newInvokeSpecial(java.lang.Object, int, java.lang.Object)'> (0x00000000c8442300) 
thrown [s\open\src\hotspot\share\interpreter\linkResolver.cpp, line 774]
Event: 1.929 Thread 0x000001a5a1b7ecb0 Exception <a 'java/lang/NoSuchMethodError'{0x00000000c8446e70}: 'int java.lang.invoke.DirectMethodHandle$Holder.invokeSpecialIFC(java.lang.Object, java.lang.Object, java.lang.Object, java.lang.Object)'> (0x00000000c8446e70) 
thrown [s\open\src\hotspot\share\interpreter\linkResolver.cpp, line 774]
Event: 1.962 Thread 0x000001a5a1b7ecb0 Exception <a 'java/lang/NoSuchMethodError'{0x00000000c8313928}: 'void java.lang.invoke.DirectMethodHandle$Holder.invokeInterface(java.lang.Object, java.lang.Object, java.lang.Object)'> (0x00000000c8313928) 
thrown [s\open\src\hotspot\share\interpreter\linkResolver.cpp, line 774]
Event: 1.995 Thread 0x000001a5a1b7ecb0 Exception <a 'java/lang/NoSuchMethodError'{0x00000000c83b2b88}: 'void java.lang.invoke.DirectMethodHandle$Holder.invokeStaticInit(java.lang.Object, java.lang.Object, java.lang.Object)'> (0x00000000c83b2b88) 
thrown [s\open\src\hotspot\share\interpreter\linkResolver.cpp, line 774]
Event: 2.003 Thread 0x000001a5a1b7ecb0 Exception <a 'java/lang/NoSuchMethodError'{0x00000000c83f6b48}: 'java.lang.Object java.lang.invoke.DirectMethodHandle$Holder.invokeStatic(java.lang.Object, long, java.lang.Object)'> (0x00000000c83f6b48) 
thrown [s\open\src\hotspot\share\interpreter\linkResolver.cpp, line 774]
Event: 2.004 Thread 0x000001a5a1b7ecb0 Exception <a 'java/lang/NoSuchMethodError'{0x00000000c83fa1d0}: 'java.lang.Object java.lang.invoke.DirectMethodHandle$Holder.invokeStaticInit(java.lang.Object, long, java.lang.Object)'> (0x00000000c83fa1d0) 
thrown [s\open\src\hotspot\share\interpreter\linkResolver.cpp, line 774]
Event: 2.004 Thread 0x000001a5a1b7ecb0 Exception <a 'java/lang/NoSuchMethodError'{0x00000000c83ffa58}: 'java.lang.Object java.lang.invoke.DirectMethodHandle$Holder.newInvokeSpecial(java.lang.Object, long)'> (0x00000000c83ffa58) 
thrown [s\open\src\hotspot\share\interpreter\linkResolver.cpp, line 774]
Event: 2.027 Thread 0x000001a5a1b7ecb0 Exception <a 'java/lang/NoSuchMethodError'{0x00000000c8259f98}: 'void java.lang.invoke.DirectMethodHandle$Holder.invokeVirtual(java.lang.Object, java.lang.Object, java.lang.Object, java.lang.Object)'> (0x00000000c8259f98) 
thrown [s\open\src\hotspot\share\interpreter\linkResolver.cpp, line 774]
Event: 2.092 Thread 0x000001a5a1b7ecb0 Exception <a 'java/lang/IncompatibleClassChangeError'{0x00000000c81d5910}: Found class java.lang.Object, but interface was expected> (0x00000000c81d5910) 
thrown [s\open\src\hotspot\share\interpreter\linkResolver.cpp, line 841]
Event: 2.097 Thread 0x000001a5a1f6fb70 Exception <a 'java/lang/NoClassDefFoundError'{0x00000000c81fd418}: jakarta/validation/Validation> (0x00000000c81fd418) 
thrown [s\open\src\hotspot\share\classfile\systemDictionary.cpp, line 302]
Event: 2.099 Thread 0x000001a5a1b7ecb0 Exception <a 'java/lang/NoSuchMethodError'{0x00000000c800a298}: 'java.lang.Object java.lang.invoke.DirectMethodHandle$Holder.invokeStaticInit(java.lang.Object, int)'> (0x00000000c800a298) 
thrown [s\open\src\hotspot\share\interpreter\linkResolver.cpp, line 774]
Event: 2.103 Thread 0x000001a5a1b7ecb0 Exception <a 'java/lang/NoSuchMethodError'{0x00000000c8014718}: 'java.lang.Object java.lang.invoke.DirectMethodHandle$Holder.invokeStatic(java.lang.Object, int, java.lang.Object)'> (0x00000000c8014718) 
thrown [s\open\src\hotspot\share\interpreter\linkResolver.cpp, line 774]
Event: 2.103 Thread 0x000001a5a1b7ecb0 Exception <a 'java/lang/NoSuchMethodError'{0x00000000c8017d98}: 'java.lang.Object java.lang.invoke.DirectMethodHandle$Holder.invokeStaticInit(java.lang.Object, int, java.lang.Object)'> (0x00000000c8017d98) 
thrown [s\open\src\hotspot\share\interpreter\linkResolver.cpp, line 774]
Event: 2.118 Thread 0x000001a5a1b7ecb0 Exception <a 'sun/nio/fs/WindowsException'{0x00000000c80f9420}> (0x00000000c80f9420) 
thrown [s\open\src\hotspot\share\prims\jni.cpp, line 520]
Event: 2.128 Thread 0x000001a5a1b7ecb0 Exception <a 'jdk/internal/org/jline/terminal/impl/jna/LastErrorException'{0x00000000c7f5c088}> (0x00000000c7f5c088) 
thrown [s\open\src\hotspot\share\prims\jni.cpp, line 520]
Event: 2.128 Thread 0x000001a5a1b7ecb0 Exception <a 'jdk/internal/org/jline/terminal/impl/jna/LastErrorException'{0x00000000c7f5c748}> (0x00000000c7f5c748) 
thrown [s\open\src\hotspot\share\prims\jni.cpp, line 520]
Event: 2.128 Thread 0x000001a5a1b7ecb0 Exception <a 'jdk/internal/org/jline/terminal/impl/jna/LastErrorException'{0x00000000c7f5cdb8}> (0x00000000c7f5cdb8) 
thrown [s\open\src\hotspot\share\prims\jni.cpp, line 520]

ZGC Phase Switch (0 events):
No events

VM Operations (20 events):
Event: 0.975 Executing VM operation: G1CollectForAllocation (G1 Evacuation Pause)
Event: 0.982 Executing VM operation: G1CollectForAllocation (G1 Evacuation Pause) done
Event: 1.026 Executing VM operation: HandshakeAllThreads (Deoptimize)
Event: 1.026 Executing VM operation: HandshakeAllThreads (Deoptimize) done
Event: 1.422 Executing VM operation: HandshakeAllThreads (Deoptimize)
Event: 1.422 Executing VM operation: HandshakeAllThreads (Deoptimize) done
Event: 1.784 Executing VM operation: G1CollectForAllocation (G1 Evacuation Pause)
Event: 1.789 Executing VM operation: G1CollectForAllocation (G1 Evacuation Pause) done
Event: 1.890 Executing VM operation: HandshakeAllThreads (Deoptimize)
Event: 1.891 Executing VM operation: HandshakeAllThreads (Deoptimize) done
Event: 1.952 Executing VM operation: HandshakeAllThreads (Deoptimize)
Event: 1.952 Executing VM operation: HandshakeAllThreads (Deoptimize) done
Event: 2.076 Executing VM operation: HandshakeAllThreads (Deoptimize)
Event: 2.076 Executing VM operation: HandshakeAllThreads (Deoptimize) done
Event: 2.081 Executing VM operation: HandshakeAllThreads (Deoptimize)
Event: 2.081 Executing VM operation: HandshakeAllThreads (Deoptimize) done
Event: 2.082 Executing VM operation: HandshakeAllThreads (Deoptimize)
Event: 2.082 Executing VM operation: HandshakeAllThreads (Deoptimize) done
Event: 2.206 Executing VM operation: ICBufferFull
Event: 2.206 Executing VM operation: ICBufferFull done

Events (15 events):
Event: 0.053 Thread 0x000001a53f0a75b0 Thread added: 0x000001a53f0a75b0
Event: 0.073 Thread 0x000001a55bcf0270 Thread added: 0x000001a55bcf0270
Event: 0.073 Thread 0x000001a55bcf3490 Thread added: 0x000001a55bcf3490
Event: 0.074 Thread 0x000001a55bcf5ff0 Thread added: 0x000001a55bcf5ff0
Event: 0.074 Thread 0x000001a55bcf6b40 Thread added: 0x000001a55bcf6b40
Event: 0.074 Thread 0x000001a55bcf7690 Thread added: 0x000001a55bcf7690
Event: 0.074 Thread 0x000001a55bcf81e0 Thread added: 0x000001a55bcf81e0
Event: 0.074 Thread 0x000001a55bcf9060 Thread added: 0x000001a55bcf9060
Event: 0.075 Thread 0x000001a55bcfbc10 Thread added: 0x000001a55bcfbc10
Event: 0.147 Thread 0x000001a55bdbe170 Thread added: 0x000001a55bdbe170
Event: 0.416 Thread 0x000001a5a11a3c40 Thread added: 0x000001a5a11a3c40
Event: 0.416 Thread 0x000001a5a11a42b0 Thread added: 0x000001a5a11a42b0
Event: 1.244 Thread 0x000001a5a1804610 Thread added: 0x000001a5a1804610
Event: 1.252 Thread 0x000001a5a1b7ecb0 Thread added: 0x000001a5a1b7ecb0
Event: 2.089 Thread 0x000001a5a1f6fb70 Thread added: 0x000001a5a1f6fb70


Dynamic libraries:
0x00007ff68ae50000 - 0x00007ff68ae60000 	C:\Program Files\Java\jdk-22\bin\java.exe
0x00007ffaa7a20000 - 0x00007ffaa7c29000 	C:\WINDOWS\SYSTEM32\ntdll.dll
0x00007ffaa6380000 - 0x00007ffaa643d000 	C:\WINDOWS\System32\KERNEL32.DLL
0x00007ffaa54e0000 - 0x00007ffaa5864000 	C:\WINDOWS\System32\KERNELBASE.dll
0x00007ffaa51a0000 - 0x00007ffaa52b1000 	C:\WINDOWS\System32\ucrtbase.dll
0x00007ffa99d00000 - 0x00007ffa99d1b000 	C:\Program Files\Java\jdk-22\bin\VCRUNTIME140.dll
0x00007ffa91780000 - 0x00007ffa91797000 	C:\Program Files\Java\jdk-22\bin\jli.dll
0x00007ffaa5910000 - 0x00007ffaa59be000 	C:\WINDOWS\System32\ADVAPI32.dll
0x00007ffaa5ce0000 - 0x00007ffaa5d83000 	C:\WINDOWS\System32\msvcrt.dll
0x00007ffaa6f50000 - 0x00007ffaa6fee000 	C:\WINDOWS\System32\sechost.dll
0x00007ffaa59d0000 - 0x00007ffaa5af1000 	C:\WINDOWS\System32\RPCRT4.dll
0x00007ffaa64c0000 - 0x00007ffaa666d000 	C:\WINDOWS\System32\USER32.dll
0x00007ffaa54b0000 - 0x00007ffaa54d6000 	C:\WINDOWS\System32\win32u.dll
0x00007ffaa58e0000 - 0x00007ffaa590a000 	C:\WINDOWS\System32\GDI32.dll
0x00007ffaa5080000 - 0x00007ffaa519e000 	C:\WINDOWS\System32\gdi32full.dll
0x00007ffaa4fe0000 - 0x00007ffaa507d000 	C:\WINDOWS\System32\msvcp_win.dll
0x00007ffa872b0000 - 0x00007ffa87555000 	C:\WINDOWS\WinSxS\amd64_microsoft.windows.common-controls_6595b64144ccf1df_6.0.22000.120_none_9d947278b86cc467\COMCTL32.dll
0x00007ffa9f5a0000 - 0x00007ffa9f5aa000 	C:\WINDOWS\SYSTEM32\VERSION.dll
0x00007ffaa6820000 - 0x00007ffaa6851000 	C:\WINDOWS\System32\IMM32.DLL
0x00007ffa9fbe0000 - 0x00007ffa9fbec000 	C:\Program Files\Java\jdk-22\bin\vcruntime140_1.dll
0x00007ffa697e0000 - 0x00007ffa6986e000 	C:\Program Files\Java\jdk-22\bin\msvcp140.dll
0x00007ffa3c070000 - 0x00007ffa3cdb7000 	C:\Program Files\Java\jdk-22\bin\server\jvm.dll
0x00007ffaa69d0000 - 0x00007ffaa6a3f000 	C:\WINDOWS\System32\WS2_32.dll
0x00007ffaa4d80000 - 0x00007ffaa4dcd000 	C:\WINDOWS\SYSTEM32\POWRPROF.dll
0x00007ffa9fb00000 - 0x00007ffa9fb33000 	C:\WINDOWS\SYSTEM32\WINMM.dll
0x00007ffaa4d60000 - 0x00007ffaa4d73000 	C:\WINDOWS\SYSTEM32\UMPDC.dll
0x00007ffaa3f20000 - 0x00007ffaa3f38000 	C:\WINDOWS\SYSTEM32\kernel.appcore.dll
0x00007ffa9fbb0000 - 0x00007ffa9fbba000 	C:\Program Files\Java\jdk-22\bin\jimage.dll
0x00007ffaa28e0000 - 0x00007ffaa2b01000 	C:\WINDOWS\SYSTEM32\DBGHELP.DLL
0x00007ffa83df0000 - 0x00007ffa83e21000 	C:\WINDOWS\SYSTEM32\dbgcore.DLL
0x00007ffaa52c0000 - 0x00007ffaa533f000 	C:\WINDOWS\System32\bcryptPrimitives.dll
0x00007ffa9f870000 - 0x00007ffa9f87f000 	C:\Program Files\Java\jdk-22\bin\instrument.dll
0x00007ffa86000000 - 0x00007ffa8601e000 	C:\Program Files\Java\jdk-22\bin\java.dll
0x00007ffaa7210000 - 0x00007ffaa79d5000 	C:\WINDOWS\System32\SHELL32.dll
0x00007ffaa6680000 - 0x00007ffaa681a000 	C:\WINDOWS\System32\ole32.dll
0x00007ffaa5e10000 - 0x00007ffaa6186000 	C:\WINDOWS\System32\combase.dll
0x00007ffaa2f80000 - 0x00007ffaa37e2000 	C:\WINDOWS\SYSTEM32\windows.storage.dll
0x00007ffaa2e10000 - 0x00007ffaa2f77000 	C:\WINDOWS\SYSTEM32\wintypes.dll
0x00007ffaa7120000 - 0x00007ffaa720a000 	C:\WINDOWS\System32\SHCORE.dll
0x00007ffaa6440000 - 0x00007ffaa649d000 	C:\WINDOWS\System32\shlwapi.dll
0x00007ffaa4de0000 - 0x00007ffaa4e05000 	C:\WINDOWS\SYSTEM32\profapi.dll
0x00007ffa594a0000 - 0x00007ffa59577000 	C:\Program Files\Java\jdk-22\bin\jsvml.dll
0x00007ffa85a70000 - 0x00007ffa85a87000 	C:\Program Files\Java\jdk-22\bin\zip.dll
0x00007ffa8e8f0000 - 0x00007ffa8e900000 	C:\Program Files\Java\jdk-22\bin\net.dll
0x00007ffaa43d0000 - 0x00007ffaa4437000 	C:\WINDOWS\system32\mswsock.dll
0x00007ffa79fa0000 - 0x00007ffa79fb6000 	C:\Program Files\Java\jdk-22\bin\nio.dll
0x00007ffa70330000 - 0x00007ffa7034a000 	C:\Program Files\JetBrains\IntelliJ IDEA Community Edition 2024.1.1\bin\breakgen64.dll
0x00007ffa876d0000 - 0x00007ffa876d9000 	C:\Program Files\Java\jdk-22\bin\extnet.dll
0x00007ffa863e0000 - 0x00007ffa863ea000 	C:\Program Files\Java\jdk-22\bin\management.dll
0x00007ffa838a0000 - 0x00007ffa838ab000 	C:\Program Files\Java\jdk-22\bin\management_ext.dll
0x00007ffaa7110000 - 0x00007ffaa7118000 	C:\WINDOWS\System32\PSAPI.DLL
0x00007ffa836c0000 - 0x00007ffa836cb000 	C:\Program Files\Java\jdk-22\bin\le.dll

dbghelp: loaded successfully - version: 4.0.5 - missing functions: none
symbol engine: initialized successfully - sym options: 0x614 - pdb path: .;C:\Program Files\Java\jdk-22\bin;C:\WINDOWS\SYSTEM32;C:\WINDOWS\WinSxS\amd64_microsoft.windows.common-controls_6595b64144ccf1df_6.0.22000.120_none_9d947278b86cc467;C:\Program Files\Java\jdk-22\bin\server;C:\Program Files\JetBrains\IntelliJ IDEA Community Edition 2024.1.1\bin

VM Arguments:
jvm_args: -javaagent:C:\Program Files\JetBrains\IntelliJ IDEA Community Edition 2024.1.1\lib\idea_rt.jar=54811:C:\Program Files\JetBrains\IntelliJ IDEA Community Edition 2024.1.1\bin -Dfile.encoding=UTF-8 -Dsun.stdout.encoding=UTF-8 -Dsun.stderr.encoding=UTF-8 
java_command: com.example.dinhtrongkhang.DinhtrongkhangApplication
java_class_path (initial): C:\Users\Admin\Downloads\dinhtrongkhang\dinhtrongkhang\target\classes;C:\Users\Admin\.m2\repository\org\springframework\boot\spring-boot-starter-data-jpa\3.3.0\spring-boot-starter-data-jpa-3.3.0.jar;C:\Users\Admin\.m2\repository\org\springframework\boot\spring-boot-starter-aop\3.3.0\spring-boot-starter-aop-3.3.0.jar;C:\Users\Admin\.m2\repository\org\springframework\spring-aop\6.1.8\spring-aop-6.1.8.jar;C:\Users\Admin\.m2\repository\org\aspectj\aspectjweaver\1.9.22\aspectjweaver-1.9.22.jar;C:\Users\Admin\.m2\repository\org\springframework\boot\spring-boot-starter-jdbc\3.3.0\spring-boot-starter-jdbc-3.3.0.jar;C:\Users\Admin\.m2\repository\com\zaxxer\HikariCP\5.1.0\HikariCP-5.1.0.jar;C:\Users\Admin\.m2\repository\org\springframework\spring-jdbc\6.1.8\spring-jdbc-6.1.8.jar;C:\Users\Admin\.m2\repository\org\hibernate\orm\hibernate-core\6.5.2.Final\hibernate-core-6.5.2.Final.jar;C:\Users\Admin\.m2\repository\jakarta\persistence\jakarta.persistence-api\3.1.0\jakarta.persistence-api-3.1.0.jar;C:\Users\Admin\.m2\repository\jakarta\transaction\jakarta.transaction-api\2.0.1\jakarta.transaction-api-2.0.1.jar;C:\Users\Admin\.m2\repository\org\jboss\logging\jboss-logging\3.5.3.Final\jboss-logging-3.5.3.Final.jar;C:\Users\Admin\.m2\repository\org\hibernate\common\hibernate-commons-annotations\6.0.6.Final\hibernate-commons-annotations-6.0.6.Final.jar;C:\Users\Admin\.m2\repository\io\smallrye\jandex\3.1.2\jandex-3.1.2.jar;C:\Users\Admin\.m2\repository\com\fasterxml\classmate\1.7.0\classmate-1.7.0.jar;C:\Users\Admin\.m2\repository\net\bytebuddy\byte-buddy\1.14.16\byte-buddy-1.14.16.jar;C:\Users\Admin\.m2\repository\org\glassfish\jaxb\jaxb-runtime\4.0.5\jaxb-runtime-4.0.5.jar;C:\Users\Admin\.m2\repository\org\glassfish\jaxb\jaxb-core\4.0.5\jaxb-core-4.0.5.jar;C:\Users\Admin\.m2\repository\org\eclipse\angus\angus-activation\2.0.2\angus-activation-2.0.2.jar;C:\Users\Admin\.m2\repository\org\glassfish\jaxb\txw2\4.0.5\txw2-4.0.5.jar;C:\Users\Admin\.m2\repository\com\sun\istack\istack-commons-runtime\4.1.2\istack-commons-runtime-4.1.2.jar;C:\Users\Admin\.m2\repository\jakarta\inject\jakarta.inject-api\2.0.1\jakarta.inject-api-2.0.1.jar;C:\Users\Admin\.m2\repository\org\antlr\antlr4-runtime\4.13.0\antlr4-runtime-4.13.0.jar;C:\Users\Admin\.m2\repository\org\springframework\data\spring-data-jpa\3.3.0\spring-data-jpa-3.3.0.jar;C:\Users\Admin\.m2\repository\org\springframework\data\spring-data-commons\3.3.0\spring-data-commons-3.3.0.jar;C:\Users\Admin\.m2\repository\org\springframework\spring-orm\6.1.8\spring-orm-6.1.8.jar;C:\Users\Admin\.m2\repository\org\springframework\spring-context\6.1.8\spring-context-6.1.8.jar;C:\Users\Admin\.m2\repository\org\springframework\spring-tx\6.1.8\spring-tx-6.1.8.jar;C:\Users\Admin\.m2\repository\org\springframework\spring-beans\6.1.8\spring-beans-6.1.8.jar;C:\Users\Admin\.m2\repository\jakarta\annotation\jakarta.annotation-api\2.1.1\jakarta.annotation-api-2.1.1.jar;C:\Users\Admin\.m2\repository\org\slf4j\slf4j-api\2.0.13\slf4j-api-2.0.13.jar;C:\Users\Admin\.m2\repository\org\springframework\spring-aspects\6.1.8\spring-aspects-6.1.8.jar;C:\Users\Admin\.m2\repository\org\springframework\boot\spring-boot-starter-thymeleaf\3.3.0\spring-boot-starter-thymeleaf-3.3.0.jar;C:\Users\Admin\.m2\repository\org\springframework\boot\spring-boot-starter\3.3.0\spring-boot-starter-3.3.0.jar;C:\Users\Admin\.m2\repository\org\springframework\boot\spring-boot-starter-logging\3.3.0\spring-boot-starter-logging-3.3.0.jar;C:\Users\Admin\.m2\repository\ch\qos\logback\logback-classic\1.5.6\logback-classic-1.5.6.jar;C:\Users\Admin\.m2\repository\ch\qos\logback\logback-core\1.5.6\logback-core-1.5.6.jar;C:\Users\Admin\.m2\repository\org\apache\logging\log4j\log4j-to-slf4j\2.23.1\log4j-to-slf4j-2.23.1.jar;C:\Users\Admin\.m2\repository\org\apache\logging\log4j\log4j-api\2.23.1\log4j-api-2.23.1.jar;C:\Users\Admin\.m2\repository\org\slf4j\jul-to-slf4j\2.0.13\jul-to-slf4j-2.0.13.jar;C:\Users\Admin\.m2\repository\org\yaml\snakeyaml\2.2\snakeyaml-2.2.jar;C:\Users\Admin\.m2\repository\org\thymeleaf\thymeleaf-spring6\3.1.2.RELEASE\thymeleaf-spring6-3.1.2.RELEASE.jar;C:\Users\Admin\.m2\repository\org\thymeleaf\thymeleaf\3.1.2.RELEASE\thymeleaf-3.1.2.RELEASE.jar;C:\Users\Admin\.m2\repository\org\attoparser\attoparser\2.0.7.RELEASE\attoparser-2.0.7.RELEASE.jar;C:\Users\Admin\.m2\repository\org\unbescape\unbescape\1.1.6.RELEASE\unbescape-1.1.6.RELEASE.jar;C:\Users\Admin\.m2\repository\org\springframework\boot\spring-boot-starter-web\3.3.0\spring-boot-starter-web-3.3.0.jar;C:\Users\Admin\.m2\repository\org\springframework\boot\spring-boot-starter-json\3.3.0\spring-boot-starter-json-3.3.0.jar;C:\Users\Admin\.m2\repository\com\fasterxml\jackson\core\jackson-databind\2.17.1\jackson-databind-2.17.1.jar;C:\Users\Admin\.m2\repository\com\fasterxml\jackson\core\jackson-annotations\2.17.1\jackson-annotations-2.17.1.jar;C:\Users\Admin\.m2\repository\com\fasterxml\jackson\core\jackson-core\2.17.1\jackson-core-2.17.1.jar;C:\Users\Admin\.m2\repository\com\fasterxml\jackson\datatype\jackson-datatype-jdk8\2.17.1\jackson-datatype-jdk8-2.17.1.jar;C:\Users\Admin\.m2\repository\com\fasterxml\jackson\datatype\jackson-datatype-jsr310\2.17.1\jackson-datatype-jsr310-2.17.1.jar;C:\Users\Admin\.m2\repository\com\fasterxml\jackson\module\jackson-module-parameter-names\2.17.1\jackson-module-parameter-names-2.17.1.jar;C:\Users\Admin\.m2\repository\org\springframework\boot\spring-boot-starter-tomcat\3.3.0\spring-boot-starter-tomcat-3.3.0.jar;C:\Users\Admin\.m2\repository\org\apache\tomcat\embed\tomcat-embed-core\10.1.24\tomcat-embed-core-10.1.24.jar;C:\Users\Admin\.m2\repository\org\apache\tomcat\embed\tomcat-embed-el\10.1.24\tomcat-embed-el-10.1.24.jar;C:\Users\Admin\.m2\repository\org\apache\tomcat\embed\tomcat-embed-websocket\10.1.24\tomcat-embed-websocket-10.1.24.jar;C:\Users\Admin\.m2\repository\org\springframework\spring-web\6.1.8\spring-web-6.1.8.jar;C:\Users\Admin\.m2\repository\io\micrometer\micrometer-observation\1.13.0\micrometer-observation-1.13.0.jar;C:\Users\Admin\.m2\repository\io\micrometer\micrometer-commons\1.13.0\micrometer-commons-1.13.0.jar;C:\Users\Admin\.m2\repository\org\springframework\spring-webmvc\6.1.8\spring-webmvc-6.1.8.jar;C:\Users\Admin\.m2\repository\org\springframework\spring-expression\6.1.8\spring-expression-6.1.8.jar;C:\Users\Admin\.m2\repository\org\springframework\boot\spring-boot-devtools\3.3.0\spring-boot-devtools-3.3.0.jar;C:\Users\Admin\.m2\repository\org\springframework\boot\spring-boot\3.3.0\spring-boot-3.3.0.jar;C:\Users\Admin\.m2\repository\org\springframework\boot\spring-boot-autoconfigure\3.3.0\spring-boot-autoconfigure-3.3.0.jar;C:\Users\Admin\.m2\repository\com\mysql\mysql-connector-j\8.3.0\mysql-connector-j-8.3.0.jar;C:\Users\Admin\.m2\repository\org\projectlombok\lombok\1.18.32\lombok-1.18.32.jar;C:\Users\Admin\.m2\repository\jakarta\xml\bind\jakarta.xml.bind-api\4.0.2\jakarta.xml.bind-api-4.0.2.jar;C:\Users\Admin\.m2\repository\jakarta\activation\jakarta.activation-api\2.1.3\jakarta.activation-api-2.1.3.jar;C:\Users\Admin\.m2\repository\org\springframework\spring-core\6.1.8\spring-core-6.1.8.jar;C:\Users\Admin\.m2\repository\org\springframework\spring-jcl\6.1.8\spring-jcl-6.1.8.jar;C:\Users\Admin\.m2\repository\org\jetbrains\annotations\24.1.0\annotations-24.1.0.jar
Launcher Type: SUN_STANDARD

[Global flags]
     intx CICompilerCount                          = 3                                         {product} {ergonomic}
     uint ConcGCThreads                            = 1                                         {product} {ergonomic}
     uint G1ConcRefinementThreads                  = 4                                         {product} {ergonomic}
   size_t G1HeapRegionSize                         = 1048576                                   {product} {ergonomic}
   size_t InitialHeapSize                          = 62914560                                  {product} {ergonomic}
   size_t MarkStackSize                            = 4194304                                   {product} {ergonomic}
   size_t MaxHeapSize                              = 994050048                                 {product} {ergonomic}
   size_t MaxNewSize                               = 595591168                                 {product} {ergonomic}
   size_t MinHeapDeltaBytes                        = 1048576                                   {product} {ergonomic}
   size_t MinHeapSize                              = 8388608                                   {product} {ergonomic}
    uintx NonNMethodCodeHeapSize                   = 5832780                                {pd product} {ergonomic}
    uintx NonProfiledCodeHeapSize                  = 122912730                              {pd product} {ergonomic}
    uintx ProfiledCodeHeapSize                     = 122912730                              {pd product} {ergonomic}
    uintx ReservedCodeCacheSize                    = 251658240                              {pd product} {ergonomic}
     bool SegmentedCodeCache                       = true                                      {product} {ergonomic}
   size_t SoftMaxHeapSize                          = 994050048                              {manageable} {ergonomic}
     bool UseCompressedOops                        = true                           {product lp64_product} {ergonomic}
     bool UseG1GC                                  = true                                      {product} {ergonomic}
     bool UseLargePagesIndividualAllocation        = false                                  {pd product} {ergonomic}

Logging:
Log output configuration:
 #0: stdout all=warning uptime,level,tags foldmultilines=false
 #1: stderr all=off uptime,level,tags foldmultilines=false

Environment Variables:
PATH=C:\ProgramData\Oracle\Java\javapath;C:\Program Files\Common Files\Oracle\Java\javapath;C:\Program Files\Eclipse Adoptium\jdk-17.0.4.8-hotspot\bin;C:\WINDOWS\system32;C:\WINDOWS;C:\WINDOWS\System32\Wbem;C:\WINDOWS\System32\WindowsPowerShell\v1.0\;C:\WINDOWS\System32\OpenSSH\;c:\altera\91sp2\quartus\bin;C:\MinGW\bin;C:\Program Files\Microsoft SQL Server\Client SDK\ODBC\170\Tools\Binn\;C:\Program Files (x86)\Microsoft SQL Server\150\Tools\Binn\;C:\Program Files\Microsoft SQL Server\150\Tools\Binn\;C:\Program Files\Microsoft SQL Server\150\DTS\Binn\;C:\Program Files (x86)\Microsoft SQL Server\150\DTS\Binn\;C:\Program Files\Git\cmd;C:\Program Files\Cloudflare\Cloudflare WARP\;C:\Program Files\dotnet\;C:\Program Files\HP\HP One Agent;C:\Program Files (x86)\Git\cmd;C:\Users\Admin\AppData\Local\Microsoft\WindowsApps;C:\Users\Admin\.dotnet\tools;C:\Program Files\Azure Data Studio\bin
USERNAME=DinhTrongKhang
OS=Windows_NT
PROCESSOR_IDENTIFIER=Intel64 Family 6 Model 126 Stepping 5, GenuineIntel
TMP=C:\Users\Admin\AppData\Local\Temp
TEMP=C:\Users\Admin\AppData\Local\Temp




Periodic native trim disabled

---------------  S Y S T E M  ---------------

OS:
 Windows 11 , 64 bit Build 22000 (10.0.22000.2538)
OS uptime: 0 days 1:45 hours

CPU: total 4 (initial active 4) (2 cores per cpu, 2 threads per core) family 6 model 126 stepping 5 microcode 0xa0, cx8, cmov, fxsr, ht, mmx, 3dnowpref, sse, sse2, sse3, ssse3, sse4.1, sse4.2, popcnt, lzcnt, tsc, tscinvbit, avx, avx2, aes, erms, clmul, bmi1, bmi2, adx, avx512f, avx512dq, avx512cd, avx512bw, avx512vl, sha, fma, vzeroupper, avx512_vpopcntdq, avx512_vpclmulqdq, avx512_vaes, avx512_vnni, clflush, clflushopt, avx512_vbmi2, avx512_vbmi, rdtscp, rdpid, fsrm, gfni, avx512_bitalg, f16c, pku, avx512_ifma
Processor Information for all 4 processors :
  Max Mhz: 1190, Current Mhz: 1190, Mhz Limit: 1190

Memory: 4k page, system-wide physical 3784M (301M free)
TotalPageFile size 11976M (AvailPageFile size 1M)
current process WorkingSet (physical memory assigned to process): 91M, peak: 91M
current process commit charge ("private bytes"): 158M, peak: 158M

vm_info: Java HotSpot(TM) 64-Bit Server VM (22.0.1+8-16) for windows-amd64 JRE (22.0.1+8-16), built on 2024-03-12T10:33:16Z by "mach5one" with MS VC++ 17.6 (VS2022)

END.
