#
# There is insufficient memory for the Java Runtime Environment to continue.
# Native memory allocation (malloc) failed to allocate 390576 bytes. Error detail: Chunk::new
# Possible reasons:
#   The system is out of physical RAM or swap space
#   This process is running with CompressedOops enabled, and the Java Heap may be blocking the growth of the native heap
# Possible solutions:
#   Reduce memory load on the system
#   Increase physical memory or swap space
#   Check if swap backing store is full
#   Decrease Java heap size (-Xmx/-Xms)
#   Decrease number of Java threads
#   Decrease Java thread stack sizes (-Xss)
#   Set larger code cache with -XX:ReservedCodeCacheSize=
#   JVM is running with Unscaled Compressed Oops mode in which the Java heap is
#     placed in the first 4GB address space. The Java Heap base address is the
#     maximum limit for the native heap growth. Please use -XX:HeapBaseMinAddress
#     to set the Java Heap base and to place the Java Heap above 4GB virtual address.
# This output file may be truncated or incomplete.
#
#  Out of Memory Error (arena.cpp:150), pid=27916, tid=27500
#
# JRE version: Java(TM) SE Runtime Environment (22.0.1+8) (build 22.0.1+8-16)
# Java VM: Java HotSpot(TM) 64-Bit Server VM (22.0.1+8-16, mixed mode, sharing, tiered, compressed oops, compressed class ptrs, g1 gc, windows-amd64)
# No core dump will be written. Minidumps are not enabled by default on client versions of Windows
#

---------------  S U M M A R Y ------------

Command Line: -javaagent:C:\Program Files\JetBrains\IntelliJ IDEA Community Edition 2024.1.1\lib\idea_rt.jar=54799:C:\Program Files\JetBrains\IntelliJ IDEA Community Edition 2024.1.1\bin -Dfile.encoding=UTF-8 -Dsun.stdout.encoding=UTF-8 -Dsun.stderr.encoding=UTF-8 com.example.dinhtrongkhang.DinhtrongkhangApplication

Host: Intel(R) Core(TM) i3-1005G1 CPU @ 1.20GHz, 4 cores, 3G,  Windows 11 , 64 bit Build 22000 (10.0.22000.2538)
Time: Mon Jun 10 15:47:34 2024 SE Asia Standard Time elapsed time: 3.223927 seconds (0d 0h 0m 3s)

---------------  T H R E A D  ---------------

Current thread (0x000001ba411343c0):  JavaThread "C2 CompilerThread0" daemon [_thread_in_native, id=27500, stack(0x0000006d0c100000,0x0000006d0c200000) (1024K)]


Current CompileTask:
C2:3224 2999 %     4       java.io.WinNTFileSystem::normalize @ 58 (224 bytes)

Stack: [0x0000006d0c100000,0x0000006d0c200000]
Native frames: (J=compiled Java code, j=interpreted, Vv=VM code, C=native code)
V  [jvm.dll+0x6e2279]  (no source info available)
V  [jvm.dll+0x874e33]  (no source info available)
V  [jvm.dll+0x87725e]  (no source info available)
V  [jvm.dll+0x877933]  (no source info available)
V  [jvm.dll+0x27fd76]  (no source info available)
V  [jvm.dll+0xc3d0f]  (no source info available)
V  [jvm.dll+0xc3f6b]  (no source info available)
V  [jvm.dll+0x3bb0d2]  (no source info available)
V  [jvm.dll+0x387b6b]  (no source info available)
V  [jvm.dll+0x386fda]  (no source info available)
V  [jvm.dll+0x247918]  (no source info available)
V  [jvm.dll+0x246fbf]  (no source info available)
V  [jvm.dll+0x1c4e90]  (no source info available)
V  [jvm.dll+0x2569fe]  (no source info available)
V  [jvm.dll+0x254cba]  (no source info available)
V  [jvm.dll+0x3f5336]  (no source info available)
V  [jvm.dll+0x81d44b]  (no source info available)
V  [jvm.dll+0x6e0915]  (no source info available)
C  [ucrtbase.dll+0x26c0c]  (no source info available)
C  [KERNEL32.DLL+0x153e0]  (no source info available)
C  [ntdll.dll+0x485b]  (no source info available)


---------------  P R O C E S S  ---------------

Threads class SMR info:
_java_thread_list=0x000001ba4695ad60, length=14, elements={
0x000001ba5f587520, 0x000001ba4112e520, 0x000001ba4112f4e0, 0x000001ba41131350,
0x000001ba41131ea0, 0x000001ba411329f0, 0x000001ba41133540, 0x000001ba411343c0,
0x000001ba4119fcd0, 0x000001ba6181c2e0, 0x000001ba41523c90, 0x000001ba41618c80,
0x000001ba41e39520, 0x000001ba41e5b200
}

Java Threads: ( => current thread )
  0x000001ba5f587520 JavaThread "main"                              [_thread_blocked, id=23616, stack(0x0000006d0b300000,0x0000006d0b400000) (1024K)]
  0x000001ba4112e520 JavaThread "Reference Handler"          daemon [_thread_blocked, id=29632, stack(0x0000006d0bb00000,0x0000006d0bc00000) (1024K)]
  0x000001ba4112f4e0 JavaThread "Finalizer"                  daemon [_thread_blocked, id=28240, stack(0x0000006d0bc00000,0x0000006d0bd00000) (1024K)]
  0x000001ba41131350 JavaThread "Signal Dispatcher"          daemon [_thread_blocked, id=10820, stack(0x0000006d0bd00000,0x0000006d0be00000) (1024K)]
  0x000001ba41131ea0 JavaThread "Attach Listener"            daemon [_thread_blocked, id=29620, stack(0x0000006d0be00000,0x0000006d0bf00000) (1024K)]
  0x000001ba411329f0 JavaThread "Service Thread"             daemon [_thread_blocked, id=29624, stack(0x0000006d0bf00000,0x0000006d0c000000) (1024K)]
  0x000001ba41133540 JavaThread "Monitor Deflation Thread"   daemon [_thread_blocked, id=27788, stack(0x0000006d0c000000,0x0000006d0c100000) (1024K)]
=>0x000001ba411343c0 JavaThread "C2 CompilerThread0"         daemon [_thread_in_native, id=27500, stack(0x0000006d0c100000,0x0000006d0c200000) (1024K)]
  0x000001ba4119fcd0 JavaThread "C1 CompilerThread0"         daemon [_thread_blocked, id=19652, stack(0x0000006d0c200000,0x0000006d0c300000) (1024K)]
  0x000001ba6181c2e0 JavaThread "Common-Cleaner"             daemon [_thread_blocked, id=29628, stack(0x0000006d0c300000,0x0000006d0c400000) (1024K)]
  0x000001ba41523c90 JavaThread "Monitor Ctrl-Break"         daemon [_thread_in_native, id=29652, stack(0x0000006d0c400000,0x0000006d0c500000) (1024K)]
  0x000001ba41618c80 JavaThread "Notification Thread"        daemon [_thread_blocked, id=29656, stack(0x0000006d0c500000,0x0000006d0c600000) (1024K)]
  0x000001ba41e39520 JavaThread "Thread-0"                          [_thread_blocked, id=6868, stack(0x0000006d0c900000,0x0000006d0ca00000) (1024K)]
  0x000001ba41e5b200 JavaThread "restartedMain"                     [_thread_in_vm, id=27768, stack(0x0000006d0ca00000,0x0000006d0cb00000) (1024K)]
Total: 14

Other Threads:
  0x000001ba61830f80 VMThread "VM Thread"                           [id=29612, stack(0x0000006d0ba00000,0x0000006d0bb00000) (1024K)]
  0x000001ba4111cd70 WatcherThread "VM Periodic Task Thread"        [id=29636, stack(0x0000006d0b900000,0x0000006d0ba00000) (1024K)]
  0x000001ba617aa6c0 WorkerThread "GC Thread#0"                     [id=29604, stack(0x0000006d0b400000,0x0000006d0b500000) (1024K)]
  0x000001ba41de9880 WorkerThread "GC Thread#1"                     [id=29680, stack(0x0000006d0c600000,0x0000006d0c700000) (1024K)]
  0x000001ba41a254b0 WorkerThread "GC Thread#2"                     [id=29684, stack(0x0000006d0c700000,0x0000006d0c800000) (1024K)]
  0x000001ba41abb3d0 WorkerThread "GC Thread#3"                     [id=29688, stack(0x0000006d0c800000,0x0000006d0c900000) (1024K)]
  0x000001ba617b2d30 ConcurrentGCThread "G1 Main Marker"            [id=29608, stack(0x0000006d0b500000,0x0000006d0b600000) (1024K)]
  0x000001ba617b39f0 WorkerThread "G1 Conc#0"                       [id=29532, stack(0x0000006d0b600000,0x0000006d0b700000) (1024K)]
  0x000001ba6180a150 ConcurrentGCThread "G1 Refine#0"               [id=29576, stack(0x0000006d0b700000,0x0000006d0b800000) (1024K)]
  0x000001ba6180ae80 ConcurrentGCThread "G1 Service"                [id=29596, stack(0x0000006d0b800000,0x0000006d0b900000) (1024K)]
Total: 10

Threads with active compile tasks:
C2 CompilerThread0  3283 2999 %     4       java.io.WinNTFileSystem::normalize @ 58 (224 bytes)
Total: 1

VM state: not at safepoint (normal execution)

VM Mutex/Monitor currently owned by a thread: None

Heap address: 0x00000000c4c00000, size: 948 MB, Compressed Oops mode: 32-bit

CDS archive(s) mapped at: [0x000001ba00000000-0x000001ba00c60000-0x000001ba00c60000), size 12976128, SharedBaseAddress: 0x000001ba00000000, ArchiveRelocationMode: 1.
Compressed class space mapped at: 0x000001ba01000000-0x000001ba41000000, reserved size: 1073741824
Narrow klass base: 0x000001ba00000000, Narrow klass shift: 0, Narrow klass range: 0x41000000

GC Precious Log:
 CardTable entry size: 512
 Card Set container configuration: InlinePtr #cards 5 size 8 Array Of Cards #cards 12 size 40 Howl #buckets 4 coarsen threshold 1843 Howl Bitmap #cards 512 size 80 coarsen threshold 460 Card regions per heap region 1 cards per card region 2048
 CPUs: 4 total, 4 available
 Memory: 3784M
 Large Page Support: Disabled
 NUMA Support: Disabled
 Compressed Oops: Enabled (32-bit)
 Heap Region Size: 1M
 Heap Min Capacity: 8M
 Heap Initial Capacity: 60M
 Heap Max Capacity: 948M
 Pre-touch: Disabled
 Parallel Workers: 4
 Concurrent Workers: 1
 Concurrent Refinement Workers: 4
 Periodic GC: Disabled

Heap:
 garbage-first heap   total reserved 970752K, committed 48128K, used 14843K [0x00000000c4c00000, 0x0000000100000000)
  region size 1024K, 3 young (3072K), 1 survivors (1024K)
 Metaspace       used 21381K, committed 21760K, reserved 1114112K
  class space    used 2607K, committed 2752K, reserved 1048576K

Heap Regions: E=young(eden), S=young(survivor), O=old, HS=humongous(starts), HC=humongous(continues), CS=collection set, F=free, TAMS=top-at-mark-start, PB=parsable bottom
|   0|0x00000000c4c00000, 0x00000000c4d00000, 0x00000000c4d00000|100%|HS|  |TAMS 0x00000000c4c00000| PB 0x00000000c4c00000| Complete |  0
|   1|0x00000000c4d00000, 0x00000000c4e00000, 0x00000000c4e00000|100%| O|  |TAMS 0x00000000c4d00000| PB 0x00000000c4d00000| Untracked |  0
|   2|0x00000000c4e00000, 0x00000000c4f00000, 0x00000000c4f00000|100%| O|  |TAMS 0x00000000c4e00000| PB 0x00000000c4e00000| Untracked |  0
|   3|0x00000000c4f00000, 0x00000000c5000000, 0x00000000c5000000|100%| O|  |TAMS 0x00000000c4f00000| PB 0x00000000c4f00000| Untracked |  0
|   4|0x00000000c5000000, 0x00000000c5100000, 0x00000000c5100000|100%| O|  |TAMS 0x00000000c5000000| PB 0x00000000c5000000| Untracked |  0
|   5|0x00000000c5100000, 0x00000000c5200000, 0x00000000c5200000|100%| O|  |TAMS 0x00000000c5100000| PB 0x00000000c5100000| Untracked |  0
|   6|0x00000000c5200000, 0x00000000c5300000, 0x00000000c5300000|100%| O|  |TAMS 0x00000000c5200000| PB 0x00000000c5200000| Untracked |  0
|   7|0x00000000c5300000, 0x00000000c5400000, 0x00000000c5400000|100%| O|  |TAMS 0x00000000c5300000| PB 0x00000000c5300000| Untracked |  0
|   8|0x00000000c5400000, 0x00000000c5500000, 0x00000000c5500000|100%| O|  |TAMS 0x00000000c5400000| PB 0x00000000c5400000| Untracked |  0
|   9|0x00000000c5500000, 0x00000000c5600000, 0x00000000c5600000|100%| O|  |TAMS 0x00000000c5500000| PB 0x00000000c5500000| Untracked |  0
|  10|0x00000000c5600000, 0x00000000c5700000, 0x00000000c5700000|100%| O|  |TAMS 0x00000000c5600000| PB 0x00000000c5600000| Untracked |  0
|  11|0x00000000c5700000, 0x00000000c5800000, 0x00000000c5800000|100%| O|  |TAMS 0x00000000c5700000| PB 0x00000000c5700000| Untracked |  0
|  12|0x00000000c5800000, 0x00000000c58c6a50, 0x00000000c5900000| 77%| O|Cm|TAMS 0x00000000c5800000| PB 0x00000000c5800000| Complete |  0
|  13|0x00000000c5900000, 0x00000000c5900000, 0x00000000c5a00000|  0%| F|  |TAMS 0x00000000c5900000| PB 0x00000000c5900000| Untracked |  0
|  14|0x00000000c5a00000, 0x00000000c5a00000, 0x00000000c5b00000|  0%| F|  |TAMS 0x00000000c5a00000| PB 0x00000000c5a00000| Untracked |  0
|  15|0x00000000c5b00000, 0x00000000c5b00000, 0x00000000c5c00000|  0%| F|  |TAMS 0x00000000c5b00000| PB 0x00000000c5b00000| Untracked |  0
|  16|0x00000000c5c00000, 0x00000000c5c00000, 0x00000000c5d00000|  0%| F|  |TAMS 0x00000000c5c00000| PB 0x00000000c5c00000| Untracked |  0
|  17|0x00000000c5d00000, 0x00000000c5d00000, 0x00000000c5e00000|  0%| F|  |TAMS 0x00000000c5d00000| PB 0x00000000c5d00000| Untracked |  0
|  18|0x00000000c5e00000, 0x00000000c5e00000, 0x00000000c5f00000|  0%| F|  |TAMS 0x00000000c5e00000| PB 0x00000000c5e00000| Untracked |  0
|  19|0x00000000c5f00000, 0x00000000c5f00000, 0x00000000c6000000|  0%| F|  |TAMS 0x00000000c5f00000| PB 0x00000000c5f00000| Untracked |  0
|  20|0x00000000c6000000, 0x00000000c6000000, 0x00000000c6100000|  0%| F|  |TAMS 0x00000000c6000000| PB 0x00000000c6000000| Untracked |  0
|  21|0x00000000c6100000, 0x00000000c6100000, 0x00000000c6200000|  0%| F|  |TAMS 0x00000000c6100000| PB 0x00000000c6100000| Untracked |  0
|  22|0x00000000c6200000, 0x00000000c6200000, 0x00000000c6300000|  0%| F|  |TAMS 0x00000000c6200000| PB 0x00000000c6200000| Untracked |  0
|  23|0x00000000c6300000, 0x00000000c6300000, 0x00000000c6400000|  0%| F|  |TAMS 0x00000000c6300000| PB 0x00000000c6300000| Untracked |  0
|  24|0x00000000c6400000, 0x00000000c6400000, 0x00000000c6500000|  0%| F|  |TAMS 0x00000000c6400000| PB 0x00000000c6400000| Untracked |  0
|  25|0x00000000c6500000, 0x00000000c6500000, 0x00000000c6600000|  0%| F|  |TAMS 0x00000000c6500000| PB 0x00000000c6500000| Untracked |  0
|  26|0x00000000c6600000, 0x00000000c6600000, 0x00000000c6700000|  0%| F|  |TAMS 0x00000000c6600000| PB 0x00000000c6600000| Untracked |  0
|  27|0x00000000c6700000, 0x00000000c6700000, 0x00000000c6800000|  0%| F|  |TAMS 0x00000000c6700000| PB 0x00000000c6700000| Untracked |  0
|  28|0x00000000c6800000, 0x00000000c6800000, 0x00000000c6900000|  0%| F|  |TAMS 0x00000000c6800000| PB 0x00000000c6800000| Untracked |  0
|  29|0x00000000c6900000, 0x00000000c6900000, 0x00000000c6a00000|  0%| F|  |TAMS 0x00000000c6900000| PB 0x00000000c6900000| Untracked |  0
|  30|0x00000000c6a00000, 0x00000000c6a00000, 0x00000000c6b00000|  0%| F|  |TAMS 0x00000000c6a00000| PB 0x00000000c6a00000| Untracked |  0
|  31|0x00000000c6b00000, 0x00000000c6b00000, 0x00000000c6c00000|  0%| F|  |TAMS 0x00000000c6b00000| PB 0x00000000c6b00000| Untracked |  0
|  32|0x00000000c6c00000, 0x00000000c6c00000, 0x00000000c6d00000|  0%| F|  |TAMS 0x00000000c6c00000| PB 0x00000000c6c00000| Untracked |  0
|  33|0x00000000c6d00000, 0x00000000c6d00000, 0x00000000c6e00000|  0%| F|  |TAMS 0x00000000c6d00000| PB 0x00000000c6d00000| Untracked |  0
|  34|0x00000000c6e00000, 0x00000000c6e00000, 0x00000000c6f00000|  0%| F|  |TAMS 0x00000000c6e00000| PB 0x00000000c6e00000| Untracked |  0
|  35|0x00000000c6f00000, 0x00000000c6f00000, 0x00000000c7000000|  0%| F|  |TAMS 0x00000000c6f00000| PB 0x00000000c6f00000| Untracked |  0
|  36|0x00000000c7000000, 0x00000000c7000000, 0x00000000c7100000|  0%| F|  |TAMS 0x00000000c7000000| PB 0x00000000c7000000| Untracked |  0
|  37|0x00000000c7100000, 0x00000000c7100000, 0x00000000c7200000|  0%| F|  |TAMS 0x00000000c7100000| PB 0x00000000c7100000| Untracked |  0
|  38|0x00000000c7200000, 0x00000000c7200000, 0x00000000c7300000|  0%| F|  |TAMS 0x00000000c7200000| PB 0x00000000c7200000| Untracked |  0
|  39|0x00000000c7300000, 0x00000000c7300000, 0x00000000c7400000|  0%| F|  |TAMS 0x00000000c7300000| PB 0x00000000c7300000| Untracked |  0
|  40|0x00000000c7400000, 0x00000000c7400000, 0x00000000c7500000|  0%| F|  |TAMS 0x00000000c7400000| PB 0x00000000c7400000| Untracked |  0
|  41|0x00000000c7500000, 0x00000000c7500000, 0x00000000c7600000|  0%| F|  |TAMS 0x00000000c7500000| PB 0x00000000c7500000| Untracked |  0
|  42|0x00000000c7600000, 0x00000000c7600000, 0x00000000c7700000|  0%| F|  |TAMS 0x00000000c7600000| PB 0x00000000c7600000| Untracked |  0
|  43|0x00000000c7700000, 0x00000000c7700000, 0x00000000c7800000|  0%| F|  |TAMS 0x00000000c7700000| PB 0x00000000c7700000| Untracked |  0
|  44|0x00000000c7800000, 0x00000000c78787d8, 0x00000000c7900000| 47%| E|  |TAMS 0x00000000c7800000| PB 0x00000000c7800000| Complete |  0
|  53|0x00000000c8100000, 0x00000000c81b83f8, 0x00000000c8200000| 71%| S|CS|TAMS 0x00000000c8100000| PB 0x00000000c8100000| Complete |  0
|  59|0x00000000c8700000, 0x00000000c8800000, 0x00000000c8800000|100%| E|CS|TAMS 0x00000000c8700000| PB 0x00000000c8700000| Complete |  0

Card table byte_map: [0x000001ba78ca0000,0x000001ba78e80000] _byte_map_base: 0x000001ba7867a000

Marking Bits: (CMBitMap*) 0x000001ba617aadd0
 Bits: [0x000001ba78e80000, 0x000001ba79d50000)

Polling page: 0x000001ba60f40000

Metaspace:

Usage:
  Non-class:     18.34 MB used.
      Class:      2.55 MB used.
       Both:     20.88 MB used.

Virtual space:
  Non-class space:       64.00 MB reserved,      18.56 MB ( 29%) committed,  1 nodes.
      Class space:        1.00 GB reserved,       2.69 MB ( <1%) committed,  1 nodes.
             Both:        1.06 GB reserved,      21.25 MB (  2%) committed. 

Chunk freelists:
   Non-Class:  13.36 MB
       Class:  13.27 MB
        Both:  26.62 MB

MaxMetaspaceSize: unlimited
CompressedClassSpaceSize: 1.00 GB
Initial GC threshold: 21.00 MB
Current GC threshold: 35.31 MB
CDS: on
 - commit_granule_bytes: 65536.
 - commit_granule_words: 8192.
 - virtual_space_node_default_size: 8388608.
 - enlarge_chunks_in_place: 1.
 - use_allocation_guard: 0.


Internal statistics:

num_allocs_failed_limit: 3.
num_arena_births: 302.
num_arena_deaths: 0.
num_vsnodes_births: 2.
num_vsnodes_deaths: 0.
num_space_committed: 340.
num_space_uncommitted: 0.
num_chunks_returned_to_freelist: 3.
num_chunks_taken_from_freelist: 990.
num_chunk_merges: 3.
num_chunk_splits: 658.
num_chunks_enlarged: 463.
num_inconsistent_stats: 0.

CodeHeap 'non-profiled nmethods': size=120000Kb used=1145Kb max_used=1145Kb free=118854Kb
 bounds [0x000001ba71590000, 0x000001ba71800000, 0x000001ba78ac0000]
CodeHeap 'profiled nmethods': size=120000Kb used=6151Kb max_used=6151Kb free=113848Kb
 bounds [0x000001ba69ac0000, 0x000001ba6a0d0000, 0x000001ba70ff0000]
CodeHeap 'non-nmethods': size=5760Kb used=1618Kb max_used=1641Kb free=4141Kb
 bounds [0x000001ba70ff0000, 0x000001ba71260000, 0x000001ba71590000]
 total_blobs=3579 nmethods=3037 adapters=446
 compilation: enabled
              stopped_count=0, restarted_count=0
 full_count=0

Compilation events (20 events):
Event: 3.207 Thread 0x000001ba4119fcd0 3000   !   3       sun.net.www.protocol.jar.JarURLConnection$JarURLInputStream::close (178 bytes)
Event: 3.208 Thread 0x000001ba4119fcd0 nmethod 3000 0x000001ba6a0a8210 code [0x000001ba6a0a8520, 0x000001ba6a0a9df8]
Event: 3.209 Thread 0x000001ba4119fcd0 3001   !   3       sun.net.www.protocol.jar.JarFileFactory::getCachedJarFile (147 bytes)
Event: 3.210 Thread 0x000001ba4119fcd0 nmethod 3001 0x000001ba6a0aa690 code [0x000001ba6a0aa880, 0x000001ba6a0aad48]
Event: 3.211 Thread 0x000001ba4119fcd0 3002       3       java.util.HashMap::putMapEntries (170 bytes)
Event: 3.212 Thread 0x000001ba4119fcd0 nmethod 3002 0x000001ba6a0aaf10 code [0x000001ba6a0ab200, 0x000001ba6a0ac068]
Event: 3.212 Thread 0x000001ba4119fcd0 3004       3       jdk.internal.org.objectweb.asm.MethodWriter::addSuccessorToCurrentBasicBlock (24 bytes)
Event: 3.212 Thread 0x000001ba4119fcd0 nmethod 3004 0x000001ba6a0ac490 code [0x000001ba6a0ac640, 0x000001ba6a0ac990]
Event: 3.212 Thread 0x000001ba4119fcd0 3005   !   3       java.lang.invoke.BoundMethodHandle$Species_L::copyWithExtendL (31 bytes)
Event: 3.213 Thread 0x000001ba4119fcd0 nmethod 3005 0x000001ba6a0acb10 code [0x000001ba6a0acd00, 0x000001ba6a0ad278]
Event: 3.213 Thread 0x000001ba4119fcd0 3006       3       java.util.ArrayList::toArray (12 bytes)
Event: 3.213 Thread 0x000001ba4119fcd0 nmethod 3006 0x000001ba6a0ad510 code [0x000001ba6a0ad6c0, 0x000001ba6a0ad8a0]
Event: 3.213 Thread 0x000001ba4119fcd0 3007       3       java.util.function.Function::identity (6 bytes)
Event: 3.213 Thread 0x000001ba4119fcd0 nmethod 3007 0x000001ba6a0ad990 code [0x000001ba6a0adb40, 0x000001ba6a0addb8]
Event: 3.218 Thread 0x000001ba4119fcd0 3010       3       org.springframework.core.type.AnnotatedTypeMetadata::getAnnotationAttributes (9 bytes)
Event: 3.218 Thread 0x000001ba4119fcd0 nmethod 3010 0x000001ba6a0ade90 code [0x000001ba6a0ae040, 0x000001ba6a0ae218]
Event: 3.218 Thread 0x000001ba4119fcd0 3011       1       org.springframework.context.annotation.ConfigurationMethod::getMetadata (5 bytes)
Event: 3.218 Thread 0x000001ba4119fcd0 nmethod 3011 0x000001ba716ad110 code [0x000001ba716ad2a0, 0x000001ba716ad368]
Event: 3.218 Thread 0x000001ba4119fcd0 3012       1       org.springframework.core.type.classreading.SimpleMethodMetadata::getMethodName (5 bytes)
Event: 3.218 Thread 0x000001ba4119fcd0 nmethod 3012 0x000001ba716ad410 code [0x000001ba716ad5a0, 0x000001ba716ad668]

GC Heap History (8 events):
Event: 1.056 GC heap before
{Heap before GC invocations=0 (full 0):
 garbage-first heap   total reserved 970752K, committed 61440K, used 14336K [0x00000000c4c00000, 0x0000000100000000)
  region size 1024K, 14 young (14336K), 0 survivors (0K)
 Metaspace       used 3884K, committed 4096K, reserved 1114112K
  class space    used 415K, committed 512K, reserved 1048576K
}
Event: 1.063 GC heap after
{Heap after GC invocations=1 (full 0):
 garbage-first heap   total reserved 970752K, committed 61440K, used 6528K [0x00000000c4c00000, 0x0000000100000000)
  region size 1024K, 2 young (2048K), 2 survivors (2048K)
 Metaspace       used 3884K, committed 4096K, reserved 1114112K
  class space    used 415K, committed 512K, reserved 1048576K
}
Event: 1.617 GC heap before
{Heap before GC invocations=1 (full 0):
 garbage-first heap   total reserved 970752K, committed 61440K, used 19840K [0x00000000c4c00000, 0x0000000100000000)
  region size 1024K, 16 young (16384K), 2 survivors (2048K)
 Metaspace       used 7302K, committed 7552K, reserved 1114112K
  class space    used 878K, committed 1024K, reserved 1048576K
}
Event: 1.621 GC heap after
{Heap after GC invocations=2 (full 0):
 garbage-first heap   total reserved 970752K, committed 61440K, used 7641K [0x00000000c4c00000, 0x0000000100000000)
  region size 1024K, 1 young (1024K), 1 survivors (1024K)
 Metaspace       used 7302K, committed 7552K, reserved 1114112K
  class space    used 878K, committed 1024K, reserved 1048576K
}
Event: 2.286 GC heap before
{Heap before GC invocations=2 (full 0):
 garbage-first heap   total reserved 970752K, committed 61440K, used 32217K [0x00000000c4c00000, 0x0000000100000000)
  region size 1024K, 26 young (26624K), 1 survivors (1024K)
 Metaspace       used 15551K, committed 15808K, reserved 1114112K
  class space    used 1845K, committed 1984K, reserved 1048576K
}
Event: 2.290 GC heap after
{Heap after GC invocations=3 (full 0):
 garbage-first heap   total reserved 970752K, committed 61440K, used 10515K [0x00000000c4c00000, 0x0000000100000000)
  region size 1024K, 4 young (4096K), 4 survivors (4096K)
 Metaspace       used 15551K, committed 15808K, reserved 1114112K
  class space    used 1845K, committed 1984K, reserved 1048576K
}
Event: 3.077 GC heap before
{Heap before GC invocations=3 (full 0):
 garbage-first heap   total reserved 970752K, committed 61440K, used 41235K [0x00000000c4c00000, 0x0000000100000000)
  region size 1024K, 35 young (35840K), 4 survivors (4096K)
 Metaspace       used 20912K, committed 21248K, reserved 1114112K
  class space    used 2538K, committed 2688K, reserved 1048576K
}
Event: 3.087 GC heap after
{Heap after GC invocations=4 (full 0):
 garbage-first heap   total reserved 970752K, committed 61440K, used 13888K [0x00000000c4c00000, 0x0000000100000000)
  region size 1024K, 4 young (4096K), 4 survivors (4096K)
 Metaspace       used 20912K, committed 21248K, reserved 1114112K
  class space    used 2538K, committed 2688K, reserved 1048576K
}

Dll operation events (14 events):
Event: 0.062 Loaded shared library C:\Program Files\Java\jdk-22\bin\java.dll
Event: 0.222 Loaded shared library C:\Program Files\Java\jdk-22\bin\jsvml.dll
Event: 0.349 Loaded shared library C:\Program Files\Java\jdk-22\bin\zip.dll
Event: 0.355 Loaded shared library C:\Program Files\Java\jdk-22\bin\instrument.dll
Event: 0.362 Loaded shared library C:\Program Files\Java\jdk-22\bin\net.dll
Event: 0.365 Loaded shared library C:\Program Files\Java\jdk-22\bin\nio.dll
Event: 0.372 Loaded shared library C:\Program Files\Java\jdk-22\bin\zip.dll
Event: 0.586 Loaded shared library C:\Program Files\JetBrains\IntelliJ IDEA Community Edition 2024.1.1\bin\breakgen64.dll
Event: 0.621 Loaded shared library C:\Program Files\Java\jdk-22\bin\extnet.dll
Event: 0.655 Loaded shared library C:\Program Files\Java\jdk-22\bin\jimage.dll
Event: 1.163 Loaded shared library C:\Program Files\Java\jdk-22\bin\management.dll
Event: 1.168 Loaded shared library C:\Program Files\Java\jdk-22\bin\management_ext.dll
Event: 1.924 Loaded shared library C:\Program Files\Java\jdk-22\bin\le.dll
Event: 2.559 Loaded shared library C:\Program Files\Java\jdk-22\bin\sunmscapi.dll

Deoptimization events (20 events):
Event: 2.693 Thread 0x000001ba41e5b200 DEOPT PACKING pc=0x000001ba69c0d5e1 sp=0x0000006d0cafe2b0
Event: 2.693 Thread 0x000001ba41e5b200 DEOPT UNPACKING pc=0x000001ba710488e2 sp=0x0000006d0cafd7a0 mode 0
Event: 2.693 Thread 0x000001ba41e5b200 DEOPT PACKING pc=0x000001ba69c03c06 sp=0x0000006d0cafe2c0
Event: 2.693 Thread 0x000001ba41e5b200 DEOPT UNPACKING pc=0x000001ba710488e2 sp=0x0000006d0cafd7a8 mode 0
Event: 2.693 Thread 0x000001ba41e5b200 DEOPT PACKING pc=0x000001ba69c0d5e1 sp=0x0000006d0cafe2b0
Event: 2.693 Thread 0x000001ba41e5b200 DEOPT UNPACKING pc=0x000001ba710488e2 sp=0x0000006d0cafd7a0 mode 0
Event: 2.693 Thread 0x000001ba41e5b200 DEOPT PACKING pc=0x000001ba69c03c06 sp=0x0000006d0cafe2c0
Event: 2.693 Thread 0x000001ba41e5b200 DEOPT UNPACKING pc=0x000001ba710488e2 sp=0x0000006d0cafd7a8 mode 0
Event: 2.694 Thread 0x000001ba41e5b200 DEOPT PACKING pc=0x000001ba69c0d5e1 sp=0x0000006d0cafe2b0
Event: 2.694 Thread 0x000001ba41e5b200 DEOPT UNPACKING pc=0x000001ba710488e2 sp=0x0000006d0cafd7a0 mode 0
Event: 2.694 Thread 0x000001ba41e5b200 DEOPT PACKING pc=0x000001ba69c03c06 sp=0x0000006d0cafe2c0
Event: 2.694 Thread 0x000001ba41e5b200 DEOPT UNPACKING pc=0x000001ba710488e2 sp=0x0000006d0cafd7a8 mode 0
Event: 2.694 Thread 0x000001ba41e5b200 DEOPT PACKING pc=0x000001ba69c0d5e1 sp=0x0000006d0cafe2b0
Event: 2.694 Thread 0x000001ba41e5b200 DEOPT UNPACKING pc=0x000001ba710488e2 sp=0x0000006d0cafd7a0 mode 0
Event: 2.694 Thread 0x000001ba41e5b200 DEOPT PACKING pc=0x000001ba69c03c06 sp=0x0000006d0cafe2c0
Event: 2.694 Thread 0x000001ba41e5b200 DEOPT UNPACKING pc=0x000001ba710488e2 sp=0x0000006d0cafd7a8 mode 0
Event: 2.782 Thread 0x000001ba41e5b200 Uncommon trap: trap_request=0xffffff45 fr.pc=0x000001ba7160b280 relative=0x0000000000000a40
Event: 2.782 Thread 0x000001ba41e5b200 Uncommon trap: reason=unstable_if action=reinterpret pc=0x000001ba7160b280 method=jdk.internal.org.objectweb.asm.SymbolTable.put(Ljdk/internal/org/objectweb/asm/SymbolTable$Entry;)Ljdk/internal/org/objectweb/asm/SymbolTable$Entry; @ 13 c2
Event: 2.782 Thread 0x000001ba41e5b200 DEOPT PACKING pc=0x000001ba7160b280 sp=0x0000006d0cafc890
Event: 2.782 Thread 0x000001ba41e5b200 DEOPT UNPACKING pc=0x000001ba71047da2 sp=0x0000006d0cafc7c8 mode 2

Classes loaded (20 events):
Event: 2.565 Loading class javax/security/auth/Subject
Event: 2.565 Loading class javax/security/auth/Subject done
Event: 2.565 Loading class javax/security/auth/callback/CallbackHandler
Event: 2.566 Loading class javax/security/auth/callback/CallbackHandler done
Event: 2.572 Loading class com/sun/security/sasl/Provider
Event: 2.572 Loading class com/sun/security/sasl/Provider done
Event: 2.573 Loading class com/sun/security/sasl/Provider$1
Event: 2.573 Loading class com/sun/security/sasl/Provider$1 done
Event: 2.573 Loading class com/sun/security/sasl/Provider$ProviderService
Event: 2.573 Loading class com/sun/security/sasl/Provider$ProviderService done
Event: 2.573 Loading class sun/security/provider/certpath/ldap/JdkLDAP
Event: 2.574 Loading class sun/security/provider/certpath/ldap/JdkLDAP done
Event: 2.574 Loading class sun/security/provider/certpath/ldap/JdkLDAP$ProviderService
Event: 2.574 Loading class sun/security/provider/certpath/ldap/JdkLDAP$ProviderService done
Event: 2.618 Loading class javax/naming/ldap/LdapContext
Event: 2.618 Loading class javax/naming/directory/DirContext
Event: 2.618 Loading class javax/naming/directory/DirContext done
Event: 2.619 Loading class javax/naming/ldap/LdapContext done
Event: 2.953 Loading class java/beans/PropertyVetoException
Event: 2.953 Loading class java/beans/PropertyVetoException done

Classes unloaded (0 events):
No events

Classes redefined (0 events):
No events

Internal exceptions (20 events):
Event: 1.830 Thread 0x000001ba41e5b200 Exception <a 'java/lang/NoSuchMethodError'{0x00000000c821fe18}: 'void java.lang.invoke.DirectMethodHandle$Holder.invokeVirtual(java.lang.Object, java.lang.Object, java.lang.Object, java.lang.Object)'> (0x00000000c821fe18) 
thrown [s\open\src\hotspot\share\interpreter\linkResolver.cpp, line 774]
Event: 1.888 Thread 0x000001ba41e5b200 Exception <a 'java/lang/IncompatibleClassChangeError'{0x00000000c8199fb0}: Found class java.lang.Object, but interface was expected> (0x00000000c8199fb0) 
thrown [s\open\src\hotspot\share\interpreter\linkResolver.cpp, line 841]
Event: 1.888 Thread 0x000001ba461a11c0 Exception <a 'java/lang/NoClassDefFoundError'{0x00000000c81b9800}: jakarta/validation/Validation> (0x00000000c81b9800) 
thrown [s\open\src\hotspot\share\classfile\systemDictionary.cpp, line 302]
Event: 1.894 Thread 0x000001ba41e5b200 Exception <a 'java/lang/NoSuchMethodError'{0x00000000c81d4360}: 'java.lang.Object java.lang.invoke.DirectMethodHandle$Holder.invokeStaticInit(java.lang.Object, int)'> (0x00000000c81d4360) 
thrown [s\open\src\hotspot\share\interpreter\linkResolver.cpp, line 774]
Event: 1.897 Thread 0x000001ba41e5b200 Exception <a 'java/lang/NoSuchMethodError'{0x00000000c81de7e0}: 'java.lang.Object java.lang.invoke.DirectMethodHandle$Holder.invokeStatic(java.lang.Object, int, java.lang.Object)'> (0x00000000c81de7e0) 
thrown [s\open\src\hotspot\share\interpreter\linkResolver.cpp, line 774]
Event: 1.898 Thread 0x000001ba41e5b200 Exception <a 'java/lang/NoSuchMethodError'{0x00000000c81e1e60}: 'java.lang.Object java.lang.invoke.DirectMethodHandle$Holder.invokeStaticInit(java.lang.Object, int, java.lang.Object)'> (0x00000000c81e1e60) 
thrown [s\open\src\hotspot\share\interpreter\linkResolver.cpp, line 774]
Event: 1.915 Thread 0x000001ba41e5b200 Exception <a 'sun/nio/fs/WindowsException'{0x00000000c8048a60}> (0x00000000c8048a60) 
thrown [s\open\src\hotspot\share\prims\jni.cpp, line 520]
Event: 1.926 Thread 0x000001ba41e5b200 Exception <a 'jdk/internal/org/jline/terminal/impl/jna/LastErrorException'{0x00000000c7f2c6f0}> (0x00000000c7f2c6f0) 
thrown [s\open\src\hotspot\share\prims\jni.cpp, line 520]
Event: 1.926 Thread 0x000001ba41e5b200 Exception <a 'jdk/internal/org/jline/terminal/impl/jna/LastErrorException'{0x00000000c7f2cdb0}> (0x00000000c7f2cdb0) 
thrown [s\open\src\hotspot\share\prims\jni.cpp, line 520]
Event: 1.926 Thread 0x000001ba41e5b200 Exception <a 'jdk/internal/org/jline/terminal/impl/jna/LastErrorException'{0x00000000c7f2d420}> (0x00000000c7f2d420) 
thrown [s\open\src\hotspot\share\prims\jni.cpp, line 520]
Event: 2.385 Thread 0x000001ba41e5b200 Exception <a 'java/lang/NoSuchMethodError'{0x00000000c7f2e0b0}: 'java.lang.Object java.lang.invoke.DirectMethodHandle$Holder.invokeVirtual(java.lang.Object, java.lang.Object, java.lang.Object)'> (0x00000000c7f2e0b0) 
thrown [s\open\src\hotspot\share\interpreter\linkResolver.cpp, line 774]
Event: 2.394 Thread 0x000001ba461a11c0 Exception <a 'java/lang/NoSuchMethodError'{0x00000000c7f7e948}: 'long java.lang.invoke.DirectMethodHandle$Holder.invokeSpecial(java.lang.Object, java.lang.Object)'> (0x00000000c7f7e948) 
thrown [s\open\src\hotspot\share\interpreter\linkResolver.cpp, line 774]
Event: 2.396 Thread 0x000001ba461a11c0 Exception <a 'java/lang/NoSuchMethodError'{0x00000000c7f88720}: 'long java.lang.invoke.DirectMethodHandle$Holder.invokeStatic(java.lang.Object, java.lang.Object)'> (0x00000000c7f88720) 
thrown [s\open\src\hotspot\share\interpreter\linkResolver.cpp, line 774]
Event: 2.396 Thread 0x000001ba461a11c0 Exception <a 'java/lang/NoSuchMethodError'{0x00000000c7f8b808}: 'long java.lang.invoke.DirectMethodHandle$Holder.invokeStaticInit(java.lang.Object, java.lang.Object)'> (0x00000000c7f8b808) 
thrown [s\open\src\hotspot\share\interpreter\linkResolver.cpp, line 774]
Event: 2.398 Thread 0x000001ba41e5b200 Exception <a 'java/lang/NoSuchMethodError'{0x00000000c7f47ef8}: 'int java.lang.invoke.DirectMethodHandle$Holder.invokeSpecial(java.lang.Object, java.lang.Object, java.lang.Object, java.lang.Object, java.lang.Object)'> (0x00000000c7f47ef8) 
thrown [s\open\src\hotspot\share\interpreter\linkResolver.cpp, line 774]
Event: 2.398 Thread 0x000001ba461a11c0 Exception <a 'java/lang/NoSuchMethodError'{0x00000000c7f97a00}: 'long java.lang.invoke.DirectMethodHandle$Holder.invokeInterface(java.lang.Object, java.lang.Object)'> (0x00000000c7f97a00) 
thrown [s\open\src\hotspot\share\interpreter\linkResolver.cpp, line 774]
Event: 2.398 Thread 0x000001ba461a11c0 Exception <a 'java/lang/IncompatibleClassChangeError'{0x00000000c7f9aa10}: Found class java.lang.Object, but interface was expected> (0x00000000c7f9aa10) 
thrown [s\open\src\hotspot\share\interpreter\linkResolver.cpp, line 841]
Event: 2.406 Thread 0x000001ba461a11c0 Exception <a 'java/lang/NoSuchMethodError'{0x00000000c7fb3a70}: 'java.lang.Object java.lang.invoke.DirectMethodHandle$Holder.invokeVirtual(java.lang.Object, java.lang.Object, java.lang.Object, java.lang.Object)'> (0x00000000c7fb3a70) 
thrown [s\open\src\hotspot\share\interpreter\linkResolver.cpp, line 774]
Event: 2.419 Thread 0x000001ba41e5b200 Exception <a 'java/lang/NoSuchMethodError'{0x00000000c7f50298}: 'void java.lang.invoke.DirectMethodHandle$Holder.invokeVirtual(java.lang.Object, java.lang.Object)'> (0x00000000c7f50298) 
thrown [s\open\src\hotspot\share\interpreter\linkResolver.cpp, line 774]
Event: 2.686 Thread 0x000001ba41e5b200 Exception <a 'java/lang/IncompatibleClassChangeError'{0x00000000c74291b8}: Found class java.lang.Object, but interface was expected> (0x00000000c74291b8) 
thrown [s\open\src\hotspot\share\interpreter\linkResolver.cpp, line 841]

ZGC Phase Switch (0 events):
No events

VM Operations (20 events):
Event: 1.877 Executing VM operation: HandshakeAllThreads (Deoptimize)
Event: 1.877 Executing VM operation: HandshakeAllThreads (Deoptimize) done
Event: 2.006 Executing VM operation: ICBufferFull
Event: 2.007 Executing VM operation: ICBufferFull done
Event: 2.187 Executing VM operation: HandshakeAllThreads (Deoptimize)
Event: 2.187 Executing VM operation: HandshakeAllThreads (Deoptimize) done
Event: 2.286 Executing VM operation: G1CollectForAllocation (G1 Evacuation Pause)
Event: 2.291 Executing VM operation: G1CollectForAllocation (G1 Evacuation Pause) done
Event: 2.309 Executing VM operation: HandshakeAllThreads (Deoptimize)
Event: 2.309 Executing VM operation: HandshakeAllThreads (Deoptimize) done
Event: 2.369 Executing VM operation: HandshakeAllThreads (Deoptimize)
Event: 2.369 Executing VM operation: HandshakeAllThreads (Deoptimize) done
Event: 2.470 Executing VM operation: HandshakeAllThreads (Deoptimize)
Event: 2.471 Executing VM operation: HandshakeAllThreads (Deoptimize) done
Event: 2.532 Executing VM operation: HandshakeAllThreads (Deoptimize)
Event: 2.532 Executing VM operation: HandshakeAllThreads (Deoptimize) done
Event: 2.884 Executing VM operation: ICBufferFull
Event: 2.884 Executing VM operation: ICBufferFull done
Event: 3.076 Executing VM operation: G1CollectForAllocation (G1 Evacuation Pause)
Event: 3.087 Executing VM operation: G1CollectForAllocation (G1 Evacuation Pause) done

Events (18 events):
Event: 0.172 Thread 0x000001ba5f587520 Thread added: 0x000001ba5f587520
Event: 0.218 Thread 0x000001ba4112e520 Thread added: 0x000001ba4112e520
Event: 0.218 Thread 0x000001ba4112f4e0 Thread added: 0x000001ba4112f4e0
Event: 0.218 Thread 0x000001ba41131350 Thread added: 0x000001ba41131350
Event: 0.218 Thread 0x000001ba41131ea0 Thread added: 0x000001ba41131ea0
Event: 0.218 Thread 0x000001ba411329f0 Thread added: 0x000001ba411329f0
Event: 0.218 Thread 0x000001ba41133540 Thread added: 0x000001ba41133540
Event: 0.218 Thread 0x000001ba411343c0 Thread added: 0x000001ba411343c0
Event: 0.226 Thread 0x000001ba4119fcd0 Thread added: 0x000001ba4119fcd0
Event: 0.305 Thread 0x000001ba6181c2e0 Thread added: 0x000001ba6181c2e0
Event: 0.587 Thread 0x000001ba41523c90 Thread added: 0x000001ba41523c90
Event: 0.587 Thread 0x000001ba41618c80 Thread added: 0x000001ba41618c80
Event: 1.243 Thread 0x000001ba41e39520 Thread added: 0x000001ba41e39520
Event: 1.248 Thread 0x000001ba41e5b200 Thread added: 0x000001ba41e5b200
Event: 1.885 Thread 0x000001ba461a11c0 Thread added: 0x000001ba461a11c0
Event: 2.572 Thread 0x000001ba46845130 Thread added: 0x000001ba46845130
Event: 2.578 Thread 0x000001ba461a11c0 Thread exited: 0x000001ba461a11c0
Event: 2.670 Thread 0x000001ba46845130 Thread exited: 0x000001ba46845130


Dynamic libraries:
0x00007ff730cc0000 - 0x00007ff730cd0000 	C:\Program Files\Java\jdk-22\bin\java.exe
0x00007ffaa7a20000 - 0x00007ffaa7c29000 	C:\WINDOWS\SYSTEM32\ntdll.dll
0x00007ffaa6380000 - 0x00007ffaa643d000 	C:\WINDOWS\System32\KERNEL32.DLL
0x00007ffaa54e0000 - 0x00007ffaa5864000 	C:\WINDOWS\System32\KERNELBASE.dll
0x00007ffaa51a0000 - 0x00007ffaa52b1000 	C:\WINDOWS\System32\ucrtbase.dll
0x00007ffa99d00000 - 0x00007ffa99d17000 	C:\Program Files\Java\jdk-22\bin\jli.dll
0x00007ffaa5910000 - 0x00007ffaa59be000 	C:\WINDOWS\System32\ADVAPI32.dll
0x00007ffaa5ce0000 - 0x00007ffaa5d83000 	C:\WINDOWS\System32\msvcrt.dll
0x00007ffaa6f50000 - 0x00007ffaa6fee000 	C:\WINDOWS\System32\sechost.dll
0x00007ffaa59d0000 - 0x00007ffaa5af1000 	C:\WINDOWS\System32\RPCRT4.dll
0x00007ffaa64c0000 - 0x00007ffaa666d000 	C:\WINDOWS\System32\USER32.dll
0x00007ffaa54b0000 - 0x00007ffaa54d6000 	C:\WINDOWS\System32\win32u.dll
0x00007ffaa58e0000 - 0x00007ffaa590a000 	C:\WINDOWS\System32\GDI32.dll
0x00007ffaa5080000 - 0x00007ffaa519e000 	C:\WINDOWS\System32\gdi32full.dll
0x00007ffaa4fe0000 - 0x00007ffaa507d000 	C:\WINDOWS\System32\msvcp_win.dll
0x00007ffa872b0000 - 0x00007ffa87555000 	C:\WINDOWS\WinSxS\amd64_microsoft.windows.common-controls_6595b64144ccf1df_6.0.22000.120_none_9d947278b86cc467\COMCTL32.dll
0x00007ffa9f5a0000 - 0x00007ffa9f5aa000 	C:\WINDOWS\SYSTEM32\VERSION.dll
0x00007ffa91780000 - 0x00007ffa9179b000 	C:\Program Files\Java\jdk-22\bin\VCRUNTIME140.dll
0x00007ffaa6820000 - 0x00007ffaa6851000 	C:\WINDOWS\System32\IMM32.DLL
0x00007ffa9fbe0000 - 0x00007ffa9fbec000 	C:\Program Files\Java\jdk-22\bin\vcruntime140_1.dll
0x00007ffa697e0000 - 0x00007ffa6986e000 	C:\Program Files\Java\jdk-22\bin\msvcp140.dll
0x00007ffa3c070000 - 0x00007ffa3cdb7000 	C:\Program Files\Java\jdk-22\bin\server\jvm.dll
0x00007ffaa69d0000 - 0x00007ffaa6a3f000 	C:\WINDOWS\System32\WS2_32.dll
0x00007ffa9fb00000 - 0x00007ffa9fb33000 	C:\WINDOWS\SYSTEM32\WINMM.dll
0x00007ffaa4d80000 - 0x00007ffaa4dcd000 	C:\WINDOWS\SYSTEM32\POWRPROF.dll
0x00007ffaa4d60000 - 0x00007ffaa4d73000 	C:\WINDOWS\SYSTEM32\UMPDC.dll
0x00007ffaa3f20000 - 0x00007ffaa3f38000 	C:\WINDOWS\SYSTEM32\kernel.appcore.dll
0x00007ffa9fbb0000 - 0x00007ffa9fbba000 	C:\Program Files\Java\jdk-22\bin\jimage.dll
0x00007ffaa28e0000 - 0x00007ffaa2b01000 	C:\WINDOWS\SYSTEM32\DBGHELP.DLL
0x00007ffa83df0000 - 0x00007ffa83e21000 	C:\WINDOWS\SYSTEM32\dbgcore.DLL
0x00007ffaa52c0000 - 0x00007ffaa533f000 	C:\WINDOWS\System32\bcryptPrimitives.dll
0x00007ffa9f870000 - 0x00007ffa9f87f000 	C:\Program Files\Java\jdk-22\bin\instrument.dll
0x00007ffa86000000 - 0x00007ffa8601e000 	C:\Program Files\Java\jdk-22\bin\java.dll
0x00007ffaa7210000 - 0x00007ffaa79d5000 	C:\WINDOWS\System32\SHELL32.dll
0x00007ffaa6680000 - 0x00007ffaa681a000 	C:\WINDOWS\System32\ole32.dll
0x00007ffaa5e10000 - 0x00007ffaa6186000 	C:\WINDOWS\System32\combase.dll
0x00007ffaa2f80000 - 0x00007ffaa37e2000 	C:\WINDOWS\SYSTEM32\windows.storage.dll
0x00007ffaa2e10000 - 0x00007ffaa2f77000 	C:\WINDOWS\SYSTEM32\wintypes.dll
0x00007ffaa7120000 - 0x00007ffaa720a000 	C:\WINDOWS\System32\SHCORE.dll
0x00007ffaa6440000 - 0x00007ffaa649d000 	C:\WINDOWS\System32\shlwapi.dll
0x00007ffaa4de0000 - 0x00007ffaa4e05000 	C:\WINDOWS\SYSTEM32\profapi.dll
0x00007ffa57400000 - 0x00007ffa574d7000 	C:\Program Files\Java\jdk-22\bin\jsvml.dll
0x00007ffa85a70000 - 0x00007ffa85a87000 	C:\Program Files\Java\jdk-22\bin\zip.dll
0x00007ffa8e8f0000 - 0x00007ffa8e900000 	C:\Program Files\Java\jdk-22\bin\net.dll
0x00007ffaa43d0000 - 0x00007ffaa4437000 	C:\WINDOWS\system32\mswsock.dll
0x00007ffa79fa0000 - 0x00007ffa79fb6000 	C:\Program Files\Java\jdk-22\bin\nio.dll
0x00007ffa70330000 - 0x00007ffa7034a000 	C:\Program Files\JetBrains\IntelliJ IDEA Community Edition 2024.1.1\bin\breakgen64.dll
0x00007ffa876d0000 - 0x00007ffa876d9000 	C:\Program Files\Java\jdk-22\bin\extnet.dll
0x00007ffa863e0000 - 0x00007ffa863ea000 	C:\Program Files\Java\jdk-22\bin\management.dll
0x00007ffa838a0000 - 0x00007ffa838ab000 	C:\Program Files\Java\jdk-22\bin\management_ext.dll
0x00007ffaa7110000 - 0x00007ffaa7118000 	C:\WINDOWS\System32\PSAPI.DLL
0x00007ffa836c0000 - 0x00007ffa836cb000 	C:\Program Files\Java\jdk-22\bin\le.dll
0x00007ffa7dbd0000 - 0x00007ffa7dbde000 	C:\Program Files\Java\jdk-22\bin\sunmscapi.dll
0x00007ffaa5340000 - 0x00007ffaa54a2000 	C:\WINDOWS\System32\CRYPT32.dll
0x00007ffaa4760000 - 0x00007ffaa4788000 	C:\WINDOWS\SYSTEM32\ncrypt.dll
0x00007ffaa4720000 - 0x00007ffaa4757000 	C:\WINDOWS\SYSTEM32\NTASN1.dll

dbghelp: loaded successfully - version: 4.0.5 - missing functions: none
symbol engine: initialized successfully - sym options: 0x614 - pdb path: .;C:\Program Files\Java\jdk-22\bin;C:\WINDOWS\SYSTEM32;C:\WINDOWS\WinSxS\amd64_microsoft.windows.common-controls_6595b64144ccf1df_6.0.22000.120_none_9d947278b86cc467;C:\Program Files\Java\jdk-22\bin\server;C:\Program Files\JetBrains\IntelliJ IDEA Community Edition 2024.1.1\bin

VM Arguments:
jvm_args: -javaagent:C:\Program Files\JetBrains\IntelliJ IDEA Community Edition 2024.1.1\lib\idea_rt.jar=54799:C:\Program Files\JetBrains\IntelliJ IDEA Community Edition 2024.1.1\bin -Dfile.encoding=UTF-8 -Dsun.stdout.encoding=UTF-8 -Dsun.stderr.encoding=UTF-8 
java_command: com.example.dinhtrongkhang.DinhtrongkhangApplication
java_class_path (initial): C:\Users\Admin\Downloads\dinhtrongkhang\dinhtrongkhang\target\classes;C:\Users\Admin\.m2\repository\org\springframework\boot\spring-boot-starter-data-jpa\3.3.0\spring-boot-starter-data-jpa-3.3.0.jar;C:\Users\Admin\.m2\repository\org\springframework\boot\spring-boot-starter-aop\3.3.0\spring-boot-starter-aop-3.3.0.jar;C:\Users\Admin\.m2\repository\org\springframework\spring-aop\6.1.8\spring-aop-6.1.8.jar;C:\Users\Admin\.m2\repository\org\aspectj\aspectjweaver\1.9.22\aspectjweaver-1.9.22.jar;C:\Users\Admin\.m2\repository\org\springframework\boot\spring-boot-starter-jdbc\3.3.0\spring-boot-starter-jdbc-3.3.0.jar;C:\Users\Admin\.m2\repository\com\zaxxer\HikariCP\5.1.0\HikariCP-5.1.0.jar;C:\Users\Admin\.m2\repository\org\springframework\spring-jdbc\6.1.8\spring-jdbc-6.1.8.jar;C:\Users\Admin\.m2\repository\org\hibernate\orm\hibernate-core\6.5.2.Final\hibernate-core-6.5.2.Final.jar;C:\Users\Admin\.m2\repository\jakarta\persistence\jakarta.persistence-api\3.1.0\jakarta.persistence-api-3.1.0.jar;C:\Users\Admin\.m2\repository\jakarta\transaction\jakarta.transaction-api\2.0.1\jakarta.transaction-api-2.0.1.jar;C:\Users\Admin\.m2\repository\org\jboss\logging\jboss-logging\3.5.3.Final\jboss-logging-3.5.3.Final.jar;C:\Users\Admin\.m2\repository\org\hibernate\common\hibernate-commons-annotations\6.0.6.Final\hibernate-commons-annotations-6.0.6.Final.jar;C:\Users\Admin\.m2\repository\io\smallrye\jandex\3.1.2\jandex-3.1.2.jar;C:\Users\Admin\.m2\repository\com\fasterxml\classmate\1.7.0\classmate-1.7.0.jar;C:\Users\Admin\.m2\repository\net\bytebuddy\byte-buddy\1.14.16\byte-buddy-1.14.16.jar;C:\Users\Admin\.m2\repository\org\glassfish\jaxb\jaxb-runtime\4.0.5\jaxb-runtime-4.0.5.jar;C:\Users\Admin\.m2\repository\org\glassfish\jaxb\jaxb-core\4.0.5\jaxb-core-4.0.5.jar;C:\Users\Admin\.m2\repository\org\eclipse\angus\angus-activation\2.0.2\angus-activation-2.0.2.jar;C:\Users\Admin\.m2\repository\org\glassfish\jaxb\txw2\4.0.5\txw2-4.0.5.jar;C:\Users\Admin\.m2\repository\com\sun\istack\istack-commons-runtime\4.1.2\istack-commons-runtime-4.1.2.jar;C:\Users\Admin\.m2\repository\jakarta\inject\jakarta.inject-api\2.0.1\jakarta.inject-api-2.0.1.jar;C:\Users\Admin\.m2\repository\org\antlr\antlr4-runtime\4.13.0\antlr4-runtime-4.13.0.jar;C:\Users\Admin\.m2\repository\org\springframework\data\spring-data-jpa\3.3.0\spring-data-jpa-3.3.0.jar;C:\Users\Admin\.m2\repository\org\springframework\data\spring-data-commons\3.3.0\spring-data-commons-3.3.0.jar;C:\Users\Admin\.m2\repository\org\springframework\spring-orm\6.1.8\spring-orm-6.1.8.jar;C:\Users\Admin\.m2\repository\org\springframework\spring-context\6.1.8\spring-context-6.1.8.jar;C:\Users\Admin\.m2\repository\org\springframework\spring-tx\6.1.8\spring-tx-6.1.8.jar;C:\Users\Admin\.m2\repository\org\springframework\spring-beans\6.1.8\spring-beans-6.1.8.jar;C:\Users\Admin\.m2\repository\jakarta\annotation\jakarta.annotation-api\2.1.1\jakarta.annotation-api-2.1.1.jar;C:\Users\Admin\.m2\repository\org\slf4j\slf4j-api\2.0.13\slf4j-api-2.0.13.jar;C:\Users\Admin\.m2\repository\org\springframework\spring-aspects\6.1.8\spring-aspects-6.1.8.jar;C:\Users\Admin\.m2\repository\org\springframework\boot\spring-boot-starter-thymeleaf\3.3.0\spring-boot-starter-thymeleaf-3.3.0.jar;C:\Users\Admin\.m2\repository\org\springframework\boot\spring-boot-starter\3.3.0\spring-boot-starter-3.3.0.jar;C:\Users\Admin\.m2\repository\org\springframework\boot\spring-boot-starter-logging\3.3.0\spring-boot-starter-logging-3.3.0.jar;C:\Users\Admin\.m2\repository\ch\qos\logback\logback-classic\1.5.6\logback-classic-1.5.6.jar;C:\Users\Admin\.m2\repository\ch\qos\logback\logback-core\1.5.6\logback-core-1.5.6.jar;C:\Users\Admin\.m2\repository\org\apache\logging\log4j\log4j-to-slf4j\2.23.1\log4j-to-slf4j-2.23.1.jar;C:\Users\Admin\.m2\repository\org\apache\logging\log4j\log4j-api\2.23.1\log4j-api-2.23.1.jar;C:\Users\Admin\.m2\repository\org\slf4j\jul-to-slf4j\2.0.13\jul-to-slf4j-2.0.13.jar;C:\Users\Admin\.m2\repository\org\yaml\snakeyaml\2.2\snakeyaml-2.2.jar;C:\Users\Admin\.m2\repository\org\thymeleaf\thymeleaf-spring6\3.1.2.RELEASE\thymeleaf-spring6-3.1.2.RELEASE.jar;C:\Users\Admin\.m2\repository\org\thymeleaf\thymeleaf\3.1.2.RELEASE\thymeleaf-3.1.2.RELEASE.jar;C:\Users\Admin\.m2\repository\org\attoparser\attoparser\2.0.7.RELEASE\attoparser-2.0.7.RELEASE.jar;C:\Users\Admin\.m2\repository\org\unbescape\unbescape\1.1.6.RELEASE\unbescape-1.1.6.RELEASE.jar;C:\Users\Admin\.m2\repository\org\springframework\boot\spring-boot-starter-web\3.3.0\spring-boot-starter-web-3.3.0.jar;C:\Users\Admin\.m2\repository\org\springframework\boot\spring-boot-starter-json\3.3.0\spring-boot-starter-json-3.3.0.jar;C:\Users\Admin\.m2\repository\com\fasterxml\jackson\core\jackson-databind\2.17.1\jackson-databind-2.17.1.jar;C:\Users\Admin\.m2\repository\com\fasterxml\jackson\core\jackson-annotations\2.17.1\jackson-annotations-2.17.1.jar;C:\Users\Admin\.m2\repository\com\fasterxml\jackson\core\jackson-core\2.17.1\jackson-core-2.17.1.jar;C:\Users\Admin\.m2\repository\com\fasterxml\jackson\datatype\jackson-datatype-jdk8\2.17.1\jackson-datatype-jdk8-2.17.1.jar;C:\Users\Admin\.m2\repository\com\fasterxml\jackson\datatype\jackson-datatype-jsr310\2.17.1\jackson-datatype-jsr310-2.17.1.jar;C:\Users\Admin\.m2\repository\com\fasterxml\jackson\module\jackson-module-parameter-names\2.17.1\jackson-module-parameter-names-2.17.1.jar;C:\Users\Admin\.m2\repository\org\springframework\boot\spring-boot-starter-tomcat\3.3.0\spring-boot-starter-tomcat-3.3.0.jar;C:\Users\Admin\.m2\repository\org\apache\tomcat\embed\tomcat-embed-core\10.1.24\tomcat-embed-core-10.1.24.jar;C:\Users\Admin\.m2\repository\org\apache\tomcat\embed\tomcat-embed-el\10.1.24\tomcat-embed-el-10.1.24.jar;C:\Users\Admin\.m2\repository\org\apache\tomcat\embed\tomcat-embed-websocket\10.1.24\tomcat-embed-websocket-10.1.24.jar;C:\Users\Admin\.m2\repository\org\springframework\spring-web\6.1.8\spring-web-6.1.8.jar;C:\Users\Admin\.m2\repository\io\micrometer\micrometer-observation\1.13.0\micrometer-observation-1.13.0.jar;C:\Users\Admin\.m2\repository\io\micrometer\micrometer-commons\1.13.0\micrometer-commons-1.13.0.jar;C:\Users\Admin\.m2\repository\org\springframework\spring-webmvc\6.1.8\spring-webmvc-6.1.8.jar;C:\Users\Admin\.m2\repository\org\springframework\spring-expression\6.1.8\spring-expression-6.1.8.jar;C:\Users\Admin\.m2\repository\org\springframework\boot\spring-boot-devtools\3.3.0\spring-boot-devtools-3.3.0.jar;C:\Users\Admin\.m2\repository\org\springframework\boot\spring-boot\3.3.0\spring-boot-3.3.0.jar;C:\Users\Admin\.m2\repository\org\springframework\boot\spring-boot-autoconfigure\3.3.0\spring-boot-autoconfigure-3.3.0.jar;C:\Users\Admin\.m2\repository\com\mysql\mysql-connector-j\8.3.0\mysql-connector-j-8.3.0.jar;C:\Users\Admin\.m2\repository\org\projectlombok\lombok\1.18.32\lombok-1.18.32.jar;C:\Users\Admin\.m2\repository\jakarta\xml\bind\jakarta.xml.bind-api\4.0.2\jakarta.xml.bind-api-4.0.2.jar;C:\Users\Admin\.m2\repository\jakarta\activation\jakarta.activation-api\2.1.3\jakarta.activation-api-2.1.3.jar;C:\Users\Admin\.m2\repository\org\springframework\spring-core\6.1.8\spring-core-6.1.8.jar;C:\Users\Admin\.m2\repository\org\springframework\spring-jcl\6.1.8\spring-jcl-6.1.8.jar;C:\Users\Admin\.m2\repository\org\jetbrains\annotations\24.1.0\annotations-24.1.0.jar
Launcher Type: SUN_STANDARD

[Global flags]
     intx CICompilerCount                          = 3                                         {product} {ergonomic}
     uint ConcGCThreads                            = 1                                         {product} {ergonomic}
     uint G1ConcRefinementThreads                  = 4                                         {product} {ergonomic}
   size_t G1HeapRegionSize                         = 1048576                                   {product} {ergonomic}
   size_t InitialHeapSize                          = 62914560                                  {product} {ergonomic}
   size_t MarkStackSize                            = 4194304                                   {product} {ergonomic}
   size_t MaxHeapSize                              = 994050048                                 {product} {ergonomic}
   size_t MaxNewSize                               = 595591168                                 {product} {ergonomic}
   size_t MinHeapDeltaBytes                        = 1048576                                   {product} {ergonomic}
   size_t MinHeapSize                              = 8388608                                   {product} {ergonomic}
    uintx NonNMethodCodeHeapSize                   = 5832780                                {pd product} {ergonomic}
    uintx NonProfiledCodeHeapSize                  = 122912730                              {pd product} {ergonomic}
    uintx ProfiledCodeHeapSize                     = 122912730                              {pd product} {ergonomic}
    uintx ReservedCodeCacheSize                    = 251658240                              {pd product} {ergonomic}
     bool SegmentedCodeCache                       = true                                      {product} {ergonomic}
   size_t SoftMaxHeapSize                          = 994050048                              {manageable} {ergonomic}
     bool UseCompressedOops                        = true                           {product lp64_product} {ergonomic}
     bool UseG1GC                                  = true                                      {product} {ergonomic}
     bool UseLargePagesIndividualAllocation        = false                                  {pd product} {ergonomic}

Logging:
Log output configuration:
 #0: stdout all=warning uptime,level,tags foldmultilines=false
 #1: stderr all=off uptime,level,tags foldmultilines=false

Environment Variables:
PATH=C:\ProgramData\Oracle\Java\javapath;C:\Program Files\Common Files\Oracle\Java\javapath;C:\Program Files\Eclipse Adoptium\jdk-17.0.4.8-hotspot\bin;C:\WINDOWS\system32;C:\WINDOWS;C:\WINDOWS\System32\Wbem;C:\WINDOWS\System32\WindowsPowerShell\v1.0\;C:\WINDOWS\System32\OpenSSH\;c:\altera\91sp2\quartus\bin;C:\MinGW\bin;C:\Program Files\Microsoft SQL Server\Client SDK\ODBC\170\Tools\Binn\;C:\Program Files (x86)\Microsoft SQL Server\150\Tools\Binn\;C:\Program Files\Microsoft SQL Server\150\Tools\Binn\;C:\Program Files\Microsoft SQL Server\150\DTS\Binn\;C:\Program Files (x86)\Microsoft SQL Server\150\DTS\Binn\;C:\Program Files\Git\cmd;C:\Program Files\Cloudflare\Cloudflare WARP\;C:\Program Files\dotnet\;C:\Program Files\HP\HP One Agent;C:\Program Files (x86)\Git\cmd;C:\Users\Admin\AppData\Local\Microsoft\WindowsApps;C:\Users\Admin\.dotnet\tools;C:\Program Files\Azure Data Studio\bin
USERNAME=DinhTrongKhang
OS=Windows_NT
PROCESSOR_IDENTIFIER=Intel64 Family 6 Model 126 Stepping 5, GenuineIntel
TMP=C:\Users\Admin\AppData\Local\Temp
TEMP=C:\Users\Admin\AppData\Local\Temp




Periodic native trim disabled

---------------  S Y S T E M  ---------------

OS:
 Windows 11 , 64 bit Build 22000 (10.0.22000.2538)
OS uptime: 0 days 1:41 hours

CPU: total 4 (initial active 4) (2 cores per cpu, 2 threads per core) family 6 model 126 stepping 5 microcode 0xa0, cx8, cmov, fxsr, ht, mmx, 3dnowpref, sse, sse2, sse3, ssse3, sse4.1, sse4.2, popcnt, lzcnt, tsc, tscinvbit, avx, avx2, aes, erms, clmul, bmi1, bmi2, adx, avx512f, avx512dq, avx512cd, avx512bw, avx512vl, sha, fma, vzeroupper, avx512_vpopcntdq, avx512_vpclmulqdq, avx512_vaes, avx512_vnni, clflush, clflushopt, avx512_vbmi2, avx512_vbmi, rdtscp, rdpid, fsrm, gfni, avx512_bitalg, f16c, pku, avx512_ifma
Processor Information for all 4 processors :
  Max Mhz: 1190, Current Mhz: 1190, Mhz Limit: 1190

Memory: 4k page, system-wide physical 3784M (195M free)
TotalPageFile size 11976M (AvailPageFile size 15M)
current process WorkingSet (physical memory assigned to process): 125M, peak: 136M
current process commit charge ("private bytes"): 164M, peak: 177M

vm_info: Java HotSpot(TM) 64-Bit Server VM (22.0.1+8-16) for windows-amd64 JRE (22.0.1+8-16), built on 2024-03-12T10:33:16Z by "mach5one" with MS VC++ 17.6 (VS2022)

END.
