#
# There is insufficient memory for the Java Runtime Environment to continue.
# Native memory allocation (malloc) failed to allocate 98416 bytes. Error detail: Chunk::new
# Possible reasons:
#   The system is out of physical RAM or swap space
#   This process is running with CompressedOops enabled, and the Java Heap may be blocking the growth of the native heap
# Possible solutions:
#   Reduce memory load on the system
#   Increase physical memory or swap space
#   Check if swap backing store is full
#   Decrease Java heap size (-Xmx/-Xms)
#   Decrease number of Java threads
#   Decrease Java thread stack sizes (-Xss)
#   Set larger code cache with -XX:ReservedCodeCacheSize=
#   JVM is running with Unscaled Compressed Oops mode in which the Java heap is
#     placed in the first 4GB address space. The Java Heap base address is the
#     maximum limit for the native heap growth. Please use -XX:HeapBaseMinAddress
#     to set the Java Heap base and to place the Java Heap above 4GB virtual address.
# This output file may be truncated or incomplete.
#
#  Out of Memory Error (arena.cpp:150), pid=27316, tid=22032
#
# JRE version: Java(TM) SE Runtime Environment (22.0.1+8) (build 22.0.1+8-16)
# Java VM: Java HotSpot(TM) 64-Bit Server VM (22.0.1+8-16, mixed mode, sharing, tiered, compressed oops, compressed class ptrs, g1 gc, windows-amd64)
# No core dump will be written. Minidumps are not enabled by default on client versions of Windows
#

---------------  S U M M A R Y ------------

Command Line: -javaagent:C:\Program Files\JetBrains\IntelliJ IDEA Community Edition 2024.1.1\lib\idea_rt.jar=54775:C:\Program Files\JetBrains\IntelliJ IDEA Community Edition 2024.1.1\bin -Dfile.encoding=UTF-8 -Dsun.stdout.encoding=UTF-8 -Dsun.stderr.encoding=UTF-8 com.example.dinhtrongkhang.DinhtrongkhangApplication

Host: Intel(R) Core(TM) i3-1005G1 CPU @ 1.20GHz, 4 cores, 3G,  Windows 11 , 64 bit Build 22000 (10.0.22000.2538)
Time: Mon Jun 10 15:46:13 2024 SE Asia Standard Time elapsed time: 27.427610 seconds (0d 0h 0m 27s)

---------------  T H R E A D  ---------------

Current thread (0x00000148973bbb70):  JavaThread "C2 CompilerThread0" daemon [_thread_in_native, id=22032, stack(0x0000001d6da00000,0x0000001d6db00000) (1024K)]


Current CompileTask:
C2:27427 5977       4       java.util.HashSet::contains (9 bytes)

Stack: [0x0000001d6da00000,0x0000001d6db00000]
Native frames: (J=compiled Java code, j=interpreted, Vv=VM code, C=native code)
V  [jvm.dll+0x6e2279]  (no source info available)
V  [jvm.dll+0x874e33]  (no source info available)
V  [jvm.dll+0x87725e]  (no source info available)
V  [jvm.dll+0x877933]  (no source info available)
V  [jvm.dll+0x27fd76]  (no source info available)
V  [jvm.dll+0xc3d0f]  (no source info available)
V  [jvm.dll+0xc3f6b]  (no source info available)
V  [jvm.dll+0x3bb0d2]  (no source info available)
V  [jvm.dll+0x387b6b]  (no source info available)
V  [jvm.dll+0x386fda]  (no source info available)
V  [jvm.dll+0x247918]  (no source info available)
V  [jvm.dll+0x246fbf]  (no source info available)
V  [jvm.dll+0x1c4e90]  (no source info available)
V  [jvm.dll+0x2569fe]  (no source info available)
V  [jvm.dll+0x254cba]  (no source info available)
V  [jvm.dll+0x3f5336]  (no source info available)
V  [jvm.dll+0x81d44b]  (no source info available)
V  [jvm.dll+0x6e0915]  (no source info available)
C  [ucrtbase.dll+0x26c0c]  (no source info available)
C  [KERNEL32.DLL+0x153e0]  (no source info available)
C  [ntdll.dll+0x485b]  (no source info available)


---------------  P R O C E S S  ---------------

Threads class SMR info:
_java_thread_list=0x00000148e0428f90, length=31, elements={
0x00000148973af710, 0x00000148973b2e30, 0x00000148973b4de0, 0x00000148973b5f40,
0x00000148973b6c40, 0x00000148973b78c0, 0x00000148973bbb70, 0x00000148973d0cc0,
0x00000148975cd860, 0x00000148977f0ea0, 0x00000148978eb780, 0x00000148dfbce890,
0x00000148dfcc3660, 0x00000148de76f6c0, 0x00000148de8c4570, 0x00000148de8c4c00,
0x00000148de8c7360, 0x00000148de8c79f0, 0x00000148de8c6640, 0x00000148de8c5290,
0x00000148de8c5920, 0x00000148de8c6cd0, 0x00000148de8c5fb0, 0x00000148dfaca7b0,
0x00000148dfacae40, 0x00000148dfac3eb0, 0x00000148dfac7330, 0x00000148dfac6ca0,
0x00000148dfac5260, 0x00000148dfacb4d0, 0x00000148dfac4540
}

Java Threads: ( => current thread )
  0x00000148973af710 JavaThread "Reference Handler"          daemon [_thread_blocked, id=27944, stack(0x0000001d6d400000,0x0000001d6d500000) (1024K)]
  0x00000148973b2e30 JavaThread "Finalizer"                  daemon [_thread_blocked, id=27948, stack(0x0000001d6d500000,0x0000001d6d600000) (1024K)]
  0x00000148973b4de0 JavaThread "Signal Dispatcher"          daemon [_thread_blocked, id=27960, stack(0x0000001d6d600000,0x0000001d6d700000) (1024K)]
  0x00000148973b5f40 JavaThread "Attach Listener"            daemon [_thread_blocked, id=27964, stack(0x0000001d6d700000,0x0000001d6d800000) (1024K)]
  0x00000148973b6c40 JavaThread "Service Thread"             daemon [_thread_blocked, id=27976, stack(0x0000001d6d800000,0x0000001d6d900000) (1024K)]
  0x00000148973b78c0 JavaThread "Monitor Deflation Thread"   daemon [_thread_blocked, id=27980, stack(0x0000001d6d900000,0x0000001d6da00000) (1024K)]
=>0x00000148973bbb70 JavaThread "C2 CompilerThread0"         daemon [_thread_in_native, id=22032, stack(0x0000001d6da00000,0x0000001d6db00000) (1024K)]
  0x00000148973d0cc0 JavaThread "C1 CompilerThread0"         daemon [_thread_blocked, id=27588, stack(0x0000001d6db00000,0x0000001d6dc00000) (1024K)]
  0x00000148975cd860 JavaThread "Common-Cleaner"             daemon [_thread_blocked, id=27320, stack(0x0000001d6dc00000,0x0000001d6dd00000) (1024K)]
  0x00000148977f0ea0 JavaThread "Monitor Ctrl-Break"         daemon [_thread_in_native, id=22436, stack(0x0000001d6dd00000,0x0000001d6de00000) (1024K)]
  0x00000148978eb780 JavaThread "Notification Thread"        daemon [_thread_blocked, id=24756, stack(0x0000001d6de00000,0x0000001d6df00000) (1024K)]
  0x00000148dfbce890 JavaThread "Catalina-utility-1"                [_thread_blocked, id=24404, stack(0x0000001d6e400000,0x0000001d6e500000) (1024K)]
  0x00000148dfcc3660 JavaThread "http-nio-8080-exec-1"       daemon [_thread_blocked, id=22284, stack(0x0000001d6e500000,0x0000001d6e600000) (1024K)]
  0x00000148de76f6c0 JavaThread "http-nio-8080-exec-2"       daemon [_thread_blocked, id=25092, stack(0x0000001d6e600000,0x0000001d6e700000) (1024K)]
  0x00000148de8c4570 JavaThread "http-nio-8080-exec-3"       daemon [_thread_blocked, id=21304, stack(0x0000001d6e700000,0x0000001d6e800000) (1024K)]
  0x00000148de8c4c00 JavaThread "http-nio-8080-exec-4"       daemon [_thread_blocked, id=28224, stack(0x0000001d6e800000,0x0000001d6e900000) (1024K)]
  0x00000148de8c7360 JavaThread "http-nio-8080-exec-5"       daemon [_thread_blocked, id=17760, stack(0x0000001d6e900000,0x0000001d6ea00000) (1024K)]
  0x00000148de8c79f0 JavaThread "http-nio-8080-exec-6"       daemon [_thread_blocked, id=26928, stack(0x0000001d6ea00000,0x0000001d6eb00000) (1024K)]
  0x00000148de8c6640 JavaThread "http-nio-8080-exec-7"       daemon [_thread_blocked, id=26500, stack(0x0000001d6eb00000,0x0000001d6ec00000) (1024K)]
  0x00000148de8c5290 JavaThread "http-nio-8080-exec-8"       daemon [_thread_blocked, id=3460, stack(0x0000001d6ec00000,0x0000001d6ed00000) (1024K)]
  0x00000148de8c5920 JavaThread "http-nio-8080-exec-9"       daemon [_thread_blocked, id=22272, stack(0x0000001d6ed00000,0x0000001d6ee00000) (1024K)]
  0x00000148de8c6cd0 JavaThread "http-nio-8080-exec-10"      daemon [_thread_blocked, id=12024, stack(0x0000001d6ee00000,0x0000001d6ef00000) (1024K)]
  0x00000148de8c5fb0 JavaThread "Catalina-utility-2"                [_thread_blocked, id=26740, stack(0x0000001d6ef00000,0x0000001d6f000000) (1024K)]
  0x00000148dfaca7b0 JavaThread "container-0"                       [_thread_blocked, id=27252, stack(0x0000001d6f000000,0x0000001d6f100000) (1024K)]
  0x00000148dfacae40 JavaThread "mysql-cj-abandoned-connection-cleanup" daemon [_thread_blocked, id=25312, stack(0x0000001d6f100000,0x0000001d6f200000) (1024K)]
  0x00000148dfac3eb0 JavaThread "HikariPool-1 housekeeper"   daemon [_thread_blocked, id=26424, stack(0x0000001d6f300000,0x0000001d6f400000) (1024K)]
  0x00000148dfac7330 JavaThread "File Watcher"               daemon [_thread_blocked, id=14308, stack(0x0000001d6f400000,0x0000001d6f500000) (1024K)]
  0x00000148dfac6ca0 JavaThread "Live Reload Server"         daemon [_thread_in_native, id=11180, stack(0x0000001d6f600000,0x0000001d6f700000) (1024K)]
  0x00000148dfac5260 JavaThread "http-nio-8080-Poller"       daemon [_thread_in_native, id=26992, stack(0x0000001d6f500000,0x0000001d6f600000) (1024K)]
  0x00000148dfacb4d0 JavaThread "http-nio-8080-Acceptor"     daemon [_thread_in_native, id=20924, stack(0x0000001d6f700000,0x0000001d6f800000) (1024K)]
  0x00000148dfac4540 JavaThread "DestroyJavaVM"                     [_thread_blocked, id=27928, stack(0x0000001d6cc00000,0x0000001d6cd00000) (1024K)]
Total: 31

Other Threads:
  0x00000148fbcd4780 VMThread "VM Thread"                           [id=27940, stack(0x0000001d6d300000,0x0000001d6d400000) (1024K)]
  0x000001489739c780 WatcherThread "VM Periodic Task Thread"        [id=27904, stack(0x0000001d6d200000,0x0000001d6d300000) (1024K)]
  0x00000148fbc49aa0 WorkerThread "GC Thread#0"                     [id=27144, stack(0x0000001d6cd00000,0x0000001d6ce00000) (1024K)]
  0x00000148dd456130 WorkerThread "GC Thread#1"                     [id=23828, stack(0x0000001d6df00000,0x0000001d6e000000) (1024K)]
  0x00000148dd6140e0 WorkerThread "GC Thread#2"                     [id=21020, stack(0x0000001d6e000000,0x0000001d6e100000) (1024K)]
  0x00000148dd79df50 WorkerThread "GC Thread#3"                     [id=27480, stack(0x0000001d6e100000,0x0000001d6e200000) (1024K)]
  0x00000148fbc52110 ConcurrentGCThread "G1 Main Marker"            [id=27136, stack(0x0000001d6ce00000,0x0000001d6cf00000) (1024K)]
  0x00000148fbc52c20 WorkerThread "G1 Conc#0"                       [id=25772, stack(0x0000001d6cf00000,0x0000001d6d000000) (1024K)]
  0x00000148fbca9c20 ConcurrentGCThread "G1 Refine#0"               [id=13676, stack(0x0000001d6d000000,0x0000001d6d100000) (1024K)]
  0x00000148fbcaa7a0 ConcurrentGCThread "G1 Service"                [id=23420, stack(0x0000001d6d100000,0x0000001d6d200000) (1024K)]
Total: 10

Threads with active compile tasks:
C2 CompilerThread0  27534 5977       4       java.util.HashSet::contains (9 bytes)
Total: 1

VM state: not at safepoint (normal execution)

VM Mutex/Monitor currently owned by a thread: None

Heap address: 0x00000000c4c00000, size: 948 MB, Compressed Oops mode: 32-bit

CDS archive(s) mapped at: [0x0000014898000000-0x0000014898c60000-0x0000014898c60000), size 12976128, SharedBaseAddress: 0x0000014898000000, ArchiveRelocationMode: 1.
Compressed class space mapped at: 0x0000014899000000-0x00000148d9000000, reserved size: 1073741824
Narrow klass base: 0x0000014898000000, Narrow klass shift: 0, Narrow klass range: 0x41000000

GC Precious Log:
 CardTable entry size: 512
 Card Set container configuration: InlinePtr #cards 5 size 8 Array Of Cards #cards 12 size 40 Howl #buckets 4 coarsen threshold 1843 Howl Bitmap #cards 512 size 80 coarsen threshold 460 Card regions per heap region 1 cards per card region 2048
 CPUs: 4 total, 4 available
 Memory: 3784M
 Large Page Support: Disabled
 NUMA Support: Disabled
 Compressed Oops: Enabled (32-bit)
 Heap Region Size: 1M
 Heap Min Capacity: 8M
 Heap Initial Capacity: 60M
 Heap Max Capacity: 948M
 Pre-touch: Disabled
 Parallel Workers: 4
 Concurrent Workers: 1
 Concurrent Refinement Workers: 4
 Periodic GC: Disabled

Heap:
 garbage-first heap   total reserved 970752K, committed 49152K, used 37121K [0x00000000c4c00000, 0x0000000100000000)
  region size 1024K, 13 young (13312K), 3 survivors (3072K)
 Metaspace       used 65440K, committed 66176K, reserved 1114112K
  class space    used 8933K, committed 9280K, reserved 1048576K

Heap Regions: E=young(eden), S=young(survivor), O=old, HS=humongous(starts), HC=humongous(continues), CS=collection set, F=free, TAMS=top-at-mark-start, PB=parsable bottom
|   0|0x00000000c4c00000, 0x00000000c4d00000, 0x00000000c4d00000|100%|HS|  |TAMS 0x00000000c4c00000| PB 0x00000000c4c00000| Complete |  0
|   1|0x00000000c4d00000, 0x00000000c4e00000, 0x00000000c4e00000|100%| O|  |TAMS 0x00000000c4d00000| PB 0x00000000c4d00000| Untracked |  0
|   2|0x00000000c4e00000, 0x00000000c4f00000, 0x00000000c4f00000|100%| O|  |TAMS 0x00000000c4e00000| PB 0x00000000c4e00000| Untracked |  0
|   3|0x00000000c4f00000, 0x00000000c5000000, 0x00000000c5000000|100%| O|  |TAMS 0x00000000c4f00000| PB 0x00000000c4f00000| Untracked |  0
|   4|0x00000000c5000000, 0x00000000c5100000, 0x00000000c5100000|100%| O|  |TAMS 0x00000000c5000000| PB 0x00000000c5000000| Untracked |  0
|   5|0x00000000c5100000, 0x00000000c5200000, 0x00000000c5200000|100%| O|  |TAMS 0x00000000c5100000| PB 0x00000000c5100000| Untracked |  0
|   6|0x00000000c5200000, 0x00000000c5300000, 0x00000000c5300000|100%| O|  |TAMS 0x00000000c5200000| PB 0x00000000c5200000| Untracked |  0
|   7|0x00000000c5300000, 0x00000000c5400000, 0x00000000c5400000|100%| O|  |TAMS 0x00000000c5300000| PB 0x00000000c5300000| Untracked |  0
|   8|0x00000000c5400000, 0x00000000c5500000, 0x00000000c5500000|100%| O|  |TAMS 0x00000000c5400000| PB 0x00000000c5400000| Untracked |  0
|   9|0x00000000c5500000, 0x00000000c5600000, 0x00000000c5600000|100%| O|  |TAMS 0x00000000c5500000| PB 0x00000000c5500000| Untracked |  0
|  10|0x00000000c5600000, 0x00000000c5700000, 0x00000000c5700000|100%| O|  |TAMS 0x00000000c5600000| PB 0x00000000c5600000| Untracked |  0
|  11|0x00000000c5700000, 0x00000000c5800000, 0x00000000c5800000|100%| O|  |TAMS 0x00000000c5700000| PB 0x00000000c5700000| Untracked |  0
|  12|0x00000000c5800000, 0x00000000c5900000, 0x00000000c5900000|100%| O|  |TAMS 0x00000000c5800000| PB 0x00000000c5800000| Untracked |  0
|  13|0x00000000c5900000, 0x00000000c5a00000, 0x00000000c5a00000|100%| O|  |TAMS 0x00000000c5900000| PB 0x00000000c5900000| Untracked |  0
|  14|0x00000000c5a00000, 0x00000000c5b00000, 0x00000000c5b00000|100%| O|  |TAMS 0x00000000c5a00000| PB 0x00000000c5a00000| Untracked |  0
|  15|0x00000000c5b00000, 0x00000000c5c00000, 0x00000000c5c00000|100%| O|  |TAMS 0x00000000c5b00000| PB 0x00000000c5b00000| Untracked |  0
|  16|0x00000000c5c00000, 0x00000000c5d00000, 0x00000000c5d00000|100%| O|  |TAMS 0x00000000c5c00000| PB 0x00000000c5c00000| Untracked |  0
|  17|0x00000000c5d00000, 0x00000000c5e00000, 0x00000000c5e00000|100%| O|  |TAMS 0x00000000c5d00000| PB 0x00000000c5d00000| Untracked |  0
|  18|0x00000000c5e00000, 0x00000000c5f00000, 0x00000000c5f00000|100%| O|  |TAMS 0x00000000c5e00000| PB 0x00000000c5e00000| Untracked |  0
|  19|0x00000000c5f00000, 0x00000000c6000000, 0x00000000c6000000|100%| O|  |TAMS 0x00000000c5f00000| PB 0x00000000c5f00000| Untracked |  0
|  20|0x00000000c6000000, 0x00000000c6100000, 0x00000000c6100000|100%| O|  |TAMS 0x00000000c6000000| PB 0x00000000c6000000| Untracked |  0
|  21|0x00000000c6100000, 0x00000000c6200000, 0x00000000c6200000|100%| O|  |TAMS 0x00000000c6100000| PB 0x00000000c6100000| Untracked |  0
|  22|0x00000000c6200000, 0x00000000c6300000, 0x00000000c6300000|100%| O|  |TAMS 0x00000000c6200000| PB 0x00000000c6200000| Untracked |  0
|  23|0x00000000c6300000, 0x00000000c6400000, 0x00000000c6400000|100%| O|  |TAMS 0x00000000c6300000| PB 0x00000000c6300000| Untracked |  0
|  24|0x00000000c6400000, 0x00000000c6400000, 0x00000000c6500000|  0%| F|  |TAMS 0x00000000c6400000| PB 0x00000000c6400000| Untracked |  0
|  25|0x00000000c6500000, 0x00000000c6500000, 0x00000000c6600000|  0%| F|  |TAMS 0x00000000c6500000| PB 0x00000000c6500000| Untracked |  0
|  26|0x00000000c6600000, 0x00000000c6600000, 0x00000000c6700000|  0%| F|  |TAMS 0x00000000c6600000| PB 0x00000000c6600000| Untracked |  0
|  27|0x00000000c6700000, 0x00000000c6700000, 0x00000000c6800000|  0%| F|  |TAMS 0x00000000c6700000| PB 0x00000000c6700000| Untracked |  0
|  28|0x00000000c6800000, 0x00000000c6900000, 0x00000000c6900000|100%| O|  |TAMS 0x00000000c6800000| PB 0x00000000c6800000| Untracked |  0
|  29|0x00000000c6900000, 0x00000000c691f230, 0x00000000c6a00000| 12%| O|  |TAMS 0x00000000c6900000| PB 0x00000000c6900000| Untracked |  0
|  30|0x00000000c6a00000, 0x00000000c6b00000, 0x00000000c6b00000|100%| S|CS|TAMS 0x00000000c6a00000| PB 0x00000000c6a00000| Complete |  0
|  31|0x00000000c6b00000, 0x00000000c6c00000, 0x00000000c6c00000|100%| S|CS|TAMS 0x00000000c6b00000| PB 0x00000000c6b00000| Complete |  0
|  32|0x00000000c6c00000, 0x00000000c6c00000, 0x00000000c6d00000|  0%| F|  |TAMS 0x00000000c6c00000| PB 0x00000000c6c00000| Untracked |  0
|  33|0x00000000c6d00000, 0x00000000c6d00000, 0x00000000c6e00000|  0%| F|  |TAMS 0x00000000c6d00000| PB 0x00000000c6d00000| Untracked |  0
|  34|0x00000000c6e00000, 0x00000000c6e00000, 0x00000000c6f00000|  0%| F|  |TAMS 0x00000000c6e00000| PB 0x00000000c6e00000| Untracked |  0
|  35|0x00000000c6f00000, 0x00000000c6f00000, 0x00000000c7000000|  0%| F|  |TAMS 0x00000000c6f00000| PB 0x00000000c6f00000| Untracked |  0
|  36|0x00000000c7000000, 0x00000000c7000000, 0x00000000c7100000|  0%| F|  |TAMS 0x00000000c7000000| PB 0x00000000c7000000| Untracked |  0
|  37|0x00000000c7100000, 0x00000000c7200000, 0x00000000c7200000|100%| E|  |TAMS 0x00000000c7100000| PB 0x00000000c7100000| Complete |  0
|  38|0x00000000c7200000, 0x00000000c7300000, 0x00000000c7300000|100%| E|CS|TAMS 0x00000000c7200000| PB 0x00000000c7200000| Complete |  0
|  39|0x00000000c7300000, 0x00000000c7400000, 0x00000000c7400000|100%| E|CS|TAMS 0x00000000c7300000| PB 0x00000000c7300000| Complete |  0
|  40|0x00000000c7400000, 0x00000000c7500000, 0x00000000c7500000|100%| E|CS|TAMS 0x00000000c7400000| PB 0x00000000c7400000| Complete |  0
|  41|0x00000000c7500000, 0x00000000c7600000, 0x00000000c7600000|100%| E|CS|TAMS 0x00000000c7500000| PB 0x00000000c7500000| Complete |  0
|  42|0x00000000c7600000, 0x00000000c7700000, 0x00000000c7700000|100%| E|CS|TAMS 0x00000000c7600000| PB 0x00000000c7600000| Complete |  0
|  43|0x00000000c7700000, 0x00000000c7800000, 0x00000000c7800000|100%| E|CS|TAMS 0x00000000c7700000| PB 0x00000000c7700000| Complete |  0
|  44|0x00000000c7800000, 0x00000000c7900000, 0x00000000c7900000|100%| E|CS|TAMS 0x00000000c7800000| PB 0x00000000c7800000| Complete |  0
|  45|0x00000000c7900000, 0x00000000c7a00000, 0x00000000c7a00000|100%| E|CS|TAMS 0x00000000c7900000| PB 0x00000000c7900000| Complete |  0
|  46|0x00000000c7a00000, 0x00000000c7a214c0, 0x00000000c7b00000| 13%| S|CS|TAMS 0x00000000c7a00000| PB 0x00000000c7a00000| Complete |  0
|  55|0x00000000c8300000, 0x00000000c8400000, 0x00000000c8400000|100%| E|CS|TAMS 0x00000000c8300000| PB 0x00000000c8300000| Complete |  0

Card table byte_map: [0x00000148fbec0000,0x00000148fc0a0000] _byte_map_base: 0x00000148fb89a000

Marking Bits: (CMBitMap*) 0x00000148fbc4a1b0
 Bits: [0x00000148fc0a0000, 0x00000148fcf70000)

Polling page: 0x00000148f9b90000

Metaspace:

Usage:
  Non-class:     55.18 MB used.
      Class:      8.72 MB used.
       Both:     63.91 MB used.

Virtual space:
  Non-class space:       64.00 MB reserved,      55.56 MB ( 87%) committed,  1 nodes.
      Class space:        1.00 GB reserved,       9.06 MB ( <1%) committed,  1 nodes.
             Both:        1.06 GB reserved,      64.62 MB (  6%) committed. 

Chunk freelists:
   Non-Class:  8.19 MB
       Class:  6.98 MB
        Both:  15.16 MB

MaxMetaspaceSize: unlimited
CompressedClassSpaceSize: 1.00 GB
Initial GC threshold: 21.00 MB
Current GC threshold: 98.12 MB
CDS: on
 - commit_granule_bytes: 65536.
 - commit_granule_words: 8192.
 - virtual_space_node_default_size: 8388608.
 - enlarge_chunks_in_place: 1.
 - use_allocation_guard: 0.


Internal statistics:

num_allocs_failed_limit: 9.
num_arena_births: 952.
num_arena_deaths: 0.
num_vsnodes_births: 2.
num_vsnodes_deaths: 0.
num_space_committed: 1034.
num_space_uncommitted: 0.
num_chunks_returned_to_freelist: 9.
num_chunks_taken_from_freelist: 3228.
num_chunk_merges: 9.
num_chunk_splits: 2279.
num_chunks_enlarged: 1719.
num_inconsistent_stats: 0.

CodeHeap 'non-profiled nmethods': size=120000Kb used=3171Kb max_used=3171Kb free=116828Kb
 bounds [0x000001488fd50000, 0x0000014890070000, 0x0000014897280000]
CodeHeap 'profiled nmethods': size=120000Kb used=10239Kb max_used=10239Kb free=109760Kb
 bounds [0x0000014888280000, 0x0000014888c90000, 0x000001488f7b0000]
CodeHeap 'non-nmethods': size=5760Kb used=1959Kb max_used=2009Kb free=3800Kb
 bounds [0x000001488f7b0000, 0x000001488fa20000, 0x000001488fd50000]
 total_blobs=6115 nmethods=5359 adapters=660
 compilation: enabled
              stopped_count=0, restarted_count=0
 full_count=0

Compilation events (20 events):
Event: 19.620 Thread 0x00000148973bbb70 nmethod 5860 0x000001488fe57210 code [0x000001488fe573a0, 0x000001488fe57450]
Event: 19.909 Thread 0x00000148973d0cc0 5966       3       org.springframework.boot.devtools.filewatch.FileSnapshot::hashCode (49 bytes)
Event: 19.909 Thread 0x00000148973d0cc0 nmethod 5966 0x0000014888c7c990 code [0x0000014888c7cb80, 0x0000014888c7cf70]
Event: 19.910 Thread 0x00000148973bbb70 5967   !   4       java.io.WinNTFileSystem::getBooleanAttributes (27 bytes)
Event: 19.912 Thread 0x00000148973bbb70 nmethod 5967 0x0000014890067d90 code [0x0000014890067f20, 0x0000014890068048]
Event: 20.941 Thread 0x00000148973d0cc0 5968       3       java.io.File::<init> (78 bytes)
Event: 20.941 Thread 0x00000148973d0cc0 nmethod 5968 0x0000014888c7d190 code [0x0000014888c7d340, 0x0000014888c7d5c0]
Event: 20.942 Thread 0x00000148973bbb70 5969       4       java.lang.Long::hashCode (8 bytes)
Event: 20.943 Thread 0x00000148973bbb70 nmethod 5969 0x0000014890068190 code [0x0000014890068300, 0x0000014890068378]
Event: 21.462 Thread 0x00000148973d0cc0 5970       3       org.springframework.boot.devtools.filewatch.FileSnapshot::equals (110 bytes)
Event: 21.463 Thread 0x00000148973d0cc0 nmethod 5970 0x0000014888c7d710 code [0x0000014888c7d940, 0x0000014888c7e370]
Event: 22.073 Thread 0x00000148973d0cc0 5971       3       java.io.File::length (33 bytes)
Event: 22.074 Thread 0x00000148973d0cc0 nmethod 5971 0x0000014888c7e610 code [0x0000014888c7e7e0, 0x0000014888c7eab0]
Event: 22.074 Thread 0x00000148973d0cc0 5972   !   3       java.io.WinNTFileSystem::getLength (27 bytes)
Event: 22.074 Thread 0x00000148973d0cc0 nmethod 5972 0x0000014888c7ec10 code [0x0000014888c7ede0, 0x0000014888c7f000]
Event: 22.090 Thread 0x00000148973d0cc0 5974       3       org.springframework.boot.devtools.filewatch.FileSnapshot::<init> (64 bytes)
Event: 22.091 Thread 0x00000148973d0cc0 nmethod 5974 0x0000014888c7f190 code [0x0000014888c7f4e0, 0x0000014888c80788]
Event: 24.251 Thread 0x00000148973d0cc0 5976   !   3       java.io.WinNTFileSystem::getLastModifiedTime (27 bytes)
Event: 24.251 Thread 0x00000148973d0cc0 nmethod 5976 0x0000014888c80d10 code [0x0000014888c80ee0, 0x0000014888c81100]
Event: 27.415 Thread 0x00000148973bbb70 5977       4       java.util.HashSet::contains (9 bytes)

GC Heap History (20 events):
Event: 7.647 GC heap before
{Heap before GC invocations=6 (full 0):
 garbage-first heap   total reserved 970752K, committed 48128K, used 41181K [0x00000000c4c00000, 0x0000000100000000)
  region size 1024K, 28 young (28672K), 1 survivors (1024K)
 Metaspace       used 25735K, committed 26112K, reserved 1114112K
  class space    used 3220K, committed 3392K, reserved 1048576K
}
Event: 7.653 GC heap after
{Heap after GC invocations=7 (full 0):
 garbage-first heap   total reserved 970752K, committed 48128K, used 15767K [0x00000000c4c00000, 0x0000000100000000)
  region size 1024K, 3 young (3072K), 3 survivors (3072K)
 Metaspace       used 25735K, committed 26112K, reserved 1114112K
  class space    used 3220K, committed 3392K, reserved 1048576K
}
Event: 8.706 GC heap before
{Heap before GC invocations=7 (full 0):
 garbage-first heap   total reserved 970752K, committed 48128K, used 38295K [0x00000000c4c00000, 0x0000000100000000)
  region size 1024K, 25 young (25600K), 3 survivors (3072K)
 Metaspace       used 29807K, committed 30336K, reserved 1114112K
  class space    used 3759K, committed 4032K, reserved 1048576K
}
Event: 8.712 GC heap after
{Heap after GC invocations=8 (full 0):
 garbage-first heap   total reserved 970752K, committed 48128K, used 17648K [0x00000000c4c00000, 0x0000000100000000)
  region size 1024K, 3 young (3072K), 3 survivors (3072K)
 Metaspace       used 29807K, committed 30336K, reserved 1114112K
  class space    used 3759K, committed 4032K, reserved 1048576K
}
Event: 9.883 GC heap before
{Heap before GC invocations=8 (full 0):
 garbage-first heap   total reserved 970752K, committed 48128K, used 37104K [0x00000000c4c00000, 0x0000000100000000)
  region size 1024K, 23 young (23552K), 3 survivors (3072K)
 Metaspace       used 34197K, committed 34816K, reserved 1114112K
  class space    used 4403K, committed 4672K, reserved 1048576K
}
Event: 9.887 GC heap after
{Heap after GC invocations=9 (full 0):
 garbage-first heap   total reserved 970752K, committed 48128K, used 18733K [0x00000000c4c00000, 0x0000000100000000)
  region size 1024K, 2 young (2048K), 2 survivors (2048K)
 Metaspace       used 34197K, committed 34816K, reserved 1114112K
  class space    used 4403K, committed 4672K, reserved 1048576K
}
Event: 10.407 GC heap before
{Heap before GC invocations=9 (full 0):
 garbage-first heap   total reserved 970752K, committed 48128K, used 22829K [0x00000000c4c00000, 0x0000000100000000)
  region size 1024K, 7 young (7168K), 2 survivors (2048K)
 Metaspace       used 35401K, committed 35968K, reserved 1114112K
  class space    used 4581K, committed 4800K, reserved 1048576K
}
Event: 10.410 GC heap after
{Heap after GC invocations=10 (full 0):
 garbage-first heap   total reserved 970752K, committed 48128K, used 18987K [0x00000000c4c00000, 0x0000000100000000)
  region size 1024K, 2 young (2048K), 2 survivors (2048K)
 Metaspace       used 35401K, committed 35968K, reserved 1114112K
  class space    used 4581K, committed 4800K, reserved 1048576K
}
Event: 12.614 GC heap before
{Heap before GC invocations=11 (full 0):
 garbage-first heap   total reserved 970752K, committed 48128K, used 41515K [0x00000000c4c00000, 0x0000000100000000)
  region size 1024K, 24 young (24576K), 2 survivors (2048K)
 Metaspace       used 45019K, committed 45632K, reserved 1114112K
  class space    used 5868K, committed 6144K, reserved 1048576K
}
Event: 12.620 GC heap after
{Heap after GC invocations=12 (full 0):
 garbage-first heap   total reserved 970752K, committed 48128K, used 21232K [0x00000000c4c00000, 0x0000000100000000)
  region size 1024K, 3 young (3072K), 3 survivors (3072K)
 Metaspace       used 45019K, committed 45632K, reserved 1114112K
  class space    used 5868K, committed 6144K, reserved 1048576K
}
Event: 13.372 GC heap before
{Heap before GC invocations=12 (full 0):
 garbage-first heap   total reserved 970752K, committed 48128K, used 40688K [0x00000000c4c00000, 0x0000000100000000)
  region size 1024K, 23 young (23552K), 3 survivors (3072K)
 Metaspace       used 49692K, committed 50240K, reserved 1114112K
  class space    used 6500K, committed 6720K, reserved 1048576K
}
Event: 13.378 GC heap after
{Heap after GC invocations=13 (full 0):
 garbage-first heap   total reserved 970752K, committed 48128K, used 22998K [0x00000000c4c00000, 0x0000000100000000)
  region size 1024K, 2 young (2048K), 2 survivors (2048K)
 Metaspace       used 49692K, committed 50240K, reserved 1114112K
  class space    used 6500K, committed 6720K, reserved 1048576K
}
Event: 14.424 GC heap before
{Heap before GC invocations=13 (full 0):
 garbage-first heap   total reserved 970752K, committed 48128K, used 40406K [0x00000000c4c00000, 0x0000000100000000)
  region size 1024K, 20 young (20480K), 2 survivors (2048K)
 Metaspace       used 56105K, committed 56704K, reserved 1114112K
  class space    used 7552K, committed 7808K, reserved 1048576K
}
Event: 14.428 GC heap after
{Heap after GC invocations=14 (full 0):
 garbage-first heap   total reserved 970752K, committed 48128K, used 23476K [0x00000000c4c00000, 0x0000000100000000)
  region size 1024K, 3 young (3072K), 3 survivors (3072K)
 Metaspace       used 56105K, committed 56704K, reserved 1114112K
  class space    used 7552K, committed 7808K, reserved 1048576K
}
Event: 15.014 GC heap before
{Heap before GC invocations=14 (full 0):
 garbage-first heap   total reserved 970752K, committed 48128K, used 34740K [0x00000000c4c00000, 0x0000000100000000)
  region size 1024K, 15 young (15360K), 3 survivors (3072K)
 Metaspace       used 59457K, committed 60096K, reserved 1114112K
  class space    used 8077K, committed 8384K, reserved 1048576K
}
Event: 15.017 GC heap after
{Heap after GC invocations=15 (full 0):
 garbage-first heap   total reserved 970752K, committed 48128K, used 24278K [0x00000000c4c00000, 0x0000000100000000)
  region size 1024K, 2 young (2048K), 2 survivors (2048K)
 Metaspace       used 59457K, committed 60096K, reserved 1114112K
  class space    used 8077K, committed 8384K, reserved 1048576K
}
Event: 16.927 GC heap before
{Heap before GC invocations=16 (full 0):
 garbage-first heap   total reserved 970752K, committed 48128K, used 40662K [0x00000000c4c00000, 0x0000000100000000)
  region size 1024K, 19 young (19456K), 2 survivors (2048K)
 Metaspace       used 62266K, committed 62912K, reserved 1114112K
  class space    used 8478K, committed 8768K, reserved 1048576K
}
Event: 16.933 GC heap after
{Heap after GC invocations=17 (full 0):
 garbage-first heap   total reserved 970752K, committed 48128K, used 25977K [0x00000000c4c00000, 0x0000000100000000)
  region size 1024K, 3 young (3072K), 3 survivors (3072K)
 Metaspace       used 62266K, committed 62912K, reserved 1114112K
  class space    used 8478K, committed 8768K, reserved 1048576K
}
Event: 17.822 GC heap before
{Heap before GC invocations=17 (full 0):
 garbage-first heap   total reserved 970752K, committed 48128K, used 41337K [0x00000000c4c00000, 0x0000000100000000)
  region size 1024K, 18 young (18432K), 3 survivors (3072K)
 Metaspace       used 64279K, committed 64896K, reserved 1114112K
  class space    used 8758K, committed 9024K, reserved 1048576K
}
Event: 17.831 GC heap after
{Heap after GC invocations=18 (full 0):
 garbage-first heap   total reserved 970752K, committed 49152K, used 27905K [0x00000000c4c00000, 0x0000000100000000)
  region size 1024K, 3 young (3072K), 3 survivors (3072K)
 Metaspace       used 64279K, committed 64896K, reserved 1114112K
  class space    used 8758K, committed 9024K, reserved 1048576K
}

Dll operation events (15 events):
Event: 0.019 Loaded shared library C:\Program Files\Java\jdk-22\bin\java.dll
Event: 0.064 Loaded shared library C:\Program Files\Java\jdk-22\bin\jsvml.dll
Event: 0.306 Loaded shared library C:\Program Files\Java\jdk-22\bin\zip.dll
Event: 0.312 Loaded shared library C:\Program Files\Java\jdk-22\bin\instrument.dll
Event: 0.339 Loaded shared library C:\Program Files\Java\jdk-22\bin\net.dll
Event: 0.343 Loaded shared library C:\Program Files\Java\jdk-22\bin\nio.dll
Event: 0.356 Loaded shared library C:\Program Files\Java\jdk-22\bin\zip.dll
Event: 0.704 Loaded shared library C:\Program Files\JetBrains\IntelliJ IDEA Community Edition 2024.1.1\bin\breakgen64.dll
Event: 0.729 Loaded shared library C:\Program Files\Java\jdk-22\bin\extnet.dll
Event: 0.777 Loaded shared library C:\Program Files\Java\jdk-22\bin\jimage.dll
Event: 1.611 Loaded shared library C:\Program Files\Java\jdk-22\bin\management.dll
Event: 1.616 Loaded shared library C:\Program Files\Java\jdk-22\bin\management_ext.dll
Event: 3.358 Loaded shared library C:\Program Files\Java\jdk-22\bin\le.dll
Event: 4.449 Loaded shared library C:\Program Files\Java\jdk-22\bin\sunmscapi.dll
Event: 10.077 Loaded shared library C:\Program Files\Java\jdk-22\bin\verify.dll

Deoptimization events (20 events):
Event: 18.022 Thread 0x00000148dd7a5e60 DEOPT PACKING pc=0x000001488fdd9a60 sp=0x0000001d6e3fbd90
Event: 18.022 Thread 0x00000148dd7a5e60 DEOPT UNPACKING pc=0x000001488f807da2 sp=0x0000001d6e3fbd08 mode 2
Event: 18.051 Thread 0x00000148dd7a5e60 Uncommon trap: trap_request=0xfffffff4 fr.pc=0x000001488fe9ad4c relative=0x000000000000028c
Event: 18.051 Thread 0x00000148dd7a5e60 Uncommon trap: reason=null_check action=make_not_entrant pc=0x000001488fe9ad4c method=org.springframework.util.ClassUtils.isAssignable(Ljava/lang/Class;Ljava/lang/Class;)Z @ 14 c2
Event: 18.051 Thread 0x00000148dd7a5e60 DEOPT PACKING pc=0x000001488fe9ad4c sp=0x0000001d6e3fe0a0
Event: 18.051 Thread 0x00000148dd7a5e60 DEOPT UNPACKING pc=0x000001488f807da2 sp=0x0000001d6e3fe030 mode 2
Event: 18.287 Thread 0x00000148dd7a5e60 Uncommon trap: trap_request=0xffffff45 fr.pc=0x000001488fdc928c relative=0x000000000000006c
Event: 18.287 Thread 0x00000148dd7a5e60 Uncommon trap: reason=unstable_if action=reinterpret pc=0x000001488fdc928c method=org.springframework.util.ConcurrentReferenceHashMap$Segment.clear()V @ 7 c2
Event: 18.287 Thread 0x00000148dd7a5e60 DEOPT PACKING pc=0x000001488fdc928c sp=0x0000001d6e3fea20
Event: 18.287 Thread 0x00000148dd7a5e60 DEOPT UNPACKING pc=0x000001488f807da2 sp=0x0000001d6e3fe9b0 mode 2
Event: 18.289 Thread 0x00000148dd7a5e60 Uncommon trap: trap_request=0xffffff45 fr.pc=0x000001488fde2938 relative=0x00000000000000f8
Event: 18.289 Thread 0x00000148dd7a5e60 Uncommon trap: reason=unstable_if action=reinterpret pc=0x000001488fde2938 method=java.lang.ref.ReferenceQueue.poll()Ljava/lang/ref/Reference; @ 4 c2
Event: 18.289 Thread 0x00000148dd7a5e60 DEOPT PACKING pc=0x000001488fde2938 sp=0x0000001d6e3fe740
Event: 18.289 Thread 0x00000148dd7a5e60 DEOPT UNPACKING pc=0x000001488f807da2 sp=0x0000001d6e3fe608 mode 2
Event: 18.329 Thread 0x00000148dd7a5e60 Uncommon trap: trap_request=0xffffff45 fr.pc=0x000001488ffb53b0 relative=0x0000000000000110
Event: 18.330 Thread 0x00000148dd7a5e60 Uncommon trap: reason=unstable_if action=reinterpret pc=0x000001488ffb53b0 method=java.util.ArrayList.indexOfRange(Ljava/lang/Object;II)I @ 7 c2
Event: 18.330 Thread 0x00000148dd7a5e60 DEOPT PACKING pc=0x000001488ffb53b0 sp=0x0000001d6e3fe460
Event: 18.330 Thread 0x00000148dd7a5e60 DEOPT UNPACKING pc=0x000001488f807da2 sp=0x0000001d6e3fe3e0 mode 2
Event: 18.354 Thread 0x00000148dd7a5e60 DEOPT PACKING pc=0x0000014888c7656e sp=0x0000001d6e3fe510
Event: 18.354 Thread 0x00000148dd7a5e60 DEOPT UNPACKING pc=0x000001488f8088e2 sp=0x0000001d6e3fd9e8 mode 0

Classes loaded (20 events):
Event: 18.367 Loading class java/beans/WeakIdentityMap done
Event: 18.367 Loading class java/beans/ThreadGroupContext$1 done
Event: 18.368 Loading class java/beans/WeakIdentityMap$Entry
Event: 18.368 Loading class java/beans/WeakIdentityMap$Entry done
Event: 18.368 Loading class com/sun/beans/introspect/ClassInfo
Event: 18.369 Loading class com/sun/beans/introspect/ClassInfo done
Event: 18.369 Loading class com/sun/beans/introspect/ClassInfo$1
Event: 18.369 Loading class com/sun/beans/util/Cache
Event: 18.369 Loading class com/sun/beans/util/Cache done
Event: 18.369 Loading class com/sun/beans/introspect/ClassInfo$1 done
Event: 18.369 Loading class com/sun/beans/util/Cache$Kind
Event: 18.370 Loading class com/sun/beans/util/Cache$Kind done
Event: 18.370 Loading class com/sun/beans/util/Cache$Kind$1
Event: 18.370 Loading class com/sun/beans/util/Cache$Kind$1 done
Event: 18.370 Loading class com/sun/beans/util/Cache$Kind$2
Event: 18.370 Loading class com/sun/beans/util/Cache$Kind$2 done
Event: 18.370 Loading class com/sun/beans/util/Cache$Kind$3
Event: 18.370 Loading class com/sun/beans/util/Cache$Kind$3 done
Event: 18.370 Loading class com/sun/beans/util/Cache$CacheEntry
Event: 18.370 Loading class com/sun/beans/util/Cache$CacheEntry done

Classes unloaded (0 events):
No events

Classes redefined (0 events):
No events

Internal exceptions (20 events):
Event: 14.892 Thread 0x00000148dd7a5e60 Exception <a 'java/lang/NoSuchMethodError'{0x00000000c7218208}: 'java.lang.Object java.lang.invoke.DirectMethodHandle$Holder.invokeSpecial(java.lang.Object, java.lang.Object, java.lang.Object, java.lang.Object, java.lang.Object, java.lang.Object, java.lang.Object, java.lang.Object, int)'> (0x00000000c7218208) 
thrown [s\open\src\hotspot\share\interpreter\linkResolver.cpp, line 774]
Event: 14.893 Thread 0x00000148dd7a5e60 Exception <a 'java/lang/NoSuchMethodError'{0x00000000c721c220}: 'java.lang.Object java.lang.invoke.Invokers$Holder.linkToTargetMethod(java.lang.Object, java.lang.Object, java.lang.Object, java.lang.Object, java.lang.Object, java.lang.Object, int, java.lang.Object)'> (0x00000000c721c220) 
thrown [s\open\src\hotspot\share\interpreter\linkResolver.cpp, line 774]
Event: 14.921 Thread 0x00000148dd7a5e60 Exception <a 'java/lang/NoSuchMethodError'{0x00000000c72bcb78}: 'void java.lang.invoke.DirectMethodHandle$Holder.invokeInterface(java.lang.Object, java.lang.Object)'> (0x00000000c72bcb78) 
thrown [s\open\src\hotspot\share\interpreter\linkResolver.cpp, line 774]
Event: 15.995 Thread 0x00000148dd7a5e60 Exception <a 'java/lang/NoSuchMethodError'{0x00000000c83fee50}: 'java.lang.Object java.lang.invoke.DirectMethodHandle$Holder.invokeSpecial(java.lang.Object, java.lang.Object, int, java.lang.Object, int)'> (0x00000000c83fee50) 
thrown [s\open\src\hotspot\share\interpreter\linkResolver.cpp, line 774]
Event: 16.035 Thread 0x00000148dd7a5e60 Exception <a 'java/lang/NoSuchMethodError'{0x00000000c79b7f00}: 'void java.lang.invoke.Invokers$Holder.invokeExact_MT(java.lang.Object, java.lang.Object, java.lang.Object, java.lang.Object)'> (0x00000000c79b7f00) 
thrown [s\open\src\hotspot\share\interpreter\linkResolver.cpp, line 774]
Event: 16.098 Thread 0x00000148dd7a5e60 Implicit null exception at 0x000001488ff4f773 to 0x000001488ff4f9e4
Event: 16.198 Thread 0x00000148dd7a5e60 Exception <a 'java/lang/IncompatibleClassChangeError'{0x00000000c757c1e0}: Found class java.lang.Object, but interface was expected> (0x00000000c757c1e0) 
thrown [s\open\src\hotspot\share\interpreter\linkResolver.cpp, line 841]
Event: 16.221 Thread 0x00000148dd7a5e60 Exception <a 'java/lang/IncompatibleClassChangeError'{0x00000000c75ee530}: Found class java.lang.Object, but interface was expected> (0x00000000c75ee530) 
thrown [s\open\src\hotspot\share\interpreter\linkResolver.cpp, line 841]
Event: 16.289 Thread 0x00000148dd7a5e60 Exception <a 'java/lang/IncompatibleClassChangeError'{0x00000000c7345748}: Found class java.lang.Object, but interface was expected> (0x00000000c7345748) 
thrown [s\open\src\hotspot\share\interpreter\linkResolver.cpp, line 841]
Event: 16.785 Thread 0x00000148dd7a5e60 Exception <a 'java/lang/IncompatibleClassChangeError'{0x00000000c6b40f48}: Found class java.lang.Object, but interface was expected> (0x00000000c6b40f48) 
thrown [s\open\src\hotspot\share\interpreter\linkResolver.cpp, line 841]
Event: 16.988 Thread 0x00000148dd7a5e60 Exception <a 'java/lang/NoSuchMethodError'{0x00000000c83faee0}: 'java.lang.Object java.lang.invoke.DirectMethodHandle$Holder.newInvokeSpecial(java.lang.Object, java.lang.Object, java.lang.Object, java.lang.Object, java.lang.Object, java.lang.Object, java.lang.Object, java.lang.Object)'> (0x00000000c83faee0) 
thrown [s\open\src\hotspot\share\interpreter\linkResolver.cpp, line 774]
Event: 17.641 Thread 0x00000148dd7a5e60 Exception <a 'java/lang/IncompatibleClassChangeError'{0x00000000c70d2f28}: Found class java.lang.Object, but interface was expected> (0x00000000c70d2f28) 
thrown [s\open\src\hotspot\share\interpreter\linkResolver.cpp, line 841]
Event: 17.738 Thread 0x00000148dd7a5e60 Exception <a 'java/lang/NoSuchMethodError'{0x00000000c6e666f0}: 'void java.lang.invoke.DirectMethodHandle$Holder.invokeVirtual(java.lang.Object, java.lang.Object, long)'> (0x00000000c6e666f0) 
thrown [s\open\src\hotspot\share\interpreter\linkResolver.cpp, line 774]
Event: 17.852 Thread 0x00000148dd7a5e60 Exception <a 'java/lang/NoSuchMethodError'{0x00000000c8383088}: 'int java.lang.invoke.DirectMethodHandle$Holder.invokeStaticInit(java.lang.Object, java.lang.Object, java.lang.Object, java.lang.Object)'> (0x00000000c8383088) 
thrown [s\open\src\hotspot\share\interpreter\linkResolver.cpp, line 774]
Event: 18.035 Thread 0x00000148dd7a5e60 Exception <a 'java/lang/IncompatibleClassChangeError'{0x00000000c78d4538}: Found class java.lang.Object, but interface was expected> (0x00000000c78d4538) 
thrown [s\open\src\hotspot\share\interpreter\linkResolver.cpp, line 841]
Event: 18.051 Thread 0x00000148dd7a5e60 Implicit null exception at 0x000001488fe9aae8 to 0x000001488fe9ad38
Event: 18.290 Thread 0x00000148dd7a5e60 Exception <a 'java/lang/NoSuchMethodError'{0x00000000c73edd60}: 'java.lang.Object java.lang.invoke.DirectMethodHandle$Holder.newInvokeSpecial(java.lang.Object, java.lang.Object, int, java.lang.Object, java.lang.Object)'> (0x00000000c73edd60) 
thrown [s\open\src\hotspot\share\interpreter\linkResolver.cpp, line 774]
Event: 18.291 Thread 0x00000148dd7a5e60 Exception <a 'java/lang/NoSuchMethodError'{0x00000000c73f88d0}: 'java.lang.Object java.lang.invoke.DirectMethodHandle$Holder.invokeSpecial(java.lang.Object, java.lang.Object, int, java.lang.Object, int, java.lang.Object)'> (0x00000000c73f88d0) 
thrown [s\open\src\hotspot\share\interpreter\linkResolver.cpp, line 774]
Event: 18.292 Thread 0x00000148dd7a5e60 Exception <a 'java/lang/NoSuchMethodError'{0x00000000c7200198}: 'java.lang.Object java.lang.invoke.DirectMethodHandle$Holder.newInvokeSpecial(java.lang.Object, java.lang.Object, int, java.lang.Object, int)'> (0x00000000c7200198) 
thrown [s\open\src\hotspot\share\interpreter\linkResolver.cpp, line 774]
Event: 18.292 Thread 0x00000148dd7a5e60 Exception <a 'java/lang/NoSuchMethodError'{0x00000000c7204018}: 'java.lang.Object java.lang.invoke.DirectMethodHandle$Holder.invokeSpecial(java.lang.Object, java.lang.Object, java.lang.Object, int, java.lang.Object, int)'> (0x00000000c7204018) 
thrown [s\open\src\hotspot\share\interpreter\linkResolver.cpp, line 774]

ZGC Phase Switch (0 events):
No events

VM Operations (20 events):
Event: 16.819 Executing VM operation: HandshakeAllThreads (Deoptimize)
Event: 16.819 Executing VM operation: HandshakeAllThreads (Deoptimize) done
Event: 16.927 Executing VM operation: G1CollectForAllocation (G1 Evacuation Pause)
Event: 16.933 Executing VM operation: G1CollectForAllocation (G1 Evacuation Pause) done
Event: 17.388 Executing VM operation: HandshakeAllThreads (Deoptimize)
Event: 17.388 Executing VM operation: HandshakeAllThreads (Deoptimize) done
Event: 17.431 Executing VM operation: HandshakeAllThreads (Deoptimize)
Event: 17.431 Executing VM operation: HandshakeAllThreads (Deoptimize) done
Event: 17.772 Executing VM operation: HandshakeAllThreads (Deoptimize)
Event: 17.772 Executing VM operation: HandshakeAllThreads (Deoptimize) done
Event: 17.822 Executing VM operation: G1CollectForAllocation (G1 Evacuation Pause)
Event: 17.831 Executing VM operation: G1CollectForAllocation (G1 Evacuation Pause) done
Event: 18.289 Executing VM operation: HandshakeAllThreads (Deoptimize)
Event: 18.289 Executing VM operation: HandshakeAllThreads (Deoptimize) done
Event: 19.293 Executing VM operation: Cleanup
Event: 19.293 Executing VM operation: Cleanup done
Event: 20.296 Executing VM operation: Cleanup
Event: 20.296 Executing VM operation: Cleanup done
Event: 22.317 Executing VM operation: Cleanup
Event: 22.317 Executing VM operation: Cleanup done

Events (20 events):
Event: 15.075 Thread 0x00000148fbcd4780 flushing nmethod 0x0000014888994110
Event: 15.075 Thread 0x00000148fbcd4780 flushing nmethod 0x00000148889ad110
Event: 15.075 Thread 0x00000148fbcd4780 flushing nmethod 0x0000014888a33f90
Event: 15.075 Thread 0x00000148fbcd4780 flushing nmethod 0x0000014888a34710
Event: 15.075 Thread 0x00000148fbcd4780 flushing nmethod 0x0000014888a73e10
Event: 15.075 Thread 0x00000148fbcd4780 flushing nmethod 0x0000014888a8bb90
Event: 15.075 Thread 0x00000148fbcd4780 flushing nmethod 0x0000014888a8c310
Event: 15.075 Thread 0x00000148fbcd4780 flushing nmethod 0x0000014888aa9510
Event: 15.075 Thread 0x00000148fbcd4780 flushing nmethod 0x0000014888aad690
Event: 18.142 Thread 0x00000148dfacb4d0 Thread exited: 0x00000148dfacb4d0
Event: 18.257 Thread 0x00000148dfac7330 Thread added: 0x00000148dfac7330
Event: 18.267 Thread 0x00000148dfac4540 Thread added: 0x00000148dfac4540
Event: 18.269 Thread 0x00000148dfac6ca0 Thread added: 0x00000148dfac6ca0
Event: 18.269 Thread 0x00000148dfac4540 Thread exited: 0x00000148dfac4540
Event: 18.320 Thread 0x00000148dfac5260 Thread added: 0x00000148dfac5260
Event: 18.323 Thread 0x00000148dfacb4d0 Thread added: 0x00000148dfacb4d0
Event: 18.366 Thread 0x00000148dd7a5e60 Thread exited: 0x00000148dd7a5e60
Event: 18.371 Thread 0x00000148dd7a5370 Thread exited: 0x00000148dd7a5370
Event: 18.373 Thread 0x00000148f99c8330 Thread exited: 0x00000148f99c8330
Event: 18.374 Thread 0x00000148dfac4540 Thread added: 0x00000148dfac4540


Dynamic libraries:
0x00007ff6cb0d0000 - 0x00007ff6cb0e0000 	C:\Program Files\Java\jdk-22\bin\java.exe
0x00007ffaa7a20000 - 0x00007ffaa7c29000 	C:\WINDOWS\SYSTEM32\ntdll.dll
0x00007ffaa6380000 - 0x00007ffaa643d000 	C:\WINDOWS\System32\KERNEL32.DLL
0x00007ffaa54e0000 - 0x00007ffaa5864000 	C:\WINDOWS\System32\KERNELBASE.dll
0x00007ffaa51a0000 - 0x00007ffaa52b1000 	C:\WINDOWS\System32\ucrtbase.dll
0x00007ffa91780000 - 0x00007ffa9179b000 	C:\Program Files\Java\jdk-22\bin\VCRUNTIME140.dll
0x00007ffa99d00000 - 0x00007ffa99d17000 	C:\Program Files\Java\jdk-22\bin\jli.dll
0x00007ffaa5910000 - 0x00007ffaa59be000 	C:\WINDOWS\System32\ADVAPI32.dll
0x00007ffaa5ce0000 - 0x00007ffaa5d83000 	C:\WINDOWS\System32\msvcrt.dll
0x00007ffaa6f50000 - 0x00007ffaa6fee000 	C:\WINDOWS\System32\sechost.dll
0x00007ffaa59d0000 - 0x00007ffaa5af1000 	C:\WINDOWS\System32\RPCRT4.dll
0x00007ffaa64c0000 - 0x00007ffaa666d000 	C:\WINDOWS\System32\USER32.dll
0x00007ffaa54b0000 - 0x00007ffaa54d6000 	C:\WINDOWS\System32\win32u.dll
0x00007ffaa58e0000 - 0x00007ffaa590a000 	C:\WINDOWS\System32\GDI32.dll
0x00007ffaa5080000 - 0x00007ffaa519e000 	C:\WINDOWS\System32\gdi32full.dll
0x00007ffaa4fe0000 - 0x00007ffaa507d000 	C:\WINDOWS\System32\msvcp_win.dll
0x00007ffa872b0000 - 0x00007ffa87555000 	C:\WINDOWS\WinSxS\amd64_microsoft.windows.common-controls_6595b64144ccf1df_6.0.22000.120_none_9d947278b86cc467\COMCTL32.dll
0x00007ffa9f5a0000 - 0x00007ffa9f5aa000 	C:\WINDOWS\SYSTEM32\VERSION.dll
0x00007ffaa6820000 - 0x00007ffaa6851000 	C:\WINDOWS\System32\IMM32.DLL
0x00007ffa9fbe0000 - 0x00007ffa9fbec000 	C:\Program Files\Java\jdk-22\bin\vcruntime140_1.dll
0x00007ffa697e0000 - 0x00007ffa6986e000 	C:\Program Files\Java\jdk-22\bin\msvcp140.dll
0x00007ffa3c070000 - 0x00007ffa3cdb7000 	C:\Program Files\Java\jdk-22\bin\server\jvm.dll
0x00007ffaa69d0000 - 0x00007ffaa6a3f000 	C:\WINDOWS\System32\WS2_32.dll
0x00007ffaa4d80000 - 0x00007ffaa4dcd000 	C:\WINDOWS\SYSTEM32\POWRPROF.dll
0x00007ffa9fb00000 - 0x00007ffa9fb33000 	C:\WINDOWS\SYSTEM32\WINMM.dll
0x00007ffaa4d60000 - 0x00007ffaa4d73000 	C:\WINDOWS\SYSTEM32\UMPDC.dll
0x00007ffaa3f20000 - 0x00007ffaa3f38000 	C:\WINDOWS\SYSTEM32\kernel.appcore.dll
0x00007ffa9fbb0000 - 0x00007ffa9fbba000 	C:\Program Files\Java\jdk-22\bin\jimage.dll
0x00007ffaa28e0000 - 0x00007ffaa2b01000 	C:\WINDOWS\SYSTEM32\DBGHELP.DLL
0x00007ffa83df0000 - 0x00007ffa83e21000 	C:\WINDOWS\SYSTEM32\dbgcore.DLL
0x00007ffaa52c0000 - 0x00007ffaa533f000 	C:\WINDOWS\System32\bcryptPrimitives.dll
0x00007ffa8e8f0000 - 0x00007ffa8e8ff000 	C:\Program Files\Java\jdk-22\bin\instrument.dll
0x00007ffa86000000 - 0x00007ffa8601e000 	C:\Program Files\Java\jdk-22\bin\java.dll
0x00007ffaa7210000 - 0x00007ffaa79d5000 	C:\WINDOWS\System32\SHELL32.dll
0x00007ffaa6680000 - 0x00007ffaa681a000 	C:\WINDOWS\System32\ole32.dll
0x00007ffaa5e10000 - 0x00007ffaa6186000 	C:\WINDOWS\System32\combase.dll
0x00007ffaa2f80000 - 0x00007ffaa37e2000 	C:\WINDOWS\SYSTEM32\windows.storage.dll
0x00007ffaa2e10000 - 0x00007ffaa2f77000 	C:\WINDOWS\SYSTEM32\wintypes.dll
0x00007ffaa7120000 - 0x00007ffaa720a000 	C:\WINDOWS\System32\SHCORE.dll
0x00007ffaa6440000 - 0x00007ffaa649d000 	C:\WINDOWS\System32\shlwapi.dll
0x00007ffaa4de0000 - 0x00007ffaa4e05000 	C:\WINDOWS\SYSTEM32\profapi.dll
0x00007ffa594a0000 - 0x00007ffa59577000 	C:\Program Files\Java\jdk-22\bin\jsvml.dll
0x00007ffa79fa0000 - 0x00007ffa79fb7000 	C:\Program Files\Java\jdk-22\bin\zip.dll
0x00007ffa9f870000 - 0x00007ffa9f880000 	C:\Program Files\Java\jdk-22\bin\net.dll
0x00007ffaa43d0000 - 0x00007ffaa4437000 	C:\WINDOWS\system32\mswsock.dll
0x00007ffa85a70000 - 0x00007ffa85a86000 	C:\Program Files\Java\jdk-22\bin\nio.dll
0x00007ffa70330000 - 0x00007ffa7034a000 	C:\Program Files\JetBrains\IntelliJ IDEA Community Edition 2024.1.1\bin\breakgen64.dll
0x00007ffa876d0000 - 0x00007ffa876d9000 	C:\Program Files\Java\jdk-22\bin\extnet.dll
0x00007ffa863e0000 - 0x00007ffa863ea000 	C:\Program Files\Java\jdk-22\bin\management.dll
0x00007ffa838a0000 - 0x00007ffa838ab000 	C:\Program Files\Java\jdk-22\bin\management_ext.dll
0x00007ffaa7110000 - 0x00007ffaa7118000 	C:\WINDOWS\System32\PSAPI.DLL
0x00007ffa836c0000 - 0x00007ffa836cb000 	C:\Program Files\Java\jdk-22\bin\le.dll
0x00007ffa7dbd0000 - 0x00007ffa7dbde000 	C:\Program Files\Java\jdk-22\bin\sunmscapi.dll
0x00007ffaa5340000 - 0x00007ffaa54a2000 	C:\WINDOWS\System32\CRYPT32.dll
0x00007ffaa4760000 - 0x00007ffaa4788000 	C:\WINDOWS\SYSTEM32\ncrypt.dll
0x00007ffaa4720000 - 0x00007ffaa4757000 	C:\WINDOWS\SYSTEM32\NTASN1.dll
0x00007ffaa4610000 - 0x00007ffaa4628000 	C:\WINDOWS\SYSTEM32\CRYPTSP.dll
0x00007ffaa3e80000 - 0x00007ffaa3eb5000 	C:\WINDOWS\system32\rsaenh.dll
0x00007ffaa44c0000 - 0x00007ffaa44ec000 	C:\WINDOWS\SYSTEM32\USERENV.dll
0x00007ffaa4790000 - 0x00007ffaa47b7000 	C:\WINDOWS\SYSTEM32\bcrypt.dll
0x00007ffaa4630000 - 0x00007ffaa463c000 	C:\WINDOWS\SYSTEM32\CRYPTBASE.dll
0x00007ffaa3a40000 - 0x00007ffaa3a6d000 	C:\WINDOWS\SYSTEM32\IPHLPAPI.DLL
0x00007ffaa6670000 - 0x00007ffaa6679000 	C:\WINDOWS\System32\NSI.dll
0x00007ffa79f90000 - 0x00007ffa79fa0000 	C:\Program Files\Java\jdk-22\bin\verify.dll
0x00007ffaa3ab0000 - 0x00007ffaa3b97000 	C:\WINDOWS\SYSTEM32\DNSAPI.dll
0x00007ffa876b0000 - 0x00007ffa876ba000 	C:\Windows\System32\rasadhlp.dll
0x00007ffa99860000 - 0x00007ffa998e1000 	C:\WINDOWS\System32\fwpuclnt.dll
0x00007ffa842b0000 - 0x00007ffa842b8000 	C:\WINDOWS\system32\wshunix.dll

dbghelp: loaded successfully - version: 4.0.5 - missing functions: none
symbol engine: initialized successfully - sym options: 0x614 - pdb path: .;C:\Program Files\Java\jdk-22\bin;C:\WINDOWS\SYSTEM32;C:\WINDOWS\WinSxS\amd64_microsoft.windows.common-controls_6595b64144ccf1df_6.0.22000.120_none_9d947278b86cc467;C:\Program Files\Java\jdk-22\bin\server;C:\Program Files\JetBrains\IntelliJ IDEA Community Edition 2024.1.1\bin

VM Arguments:
jvm_args: -javaagent:C:\Program Files\JetBrains\IntelliJ IDEA Community Edition 2024.1.1\lib\idea_rt.jar=54775:C:\Program Files\JetBrains\IntelliJ IDEA Community Edition 2024.1.1\bin -Dfile.encoding=UTF-8 -Dsun.stdout.encoding=UTF-8 -Dsun.stderr.encoding=UTF-8 
java_command: com.example.dinhtrongkhang.DinhtrongkhangApplication
java_class_path (initial): C:\Users\Admin\Downloads\dinhtrongkhang\dinhtrongkhang\target\classes;C:\Users\Admin\.m2\repository\org\springframework\boot\spring-boot-starter-data-jpa\3.3.0\spring-boot-starter-data-jpa-3.3.0.jar;C:\Users\Admin\.m2\repository\org\springframework\boot\spring-boot-starter-aop\3.3.0\spring-boot-starter-aop-3.3.0.jar;C:\Users\Admin\.m2\repository\org\springframework\spring-aop\6.1.8\spring-aop-6.1.8.jar;C:\Users\Admin\.m2\repository\org\aspectj\aspectjweaver\1.9.22\aspectjweaver-1.9.22.jar;C:\Users\Admin\.m2\repository\org\springframework\boot\spring-boot-starter-jdbc\3.3.0\spring-boot-starter-jdbc-3.3.0.jar;C:\Users\Admin\.m2\repository\com\zaxxer\HikariCP\5.1.0\HikariCP-5.1.0.jar;C:\Users\Admin\.m2\repository\org\springframework\spring-jdbc\6.1.8\spring-jdbc-6.1.8.jar;C:\Users\Admin\.m2\repository\org\hibernate\orm\hibernate-core\6.5.2.Final\hibernate-core-6.5.2.Final.jar;C:\Users\Admin\.m2\repository\jakarta\persistence\jakarta.persistence-api\3.1.0\jakarta.persistence-api-3.1.0.jar;C:\Users\Admin\.m2\repository\jakarta\transaction\jakarta.transaction-api\2.0.1\jakarta.transaction-api-2.0.1.jar;C:\Users\Admin\.m2\repository\org\jboss\logging\jboss-logging\3.5.3.Final\jboss-logging-3.5.3.Final.jar;C:\Users\Admin\.m2\repository\org\hibernate\common\hibernate-commons-annotations\6.0.6.Final\hibernate-commons-annotations-6.0.6.Final.jar;C:\Users\Admin\.m2\repository\io\smallrye\jandex\3.1.2\jandex-3.1.2.jar;C:\Users\Admin\.m2\repository\com\fasterxml\classmate\1.7.0\classmate-1.7.0.jar;C:\Users\Admin\.m2\repository\net\bytebuddy\byte-buddy\1.14.16\byte-buddy-1.14.16.jar;C:\Users\Admin\.m2\repository\org\glassfish\jaxb\jaxb-runtime\4.0.5\jaxb-runtime-4.0.5.jar;C:\Users\Admin\.m2\repository\org\glassfish\jaxb\jaxb-core\4.0.5\jaxb-core-4.0.5.jar;C:\Users\Admin\.m2\repository\org\eclipse\angus\angus-activation\2.0.2\angus-activation-2.0.2.jar;C:\Users\Admin\.m2\repository\org\glassfish\jaxb\txw2\4.0.5\txw2-4.0.5.jar;C:\Users\Admin\.m2\repository\com\sun\istack\istack-commons-runtime\4.1.2\istack-commons-runtime-4.1.2.jar;C:\Users\Admin\.m2\repository\jakarta\inject\jakarta.inject-api\2.0.1\jakarta.inject-api-2.0.1.jar;C:\Users\Admin\.m2\repository\org\antlr\antlr4-runtime\4.13.0\antlr4-runtime-4.13.0.jar;C:\Users\Admin\.m2\repository\org\springframework\data\spring-data-jpa\3.3.0\spring-data-jpa-3.3.0.jar;C:\Users\Admin\.m2\repository\org\springframework\data\spring-data-commons\3.3.0\spring-data-commons-3.3.0.jar;C:\Users\Admin\.m2\repository\org\springframework\spring-orm\6.1.8\spring-orm-6.1.8.jar;C:\Users\Admin\.m2\repository\org\springframework\spring-context\6.1.8\spring-context-6.1.8.jar;C:\Users\Admin\.m2\repository\org\springframework\spring-tx\6.1.8\spring-tx-6.1.8.jar;C:\Users\Admin\.m2\repository\org\springframework\spring-beans\6.1.8\spring-beans-6.1.8.jar;C:\Users\Admin\.m2\repository\jakarta\annotation\jakarta.annotation-api\2.1.1\jakarta.annotation-api-2.1.1.jar;C:\Users\Admin\.m2\repository\org\slf4j\slf4j-api\2.0.13\slf4j-api-2.0.13.jar;C:\Users\Admin\.m2\repository\org\springframework\spring-aspects\6.1.8\spring-aspects-6.1.8.jar;C:\Users\Admin\.m2\repository\org\springframework\boot\spring-boot-starter-thymeleaf\3.3.0\spring-boot-starter-thymeleaf-3.3.0.jar;C:\Users\Admin\.m2\repository\org\springframework\boot\spring-boot-starter\3.3.0\spring-boot-starter-3.3.0.jar;C:\Users\Admin\.m2\repository\org\springframework\boot\spring-boot-starter-logging\3.3.0\spring-boot-starter-logging-3.3.0.jar;C:\Users\Admin\.m2\repository\ch\qos\logback\logback-classic\1.5.6\logback-classic-1.5.6.jar;C:\Users\Admin\.m2\repository\ch\qos\logback\logback-core\1.5.6\logback-core-1.5.6.jar;C:\Users\Admin\.m2\repository\org\apache\logging\log4j\log4j-to-slf4j\2.23.1\log4j-to-slf4j-2.23.1.jar;C:\Users\Admin\.m2\repository\org\apache\logging\log4j\log4j-api\2.23.1\log4j-api-2.23.1.jar;C:\Users\Admin\.m2\repository\org\slf4j\jul-to-slf4j\2.0.13\jul-to-slf4j-2.0.13.jar;C:\Users\Admin\.m2\repository\org\yaml\snakeyaml\2.2\snakeyaml-2.2.jar;C:\Users\Admin\.m2\repository\org\thymeleaf\thymeleaf-spring6\3.1.2.RELEASE\thymeleaf-spring6-3.1.2.RELEASE.jar;C:\Users\Admin\.m2\repository\org\thymeleaf\thymeleaf\3.1.2.RELEASE\thymeleaf-3.1.2.RELEASE.jar;C:\Users\Admin\.m2\repository\org\attoparser\attoparser\2.0.7.RELEASE\attoparser-2.0.7.RELEASE.jar;C:\Users\Admin\.m2\repository\org\unbescape\unbescape\1.1.6.RELEASE\unbescape-1.1.6.RELEASE.jar;C:\Users\Admin\.m2\repository\org\springframework\boot\spring-boot-starter-web\3.3.0\spring-boot-starter-web-3.3.0.jar;C:\Users\Admin\.m2\repository\org\springframework\boot\spring-boot-starter-json\3.3.0\spring-boot-starter-json-3.3.0.jar;C:\Users\Admin\.m2\repository\com\fasterxml\jackson\core\jackson-databind\2.17.1\jackson-databind-2.17.1.jar;C:\Users\Admin\.m2\repository\com\fasterxml\jackson\core\jackson-annotations\2.17.1\jackson-annotations-2.17.1.jar;C:\Users\Admin\.m2\repository\com\fasterxml\jackson\core\jackson-core\2.17.1\jackson-core-2.17.1.jar;C:\Users\Admin\.m2\repository\com\fasterxml\jackson\datatype\jackson-datatype-jdk8\2.17.1\jackson-datatype-jdk8-2.17.1.jar;C:\Users\Admin\.m2\repository\com\fasterxml\jackson\datatype\jackson-datatype-jsr310\2.17.1\jackson-datatype-jsr310-2.17.1.jar;C:\Users\Admin\.m2\repository\com\fasterxml\jackson\module\jackson-module-parameter-names\2.17.1\jackson-module-parameter-names-2.17.1.jar;C:\Users\Admin\.m2\repository\org\springframework\boot\spring-boot-starter-tomcat\3.3.0\spring-boot-starter-tomcat-3.3.0.jar;C:\Users\Admin\.m2\repository\org\apache\tomcat\embed\tomcat-embed-core\10.1.24\tomcat-embed-core-10.1.24.jar;C:\Users\Admin\.m2\repository\org\apache\tomcat\embed\tomcat-embed-el\10.1.24\tomcat-embed-el-10.1.24.jar;C:\Users\Admin\.m2\repository\org\apache\tomcat\embed\tomcat-embed-websocket\10.1.24\tomcat-embed-websocket-10.1.24.jar;C:\Users\Admin\.m2\repository\org\springframework\spring-web\6.1.8\spring-web-6.1.8.jar;C:\Users\Admin\.m2\repository\io\micrometer\micrometer-observation\1.13.0\micrometer-observation-1.13.0.jar;C:\Users\Admin\.m2\repository\io\micrometer\micrometer-commons\1.13.0\micrometer-commons-1.13.0.jar;C:\Users\Admin\.m2\repository\org\springframework\spring-webmvc\6.1.8\spring-webmvc-6.1.8.jar;C:\Users\Admin\.m2\repository\org\springframework\spring-expression\6.1.8\spring-expression-6.1.8.jar;C:\Users\Admin\.m2\repository\org\springframework\boot\spring-boot-devtools\3.3.0\spring-boot-devtools-3.3.0.jar;C:\Users\Admin\.m2\repository\org\springframework\boot\spring-boot\3.3.0\spring-boot-3.3.0.jar;C:\Users\Admin\.m2\repository\org\springframework\boot\spring-boot-autoconfigure\3.3.0\spring-boot-autoconfigure-3.3.0.jar;C:\Users\Admin\.m2\repository\com\mysql\mysql-connector-j\8.3.0\mysql-connector-j-8.3.0.jar;C:\Users\Admin\.m2\repository\org\projectlombok\lombok\1.18.32\lombok-1.18.32.jar;C:\Users\Admin\.m2\repository\jakarta\xml\bind\jakarta.xml.bind-api\4.0.2\jakarta.xml.bind-api-4.0.2.jar;C:\Users\Admin\.m2\repository\jakarta\activation\jakarta.activation-api\2.1.3\jakarta.activation-api-2.1.3.jar;C:\Users\Admin\.m2\repository\org\springframework\spring-core\6.1.8\spring-core-6.1.8.jar;C:\Users\Admin\.m2\repository\org\springframework\spring-jcl\6.1.8\spring-jcl-6.1.8.jar;C:\Users\Admin\.m2\repository\org\jetbrains\annotations\24.1.0\annotations-24.1.0.jar
Launcher Type: SUN_STANDARD

[Global flags]
     intx CICompilerCount                          = 3                                         {product} {ergonomic}
     uint ConcGCThreads                            = 1                                         {product} {ergonomic}
     uint G1ConcRefinementThreads                  = 4                                         {product} {ergonomic}
   size_t G1HeapRegionSize                         = 1048576                                   {product} {ergonomic}
   size_t InitialHeapSize                          = 62914560                                  {product} {ergonomic}
   size_t MarkStackSize                            = 4194304                                   {product} {ergonomic}
   size_t MaxHeapSize                              = 994050048                                 {product} {ergonomic}
   size_t MaxNewSize                               = 595591168                                 {product} {ergonomic}
   size_t MinHeapDeltaBytes                        = 1048576                                   {product} {ergonomic}
   size_t MinHeapSize                              = 8388608                                   {product} {ergonomic}
    uintx NonNMethodCodeHeapSize                   = 5832780                                {pd product} {ergonomic}
    uintx NonProfiledCodeHeapSize                  = 122912730                              {pd product} {ergonomic}
    uintx ProfiledCodeHeapSize                     = 122912730                              {pd product} {ergonomic}
    uintx ReservedCodeCacheSize                    = 251658240                              {pd product} {ergonomic}
     bool SegmentedCodeCache                       = true                                      {product} {ergonomic}
   size_t SoftMaxHeapSize                          = 994050048                              {manageable} {ergonomic}
     bool UseCompressedOops                        = true                           {product lp64_product} {ergonomic}
     bool UseG1GC                                  = true                                      {product} {ergonomic}
     bool UseLargePagesIndividualAllocation        = false                                  {pd product} {ergonomic}

Logging:
Log output configuration:
 #0: stdout all=warning uptime,level,tags foldmultilines=false
 #1: stderr all=off uptime,level,tags foldmultilines=false

Environment Variables:
PATH=C:\ProgramData\Oracle\Java\javapath;C:\Program Files\Common Files\Oracle\Java\javapath;C:\Program Files\Eclipse Adoptium\jdk-17.0.4.8-hotspot\bin;C:\WINDOWS\system32;C:\WINDOWS;C:\WINDOWS\System32\Wbem;C:\WINDOWS\System32\WindowsPowerShell\v1.0\;C:\WINDOWS\System32\OpenSSH\;c:\altera\91sp2\quartus\bin;C:\MinGW\bin;C:\Program Files\Microsoft SQL Server\Client SDK\ODBC\170\Tools\Binn\;C:\Program Files (x86)\Microsoft SQL Server\150\Tools\Binn\;C:\Program Files\Microsoft SQL Server\150\Tools\Binn\;C:\Program Files\Microsoft SQL Server\150\DTS\Binn\;C:\Program Files (x86)\Microsoft SQL Server\150\DTS\Binn\;C:\Program Files\Git\cmd;C:\Program Files\Cloudflare\Cloudflare WARP\;C:\Program Files\dotnet\;C:\Program Files\HP\HP One Agent;C:\Program Files (x86)\Git\cmd;C:\Users\Admin\AppData\Local\Microsoft\WindowsApps;C:\Users\Admin\.dotnet\tools;C:\Program Files\Azure Data Studio\bin
USERNAME=DinhTrongKhang
OS=Windows_NT
PROCESSOR_IDENTIFIER=Intel64 Family 6 Model 126 Stepping 5, GenuineIntel
TMP=C:\Users\Admin\AppData\Local\Temp
TEMP=C:\Users\Admin\AppData\Local\Temp




Periodic native trim disabled

---------------  S Y S T E M  ---------------

OS:
 Windows 11 , 64 bit Build 22000 (10.0.22000.2538)
OS uptime: 0 days 1:40 hours

CPU: total 4 (initial active 4) (2 cores per cpu, 2 threads per core) family 6 model 126 stepping 5 microcode 0xa0, cx8, cmov, fxsr, ht, mmx, 3dnowpref, sse, sse2, sse3, ssse3, sse4.1, sse4.2, popcnt, lzcnt, tsc, tscinvbit, avx, avx2, aes, erms, clmul, bmi1, bmi2, adx, avx512f, avx512dq, avx512cd, avx512bw, avx512vl, sha, fma, vzeroupper, avx512_vpopcntdq, avx512_vpclmulqdq, avx512_vaes, avx512_vnni, clflush, clflushopt, avx512_vbmi2, avx512_vbmi, rdtscp, rdpid, fsrm, gfni, avx512_bitalg, f16c, pku, avx512_ifma
Processor Information for all 4 processors :
  Max Mhz: 1190, Current Mhz: 1190, Mhz Limit: 1190

Memory: 4k page, system-wide physical 3784M (270M free)
TotalPageFile size 11976M (AvailPageFile size 0M)
current process WorkingSet (physical memory assigned to process): 133M, peak: 219M
current process commit charge ("private bytes"): 242M, peak: 268M

vm_info: Java HotSpot(TM) 64-Bit Server VM (22.0.1+8-16) for windows-amd64 JRE (22.0.1+8-16), built on 2024-03-12T10:33:16Z by "mach5one" with MS VC++ 17.6 (VS2022)

END.
