#
# There is insufficient memory for the Java Runtime Environment to continue.
# Native memory allocation (malloc) failed to allocate 204576 bytes. Error detail: Chunk::new
# Possible reasons:
#   The system is out of physical RAM or swap space
#   This process is running with CompressedOops enabled, and the Java Heap may be blocking the growth of the native heap
# Possible solutions:
#   Reduce memory load on the system
#   Increase physical memory or swap space
#   Check if swap backing store is full
#   Decrease Java heap size (-Xmx/-Xms)
#   Decrease number of Java threads
#   Decrease Java thread stack sizes (-Xss)
#   Set larger code cache with -XX:ReservedCodeCacheSize=
#   JVM is running with Unscaled Compressed Oops mode in which the Java heap is
#     placed in the first 4GB address space. The Java Heap base address is the
#     maximum limit for the native heap growth. Please use -XX:HeapBaseMinAddress
#     to set the Java Heap base and to place the Java Heap above 4GB virtual address.
# This output file may be truncated or incomplete.
#
#  Out of Memory Error (arena.cpp:150), pid=25424, tid=27740
#
# JRE version: Java(TM) SE Runtime Environment (22.0.1+8) (build 22.0.1+8-16)
# Java VM: Java HotSpot(TM) 64-Bit Server VM (22.0.1+8-16, mixed mode, sharing, tiered, compressed oops, compressed class ptrs, g1 gc, windows-amd64)
# No core dump will be written. Minidumps are not enabled by default on client versions of Windows
#

---------------  S U M M A R Y ------------

Command Line: -javaagent:C:\Program Files\JetBrains\IntelliJ IDEA Community Edition 2024.1.1\lib\idea_rt.jar=54807:C:\Program Files\JetBrains\IntelliJ IDEA Community Edition 2024.1.1\bin -Dfile.encoding=UTF-8 -Dsun.stdout.encoding=UTF-8 -Dsun.stderr.encoding=UTF-8 com.example.dinhtrongkhang.DinhtrongkhangApplication

Host: Intel(R) Core(TM) i3-1005G1 CPU @ 1.20GHz, 4 cores, 3G,  Windows 11 , 64 bit Build 22000 (10.0.22000.2538)
Time: Mon Jun 10 15:50:55 2024 SE Asia Standard Time elapsed time: 2.084655 seconds (0d 0h 0m 2s)

---------------  T H R E A D  ---------------

Current thread (0x00000279cf585ad0):  JavaThread "C2 CompilerThread0" daemon [_thread_in_native, id=27740, stack(0x0000008929b00000,0x0000008929c00000) (1024K)]


Current CompileTask:
C2:2084 1894 % !   4       java.util.concurrent.ConcurrentHashMap::transfer @ 96 (849 bytes)

Stack: [0x0000008929b00000,0x0000008929c00000]
Native frames: (J=compiled Java code, j=interpreted, Vv=VM code, C=native code)
V  [jvm.dll+0x6e2279]  (no source info available)
V  [jvm.dll+0x874e33]  (no source info available)
V  [jvm.dll+0x87725e]  (no source info available)
V  [jvm.dll+0x877933]  (no source info available)
V  [jvm.dll+0x27fd76]  (no source info available)
V  [jvm.dll+0xc3d0f]  (no source info available)
V  [jvm.dll+0xc3f6b]  (no source info available)
V  [jvm.dll+0x2f3c2f]  (no source info available)
V  [jvm.dll+0x60bc9a]  (no source info available)
V  [jvm.dll+0x250db2]  (no source info available)
V  [jvm.dll+0x248e2e]  (no source info available)
V  [jvm.dll+0x246ec6]  (no source info available)
V  [jvm.dll+0x1c4e90]  (no source info available)
V  [jvm.dll+0x2569fe]  (no source info available)
V  [jvm.dll+0x254cba]  (no source info available)
V  [jvm.dll+0x3f5336]  (no source info available)
V  [jvm.dll+0x81d44b]  (no source info available)
V  [jvm.dll+0x6e0915]  (no source info available)
C  [ucrtbase.dll+0x26c0c]  (no source info available)
C  [KERNEL32.DLL+0x153e0]  (no source info available)
C  [ntdll.dll+0x485b]  (no source info available)


---------------  P R O C E S S  ---------------

Threads class SMR info:
_java_thread_list=0x0000027a15776ee0, length=15, elements={
0x00000279b28f9100, 0x00000279b4c0e140, 0x00000279cf5803e0, 0x00000279cf582250,
0x00000279cf5835b0, 0x00000279cf584100, 0x00000279cf584c50, 0x00000279cf585ad0,
0x00000279cf588640, 0x00000279cf79c520, 0x00000279cfb05980, 0x00000279cfafc390,
0x0000027a1578f1e0, 0x0000027a1579c090, 0x0000027a159f2980
}

Java Threads: ( => current thread )
  0x00000279b28f9100 JavaThread "main"                              [_thread_blocked, id=9932, stack(0x0000008928d00000,0x0000008928e00000) (1024K)]
  0x00000279b4c0e140 JavaThread "Reference Handler"          daemon [_thread_blocked, id=15424, stack(0x0000008929500000,0x0000008929600000) (1024K)]
  0x00000279cf5803e0 JavaThread "Finalizer"                  daemon [_thread_blocked, id=28720, stack(0x0000008929600000,0x0000008929700000) (1024K)]
  0x00000279cf582250 JavaThread "Signal Dispatcher"          daemon [_thread_blocked, id=23088, stack(0x0000008929700000,0x0000008929800000) (1024K)]
  0x00000279cf5835b0 JavaThread "Attach Listener"            daemon [_thread_blocked, id=28532, stack(0x0000008929800000,0x0000008929900000) (1024K)]
  0x00000279cf584100 JavaThread "Service Thread"             daemon [_thread_blocked, id=25544, stack(0x0000008929900000,0x0000008929a00000) (1024K)]
  0x00000279cf584c50 JavaThread "Monitor Deflation Thread"   daemon [_thread_blocked, id=27712, stack(0x0000008929a00000,0x0000008929b00000) (1024K)]
=>0x00000279cf585ad0 JavaThread "C2 CompilerThread0"         daemon [_thread_in_native, id=27740, stack(0x0000008929b00000,0x0000008929c00000) (1024K)]
  0x00000279cf588640 JavaThread "C1 CompilerThread0"         daemon [_thread_blocked, id=25772, stack(0x0000008929c00000,0x0000008929d00000) (1024K)]
  0x00000279cf79c520 JavaThread "Common-Cleaner"             daemon [_thread_blocked, id=28048, stack(0x0000008929d00000,0x0000008929e00000) (1024K)]
  0x00000279cfb05980 JavaThread "Monitor Ctrl-Break"         daemon [_thread_in_native, id=17760, stack(0x0000008929e00000,0x0000008929f00000) (1024K)]
  0x00000279cfafc390 JavaThread "Notification Thread"        daemon [_thread_blocked, id=22892, stack(0x0000008929f00000,0x000000892a000000) (1024K)]
  0x0000027a1578f1e0 JavaThread "Thread-0"                          [_thread_blocked, id=21244, stack(0x000000892a300000,0x000000892a400000) (1024K)]
  0x0000027a1579c090 JavaThread "restartedMain"                     [_thread_in_vm, id=29228, stack(0x000000892a400000,0x000000892a500000) (1024K)]
  0x0000027a159f2980 JavaThread "background-preinit"                [_thread_in_vm, id=28556, stack(0x000000892a500000,0x000000892a600000) (1024K)]
Total: 15

Other Threads:
  0x00000279b4c02c70 VMThread "VM Thread"                           [id=28248, stack(0x0000008929400000,0x0000008929500000) (1024K)]
  0x00000279cf56d230 WatcherThread "VM Periodic Task Thread"        [id=26500, stack(0x0000008929300000,0x0000008929400000) (1024K)]
  0x00000279b4b7f410 WorkerThread "GC Thread#0"                     [id=20640, stack(0x0000008928e00000,0x0000008928f00000) (1024K)]
  0x0000027a15499540 WorkerThread "GC Thread#1"                     [id=29196, stack(0x000000892a000000,0x000000892a100000) (1024K)]
  0x0000027a155066f0 WorkerThread "GC Thread#2"                     [id=28596, stack(0x000000892a100000,0x000000892a200000) (1024K)]
  0x0000027a15506aa0 WorkerThread "GC Thread#3"                     [id=27680, stack(0x000000892a200000,0x000000892a300000) (1024K)]
  0x00000279b4b87a80 ConcurrentGCThread "G1 Main Marker"            [id=26852, stack(0x0000008928f00000,0x0000008929000000) (1024K)]
  0x00000279b4b88590 WorkerThread "G1 Conc#0"                       [id=528, stack(0x0000008929000000,0x0000008929100000) (1024K)]
  0x00000279b4bd9f10 ConcurrentGCThread "G1 Refine#0"               [id=820, stack(0x0000008929100000,0x0000008929200000) (1024K)]
  0x00000279b4bdaa90 ConcurrentGCThread "G1 Service"                [id=29204, stack(0x0000008929200000,0x0000008929300000) (1024K)]
Total: 10

Threads with active compile tasks:
C2 CompilerThread0  2160 1894 % !   4       java.util.concurrent.ConcurrentHashMap::transfer @ 96 (849 bytes)
Total: 1

VM state: not at safepoint (normal execution)

VM Mutex/Monitor currently owned by a thread: None

Heap address: 0x00000000c4c00000, size: 948 MB, Compressed Oops mode: 32-bit

CDS archive(s) mapped at: [0x00000279d0000000-0x00000279d0c60000-0x00000279d0c60000), size 12976128, SharedBaseAddress: 0x00000279d0000000, ArchiveRelocationMode: 1.
Compressed class space mapped at: 0x00000279d1000000-0x0000027a11000000, reserved size: 1073741824
Narrow klass base: 0x00000279d0000000, Narrow klass shift: 0, Narrow klass range: 0x41000000

GC Precious Log:
 CardTable entry size: 512
 Card Set container configuration: InlinePtr #cards 5 size 8 Array Of Cards #cards 12 size 40 Howl #buckets 4 coarsen threshold 1843 Howl Bitmap #cards 512 size 80 coarsen threshold 460 Card regions per heap region 1 cards per card region 2048
 CPUs: 4 total, 4 available
 Memory: 3784M
 Large Page Support: Disabled
 NUMA Support: Disabled
 Compressed Oops: Enabled (32-bit)
 Heap Region Size: 1M
 Heap Min Capacity: 8M
 Heap Initial Capacity: 60M
 Heap Max Capacity: 948M
 Pre-touch: Disabled
 Parallel Workers: 4
 Concurrent Workers: 1
 Concurrent Refinement Workers: 4
 Periodic GC: Disabled

Heap:
 garbage-first heap   total reserved 970752K, committed 61440K, used 26944K [0x00000000c4c00000, 0x0000000100000000)
  region size 1024K, 23 young (23552K), 2 survivors (2048K)
 Metaspace       used 14066K, committed 14400K, reserved 1114112K
  class space    used 1658K, committed 1792K, reserved 1048576K

Heap Regions: E=young(eden), S=young(survivor), O=old, HS=humongous(starts), HC=humongous(continues), CS=collection set, F=free, TAMS=top-at-mark-start, PB=parsable bottom
|   0|0x00000000c4c00000, 0x00000000c4d00000, 0x00000000c4d00000|100%|HS|  |TAMS 0x00000000c4c00000| PB 0x00000000c4c00000| Complete |  0
|   1|0x00000000c4d00000, 0x00000000c4e00000, 0x00000000c4e00000|100%| O|  |TAMS 0x00000000c4d00000| PB 0x00000000c4d00000| Untracked |  0
|   2|0x00000000c4e00000, 0x00000000c4f00000, 0x00000000c4f00000|100%| O|  |TAMS 0x00000000c4e00000| PB 0x00000000c4e00000| Untracked |  0
|   3|0x00000000c4f00000, 0x00000000c5000000, 0x00000000c5000000|100%| O|  |TAMS 0x00000000c4f00000| PB 0x00000000c4f00000| Untracked |  0
|   4|0x00000000c5000000, 0x00000000c5100000, 0x00000000c5100000|100%| O|  |TAMS 0x00000000c5000000| PB 0x00000000c5000000| Untracked |  0
|   5|0x00000000c5100000, 0x00000000c5200000, 0x00000000c5200000|100%| O|  |TAMS 0x00000000c5100000| PB 0x00000000c5100000| Untracked |  0
|   6|0x00000000c5200000, 0x00000000c52485a8, 0x00000000c5300000| 28%| O|  |TAMS 0x00000000c5200000| PB 0x00000000c5200000| Untracked |  0
|   7|0x00000000c5300000, 0x00000000c5300000, 0x00000000c5400000|  0%| F|  |TAMS 0x00000000c5300000| PB 0x00000000c5300000| Untracked |  0
|   8|0x00000000c5400000, 0x00000000c5400000, 0x00000000c5500000|  0%| F|  |TAMS 0x00000000c5400000| PB 0x00000000c5400000| Untracked |  0
|   9|0x00000000c5500000, 0x00000000c5500000, 0x00000000c5600000|  0%| F|  |TAMS 0x00000000c5500000| PB 0x00000000c5500000| Untracked |  0
|  10|0x00000000c5600000, 0x00000000c5600000, 0x00000000c5700000|  0%| F|  |TAMS 0x00000000c5600000| PB 0x00000000c5600000| Untracked |  0
|  11|0x00000000c5700000, 0x00000000c5700000, 0x00000000c5800000|  0%| F|  |TAMS 0x00000000c5700000| PB 0x00000000c5700000| Untracked |  0
|  12|0x00000000c5800000, 0x00000000c5800000, 0x00000000c5900000|  0%| F|  |TAMS 0x00000000c5800000| PB 0x00000000c5800000| Untracked |  0
|  13|0x00000000c5900000, 0x00000000c5900000, 0x00000000c5a00000|  0%| F|  |TAMS 0x00000000c5900000| PB 0x00000000c5900000| Untracked |  0
|  14|0x00000000c5a00000, 0x00000000c5a00000, 0x00000000c5b00000|  0%| F|  |TAMS 0x00000000c5a00000| PB 0x00000000c5a00000| Untracked |  0
|  15|0x00000000c5b00000, 0x00000000c5b00000, 0x00000000c5c00000|  0%| F|  |TAMS 0x00000000c5b00000| PB 0x00000000c5b00000| Untracked |  0
|  16|0x00000000c5c00000, 0x00000000c5c00000, 0x00000000c5d00000|  0%| F|  |TAMS 0x00000000c5c00000| PB 0x00000000c5c00000| Untracked |  0
|  17|0x00000000c5d00000, 0x00000000c5d00000, 0x00000000c5e00000|  0%| F|  |TAMS 0x00000000c5d00000| PB 0x00000000c5d00000| Untracked |  0
|  18|0x00000000c5e00000, 0x00000000c5e00000, 0x00000000c5f00000|  0%| F|  |TAMS 0x00000000c5e00000| PB 0x00000000c5e00000| Untracked |  0
|  19|0x00000000c5f00000, 0x00000000c5f00000, 0x00000000c6000000|  0%| F|  |TAMS 0x00000000c5f00000| PB 0x00000000c5f00000| Untracked |  0
|  20|0x00000000c6000000, 0x00000000c6000000, 0x00000000c6100000|  0%| F|  |TAMS 0x00000000c6000000| PB 0x00000000c6000000| Untracked |  0
|  21|0x00000000c6100000, 0x00000000c6100000, 0x00000000c6200000|  0%| F|  |TAMS 0x00000000c6100000| PB 0x00000000c6100000| Untracked |  0
|  22|0x00000000c6200000, 0x00000000c6200000, 0x00000000c6300000|  0%| F|  |TAMS 0x00000000c6200000| PB 0x00000000c6200000| Untracked |  0
|  23|0x00000000c6300000, 0x00000000c6300000, 0x00000000c6400000|  0%| F|  |TAMS 0x00000000c6300000| PB 0x00000000c6300000| Untracked |  0
|  24|0x00000000c6400000, 0x00000000c6400000, 0x00000000c6500000|  0%| F|  |TAMS 0x00000000c6400000| PB 0x00000000c6400000| Untracked |  0
|  25|0x00000000c6500000, 0x00000000c6500000, 0x00000000c6600000|  0%| F|  |TAMS 0x00000000c6500000| PB 0x00000000c6500000| Untracked |  0
|  26|0x00000000c6600000, 0x00000000c6600000, 0x00000000c6700000|  0%| F|  |TAMS 0x00000000c6600000| PB 0x00000000c6600000| Untracked |  0
|  27|0x00000000c6700000, 0x00000000c6700000, 0x00000000c6800000|  0%| F|  |TAMS 0x00000000c6700000| PB 0x00000000c6700000| Untracked |  0
|  28|0x00000000c6800000, 0x00000000c6800000, 0x00000000c6900000|  0%| F|  |TAMS 0x00000000c6800000| PB 0x00000000c6800000| Untracked |  0
|  29|0x00000000c6900000, 0x00000000c6900000, 0x00000000c6a00000|  0%| F|  |TAMS 0x00000000c6900000| PB 0x00000000c6900000| Untracked |  0
|  30|0x00000000c6a00000, 0x00000000c6a00000, 0x00000000c6b00000|  0%| F|  |TAMS 0x00000000c6a00000| PB 0x00000000c6a00000| Untracked |  0
|  31|0x00000000c6b00000, 0x00000000c6b00000, 0x00000000c6c00000|  0%| F|  |TAMS 0x00000000c6b00000| PB 0x00000000c6b00000| Untracked |  0
|  32|0x00000000c6c00000, 0x00000000c6c00000, 0x00000000c6d00000|  0%| F|  |TAMS 0x00000000c6c00000| PB 0x00000000c6c00000| Untracked |  0
|  33|0x00000000c6d00000, 0x00000000c6d00000, 0x00000000c6e00000|  0%| F|  |TAMS 0x00000000c6d00000| PB 0x00000000c6d00000| Untracked |  0
|  34|0x00000000c6e00000, 0x00000000c6e00000, 0x00000000c6f00000|  0%| F|  |TAMS 0x00000000c6e00000| PB 0x00000000c6e00000| Untracked |  0
|  35|0x00000000c6f00000, 0x00000000c6f00000, 0x00000000c7000000|  0%| F|  |TAMS 0x00000000c6f00000| PB 0x00000000c6f00000| Untracked |  0
|  36|0x00000000c7000000, 0x00000000c7000000, 0x00000000c7100000|  0%| F|  |TAMS 0x00000000c7000000| PB 0x00000000c7000000| Untracked |  0
|  37|0x00000000c7100000, 0x00000000c71f83a0, 0x00000000c7200000| 96%| E|  |TAMS 0x00000000c7100000| PB 0x00000000c7100000| Complete |  0
|  38|0x00000000c7200000, 0x00000000c7300000, 0x00000000c7300000|100%| E|CS|TAMS 0x00000000c7200000| PB 0x00000000c7200000| Complete |  0
|  39|0x00000000c7300000, 0x00000000c7400000, 0x00000000c7400000|100%| E|CS|TAMS 0x00000000c7300000| PB 0x00000000c7300000| Complete |  0
|  40|0x00000000c7400000, 0x00000000c7500000, 0x00000000c7500000|100%| E|CS|TAMS 0x00000000c7400000| PB 0x00000000c7400000| Complete |  0
|  41|0x00000000c7500000, 0x00000000c7600000, 0x00000000c7600000|100%| E|CS|TAMS 0x00000000c7500000| PB 0x00000000c7500000| Complete |  0
|  42|0x00000000c7600000, 0x00000000c7607cd0, 0x00000000c7700000|  3%| S|CS|TAMS 0x00000000c7600000| PB 0x00000000c7600000| Complete |  0
|  43|0x00000000c7700000, 0x00000000c7800000, 0x00000000c7800000|100%| S|CS|TAMS 0x00000000c7700000| PB 0x00000000c7700000| Complete |  0
|  44|0x00000000c7800000, 0x00000000c7900000, 0x00000000c7900000|100%| E|CS|TAMS 0x00000000c7800000| PB 0x00000000c7800000| Complete |  0
|  45|0x00000000c7900000, 0x00000000c7a00000, 0x00000000c7a00000|100%| E|CS|TAMS 0x00000000c7900000| PB 0x00000000c7900000| Complete |  0
|  46|0x00000000c7a00000, 0x00000000c7b00000, 0x00000000c7b00000|100%| E|  |TAMS 0x00000000c7a00000| PB 0x00000000c7a00000| Complete |  0
|  47|0x00000000c7b00000, 0x00000000c7c00000, 0x00000000c7c00000|100%| E|CS|TAMS 0x00000000c7b00000| PB 0x00000000c7b00000| Complete |  0
|  48|0x00000000c7c00000, 0x00000000c7d00000, 0x00000000c7d00000|100%| E|CS|TAMS 0x00000000c7c00000| PB 0x00000000c7c00000| Complete |  0
|  49|0x00000000c7d00000, 0x00000000c7e00000, 0x00000000c7e00000|100%| E|CS|TAMS 0x00000000c7d00000| PB 0x00000000c7d00000| Complete |  0
|  50|0x00000000c7e00000, 0x00000000c7f00000, 0x00000000c7f00000|100%| E|CS|TAMS 0x00000000c7e00000| PB 0x00000000c7e00000| Complete |  0
|  51|0x00000000c7f00000, 0x00000000c8000000, 0x00000000c8000000|100%| E|CS|TAMS 0x00000000c7f00000| PB 0x00000000c7f00000| Complete |  0
|  52|0x00000000c8000000, 0x00000000c8100000, 0x00000000c8100000|100%| E|CS|TAMS 0x00000000c8000000| PB 0x00000000c8000000| Complete |  0
|  53|0x00000000c8100000, 0x00000000c8200000, 0x00000000c8200000|100%| E|CS|TAMS 0x00000000c8100000| PB 0x00000000c8100000| Complete |  0
|  54|0x00000000c8200000, 0x00000000c8300000, 0x00000000c8300000|100%| E|CS|TAMS 0x00000000c8200000| PB 0x00000000c8200000| Complete |  0
|  55|0x00000000c8300000, 0x00000000c8400000, 0x00000000c8400000|100%| E|CS|TAMS 0x00000000c8300000| PB 0x00000000c8300000| Complete |  0
|  56|0x00000000c8400000, 0x00000000c8500000, 0x00000000c8500000|100%| E|CS|TAMS 0x00000000c8400000| PB 0x00000000c8400000| Complete |  0
|  57|0x00000000c8500000, 0x00000000c8600000, 0x00000000c8600000|100%| E|CS|TAMS 0x00000000c8500000| PB 0x00000000c8500000| Complete |  0
|  58|0x00000000c8600000, 0x00000000c8700000, 0x00000000c8700000|100%| E|CS|TAMS 0x00000000c8600000| PB 0x00000000c8600000| Complete |  0
|  59|0x00000000c8700000, 0x00000000c8800000, 0x00000000c8800000|100%| E|CS|TAMS 0x00000000c8700000| PB 0x00000000c8700000| Complete |  0

Card table byte_map: [0x00000279cc070000,0x00000279cc250000] _byte_map_base: 0x00000279cba4a000

Marking Bits: (CMBitMap*) 0x00000279b4b7fb20
 Bits: [0x00000279cc250000, 0x00000279cd120000)

Polling page: 0x00000279b2b40000

Metaspace:

Usage:
  Non-class:     12.18 MB used.
      Class:      1.62 MB used.
       Both:     13.80 MB used.

Virtual space:
  Non-class space:       64.00 MB reserved,      12.31 MB ( 19%) committed,  1 nodes.
      Class space:        1.00 GB reserved,       1.75 MB ( <1%) committed,  1 nodes.
             Both:        1.06 GB reserved,      14.06 MB (  1%) committed. 

Chunk freelists:
   Non-Class:  3.61 MB
       Class:  14.23 MB
        Both:  17.84 MB

MaxMetaspaceSize: unlimited
CompressedClassSpaceSize: 1.00 GB
Initial GC threshold: 21.00 MB
Current GC threshold: 21.00 MB
CDS: on
 - commit_granule_bytes: 65536.
 - commit_granule_words: 8192.
 - virtual_space_node_default_size: 8388608.
 - enlarge_chunks_in_place: 1.
 - use_allocation_guard: 0.


Internal statistics:

num_allocs_failed_limit: 0.
num_arena_births: 258.
num_arena_deaths: 0.
num_vsnodes_births: 2.
num_vsnodes_deaths: 0.
num_space_committed: 226.
num_space_uncommitted: 0.
num_chunks_returned_to_freelist: 0.
num_chunks_taken_from_freelist: 688.
num_chunk_merges: 0.
num_chunk_splits: 428.
num_chunks_enlarged: 274.
num_inconsistent_stats: 0.

CodeHeap 'non-profiled nmethods': size=120000Kb used=707Kb max_used=707Kb free=119292Kb
 bounds [0x00000279c4960000, 0x00000279c4bd0000, 0x00000279cbe90000]
CodeHeap 'profiled nmethods': size=120000Kb used=3741Kb max_used=3741Kb free=116258Kb
 bounds [0x00000279bce90000, 0x00000279bd240000, 0x00000279c43c0000]
CodeHeap 'non-nmethods': size=5760Kb used=1589Kb max_used=1589Kb free=4171Kb
 bounds [0x00000279c43c0000, 0x00000279c4630000, 0x00000279c4960000]
 total_blobs=2510 nmethods=1989 adapters=425
 compilation: enabled
              stopped_count=0, restarted_count=0
 full_count=0

Compilation events (20 events):
Event: 1.981 Thread 0x00000279cf585ad0 nmethod 1887 0x00000279c4a09610 code [0x00000279c4a09780, 0x00000279c4a09828]
Event: 1.981 Thread 0x00000279cf585ad0 1845  s    4       java.io.ByteArrayInputStream::available (10 bytes)
Event: 1.982 Thread 0x00000279cf585ad0 nmethod 1845 0x00000279c4a09910 code [0x00000279c4a09aa0, 0x00000279c4a09c70]
Event: 1.982 Thread 0x00000279cf585ad0 1885       4       java.util.Set::of (4 bytes)
Event: 1.982 Thread 0x00000279cf585ad0 nmethod 1885 0x00000279c4a09d10 code [0x00000279c4a09e80, 0x00000279c4a09ef0]
Event: 1.982 Thread 0x00000279cf585ad0 1844       4       java.io.BufferedReader::ensureOpen (18 bytes)
Event: 1.982 Thread 0x00000279cf585ad0 nmethod 1844 0x00000279c4a0a010 code [0x00000279c4a0a180, 0x00000279c4a0a228]
Event: 1.986 Thread 0x00000279cf585ad0 1888       4       java.lang.String::startsWith (123 bytes)
Event: 1.990 Thread 0x00000279cf585ad0 nmethod 1888 0x00000279c4a0a310 code [0x00000279c4a0a4a0, 0x00000279c4a0a838]
Event: 1.990 Thread 0x00000279cf585ad0 1889       4       java.lang.StringLatin1::regionMatchesCI (45 bytes)
Event: 1.993 Thread 0x00000279cf585ad0 nmethod 1889 0x00000279c4a0aa90 code [0x00000279c4a0ac20, 0x00000279c4a0add0]
Event: 1.993 Thread 0x00000279cf585ad0 1890       4       java.util.jar.JarFile::getVersionedEntry (133 bytes)
Event: 2.036 Thread 0x00000279cf585ad0 nmethod 1890 0x00000279c4a0af10 code [0x00000279c4a0b1e0, 0x00000279c4a0cb90]
Event: 2.061 Thread 0x00000279cf585ad0 1891       4       jdk.internal.misc.Unsafe::allocateUninitializedArray (55 bytes)
Event: 2.063 Thread 0x00000279cf585ad0 nmethod 1891 0x00000279c4a0da10 code [0x00000279c4a0dba0, 0x00000279c4a0dd78]
Event: 2.072 Thread 0x00000279cf585ad0 1892       4       jdk.internal.misc.Unsafe::allocateUninitializedArray0 (90 bytes)
Event: 2.073 Thread 0x00000279cf585ad0 nmethod 1892 0x00000279c4a0de90 code [0x00000279c4a0e020, 0x00000279c4a0e1f0]
Event: 2.074 Thread 0x00000279cf585ad0 1893       4       java.lang.ClassLoader::checkName (37 bytes)
Event: 2.076 Thread 0x00000279cf585ad0 nmethod 1893 0x00000279c4a0e310 code [0x00000279c4a0e4a0, 0x00000279c4a0e708]
Event: 2.076 Thread 0x00000279cf585ad0 1894 % !   4       java.util.concurrent.ConcurrentHashMap::transfer @ 96 (849 bytes)

GC Heap History (4 events):
Event: 0.964 GC heap before
{Heap before GC invocations=0 (full 0):
 garbage-first heap   total reserved 970752K, committed 61440K, used 14336K [0x00000000c4c00000, 0x0000000100000000)
  region size 1024K, 14 young (14336K), 0 survivors (0K)
 Metaspace       used 3880K, committed 4096K, reserved 1114112K
  class space    used 409K, committed 512K, reserved 1048576K
}
Event: 0.973 GC heap after
{Heap after GC invocations=1 (full 0):
 garbage-first heap   total reserved 970752K, committed 61440K, used 6592K [0x00000000c4c00000, 0x0000000100000000)
  region size 1024K, 2 young (2048K), 2 survivors (2048K)
 Metaspace       used 3880K, committed 4096K, reserved 1114112K
  class space    used 409K, committed 512K, reserved 1048576K
}
Event: 1.497 GC heap before
{Heap before GC invocations=1 (full 0):
 garbage-first heap   total reserved 970752K, committed 61440K, used 19904K [0x00000000c4c00000, 0x0000000100000000)
  region size 1024K, 16 young (16384K), 2 survivors (2048K)
 Metaspace       used 7256K, committed 7552K, reserved 1114112K
  class space    used 867K, committed 1024K, reserved 1048576K
}
Event: 1.500 GC heap after
{Heap after GC invocations=2 (full 0):
 garbage-first heap   total reserved 970752K, committed 61440K, used 7488K [0x00000000c4c00000, 0x0000000100000000)
  region size 1024K, 2 young (2048K), 2 survivors (2048K)
 Metaspace       used 7256K, committed 7552K, reserved 1114112K
  class space    used 867K, committed 1024K, reserved 1048576K
}

Dll operation events (13 events):
Event: 0.023 Loaded shared library C:\Program Files\Java\jdk-22\bin\java.dll
Event: 0.076 Loaded shared library C:\Program Files\Java\jdk-22\bin\jsvml.dll
Event: 0.187 Loaded shared library C:\Program Files\Java\jdk-22\bin\zip.dll
Event: 0.193 Loaded shared library C:\Program Files\Java\jdk-22\bin\instrument.dll
Event: 0.203 Loaded shared library C:\Program Files\Java\jdk-22\bin\net.dll
Event: 0.213 Loaded shared library C:\Program Files\Java\jdk-22\bin\nio.dll
Event: 0.218 Loaded shared library C:\Program Files\Java\jdk-22\bin\zip.dll
Event: 0.453 Loaded shared library C:\Program Files\JetBrains\IntelliJ IDEA Community Edition 2024.1.1\bin\breakgen64.dll
Event: 0.474 Loaded shared library C:\Program Files\Java\jdk-22\bin\extnet.dll
Event: 0.522 Loaded shared library C:\Program Files\Java\jdk-22\bin\jimage.dll
Event: 1.082 Loaded shared library C:\Program Files\Java\jdk-22\bin\management.dll
Event: 1.086 Loaded shared library C:\Program Files\Java\jdk-22\bin\management_ext.dll
Event: 1.823 Loaded shared library C:\Program Files\Java\jdk-22\bin\le.dll

Deoptimization events (20 events):
Event: 1.947 Thread 0x0000027a1579c090 Uncommon trap: trap_request=0xffffff45 fr.pc=0x00000279c49f2eb4 relative=0x0000000000000354
Event: 1.947 Thread 0x0000027a1579c090 Uncommon trap: reason=unstable_if action=reinterpret pc=0x00000279c49f2eb4 method=java.util.regex.Pattern$BmpCharPropertyGreedy.match(Ljava/util/regex/Matcher;ILjava/lang/CharSequence;)Z @ 12 c2
Event: 1.947 Thread 0x0000027a1579c090 DEOPT PACKING pc=0x00000279c49f2eb4 sp=0x000000892a4fd420
Event: 1.947 Thread 0x0000027a1579c090 DEOPT UNPACKING pc=0x00000279c4417da2 sp=0x000000892a4fd3d8 mode 2
Event: 2.064 Thread 0x0000027a1579c090 Uncommon trap: trap_request=0xffffffde fr.pc=0x00000279c4a0dcb8 relative=0x0000000000000118
Event: 2.064 Thread 0x0000027a1579c090 Uncommon trap: reason=class_check action=maybe_recompile pc=0x00000279c4a0dcb8 method=jdk.internal.misc.Unsafe.allocateUninitializedArray(Ljava/lang/Class;I)Ljava/lang/Object; @ 51 c2
Event: 2.064 Thread 0x0000027a1579c090 DEOPT PACKING pc=0x00000279c4a0dcb8 sp=0x000000892a4fa6e0
Event: 2.064 Thread 0x0000027a159f2980 Uncommon trap: trap_request=0xffffffde fr.pc=0x00000279c4a0dcb8 relative=0x0000000000000118
Event: 2.064 Thread 0x0000027a159f2980 Uncommon trap: reason=class_check action=maybe_recompile pc=0x00000279c4a0dcb8 method=jdk.internal.misc.Unsafe.allocateUninitializedArray(Ljava/lang/Class;I)Ljava/lang/Object; @ 51 c2
Event: 2.064 Thread 0x0000027a159f2980 DEOPT PACKING pc=0x00000279c4a0dcb8 sp=0x000000892a5fab50
Event: 2.064 Thread 0x0000027a1579c090 DEOPT UNPACKING pc=0x00000279c4417da2 sp=0x000000892a4fa658 mode 2
Event: 2.064 Thread 0x0000027a159f2980 DEOPT UNPACKING pc=0x00000279c4417da2 sp=0x000000892a5faac8 mode 2
Event: 2.064 Thread 0x0000027a1579c090 Uncommon trap: trap_request=0xffffffde fr.pc=0x00000279c4a0dcb8 relative=0x0000000000000118
Event: 2.064 Thread 0x0000027a159f2980 Uncommon trap: trap_request=0xffffffde fr.pc=0x00000279c4a0dcb8 relative=0x0000000000000118
Event: 2.064 Thread 0x0000027a1579c090 Uncommon trap: reason=class_check action=maybe_recompile pc=0x00000279c4a0dcb8 method=jdk.internal.misc.Unsafe.allocateUninitializedArray(Ljava/lang/Class;I)Ljava/lang/Object; @ 51 c2
Event: 2.064 Thread 0x0000027a159f2980 Uncommon trap: reason=class_check action=maybe_recompile pc=0x00000279c4a0dcb8 method=jdk.internal.misc.Unsafe.allocateUninitializedArray(Ljava/lang/Class;I)Ljava/lang/Object; @ 51 c2
Event: 2.064 Thread 0x0000027a1579c090 DEOPT PACKING pc=0x00000279c4a0dcb8 sp=0x000000892a4fa0e0
Event: 2.064 Thread 0x0000027a159f2980 DEOPT PACKING pc=0x00000279c4a0dcb8 sp=0x000000892a5fa550
Event: 2.064 Thread 0x0000027a1579c090 DEOPT UNPACKING pc=0x00000279c4417da2 sp=0x000000892a4fa058 mode 2
Event: 2.064 Thread 0x0000027a159f2980 DEOPT UNPACKING pc=0x00000279c4417da2 sp=0x000000892a5fa4c8 mode 2

Classes loaded (20 events):
Event: 1.949 Loading class java/io/Console$1
Event: 1.950 Loading class jdk/internal/access/JavaIOAccess
Event: 1.950 Loading class jdk/internal/access/JavaIOAccess done
Event: 1.950 Loading class java/io/Console$1 done
Event: 1.970 Loading class java/nio/file/FileSystemNotFoundException
Event: 1.970 Loading class java/nio/file/FileSystemNotFoundException done
Event: 1.970 Loading class java/util/zip/ZipException
Event: 1.971 Loading class java/util/zip/ZipException done
Event: 2.044 Loading class java/io/NotSerializableException
Event: 2.046 Loading class java/io/ObjectStreamException
Event: 2.047 Loading class java/io/ObjectStreamException done
Event: 2.047 Loading class java/io/NotSerializableException done
Event: 2.069 Loading class java/util/RegularEnumSet$EnumSetIterator
Event: 2.069 Loading class java/util/RegularEnumSet$EnumSetIterator done
Event: 2.079 Loading class java/beans/Transient
Event: 2.079 Loading class java/beans/Transient done
Event: 2.079 Loading class java/beans/ConstructorProperties
Event: 2.079 Loading class java/beans/ConstructorProperties done
Event: 2.080 Loading class java/lang/CloneNotSupportedException
Event: 2.080 Loading class java/lang/CloneNotSupportedException done

Classes unloaded (0 events):
No events

Classes redefined (0 events):
No events

Internal exceptions (20 events):
Event: 1.617 Thread 0x0000027a1579c090 Exception <a 'java/lang/NoSuchMethodError'{0x00000000c858bbe0}: 'java.lang.Object java.lang.invoke.DirectMethodHandle$Holder.invokeSpecial(java.lang.Object, java.lang.Object, java.lang.Object, int, java.lang.Object)'> (0x00000000c858bbe0) 
thrown [s\open\src\hotspot\share\interpreter\linkResolver.cpp, line 774]
Event: 1.618 Thread 0x0000027a1579c090 Exception <a 'java/lang/NoSuchMethodError'{0x00000000c85936a0}: 'java.lang.Object java.lang.invoke.DirectMethodHandle$Holder.newInvokeSpecial(java.lang.Object, java.lang.Object, java.lang.Object, int, java.lang.Object)'> (0x00000000c85936a0) 
thrown [s\open\src\hotspot\share\interpreter\linkResolver.cpp, line 774]
Event: 1.618 Thread 0x0000027a1579c090 Exception <a 'java/lang/NoSuchMethodError'{0x00000000c859ac48}: 'java.lang.Object java.lang.invoke.Invokers$Holder.linkToTargetMethod(java.lang.Object, java.lang.Object, int, java.lang.Object, java.lang.Object)'> (0x00000000c859ac48) 
thrown [s\open\src\hotspot\share\interpreter\linkResolver.cpp, line 774]
Event: 1.620 Thread 0x0000027a1579c090 Exception <a 'java/lang/NoSuchMethodError'{0x00000000c85a9398}: 'java.lang.Object java.lang.invoke.DirectMethodHandle$Holder.newInvokeSpecial(java.lang.Object, int, java.lang.Object)'> (0x00000000c85a9398) 
thrown [s\open\src\hotspot\share\interpreter\linkResolver.cpp, line 774]
Event: 1.621 Thread 0x0000027a1579c090 Exception <a 'java/lang/NoSuchMethodError'{0x00000000c85adfc0}: 'int java.lang.invoke.DirectMethodHandle$Holder.invokeSpecialIFC(java.lang.Object, java.lang.Object, java.lang.Object, java.lang.Object)'> (0x00000000c85adfc0) 
thrown [s\open\src\hotspot\share\interpreter\linkResolver.cpp, line 774]
Event: 1.652 Thread 0x0000027a1579c090 Exception <a 'java/lang/NoSuchMethodError'{0x00000000c847af30}: 'void java.lang.invoke.DirectMethodHandle$Holder.invokeInterface(java.lang.Object, java.lang.Object, java.lang.Object)'> (0x00000000c847af30) 
thrown [s\open\src\hotspot\share\interpreter\linkResolver.cpp, line 774]
Event: 1.683 Thread 0x0000027a1579c090 Exception <a 'java/lang/NoSuchMethodError'{0x00000000c831a3d0}: 'void java.lang.invoke.DirectMethodHandle$Holder.invokeStaticInit(java.lang.Object, java.lang.Object, java.lang.Object)'> (0x00000000c831a3d0) 
thrown [s\open\src\hotspot\share\interpreter\linkResolver.cpp, line 774]
Event: 1.692 Thread 0x0000027a1579c090 Exception <a 'java/lang/NoSuchMethodError'{0x00000000c83a5af0}: 'java.lang.Object java.lang.invoke.DirectMethodHandle$Holder.invokeStatic(java.lang.Object, long, java.lang.Object)'> (0x00000000c83a5af0) 
thrown [s\open\src\hotspot\share\interpreter\linkResolver.cpp, line 774]
Event: 1.692 Thread 0x0000027a1579c090 Exception <a 'java/lang/NoSuchMethodError'{0x00000000c83a9178}: 'java.lang.Object java.lang.invoke.DirectMethodHandle$Holder.invokeStaticInit(java.lang.Object, long, java.lang.Object)'> (0x00000000c83a9178) 
thrown [s\open\src\hotspot\share\interpreter\linkResolver.cpp, line 774]
Event: 1.693 Thread 0x0000027a1579c090 Exception <a 'java/lang/NoSuchMethodError'{0x00000000c83aea00}: 'java.lang.Object java.lang.invoke.DirectMethodHandle$Holder.newInvokeSpecial(java.lang.Object, long)'> (0x00000000c83aea00) 
thrown [s\open\src\hotspot\share\interpreter\linkResolver.cpp, line 774]
Event: 1.717 Thread 0x0000027a1579c090 Exception <a 'java/lang/NoSuchMethodError'{0x00000000c82a4180}: 'void java.lang.invoke.DirectMethodHandle$Holder.invokeVirtual(java.lang.Object, java.lang.Object, java.lang.Object, java.lang.Object)'> (0x00000000c82a4180) 
thrown [s\open\src\hotspot\share\interpreter\linkResolver.cpp, line 774]
Event: 1.785 Thread 0x0000027a1579c090 Exception <a 'java/lang/IncompatibleClassChangeError'{0x00000000c8041fc8}: Found class java.lang.Object, but interface was expected> (0x00000000c8041fc8) 
thrown [s\open\src\hotspot\share\interpreter\linkResolver.cpp, line 841]
Event: 1.785 Thread 0x0000027a159f2980 Exception <a 'java/lang/NoClassDefFoundError'{0x00000000c8036a68}: jakarta/validation/Validation> (0x00000000c8036a68) 
thrown [s\open\src\hotspot\share\classfile\systemDictionary.cpp, line 302]
Event: 1.793 Thread 0x0000027a1579c090 Exception <a 'java/lang/NoSuchMethodError'{0x00000000c805ba10}: 'java.lang.Object java.lang.invoke.DirectMethodHandle$Holder.invokeStaticInit(java.lang.Object, int)'> (0x00000000c805ba10) 
thrown [s\open\src\hotspot\share\interpreter\linkResolver.cpp, line 774]
Event: 1.798 Thread 0x0000027a1579c090 Exception <a 'java/lang/NoSuchMethodError'{0x00000000c80a8b28}: 'java.lang.Object java.lang.invoke.DirectMethodHandle$Holder.invokeStatic(java.lang.Object, int, java.lang.Object)'> (0x00000000c80a8b28) 
thrown [s\open\src\hotspot\share\interpreter\linkResolver.cpp, line 774]
Event: 1.798 Thread 0x0000027a1579c090 Exception <a 'java/lang/NoSuchMethodError'{0x00000000c80ac1a8}: 'java.lang.Object java.lang.invoke.DirectMethodHandle$Holder.invokeStaticInit(java.lang.Object, int, java.lang.Object)'> (0x00000000c80ac1a8) 
thrown [s\open\src\hotspot\share\interpreter\linkResolver.cpp, line 774]
Event: 1.814 Thread 0x0000027a1579c090 Exception <a 'sun/nio/fs/WindowsException'{0x00000000c7f812a8}> (0x00000000c7f812a8) 
thrown [s\open\src\hotspot\share\prims\jni.cpp, line 520]
Event: 1.825 Thread 0x0000027a1579c090 Exception <a 'jdk/internal/org/jline/terminal/impl/jna/LastErrorException'{0x00000000c7f8d948}> (0x00000000c7f8d948) 
thrown [s\open\src\hotspot\share\prims\jni.cpp, line 520]
Event: 1.825 Thread 0x0000027a1579c090 Exception <a 'jdk/internal/org/jline/terminal/impl/jna/LastErrorException'{0x00000000c7f8e008}> (0x00000000c7f8e008) 
thrown [s\open\src\hotspot\share\prims\jni.cpp, line 520]
Event: 1.825 Thread 0x0000027a1579c090 Exception <a 'jdk/internal/org/jline/terminal/impl/jna/LastErrorException'{0x00000000c7f8e678}> (0x00000000c7f8e678) 
thrown [s\open\src\hotspot\share\prims\jni.cpp, line 520]

ZGC Phase Switch (0 events):
No events

VM Operations (20 events):
Event: 0.963 Executing VM operation: G1CollectForAllocation (G1 Evacuation Pause)
Event: 0.973 Executing VM operation: G1CollectForAllocation (G1 Evacuation Pause) done
Event: 1.025 Executing VM operation: HandshakeAllThreads (Deoptimize)
Event: 1.025 Executing VM operation: HandshakeAllThreads (Deoptimize) done
Event: 1.025 Executing VM operation: HandshakeAllThreads (Deoptimize)
Event: 1.025 Executing VM operation: HandshakeAllThreads (Deoptimize) done
Event: 1.255 Executing VM operation: HandshakeAllThreads (Deoptimize)
Event: 1.255 Executing VM operation: HandshakeAllThreads (Deoptimize) done
Event: 1.497 Executing VM operation: G1CollectForAllocation (G1 Evacuation Pause)
Event: 1.500 Executing VM operation: G1CollectForAllocation (G1 Evacuation Pause) done
Event: 1.565 Executing VM operation: HandshakeAllThreads (Deoptimize)
Event: 1.566 Executing VM operation: HandshakeAllThreads (Deoptimize) done
Event: 1.766 Executing VM operation: HandshakeAllThreads (Deoptimize)
Event: 1.766 Executing VM operation: HandshakeAllThreads (Deoptimize) done
Event: 1.772 Executing VM operation: HandshakeAllThreads (Deoptimize)
Event: 1.772 Executing VM operation: HandshakeAllThreads (Deoptimize) done
Event: 1.773 Executing VM operation: HandshakeAllThreads (Deoptimize)
Event: 1.773 Executing VM operation: HandshakeAllThreads (Deoptimize) done
Event: 1.902 Executing VM operation: ICBufferFull
Event: 1.919 Executing VM operation: ICBufferFull done

Events (15 events):
Event: 0.049 Thread 0x00000279b28f9100 Thread added: 0x00000279b28f9100
Event: 0.071 Thread 0x00000279b4c0e140 Thread added: 0x00000279b4c0e140
Event: 0.071 Thread 0x00000279cf5803e0 Thread added: 0x00000279cf5803e0
Event: 0.072 Thread 0x00000279cf582250 Thread added: 0x00000279cf582250
Event: 0.072 Thread 0x00000279cf5835b0 Thread added: 0x00000279cf5835b0
Event: 0.072 Thread 0x00000279cf584100 Thread added: 0x00000279cf584100
Event: 0.072 Thread 0x00000279cf584c50 Thread added: 0x00000279cf584c50
Event: 0.072 Thread 0x00000279cf585ad0 Thread added: 0x00000279cf585ad0
Event: 0.073 Thread 0x00000279cf588640 Thread added: 0x00000279cf588640
Event: 0.161 Thread 0x00000279cf79c520 Thread added: 0x00000279cf79c520
Event: 0.454 Thread 0x00000279cfb05980 Thread added: 0x00000279cfb05980
Event: 0.455 Thread 0x00000279cfafc390 Thread added: 0x00000279cfafc390
Event: 1.150 Thread 0x0000027a1578f1e0 Thread added: 0x0000027a1578f1e0
Event: 1.154 Thread 0x0000027a1579c090 Thread added: 0x0000027a1579c090
Event: 1.781 Thread 0x0000027a159f2980 Thread added: 0x0000027a159f2980


Dynamic libraries:
0x00007ff68ae50000 - 0x00007ff68ae60000 	C:\Program Files\Java\jdk-22\bin\java.exe
0x00007ffaa7a20000 - 0x00007ffaa7c29000 	C:\WINDOWS\SYSTEM32\ntdll.dll
0x00007ffaa6380000 - 0x00007ffaa643d000 	C:\WINDOWS\System32\KERNEL32.DLL
0x00007ffaa54e0000 - 0x00007ffaa5864000 	C:\WINDOWS\System32\KERNELBASE.dll
0x00007ffaa51a0000 - 0x00007ffaa52b1000 	C:\WINDOWS\System32\ucrtbase.dll
0x00007ffa91780000 - 0x00007ffa91797000 	C:\Program Files\Java\jdk-22\bin\jli.dll
0x00007ffaa5910000 - 0x00007ffaa59be000 	C:\WINDOWS\System32\ADVAPI32.dll
0x00007ffaa5ce0000 - 0x00007ffaa5d83000 	C:\WINDOWS\System32\msvcrt.dll
0x00007ffaa6f50000 - 0x00007ffaa6fee000 	C:\WINDOWS\System32\sechost.dll
0x00007ffaa59d0000 - 0x00007ffaa5af1000 	C:\WINDOWS\System32\RPCRT4.dll
0x00007ffaa64c0000 - 0x00007ffaa666d000 	C:\WINDOWS\System32\USER32.dll
0x00007ffaa54b0000 - 0x00007ffaa54d6000 	C:\WINDOWS\System32\win32u.dll
0x00007ffaa58e0000 - 0x00007ffaa590a000 	C:\WINDOWS\System32\GDI32.dll
0x00007ffaa5080000 - 0x00007ffaa519e000 	C:\WINDOWS\System32\gdi32full.dll
0x00007ffaa4fe0000 - 0x00007ffaa507d000 	C:\WINDOWS\System32\msvcp_win.dll
0x00007ffa872b0000 - 0x00007ffa87555000 	C:\WINDOWS\WinSxS\amd64_microsoft.windows.common-controls_6595b64144ccf1df_6.0.22000.120_none_9d947278b86cc467\COMCTL32.dll
0x00007ffa9f5a0000 - 0x00007ffa9f5aa000 	C:\WINDOWS\SYSTEM32\VERSION.dll
0x00007ffa99d00000 - 0x00007ffa99d1b000 	C:\Program Files\Java\jdk-22\bin\VCRUNTIME140.dll
0x00007ffaa6820000 - 0x00007ffaa6851000 	C:\WINDOWS\System32\IMM32.DLL
0x00007ffa9fbe0000 - 0x00007ffa9fbec000 	C:\Program Files\Java\jdk-22\bin\vcruntime140_1.dll
0x00007ffa697e0000 - 0x00007ffa6986e000 	C:\Program Files\Java\jdk-22\bin\msvcp140.dll
0x00007ffa3c070000 - 0x00007ffa3cdb7000 	C:\Program Files\Java\jdk-22\bin\server\jvm.dll
0x00007ffaa69d0000 - 0x00007ffaa6a3f000 	C:\WINDOWS\System32\WS2_32.dll
0x00007ffaa4d80000 - 0x00007ffaa4dcd000 	C:\WINDOWS\SYSTEM32\POWRPROF.dll
0x00007ffa9fb00000 - 0x00007ffa9fb33000 	C:\WINDOWS\SYSTEM32\WINMM.dll
0x00007ffaa4d60000 - 0x00007ffaa4d73000 	C:\WINDOWS\SYSTEM32\UMPDC.dll
0x00007ffaa3f20000 - 0x00007ffaa3f38000 	C:\WINDOWS\SYSTEM32\kernel.appcore.dll
0x00007ffa9fbb0000 - 0x00007ffa9fbba000 	C:\Program Files\Java\jdk-22\bin\jimage.dll
0x00007ffaa28e0000 - 0x00007ffaa2b01000 	C:\WINDOWS\SYSTEM32\DBGHELP.DLL
0x00007ffa83df0000 - 0x00007ffa83e21000 	C:\WINDOWS\SYSTEM32\dbgcore.DLL
0x00007ffaa52c0000 - 0x00007ffaa533f000 	C:\WINDOWS\System32\bcryptPrimitives.dll
0x00007ffa9f870000 - 0x00007ffa9f87f000 	C:\Program Files\Java\jdk-22\bin\instrument.dll
0x00007ffa86000000 - 0x00007ffa8601e000 	C:\Program Files\Java\jdk-22\bin\java.dll
0x00007ffaa7210000 - 0x00007ffaa79d5000 	C:\WINDOWS\System32\SHELL32.dll
0x00007ffaa6680000 - 0x00007ffaa681a000 	C:\WINDOWS\System32\ole32.dll
0x00007ffaa5e10000 - 0x00007ffaa6186000 	C:\WINDOWS\System32\combase.dll
0x00007ffaa2f80000 - 0x00007ffaa37e2000 	C:\WINDOWS\SYSTEM32\windows.storage.dll
0x00007ffaa2e10000 - 0x00007ffaa2f77000 	C:\WINDOWS\SYSTEM32\wintypes.dll
0x00007ffaa7120000 - 0x00007ffaa720a000 	C:\WINDOWS\System32\SHCORE.dll
0x00007ffaa6440000 - 0x00007ffaa649d000 	C:\WINDOWS\System32\shlwapi.dll
0x00007ffaa4de0000 - 0x00007ffaa4e05000 	C:\WINDOWS\SYSTEM32\profapi.dll
0x00007ffa594a0000 - 0x00007ffa59577000 	C:\Program Files\Java\jdk-22\bin\jsvml.dll
0x00007ffa85a70000 - 0x00007ffa85a87000 	C:\Program Files\Java\jdk-22\bin\zip.dll
0x00007ffa8e8f0000 - 0x00007ffa8e900000 	C:\Program Files\Java\jdk-22\bin\net.dll
0x00007ffaa43d0000 - 0x00007ffaa4437000 	C:\WINDOWS\system32\mswsock.dll
0x00007ffa79fa0000 - 0x00007ffa79fb6000 	C:\Program Files\Java\jdk-22\bin\nio.dll
0x00007ffa70330000 - 0x00007ffa7034a000 	C:\Program Files\JetBrains\IntelliJ IDEA Community Edition 2024.1.1\bin\breakgen64.dll
0x00007ffa876d0000 - 0x00007ffa876d9000 	C:\Program Files\Java\jdk-22\bin\extnet.dll
0x00007ffa863e0000 - 0x00007ffa863ea000 	C:\Program Files\Java\jdk-22\bin\management.dll
0x00007ffa838a0000 - 0x00007ffa838ab000 	C:\Program Files\Java\jdk-22\bin\management_ext.dll
0x00007ffaa7110000 - 0x00007ffaa7118000 	C:\WINDOWS\System32\PSAPI.DLL
0x00007ffa836c0000 - 0x00007ffa836cb000 	C:\Program Files\Java\jdk-22\bin\le.dll

dbghelp: loaded successfully - version: 4.0.5 - missing functions: none
symbol engine: initialized successfully - sym options: 0x614 - pdb path: .;C:\Program Files\Java\jdk-22\bin;C:\WINDOWS\SYSTEM32;C:\WINDOWS\WinSxS\amd64_microsoft.windows.common-controls_6595b64144ccf1df_6.0.22000.120_none_9d947278b86cc467;C:\Program Files\Java\jdk-22\bin\server;C:\Program Files\JetBrains\IntelliJ IDEA Community Edition 2024.1.1\bin

VM Arguments:
jvm_args: -javaagent:C:\Program Files\JetBrains\IntelliJ IDEA Community Edition 2024.1.1\lib\idea_rt.jar=54807:C:\Program Files\JetBrains\IntelliJ IDEA Community Edition 2024.1.1\bin -Dfile.encoding=UTF-8 -Dsun.stdout.encoding=UTF-8 -Dsun.stderr.encoding=UTF-8 
java_command: com.example.dinhtrongkhang.DinhtrongkhangApplication
java_class_path (initial): C:\Users\Admin\Downloads\dinhtrongkhang\dinhtrongkhang\target\classes;C:\Users\Admin\.m2\repository\org\springframework\boot\spring-boot-starter-data-jpa\3.3.0\spring-boot-starter-data-jpa-3.3.0.jar;C:\Users\Admin\.m2\repository\org\springframework\boot\spring-boot-starter-aop\3.3.0\spring-boot-starter-aop-3.3.0.jar;C:\Users\Admin\.m2\repository\org\springframework\spring-aop\6.1.8\spring-aop-6.1.8.jar;C:\Users\Admin\.m2\repository\org\aspectj\aspectjweaver\1.9.22\aspectjweaver-1.9.22.jar;C:\Users\Admin\.m2\repository\org\springframework\boot\spring-boot-starter-jdbc\3.3.0\spring-boot-starter-jdbc-3.3.0.jar;C:\Users\Admin\.m2\repository\com\zaxxer\HikariCP\5.1.0\HikariCP-5.1.0.jar;C:\Users\Admin\.m2\repository\org\springframework\spring-jdbc\6.1.8\spring-jdbc-6.1.8.jar;C:\Users\Admin\.m2\repository\org\hibernate\orm\hibernate-core\6.5.2.Final\hibernate-core-6.5.2.Final.jar;C:\Users\Admin\.m2\repository\jakarta\persistence\jakarta.persistence-api\3.1.0\jakarta.persistence-api-3.1.0.jar;C:\Users\Admin\.m2\repository\jakarta\transaction\jakarta.transaction-api\2.0.1\jakarta.transaction-api-2.0.1.jar;C:\Users\Admin\.m2\repository\org\jboss\logging\jboss-logging\3.5.3.Final\jboss-logging-3.5.3.Final.jar;C:\Users\Admin\.m2\repository\org\hibernate\common\hibernate-commons-annotations\6.0.6.Final\hibernate-commons-annotations-6.0.6.Final.jar;C:\Users\Admin\.m2\repository\io\smallrye\jandex\3.1.2\jandex-3.1.2.jar;C:\Users\Admin\.m2\repository\com\fasterxml\classmate\1.7.0\classmate-1.7.0.jar;C:\Users\Admin\.m2\repository\net\bytebuddy\byte-buddy\1.14.16\byte-buddy-1.14.16.jar;C:\Users\Admin\.m2\repository\org\glassfish\jaxb\jaxb-runtime\4.0.5\jaxb-runtime-4.0.5.jar;C:\Users\Admin\.m2\repository\org\glassfish\jaxb\jaxb-core\4.0.5\jaxb-core-4.0.5.jar;C:\Users\Admin\.m2\repository\org\eclipse\angus\angus-activation\2.0.2\angus-activation-2.0.2.jar;C:\Users\Admin\.m2\repository\org\glassfish\jaxb\txw2\4.0.5\txw2-4.0.5.jar;C:\Users\Admin\.m2\repository\com\sun\istack\istack-commons-runtime\4.1.2\istack-commons-runtime-4.1.2.jar;C:\Users\Admin\.m2\repository\jakarta\inject\jakarta.inject-api\2.0.1\jakarta.inject-api-2.0.1.jar;C:\Users\Admin\.m2\repository\org\antlr\antlr4-runtime\4.13.0\antlr4-runtime-4.13.0.jar;C:\Users\Admin\.m2\repository\org\springframework\data\spring-data-jpa\3.3.0\spring-data-jpa-3.3.0.jar;C:\Users\Admin\.m2\repository\org\springframework\data\spring-data-commons\3.3.0\spring-data-commons-3.3.0.jar;C:\Users\Admin\.m2\repository\org\springframework\spring-orm\6.1.8\spring-orm-6.1.8.jar;C:\Users\Admin\.m2\repository\org\springframework\spring-context\6.1.8\spring-context-6.1.8.jar;C:\Users\Admin\.m2\repository\org\springframework\spring-tx\6.1.8\spring-tx-6.1.8.jar;C:\Users\Admin\.m2\repository\org\springframework\spring-beans\6.1.8\spring-beans-6.1.8.jar;C:\Users\Admin\.m2\repository\jakarta\annotation\jakarta.annotation-api\2.1.1\jakarta.annotation-api-2.1.1.jar;C:\Users\Admin\.m2\repository\org\slf4j\slf4j-api\2.0.13\slf4j-api-2.0.13.jar;C:\Users\Admin\.m2\repository\org\springframework\spring-aspects\6.1.8\spring-aspects-6.1.8.jar;C:\Users\Admin\.m2\repository\org\springframework\boot\spring-boot-starter-thymeleaf\3.3.0\spring-boot-starter-thymeleaf-3.3.0.jar;C:\Users\Admin\.m2\repository\org\springframework\boot\spring-boot-starter\3.3.0\spring-boot-starter-3.3.0.jar;C:\Users\Admin\.m2\repository\org\springframework\boot\spring-boot-starter-logging\3.3.0\spring-boot-starter-logging-3.3.0.jar;C:\Users\Admin\.m2\repository\ch\qos\logback\logback-classic\1.5.6\logback-classic-1.5.6.jar;C:\Users\Admin\.m2\repository\ch\qos\logback\logback-core\1.5.6\logback-core-1.5.6.jar;C:\Users\Admin\.m2\repository\org\apache\logging\log4j\log4j-to-slf4j\2.23.1\log4j-to-slf4j-2.23.1.jar;C:\Users\Admin\.m2\repository\org\apache\logging\log4j\log4j-api\2.23.1\log4j-api-2.23.1.jar;C:\Users\Admin\.m2\repository\org\slf4j\jul-to-slf4j\2.0.13\jul-to-slf4j-2.0.13.jar;C:\Users\Admin\.m2\repository\org\yaml\snakeyaml\2.2\snakeyaml-2.2.jar;C:\Users\Admin\.m2\repository\org\thymeleaf\thymeleaf-spring6\3.1.2.RELEASE\thymeleaf-spring6-3.1.2.RELEASE.jar;C:\Users\Admin\.m2\repository\org\thymeleaf\thymeleaf\3.1.2.RELEASE\thymeleaf-3.1.2.RELEASE.jar;C:\Users\Admin\.m2\repository\org\attoparser\attoparser\2.0.7.RELEASE\attoparser-2.0.7.RELEASE.jar;C:\Users\Admin\.m2\repository\org\unbescape\unbescape\1.1.6.RELEASE\unbescape-1.1.6.RELEASE.jar;C:\Users\Admin\.m2\repository\org\springframework\boot\spring-boot-starter-web\3.3.0\spring-boot-starter-web-3.3.0.jar;C:\Users\Admin\.m2\repository\org\springframework\boot\spring-boot-starter-json\3.3.0\spring-boot-starter-json-3.3.0.jar;C:\Users\Admin\.m2\repository\com\fasterxml\jackson\core\jackson-databind\2.17.1\jackson-databind-2.17.1.jar;C:\Users\Admin\.m2\repository\com\fasterxml\jackson\core\jackson-annotations\2.17.1\jackson-annotations-2.17.1.jar;C:\Users\Admin\.m2\repository\com\fasterxml\jackson\core\jackson-core\2.17.1\jackson-core-2.17.1.jar;C:\Users\Admin\.m2\repository\com\fasterxml\jackson\datatype\jackson-datatype-jdk8\2.17.1\jackson-datatype-jdk8-2.17.1.jar;C:\Users\Admin\.m2\repository\com\fasterxml\jackson\datatype\jackson-datatype-jsr310\2.17.1\jackson-datatype-jsr310-2.17.1.jar;C:\Users\Admin\.m2\repository\com\fasterxml\jackson\module\jackson-module-parameter-names\2.17.1\jackson-module-parameter-names-2.17.1.jar;C:\Users\Admin\.m2\repository\org\springframework\boot\spring-boot-starter-tomcat\3.3.0\spring-boot-starter-tomcat-3.3.0.jar;C:\Users\Admin\.m2\repository\org\apache\tomcat\embed\tomcat-embed-core\10.1.24\tomcat-embed-core-10.1.24.jar;C:\Users\Admin\.m2\repository\org\apache\tomcat\embed\tomcat-embed-el\10.1.24\tomcat-embed-el-10.1.24.jar;C:\Users\Admin\.m2\repository\org\apache\tomcat\embed\tomcat-embed-websocket\10.1.24\tomcat-embed-websocket-10.1.24.jar;C:\Users\Admin\.m2\repository\org\springframework\spring-web\6.1.8\spring-web-6.1.8.jar;C:\Users\Admin\.m2\repository\io\micrometer\micrometer-observation\1.13.0\micrometer-observation-1.13.0.jar;C:\Users\Admin\.m2\repository\io\micrometer\micrometer-commons\1.13.0\micrometer-commons-1.13.0.jar;C:\Users\Admin\.m2\repository\org\springframework\spring-webmvc\6.1.8\spring-webmvc-6.1.8.jar;C:\Users\Admin\.m2\repository\org\springframework\spring-expression\6.1.8\spring-expression-6.1.8.jar;C:\Users\Admin\.m2\repository\org\springframework\boot\spring-boot-devtools\3.3.0\spring-boot-devtools-3.3.0.jar;C:\Users\Admin\.m2\repository\org\springframework\boot\spring-boot\3.3.0\spring-boot-3.3.0.jar;C:\Users\Admin\.m2\repository\org\springframework\boot\spring-boot-autoconfigure\3.3.0\spring-boot-autoconfigure-3.3.0.jar;C:\Users\Admin\.m2\repository\com\mysql\mysql-connector-j\8.3.0\mysql-connector-j-8.3.0.jar;C:\Users\Admin\.m2\repository\org\projectlombok\lombok\1.18.32\lombok-1.18.32.jar;C:\Users\Admin\.m2\repository\jakarta\xml\bind\jakarta.xml.bind-api\4.0.2\jakarta.xml.bind-api-4.0.2.jar;C:\Users\Admin\.m2\repository\jakarta\activation\jakarta.activation-api\2.1.3\jakarta.activation-api-2.1.3.jar;C:\Users\Admin\.m2\repository\org\springframework\spring-core\6.1.8\spring-core-6.1.8.jar;C:\Users\Admin\.m2\repository\org\springframework\spring-jcl\6.1.8\spring-jcl-6.1.8.jar;C:\Users\Admin\.m2\repository\org\jetbrains\annotations\24.1.0\annotations-24.1.0.jar
Launcher Type: SUN_STANDARD

[Global flags]
     intx CICompilerCount                          = 3                                         {product} {ergonomic}
     uint ConcGCThreads                            = 1                                         {product} {ergonomic}
     uint G1ConcRefinementThreads                  = 4                                         {product} {ergonomic}
   size_t G1HeapRegionSize                         = 1048576                                   {product} {ergonomic}
   size_t InitialHeapSize                          = 62914560                                  {product} {ergonomic}
   size_t MarkStackSize                            = 4194304                                   {product} {ergonomic}
   size_t MaxHeapSize                              = 994050048                                 {product} {ergonomic}
   size_t MaxNewSize                               = 595591168                                 {product} {ergonomic}
   size_t MinHeapDeltaBytes                        = 1048576                                   {product} {ergonomic}
   size_t MinHeapSize                              = 8388608                                   {product} {ergonomic}
    uintx NonNMethodCodeHeapSize                   = 5832780                                {pd product} {ergonomic}
    uintx NonProfiledCodeHeapSize                  = 122912730                              {pd product} {ergonomic}
    uintx ProfiledCodeHeapSize                     = 122912730                              {pd product} {ergonomic}
    uintx ReservedCodeCacheSize                    = 251658240                              {pd product} {ergonomic}
     bool SegmentedCodeCache                       = true                                      {product} {ergonomic}
   size_t SoftMaxHeapSize                          = 994050048                              {manageable} {ergonomic}
     bool UseCompressedOops                        = true                           {product lp64_product} {ergonomic}
     bool UseG1GC                                  = true                                      {product} {ergonomic}
     bool UseLargePagesIndividualAllocation        = false                                  {pd product} {ergonomic}

Logging:
Log output configuration:
 #0: stdout all=warning uptime,level,tags foldmultilines=false
 #1: stderr all=off uptime,level,tags foldmultilines=false

Environment Variables:
PATH=C:\ProgramData\Oracle\Java\javapath;C:\Program Files\Common Files\Oracle\Java\javapath;C:\Program Files\Eclipse Adoptium\jdk-17.0.4.8-hotspot\bin;C:\WINDOWS\system32;C:\WINDOWS;C:\WINDOWS\System32\Wbem;C:\WINDOWS\System32\WindowsPowerShell\v1.0\;C:\WINDOWS\System32\OpenSSH\;c:\altera\91sp2\quartus\bin;C:\MinGW\bin;C:\Program Files\Microsoft SQL Server\Client SDK\ODBC\170\Tools\Binn\;C:\Program Files (x86)\Microsoft SQL Server\150\Tools\Binn\;C:\Program Files\Microsoft SQL Server\150\Tools\Binn\;C:\Program Files\Microsoft SQL Server\150\DTS\Binn\;C:\Program Files (x86)\Microsoft SQL Server\150\DTS\Binn\;C:\Program Files\Git\cmd;C:\Program Files\Cloudflare\Cloudflare WARP\;C:\Program Files\dotnet\;C:\Program Files\HP\HP One Agent;C:\Program Files (x86)\Git\cmd;C:\Users\Admin\AppData\Local\Microsoft\WindowsApps;C:\Users\Admin\.dotnet\tools;C:\Program Files\Azure Data Studio\bin
USERNAME=DinhTrongKhang
OS=Windows_NT
PROCESSOR_IDENTIFIER=Intel64 Family 6 Model 126 Stepping 5, GenuineIntel
TMP=C:\Users\Admin\AppData\Local\Temp
TEMP=C:\Users\Admin\AppData\Local\Temp




Periodic native trim disabled

---------------  S Y S T E M  ---------------

OS:
 Windows 11 , 64 bit Build 22000 (10.0.22000.2538)
OS uptime: 0 days 1:45 hours

CPU: total 4 (initial active 4) (2 cores per cpu, 2 threads per core) family 6 model 126 stepping 5 microcode 0xa0, cx8, cmov, fxsr, ht, mmx, 3dnowpref, sse, sse2, sse3, ssse3, sse4.1, sse4.2, popcnt, lzcnt, tsc, tscinvbit, avx, avx2, aes, erms, clmul, bmi1, bmi2, adx, avx512f, avx512dq, avx512cd, avx512bw, avx512vl, sha, fma, vzeroupper, avx512_vpopcntdq, avx512_vpclmulqdq, avx512_vaes, avx512_vnni, clflush, clflushopt, avx512_vbmi2, avx512_vbmi, rdtscp, rdpid, fsrm, gfni, avx512_bitalg, f16c, pku, avx512_ifma
Processor Information for all 4 processors :
  Max Mhz: 1190, Current Mhz: 1190, Mhz Limit: 1190

Memory: 4k page, system-wide physical 3784M (273M free)
TotalPageFile size 11976M (AvailPageFile size 2M)
current process WorkingSet (physical memory assigned to process): 100M, peak: 100M
current process commit charge ("private bytes"): 162M, peak: 162M

vm_info: Java HotSpot(TM) 64-Bit Server VM (22.0.1+8-16) for windows-amd64 JRE (22.0.1+8-16), built on 2024-03-12T10:33:16Z by "mach5one" with MS VC++ 17.6 (VS2022)

END.
