#
# There is insufficient memory for the Java Runtime Environment to continue.
# Native memory allocation (malloc) failed to allocate 1772336 bytes. Error detail: Chunk::new
# Possible reasons:
#   The system is out of physical RAM or swap space
#   This process is running with CompressedOops enabled, and the Java Heap may be blocking the growth of the native heap
# Possible solutions:
#   Reduce memory load on the system
#   Increase physical memory or swap space
#   Check if swap backing store is full
#   Decrease Java heap size (-Xmx/-Xms)
#   Decrease number of Java threads
#   Decrease Java thread stack sizes (-Xss)
#   Set larger code cache with -XX:ReservedCodeCacheSize=
#   JVM is running with Unscaled Compressed Oops mode in which the Java heap is
#     placed in the first 4GB address space. The Java Heap base address is the
#     maximum limit for the native heap growth. Please use -XX:HeapBaseMinAddress
#     to set the Java Heap base and to place the Java Heap above 4GB virtual address.
# This output file may be truncated or incomplete.
#
#  Out of Memory Error (arena.cpp:150), pid=29204, tid=20896
#
# JRE version: Java(TM) SE Runtime Environment (22.0.1+8) (build 22.0.1+8-16)
# Java VM: Java HotSpot(TM) 64-Bit Server VM (22.0.1+8-16, mixed mode, sharing, tiered, compressed oops, compressed class ptrs, g1 gc, windows-amd64)
# No core dump will be written. Minidumps are not enabled by default on client versions of Windows
#

---------------  S U M M A R Y ------------

Command Line: -javaagent:C:\Program Files\JetBrains\IntelliJ IDEA Community Edition 2024.1.1\lib\idea_rt.jar=54818:C:\Program Files\JetBrains\IntelliJ IDEA Community Edition 2024.1.1\bin -Dfile.encoding=UTF-8 -Dsun.stdout.encoding=UTF-8 -Dsun.stderr.encoding=UTF-8 com.example.dinhtrongkhang.DinhtrongkhangApplication

Host: Intel(R) Core(TM) i3-1005G1 CPU @ 1.20GHz, 4 cores, 3G,  Windows 11 , 64 bit Build 22000 (10.0.22000.2538)
Time: Mon Jun 10 15:51:44 2024 SE Asia Standard Time elapsed time: 13.807932 seconds (0d 0h 0m 13s)

---------------  T H R E A D  ---------------

Current thread (0x000001b0c67110f0):  JavaThread "C2 CompilerThread0" daemon [_thread_in_native, id=20896, stack(0x000000ab87500000,0x000000ab87600000) (1024K)]


Current CompileTask:
C2:13807 3804   !   4       jdk.internal.loader.BuiltinClassLoader::loadClassOrNull (143 bytes)

Stack: [0x000000ab87500000,0x000000ab87600000]
Native frames: (J=compiled Java code, j=interpreted, Vv=VM code, C=native code)
V  [jvm.dll+0x6e2279]  (no source info available)
V  [jvm.dll+0x874e33]  (no source info available)
V  [jvm.dll+0x87725e]  (no source info available)
V  [jvm.dll+0x877933]  (no source info available)
V  [jvm.dll+0x27fd76]  (no source info available)
V  [jvm.dll+0xc3d0f]  (no source info available)
V  [jvm.dll+0xc3f6b]  (no source info available)
V  [jvm.dll+0x3bb0d2]  (no source info available)
V  [jvm.dll+0x387b6b]  (no source info available)
V  [jvm.dll+0x386fda]  (no source info available)
V  [jvm.dll+0x247918]  (no source info available)
V  [jvm.dll+0x246fbf]  (no source info available)
V  [jvm.dll+0x1c4e90]  (no source info available)
V  [jvm.dll+0x2569fe]  (no source info available)
V  [jvm.dll+0x254cba]  (no source info available)
V  [jvm.dll+0x3f5336]  (no source info available)
V  [jvm.dll+0x81d44b]  (no source info available)
V  [jvm.dll+0x6e0915]  (no source info available)
C  [ucrtbase.dll+0x26c0c]  (no source info available)
C  [KERNEL32.DLL+0x153e0]  (no source info available)
C  [ntdll.dll+0x485b]  (no source info available)


---------------  P R O C E S S  ---------------

Threads class SMR info:
_java_thread_list=0x000001b10d7a1040, length=28, elements={
0x000001b0a9c57580, 0x000001b0c66ffba0, 0x000001b0c6702b70, 0x000001b0c6705880,
0x000001b0c67063d0, 0x000001b0c6706f20, 0x000001b0c6707a70, 0x000001b0c67110f0,
0x000001b0c6715470, 0x000001b0c6917550, 0x000001b0c6b3e280, 0x000001b0c6add720,
0x000001b10c1ebde0, 0x000001b10c6db430, 0x000001b10ddc2dd0, 0x000001b10dcb0fe0,
0x000001b10e1108f0, 0x000001b10e10db00, 0x000001b10e10e190, 0x000001b10e10e820,
0x000001b10e10eeb0, 0x000001b10e10f540, 0x000001b10e10fbd0, 0x000001b10e110260,
0x000001b10e110f80, 0x000001b10e11bea0, 0x000001b10e11f320, 0x000001b10e11df70
}

Java Threads: ( => current thread )
  0x000001b0a9c57580 JavaThread "main"                              [_thread_blocked, id=29196, stack(0x000000ab86700000,0x000000ab86800000) (1024K)]
  0x000001b0c66ffba0 JavaThread "Reference Handler"          daemon [_thread_blocked, id=25092, stack(0x000000ab86f00000,0x000000ab87000000) (1024K)]
  0x000001b0c6702b70 JavaThread "Finalizer"                  daemon [_thread_blocked, id=912, stack(0x000000ab87000000,0x000000ab87100000) (1024K)]
  0x000001b0c6705880 JavaThread "Signal Dispatcher"          daemon [_thread_blocked, id=27740, stack(0x000000ab87100000,0x000000ab87200000) (1024K)]
  0x000001b0c67063d0 JavaThread "Attach Listener"            daemon [_thread_blocked, id=27388, stack(0x000000ab87200000,0x000000ab87300000) (1024K)]
  0x000001b0c6706f20 JavaThread "Service Thread"             daemon [_thread_blocked, id=28496, stack(0x000000ab87300000,0x000000ab87400000) (1024K)]
  0x000001b0c6707a70 JavaThread "Monitor Deflation Thread"   daemon [_thread_blocked, id=29592, stack(0x000000ab87400000,0x000000ab87500000) (1024K)]
=>0x000001b0c67110f0 JavaThread "C2 CompilerThread0"         daemon [_thread_in_native, id=20896, stack(0x000000ab87500000,0x000000ab87600000) (1024K)]
  0x000001b0c6715470 JavaThread "C1 CompilerThread0"         daemon [_thread_blocked, id=26472, stack(0x000000ab87600000,0x000000ab87700000) (1024K)]
  0x000001b0c6917550 JavaThread "Common-Cleaner"             daemon [_thread_blocked, id=24196, stack(0x000000ab87700000,0x000000ab87800000) (1024K)]
  0x000001b0c6b3e280 JavaThread "Monitor Ctrl-Break"         daemon [_thread_in_native, id=29292, stack(0x000000ab87800000,0x000000ab87900000) (1024K)]
  0x000001b0c6add720 JavaThread "Notification Thread"        daemon [_thread_blocked, id=27324, stack(0x000000ab87900000,0x000000ab87a00000) (1024K)]
  0x000001b10c1ebde0 JavaThread "Thread-0"                          [_thread_blocked, id=24992, stack(0x000000ab87d00000,0x000000ab87e00000) (1024K)]
  0x000001b10c6db430 JavaThread "restartedMain"                     [_thread_in_vm, id=28740, stack(0x000000ab87e00000,0x000000ab87f00000) (1024K)]
  0x000001b10ddc2dd0 JavaThread "Catalina-utility-1"                [_thread_blocked, id=29140, stack(0x000000ab87f00000,0x000000ab88000000) (1024K)]
  0x000001b10dcb0fe0 JavaThread "Catalina-utility-2"                [_thread_blocked, id=29108, stack(0x000000ab88000000,0x000000ab88100000) (1024K)]
  0x000001b10e1108f0 JavaThread "http-nio-8080-exec-1"       daemon [_thread_blocked, id=25816, stack(0x000000ab88100000,0x000000ab88200000) (1024K)]
  0x000001b10e10db00 JavaThread "http-nio-8080-exec-2"       daemon [_thread_blocked, id=21244, stack(0x000000ab88200000,0x000000ab88300000) (1024K)]
  0x000001b10e10e190 JavaThread "http-nio-8080-exec-3"       daemon [_thread_blocked, id=29552, stack(0x000000ab88300000,0x000000ab88400000) (1024K)]
  0x000001b10e10e820 JavaThread "http-nio-8080-exec-4"       daemon [_thread_blocked, id=29588, stack(0x000000ab88400000,0x000000ab88500000) (1024K)]
  0x000001b10e10eeb0 JavaThread "http-nio-8080-exec-5"       daemon [_thread_blocked, id=28520, stack(0x000000ab88500000,0x000000ab88600000) (1024K)]
  0x000001b10e10f540 JavaThread "http-nio-8080-exec-6"       daemon [_thread_blocked, id=26996, stack(0x000000ab88600000,0x000000ab88700000) (1024K)]
  0x000001b10e10fbd0 JavaThread "http-nio-8080-exec-7"       daemon [_thread_blocked, id=29496, stack(0x000000ab88700000,0x000000ab88800000) (1024K)]
  0x000001b10e110260 JavaThread "http-nio-8080-exec-8"       daemon [_thread_blocked, id=28812, stack(0x000000ab88800000,0x000000ab88900000) (1024K)]
  0x000001b10e110f80 JavaThread "http-nio-8080-exec-9"       daemon [_thread_blocked, id=11920, stack(0x000000ab88900000,0x000000ab88a00000) (1024K)]
  0x000001b10e11bea0 JavaThread "http-nio-8080-exec-10"      daemon [_thread_blocked, id=29304, stack(0x000000ab88a00000,0x000000ab88b00000) (1024K)]
  0x000001b10e11f320 JavaThread "container-0"                       [_thread_blocked, id=29324, stack(0x000000ab88b00000,0x000000ab88c00000) (1024K)]
  0x000001b10e11df70 JavaThread "mysql-cj-abandoned-connection-cleanup" daemon [_thread_blocked, id=17760, stack(0x000000ab88c00000,0x000000ab88d00000) (1024K)]
Total: 28

Other Threads:
  0x000001b0a9e44810 VMThread "VM Thread"                           [id=23888, stack(0x000000ab86e00000,0x000000ab86f00000) (1024K)]
  0x000001b0c66ed680 WatcherThread "VM Periodic Task Thread"        [id=29060, stack(0x000000ab86d00000,0x000000ab86e00000) (1024K)]
  0x000001b0a9dbeee0 WorkerThread "GC Thread#0"                     [id=29656, stack(0x000000ab86800000,0x000000ab86900000) (1024K)]
  0x000001b0c6b5b150 WorkerThread "GC Thread#1"                     [id=28640, stack(0x000000ab87a00000,0x000000ab87b00000) (1024K)]
  0x000001b10c30af80 WorkerThread "GC Thread#2"                     [id=28108, stack(0x000000ab87b00000,0x000000ab87c00000) (1024K)]
  0x000001b10c30b330 WorkerThread "GC Thread#3"                     [id=9000, stack(0x000000ab87c00000,0x000000ab87d00000) (1024K)]
  0x000001b0a9dc7550 ConcurrentGCThread "G1 Main Marker"            [id=29532, stack(0x000000ab86900000,0x000000ab86a00000) (1024K)]
  0x000001b0a9dc8060 WorkerThread "G1 Conc#0"                       [id=29512, stack(0x000000ab86a00000,0x000000ab86b00000) (1024K)]
  0x000001b0a9e1bb60 ConcurrentGCThread "G1 Refine#0"               [id=25424, stack(0x000000ab86b00000,0x000000ab86c00000) (1024K)]
  0x000001b0a9e1c6e0 ConcurrentGCThread "G1 Service"                [id=29248, stack(0x000000ab86c00000,0x000000ab86d00000) (1024K)]
Total: 10

Threads with active compile tasks:
C2 CompilerThread0  13875 3804   !   4       jdk.internal.loader.BuiltinClassLoader::loadClassOrNull (143 bytes)
Total: 1

VM state: not at safepoint (normal execution)

VM Mutex/Monitor currently owned by a thread: None

Heap address: 0x00000000c4c00000, size: 948 MB, Compressed Oops mode: 32-bit

CDS archive(s) mapped at: [0x000001b0c7000000-0x000001b0c7c60000-0x000001b0c7c60000), size 12976128, SharedBaseAddress: 0x000001b0c7000000, ArchiveRelocationMode: 1.
Compressed class space mapped at: 0x000001b0c8000000-0x000001b108000000, reserved size: 1073741824
Narrow klass base: 0x000001b0c7000000, Narrow klass shift: 0, Narrow klass range: 0x41000000

GC Precious Log:
 CardTable entry size: 512
 Card Set container configuration: InlinePtr #cards 5 size 8 Array Of Cards #cards 12 size 40 Howl #buckets 4 coarsen threshold 1843 Howl Bitmap #cards 512 size 80 coarsen threshold 460 Card regions per heap region 1 cards per card region 2048
 CPUs: 4 total, 4 available
 Memory: 3784M
 Large Page Support: Disabled
 NUMA Support: Disabled
 Compressed Oops: Enabled (32-bit)
 Heap Region Size: 1M
 Heap Min Capacity: 8M
 Heap Initial Capacity: 60M
 Heap Max Capacity: 948M
 Pre-touch: Disabled
 Parallel Workers: 4
 Concurrent Workers: 1
 Concurrent Refinement Workers: 4
 Periodic GC: Disabled

Heap:
 garbage-first heap   total reserved 970752K, committed 51200K, used 19456K [0x00000000c4c00000, 0x0000000100000000)
  region size 1024K, 4 young (4096K), 2 survivors (2048K)
 Metaspace       used 30547K, committed 31040K, reserved 1114112K
  class space    used 3881K, committed 4096K, reserved 1048576K

Heap Regions: E=young(eden), S=young(survivor), O=old, HS=humongous(starts), HC=humongous(continues), CS=collection set, F=free, TAMS=top-at-mark-start, PB=parsable bottom
|   0|0x00000000c4c00000, 0x00000000c4d00000, 0x00000000c4d00000|100%|HS|  |TAMS 0x00000000c4c00000| PB 0x00000000c4c00000| Complete |  0
|   1|0x00000000c4d00000, 0x00000000c4e00000, 0x00000000c4e00000|100%| O|  |TAMS 0x00000000c4d00000| PB 0x00000000c4d00000| Untracked |  0
|   2|0x00000000c4e00000, 0x00000000c4f00000, 0x00000000c4f00000|100%| O|  |TAMS 0x00000000c4e00000| PB 0x00000000c4e00000| Untracked |  0
|   3|0x00000000c4f00000, 0x00000000c5000000, 0x00000000c5000000|100%| O|  |TAMS 0x00000000c4f00000| PB 0x00000000c4f00000| Untracked |  0
|   4|0x00000000c5000000, 0x00000000c5100000, 0x00000000c5100000|100%| O|  |TAMS 0x00000000c5000000| PB 0x00000000c5000000| Untracked |  0
|   5|0x00000000c5100000, 0x00000000c5200000, 0x00000000c5200000|100%| O|  |TAMS 0x00000000c5100000| PB 0x00000000c5100000| Untracked |  0
|   6|0x00000000c5200000, 0x00000000c5300000, 0x00000000c5300000|100%| O|  |TAMS 0x00000000c5200000| PB 0x00000000c5200000| Untracked |  0
|   7|0x00000000c5300000, 0x00000000c5400000, 0x00000000c5400000|100%| O|  |TAMS 0x00000000c5300000| PB 0x00000000c5300000| Untracked |  0
|   8|0x00000000c5400000, 0x00000000c5500000, 0x00000000c5500000|100%| O|  |TAMS 0x00000000c5400000| PB 0x00000000c5400000| Untracked |  0
|   9|0x00000000c5500000, 0x00000000c5600000, 0x00000000c5600000|100%| O|  |TAMS 0x00000000c5500000| PB 0x00000000c5500000| Untracked |  0
|  10|0x00000000c5600000, 0x00000000c5700000, 0x00000000c5700000|100%| O|  |TAMS 0x00000000c5600000| PB 0x00000000c5600000| Untracked |  0
|  11|0x00000000c5700000, 0x00000000c5800000, 0x00000000c5800000|100%| O|  |TAMS 0x00000000c5700000| PB 0x00000000c5700000| Untracked |  0
|  12|0x00000000c5800000, 0x00000000c5900000, 0x00000000c5900000|100%| O|  |TAMS 0x00000000c5800000| PB 0x00000000c5800000| Untracked |  0
|  13|0x00000000c5900000, 0x00000000c5900000, 0x00000000c5a00000|  0%| F|  |TAMS 0x00000000c5900000| PB 0x00000000c5900000| Untracked |  0
|  14|0x00000000c5a00000, 0x00000000c5b00000, 0x00000000c5b00000|100%| O|  |TAMS 0x00000000c5a00000| PB 0x00000000c5a00000| Untracked |  0
|  15|0x00000000c5b00000, 0x00000000c5c00000, 0x00000000c5c00000|100%| O|  |TAMS 0x00000000c5b00000| PB 0x00000000c5b00000| Untracked |  0
|  16|0x00000000c5c00000, 0x00000000c5d00000, 0x00000000c5d00000|100%| O|  |TAMS 0x00000000c5c00000| PB 0x00000000c5c00000| Untracked |  0
|  17|0x00000000c5d00000, 0x00000000c5d00000, 0x00000000c5e00000|  0%| F|  |TAMS 0x00000000c5d00000| PB 0x00000000c5d00000| Untracked |  0
|  18|0x00000000c5e00000, 0x00000000c5e00000, 0x00000000c5f00000|  0%| F|  |TAMS 0x00000000c5e00000| PB 0x00000000c5e00000| Untracked |  0
|  19|0x00000000c5f00000, 0x00000000c5f00000, 0x00000000c6000000|  0%| F|  |TAMS 0x00000000c5f00000| PB 0x00000000c5f00000| Untracked |  0
|  20|0x00000000c6000000, 0x00000000c6000000, 0x00000000c6100000|  0%| F|  |TAMS 0x00000000c6000000| PB 0x00000000c6000000| Untracked |  0
|  21|0x00000000c6100000, 0x00000000c6100000, 0x00000000c6200000|  0%| F|  |TAMS 0x00000000c6100000| PB 0x00000000c6100000| Untracked |  0
|  22|0x00000000c6200000, 0x00000000c6200000, 0x00000000c6300000|  0%| F|  |TAMS 0x00000000c6200000| PB 0x00000000c6200000| Untracked |  0
|  23|0x00000000c6300000, 0x00000000c6300000, 0x00000000c6400000|  0%| F|  |TAMS 0x00000000c6300000| PB 0x00000000c6300000| Untracked |  0
|  24|0x00000000c6400000, 0x00000000c6500000, 0x00000000c6500000|100%| S|CS|TAMS 0x00000000c6400000| PB 0x00000000c6400000| Complete |  0
|  25|0x00000000c6500000, 0x00000000c6600000, 0x00000000c6600000|100%| S|CS|TAMS 0x00000000c6500000| PB 0x00000000c6500000| Complete |  0
|  26|0x00000000c6600000, 0x00000000c6600000, 0x00000000c6700000|  0%| F|  |TAMS 0x00000000c6600000| PB 0x00000000c6600000| Untracked |  0
|  27|0x00000000c6700000, 0x00000000c6700000, 0x00000000c6800000|  0%| F|  |TAMS 0x00000000c6700000| PB 0x00000000c6700000| Untracked |  0
|  28|0x00000000c6800000, 0x00000000c6800000, 0x00000000c6900000|  0%| F|  |TAMS 0x00000000c6800000| PB 0x00000000c6800000| Untracked |  0
|  29|0x00000000c6900000, 0x00000000c6900000, 0x00000000c6a00000|  0%| F|  |TAMS 0x00000000c6900000| PB 0x00000000c6900000| Untracked |  0
|  30|0x00000000c6a00000, 0x00000000c6a00000, 0x00000000c6b00000|  0%| F|  |TAMS 0x00000000c6a00000| PB 0x00000000c6a00000| Untracked |  0
|  31|0x00000000c6b00000, 0x00000000c6b00000, 0x00000000c6c00000|  0%| F|  |TAMS 0x00000000c6b00000| PB 0x00000000c6b00000| Untracked |  0
|  32|0x00000000c6c00000, 0x00000000c6c00000, 0x00000000c6d00000|  0%| F|  |TAMS 0x00000000c6c00000| PB 0x00000000c6c00000| Untracked |  0
|  33|0x00000000c6d00000, 0x00000000c6d00000, 0x00000000c6e00000|  0%| F|  |TAMS 0x00000000c6d00000| PB 0x00000000c6d00000| Untracked |  0
|  34|0x00000000c6e00000, 0x00000000c6e00000, 0x00000000c6f00000|  0%| F|  |TAMS 0x00000000c6e00000| PB 0x00000000c6e00000| Untracked |  0
|  35|0x00000000c6f00000, 0x00000000c6f00000, 0x00000000c7000000|  0%| F|  |TAMS 0x00000000c6f00000| PB 0x00000000c6f00000| Untracked |  0
|  36|0x00000000c7000000, 0x00000000c7000000, 0x00000000c7100000|  0%| F|  |TAMS 0x00000000c7000000| PB 0x00000000c7000000| Untracked |  0
|  37|0x00000000c7100000, 0x00000000c7100000, 0x00000000c7200000|  0%| F|  |TAMS 0x00000000c7100000| PB 0x00000000c7100000| Untracked |  0
|  38|0x00000000c7200000, 0x00000000c7200000, 0x00000000c7300000|  0%| F|  |TAMS 0x00000000c7200000| PB 0x00000000c7200000| Untracked |  0
|  39|0x00000000c7300000, 0x00000000c7300000, 0x00000000c7400000|  0%| F|  |TAMS 0x00000000c7300000| PB 0x00000000c7300000| Untracked |  0
|  40|0x00000000c7400000, 0x00000000c7400000, 0x00000000c7500000|  0%| F|  |TAMS 0x00000000c7400000| PB 0x00000000c7400000| Untracked |  0
|  41|0x00000000c7500000, 0x00000000c7500000, 0x00000000c7600000|  0%| F|  |TAMS 0x00000000c7500000| PB 0x00000000c7500000| Untracked |  0
|  42|0x00000000c7600000, 0x00000000c7600000, 0x00000000c7700000|  0%| F|  |TAMS 0x00000000c7600000| PB 0x00000000c7600000| Untracked |  0
|  43|0x00000000c7700000, 0x00000000c7700000, 0x00000000c7800000|  0%| F|  |TAMS 0x00000000c7700000| PB 0x00000000c7700000| Untracked |  0
|  44|0x00000000c7800000, 0x00000000c7800000, 0x00000000c7900000|  0%| F|  |TAMS 0x00000000c7800000| PB 0x00000000c7800000| Untracked |  0
|  45|0x00000000c7900000, 0x00000000c7900000, 0x00000000c7a00000|  0%| F|  |TAMS 0x00000000c7900000| PB 0x00000000c7900000| Untracked |  0
|  46|0x00000000c7a00000, 0x00000000c7a00000, 0x00000000c7b00000|  0%| F|  |TAMS 0x00000000c7a00000| PB 0x00000000c7a00000| Untracked |  0
|  47|0x00000000c7b00000, 0x00000000c7b00000, 0x00000000c7c00000|  0%| F|  |TAMS 0x00000000c7b00000| PB 0x00000000c7b00000| Untracked |  0
|  55|0x00000000c8300000, 0x00000000c83d7468, 0x00000000c8400000| 84%| E|  |TAMS 0x00000000c8300000| PB 0x00000000c8300000| Complete |  0
|  59|0x00000000c8700000, 0x00000000c8800000, 0x00000000c8800000|100%| E|CS|TAMS 0x00000000c8700000| PB 0x00000000c8700000| Complete |  0

Card table byte_map: [0x000001b0c30c0000,0x000001b0c32a0000] _byte_map_base: 0x000001b0c2a9a000

Marking Bits: (CMBitMap*) 0x000001b0a9dbf5f0
 Bits: [0x000001b0c32a0000, 0x000001b0c4170000)

Polling page: 0x000001b0a9e50000

Metaspace:

Usage:
  Non-class:     26.04 MB used.
      Class:      3.79 MB used.
       Both:     29.83 MB used.

Virtual space:
  Non-class space:       64.00 MB reserved,      26.31 MB ( 41%) committed,  1 nodes.
      Class space:        1.00 GB reserved,       4.00 MB ( <1%) committed,  1 nodes.
             Both:        1.06 GB reserved,      30.31 MB (  3%) committed. 

Chunk freelists:
   Non-Class:  5.09 MB
       Class:  11.81 MB
        Both:  16.91 MB

MaxMetaspaceSize: unlimited
CompressedClassSpaceSize: 1.00 GB
Initial GC threshold: 21.00 MB
Current GC threshold: 35.25 MB
CDS: on
 - commit_granule_bytes: 65536.
 - commit_granule_words: 8192.
 - virtual_space_node_default_size: 8388608.
 - enlarge_chunks_in_place: 1.
 - use_allocation_guard: 0.


Internal statistics:

num_allocs_failed_limit: 3.
num_arena_births: 640.
num_arena_deaths: 0.
num_vsnodes_births: 2.
num_vsnodes_deaths: 0.
num_space_committed: 485.
num_space_uncommitted: 0.
num_chunks_returned_to_freelist: 3.
num_chunks_taken_from_freelist: 1724.
num_chunk_merges: 3.
num_chunk_splits: 1145.
num_chunks_enlarged: 773.
num_inconsistent_stats: 0.

CodeHeap 'non-profiled nmethods': size=120000Kb used=1820Kb max_used=1820Kb free=118179Kb
 bounds [0x000001b0bb370000, 0x000001b0bb5e0000, 0x000001b0c28a0000]
CodeHeap 'profiled nmethods': size=120000Kb used=8534Kb max_used=8534Kb free=111466Kb
 bounds [0x000001b0b38a0000, 0x000001b0b4100000, 0x000001b0badd0000]
CodeHeap 'non-nmethods': size=5760Kb used=1653Kb max_used=1674Kb free=4106Kb
 bounds [0x000001b0badd0000, 0x000001b0bb040000, 0x000001b0bb370000]
 total_blobs=4706 nmethods=4141 adapters=469
 compilation: enabled
              stopped_count=0, restarted_count=0
 full_count=0

Compilation events (20 events):
Event: 13.740 Thread 0x000001b0c6715470 4126   !   3       org.springframework.beans.factory.support.AbstractBeanFactory::resolveBeanClass (96 bytes)
Event: 13.742 Thread 0x000001b0c6715470 nmethod 4126 0x000001b0b40e4c90 code [0x000001b0b40e5000, 0x000001b0b40e6f18]
Event: 13.742 Thread 0x000001b0c6715470 4127       3       org.springframework.beans.factory.config.BeanPostProcessor::postProcessAfterInitialization (2 bytes)
Event: 13.742 Thread 0x000001b0c6715470 nmethod 4127 0x000001b0b40e7990 code [0x000001b0b40e7b20, 0x000001b0b40e7c30]
Event: 13.745 Thread 0x000001b0c6715470 4130       2       org.springframework.core.BridgeMethodResolver$$Lambda/0x000001b0c8379018::doWith (11 bytes)
Event: 13.745 Thread 0x000001b0c6715470 nmethod 4130 0x000001b0b40e7d10 code [0x000001b0b40e7ec0, 0x000001b0b40e7ff8]
Event: 13.749 Thread 0x000001b0c6715470 4131       2       org.springframework.core.annotation.AnnotationUtils::isCandidateClass (22 bytes)
Event: 13.750 Thread 0x000001b0c6715470 nmethod 4131 0x000001b0b40e8090 code [0x000001b0b40e8260, 0x000001b0b40e8498]
Event: 13.750 Thread 0x000001b0c6715470 4132       2       java.lang.reflect.Field::hashCode (19 bytes)
Event: 13.750 Thread 0x000001b0c6715470 nmethod 4132 0x000001b0b40e8610 code [0x000001b0b40e87c0, 0x000001b0b40e8958]
Event: 13.758 Thread 0x000001b0c6715470 4133       2       java.lang.invoke.StringConcatFactory::parseRecipe (213 bytes)
Event: 13.760 Thread 0x000001b0c6715470 nmethod 4133 0x000001b0b40e8a90 code [0x000001b0b40e8d20, 0x000001b0b40e97c8]
Event: 13.766 Thread 0x000001b0c6715470 4134       2       java.util.Locale::equals (75 bytes)
Event: 13.767 Thread 0x000001b0c6715470 nmethod 4134 0x000001b0b40e9f90 code [0x000001b0b40ea180, 0x000001b0b40ea4f0]
Event: 13.781 Thread 0x000001b0c6715470 4135       2       java.nio.Buffer::mark (10 bytes)
Event: 13.782 Thread 0x000001b0c6715470 nmethod 4135 0x000001b0b40ea690 code [0x000001b0b40ea820, 0x000001b0b40ea930]
Event: 13.791 Thread 0x000001b0c6715470 4138       1       java.util.LinkedList::size (5 bytes)
Event: 13.792 Thread 0x000001b0c6715470 nmethod 4138 0x000001b0bb536510 code [0x000001b0bb5366a0, 0x000001b0bb536768]
Event: 13.798 Thread 0x000001b0c6715470 4139       2       java.lang.invoke.LambdaForm$Name::<init> (65 bytes)
Event: 13.799 Thread 0x000001b0c6715470 nmethod 4139 0x000001b0b40ea990 code [0x000001b0b40eab40, 0x000001b0b40eacf8]

GC Heap History (12 events):
Event: 1.130 GC heap before
{Heap before GC invocations=0 (full 0):
 garbage-first heap   total reserved 970752K, committed 61440K, used 14336K [0x00000000c4c00000, 0x0000000100000000)
  region size 1024K, 14 young (14336K), 0 survivors (0K)
 Metaspace       used 3920K, committed 4096K, reserved 1114112K
  class space    used 419K, committed 512K, reserved 1048576K
}
Event: 1.136 GC heap after
{Heap after GC invocations=1 (full 0):
 garbage-first heap   total reserved 970752K, committed 61440K, used 6272K [0x00000000c4c00000, 0x0000000100000000)
  region size 1024K, 2 young (2048K), 2 survivors (2048K)
 Metaspace       used 3920K, committed 4096K, reserved 1114112K
  class space    used 419K, committed 512K, reserved 1048576K
}
Event: 5.061 GC heap before
{Heap before GC invocations=1 (full 0):
 garbage-first heap   total reserved 970752K, committed 61440K, used 19584K [0x00000000c4c00000, 0x0000000100000000)
  region size 1024K, 16 young (16384K), 2 survivors (2048K)
 Metaspace       used 7417K, committed 7680K, reserved 1114112K
  class space    used 866K, committed 960K, reserved 1048576K
}
Event: 5.067 GC heap after
{Heap after GC invocations=2 (full 0):
 garbage-first heap   total reserved 970752K, committed 61440K, used 7740K [0x00000000c4c00000, 0x0000000100000000)
  region size 1024K, 2 young (2048K), 2 survivors (2048K)
 Metaspace       used 7417K, committed 7680K, reserved 1114112K
  class space    used 866K, committed 960K, reserved 1048576K
}
Event: 5.911 GC heap before
{Heap before GC invocations=2 (full 0):
 garbage-first heap   total reserved 970752K, committed 61440K, used 33340K [0x00000000c4c00000, 0x0000000100000000)
  region size 1024K, 28 young (28672K), 2 survivors (2048K)
 Metaspace       used 15766K, committed 16000K, reserved 1114112K
  class space    used 1872K, committed 1984K, reserved 1048576K
}
Event: 5.918 GC heap after
{Heap after GC invocations=3 (full 0):
 garbage-first heap   total reserved 970752K, committed 61440K, used 10248K [0x00000000c4c00000, 0x0000000100000000)
  region size 1024K, 4 young (4096K), 4 survivors (4096K)
 Metaspace       used 15766K, committed 16000K, reserved 1114112K
  class space    used 1872K, committed 1984K, reserved 1048576K
}
Event: 11.621 GC heap before
{Heap before GC invocations=3 (full 0):
 garbage-first heap   total reserved 970752K, committed 61440K, used 41992K [0x00000000c4c00000, 0x0000000100000000)
  region size 1024K, 36 young (36864K), 4 survivors (4096K)
 Metaspace       used 21028K, committed 21312K, reserved 1114112K
  class space    used 2549K, committed 2688K, reserved 1048576K
}
Event: 11.630 GC heap after
{Heap after GC invocations=4 (full 0):
 garbage-first heap   total reserved 970752K, committed 61440K, used 13244K [0x00000000c4c00000, 0x0000000100000000)
  region size 1024K, 5 young (5120K), 5 survivors (5120K)
 Metaspace       used 21028K, committed 21312K, reserved 1114112K
  class space    used 2549K, committed 2688K, reserved 1048576K
}
Event: 11.707 GC heap before
{Heap before GC invocations=4 (full 0):
 garbage-first heap   total reserved 970752K, committed 61440K, used 16316K [0x00000000c4c00000, 0x0000000100000000)
  region size 1024K, 9 young (9216K), 5 survivors (5120K)
 Metaspace       used 21184K, committed 21504K, reserved 1114112K
  class space    used 2565K, committed 2688K, reserved 1048576K
}
Event: 11.713 GC heap after
{Heap after GC invocations=5 (full 0):
 garbage-first heap   total reserved 970752K, committed 61440K, used 14470K [0x00000000c4c00000, 0x0000000100000000)
  region size 1024K, 1 young (1024K), 1 survivors (1024K)
 Metaspace       used 21184K, committed 21504K, reserved 1114112K
  class space    used 2565K, committed 2688K, reserved 1048576K
}
Event: 12.993 GC heap before
{Heap before GC invocations=6 (full 0):
 garbage-first heap   total reserved 970752K, committed 51200K, used 44166K [0x00000000c4c00000, 0x0000000100000000)
  region size 1024K, 30 young (30720K), 1 survivors (1024K)
 Metaspace       used 26319K, committed 26688K, reserved 1114112K
  class space    used 3314K, committed 3456K, reserved 1048576K
}
Event: 12.999 GC heap after
{Heap after GC invocations=7 (full 0):
 garbage-first heap   total reserved 970752K, committed 51200K, used 16609K [0x00000000c4c00000, 0x0000000100000000)
  region size 1024K, 3 young (3072K), 3 survivors (3072K)
 Metaspace       used 26319K, committed 26688K, reserved 1114112K
  class space    used 3314K, committed 3456K, reserved 1048576K
}

Dll operation events (14 events):
Event: 0.040 Loaded shared library C:\Program Files\Java\jdk-22\bin\java.dll
Event: 0.103 Loaded shared library C:\Program Files\Java\jdk-22\bin\jsvml.dll
Event: 0.260 Loaded shared library C:\Program Files\Java\jdk-22\bin\zip.dll
Event: 0.270 Loaded shared library C:\Program Files\Java\jdk-22\bin\instrument.dll
Event: 0.280 Loaded shared library C:\Program Files\Java\jdk-22\bin\net.dll
Event: 0.288 Loaded shared library C:\Program Files\Java\jdk-22\bin\nio.dll
Event: 0.372 Loaded shared library C:\Program Files\Java\jdk-22\bin\zip.dll
Event: 0.653 Loaded shared library C:\Program Files\JetBrains\IntelliJ IDEA Community Edition 2024.1.1\bin\breakgen64.dll
Event: 0.667 Loaded shared library C:\Program Files\Java\jdk-22\bin\extnet.dll
Event: 0.741 Loaded shared library C:\Program Files\Java\jdk-22\bin\jimage.dll
Event: 1.237 Loaded shared library C:\Program Files\Java\jdk-22\bin\management.dll
Event: 1.242 Loaded shared library C:\Program Files\Java\jdk-22\bin\management_ext.dll
Event: 5.441 Loaded shared library C:\Program Files\Java\jdk-22\bin\le.dll
Event: 6.255 Loaded shared library C:\Program Files\Java\jdk-22\bin\sunmscapi.dll

Deoptimization events (20 events):
Event: 13.561 Thread 0x000001b10c6db430 DEOPT PACKING pc=0x000001b0bb510104 sp=0x000000ab87efde50
Event: 13.561 Thread 0x000001b10c6db430 DEOPT UNPACKING pc=0x000001b0bae27da2 sp=0x000000ab87efddf8 mode 2
Event: 13.561 Thread 0x000001b10c6db430 Uncommon trap: trap_request=0xffffffde fr.pc=0x000001b0bb510104 relative=0x0000000000000244
Event: 13.561 Thread 0x000001b10c6db430 Uncommon trap: reason=class_check action=maybe_recompile pc=0x000001b0bb510104 method=java.util.Collections$SetFromMap.contains(Ljava/lang/Object;)Z @ 5 c2
Event: 13.561 Thread 0x000001b10c6db430 DEOPT PACKING pc=0x000001b0bb510104 sp=0x000000ab87efe050
Event: 13.561 Thread 0x000001b10c6db430 DEOPT UNPACKING pc=0x000001b0bae27da2 sp=0x000000ab87efdff8 mode 2
Event: 13.561 Thread 0x000001b10c6db430 Uncommon trap: trap_request=0xffffffde fr.pc=0x000001b0bb510104 relative=0x0000000000000244
Event: 13.561 Thread 0x000001b10c6db430 Uncommon trap: reason=class_check action=maybe_recompile pc=0x000001b0bb510104 method=java.util.Collections$SetFromMap.contains(Ljava/lang/Object;)Z @ 5 c2
Event: 13.561 Thread 0x000001b10c6db430 DEOPT PACKING pc=0x000001b0bb510104 sp=0x000000ab87efe250
Event: 13.561 Thread 0x000001b10c6db430 DEOPT UNPACKING pc=0x000001b0bae27da2 sp=0x000000ab87efe1f8 mode 2
Event: 13.571 Thread 0x000001b10c6db430 DEOPT PACKING pc=0x000001b0b3d05758 sp=0x000000ab87efd7d0
Event: 13.571 Thread 0x000001b10c6db430 DEOPT UNPACKING pc=0x000001b0bae288e2 sp=0x000000ab87efcc88 mode 0
Event: 13.618 Thread 0x000001b10c6db430 Uncommon trap: trap_request=0xffffff45 fr.pc=0x000001b0bb4abc9c relative=0x000000000000051c
Event: 13.618 Thread 0x000001b10c6db430 Uncommon trap: reason=unstable_if action=reinterpret pc=0x000001b0bb4abc9c method=java.lang.StringConcatHelper.stringOf(Ljava/lang/Object;)Ljava/lang/String; @ 1 c2
Event: 13.618 Thread 0x000001b10c6db430 DEOPT PACKING pc=0x000001b0bb4abc9c sp=0x000000ab87efe480
Event: 13.618 Thread 0x000001b10c6db430 DEOPT UNPACKING pc=0x000001b0bae27da2 sp=0x000000ab87efe3d0 mode 2
Event: 13.794 Thread 0x000001b10c6db430 Uncommon trap: trap_request=0xffffff45 fr.pc=0x000001b0bb50a570 relative=0x0000000000000d10
Event: 13.794 Thread 0x000001b10c6db430 Uncommon trap: reason=unstable_if action=reinterpret pc=0x000001b0bb50a570 method=java.util.concurrent.ConcurrentHashMap.computeIfAbsent(Ljava/lang/Object;Ljava/util/function/Function;)Ljava/lang/Object; @ 244 c2
Event: 13.794 Thread 0x000001b10c6db430 DEOPT PACKING pc=0x000001b0bb50a570 sp=0x000000ab87efcc40
Event: 13.794 Thread 0x000001b10c6db430 DEOPT UNPACKING pc=0x000001b0bae27da2 sp=0x000000ab87efcbd0 mode 2

Classes loaded (20 events):
Event: 13.627 Loading class java/util/concurrent/ScheduledFuture done
Event: 13.627 Loading class java/util/concurrent/RunnableScheduledFuture done
Event: 13.629 Loading class java/util/logging/LogRecord
Event: 13.631 Loading class java/util/logging/LogRecord done
Event: 13.666 Loading class java/util/concurrent/atomic/Striped64$1
Event: 13.666 Loading class java/util/concurrent/atomic/Striped64$1 done
Event: 13.758 Loading class java/util/stream/SortedOps$SizedRefSortingSink
Event: 13.758 Loading class java/util/stream/SortedOps$SizedRefSortingSink done
Event: 13.773 Loading class javax/net/ssl/SSLException
Event: 13.773 Loading class javax/net/ssl/SSLException done
Event: 13.786 Loading class java/nio/channels/CompletionHandler
Event: 13.786 Loading class java/nio/channels/CompletionHandler done
Event: 13.794 Loading class jdk/internal/vm/annotation/IntrinsicCandidate
Event: 13.794 Loading class jdk/internal/vm/annotation/IntrinsicCandidate done
Event: 13.801 Loading class java/util/concurrent/ScheduledThreadPoolExecutor$ScheduledFutureTask
Event: 13.801 Loading class java/util/concurrent/ScheduledThreadPoolExecutor$ScheduledFutureTask done
Event: 13.801 Loading class java/util/concurrent/Executors$RunnableAdapter
Event: 13.802 Loading class java/util/concurrent/Executors$RunnableAdapter done
Event: 13.802 Loading class java/util/concurrent/ThreadPoolExecutor$Worker
Event: 13.802 Loading class java/util/concurrent/ThreadPoolExecutor$Worker done

Classes unloaded (0 events):
No events

Classes redefined (0 events):
No events

Internal exceptions (20 events):
Event: 13.117 Thread 0x000001b10c6db430 Implicit null exception at 0x000001b0bb5031ae to 0x000001b0bb503a78
Event: 13.117 Thread 0x000001b10c6db430 Exception <a 'java/lang/NoSuchMethodError'{0x00000000c7b65548}: 'java.lang.reflect.Field[] java.lang.Class.getDeclaredFields(java.lang.Class)'> (0x00000000c7b65548) 
thrown [s\open\src\hotspot\share\interpreter\linkResolver.cpp, line 774]
Event: 13.132 Thread 0x000001b10c6db430 Exception <a 'java/lang/NoSuchMethodError'{0x00000000c7bb8188}: 'void java.lang.invoke.DirectMethodHandle$Holder.invokeStatic(java.lang.Object, java.lang.Object, int)'> (0x00000000c7bb8188) 
thrown [s\open\src\hotspot\share\interpreter\linkResolver.cpp, line 774]
Event: 13.160 Thread 0x000001b10c6db430 Exception <a 'java/lang/NoSuchMethodError'{0x00000000c7a94238}: 'java.lang.Object java.lang.invoke.DirectMethodHandle$Holder.invokeVirtual(java.lang.Object, java.lang.Object, java.lang.Object, java.lang.Object, java.lang.Object, java.lang.Object)'> (0x00000000c7a94238) 
thrown [s\open\src\hotspot\share\interpreter\linkResolver.cpp, line 774]
Event: 13.234 Thread 0x000001b10c6db430 Exception <a 'java/lang/NoSuchMethodError'{0x00000000c79bdd00}: 'void java.lang.invoke.DirectMethodHandle$Holder.invokeInterface(java.lang.Object, java.lang.Object, int)'> (0x00000000c79bdd00) 
thrown [s\open\src\hotspot\share\interpreter\linkResolver.cpp, line 774]
Event: 13.242 Thread 0x000001b10c6db430 Exception <a 'java/lang/IncompatibleClassChangeError'{0x00000000c7800650}: Found class java.lang.Object, but interface was expected> (0x00000000c7800650) 
thrown [s\open\src\hotspot\share\interpreter\linkResolver.cpp, line 841]
Event: 13.243 Thread 0x000001b10c6db430 Exception <a 'java/lang/NoSuchMethodError'{0x00000000c780e798}: 'int java.lang.invoke.DirectMethodHandle$Holder.invokeSpecialIFC(java.lang.Object, java.lang.Object, java.lang.Object)'> (0x00000000c780e798) 
thrown [s\open\src\hotspot\share\interpreter\linkResolver.cpp, line 774]
Event: 13.245 Thread 0x000001b10c6db430 Exception <a 'java/lang/NoSuchMethodError'{0x00000000c7823700}: 'void java.lang.invoke.DirectMethodHandle$Holder.invokeStatic(java.lang.Object, int, java.lang.Object)'> (0x00000000c7823700) 
thrown [s\open\src\hotspot\share\interpreter\linkResolver.cpp, line 774]
Event: 13.258 Thread 0x000001b10c6db430 Exception <a 'java/lang/NoSuchMethodError'{0x00000000c7873870}: 'void java.lang.invoke.DirectMethodHandle$Holder.invokeStatic(java.lang.Object, java.lang.Object, java.lang.Object, int, java.lang.Object)'> (0x00000000c7873870) 
thrown [s\open\src\hotspot\share\interpreter\linkResolver.cpp, line 774]
Event: 13.259 Thread 0x000001b10c6db430 Exception <a 'java/lang/NoSuchMethodError'{0x00000000c787a0f0}: 'java.lang.Object java.lang.invoke.DirectMethodHandle$Holder.newInvokeSpecial(java.lang.Object, java.lang.Object, java.lang.Object, int)'> (0x00000000c787a0f0) 
thrown [s\open\src\hotspot\share\interpreter\linkResolver.cpp, line 774]
Event: 13.259 Thread 0x000001b10c6db430 Exception <a 'java/lang/NoSuchMethodError'{0x00000000c787df90}: 'java.lang.Object java.lang.invoke.DirectMethodHandle$Holder.invokeSpecial(java.lang.Object, java.lang.Object, java.lang.Object, java.lang.Object, int)'> (0x00000000c787df90) 
thrown [s\open\src\hotspot\share\interpreter\linkResolver.cpp, line 774]
Event: 13.260 Thread 0x000001b10c6db430 Exception <a 'java/lang/NoSuchMethodError'{0x00000000c7881418}: 'java.lang.Object java.lang.invoke.Invokers$Holder.linkToTargetMethod(java.lang.Object, java.lang.Object, int, java.lang.Object)'> (0x00000000c7881418) 
thrown [s\open\src\hotspot\share\interpreter\linkResolver.cpp, line 774]
Event: 13.393 Thread 0x000001b10c6db430 Exception <a 'java/lang/NoSuchMethodError'{0x00000000c75e62e0}: 'java.lang.Object java.lang.invoke.DirectMethodHandle$Holder.invokeStaticInit(java.lang.Object, int, int, int, int)'> (0x00000000c75e62e0) 
thrown [s\open\src\hotspot\share\interpreter\linkResolver.cpp, line 774]
Event: 13.445 Thread 0x000001b10c6db430 Exception <a 'java/lang/NoSuchMethodError'{0x00000000c74b1360}: 'java.lang.Object java.lang.invoke.DirectMethodHandle$Holder.invokeStaticInit(java.lang.Object, java.lang.Object, int, int, int, int)'> (0x00000000c74b1360) 
thrown [s\open\src\hotspot\share\interpreter\linkResolver.cpp, line 774]
Event: 13.605 Thread 0x000001b10c6db430 Exception <a 'java/lang/NoSuchMethodError'{0x00000000c6d6d0e8}: 'int java.lang.invoke.DirectMethodHandle$Holder.invokeVirtual(java.lang.Object, java.lang.Object, java.lang.Object, java.lang.Object)'> (0x00000000c6d6d0e8) 
thrown [s\open\src\hotspot\share\interpreter\linkResolver.cpp, line 774]
Event: 13.606 Thread 0x000001b10c6db430 Exception <a 'java/lang/NoSuchMethodError'{0x00000000c6d70968}: 'int java.lang.invoke.DelegatingMethodHandle$Holder.reinvoke_L(java.lang.Object, java.lang.Object, java.lang.Object, java.lang.Object)'> (0x00000000c6d70968) 
thrown [s\open\src\hotspot\share\interpreter\linkResolver.cpp, line 774]
Event: 13.696 Thread 0x000001b10c6db430 Exception <a 'java/io/FileNotFoundException'{0x00000000c6b81438}> (0x00000000c6b81438) 
thrown [s\open\src\hotspot\share\prims\jni.cpp, line 520]
Event: 13.724 Thread 0x000001b10c6db430 Exception <a 'java/lang/NoSuchMethodError'{0x00000000c6ad78f0}: 'int java.lang.invoke.DirectMethodHandle$Holder.invokeInterface(java.lang.Object, java.lang.Object, java.lang.Object, java.lang.Object)'> (0x00000000c6ad78f0) 
thrown [s\open\src\hotspot\share\interpreter\linkResolver.cpp, line 774]
Event: 13.787 Thread 0x000001b10c6db430 Exception <a 'java/lang/NoSuchMethodError'{0x00000000c68b71c8}: 'long java.lang.invoke.DirectMethodHandle$Holder.invokeVirtual(java.lang.Object, java.lang.Object)'> (0x00000000c68b71c8) 
thrown [s\open\src\hotspot\share\interpreter\linkResolver.cpp, line 774]
Event: 13.792 Thread 0x000001b10c6db430 Exception <a 'java/io/FileNotFoundException'{0x00000000c68e1480}> (0x00000000c68e1480) 
thrown [s\open\src\hotspot\share\prims\jni.cpp, line 520]

ZGC Phase Switch (0 events):
No events

VM Operations (20 events):
Event: 12.868 Executing VM operation: HandshakeAllThreads (Deoptimize)
Event: 12.868 Executing VM operation: HandshakeAllThreads (Deoptimize) done
Event: 12.875 Executing VM operation: ICBufferFull
Event: 12.875 Executing VM operation: ICBufferFull done
Event: 12.893 Executing VM operation: HandshakeAllThreads (Deoptimize)
Event: 12.893 Executing VM operation: HandshakeAllThreads (Deoptimize) done
Event: 12.896 Executing VM operation: HandshakeAllThreads (Deoptimize)
Event: 12.896 Executing VM operation: HandshakeAllThreads (Deoptimize) done
Event: 12.993 Executing VM operation: G1CollectForAllocation (G1 Evacuation Pause)
Event: 12.999 Executing VM operation: G1CollectForAllocation (G1 Evacuation Pause) done
Event: 13.241 Executing VM operation: ICBufferFull
Event: 13.242 Executing VM operation: ICBufferFull done
Event: 13.668 Executing VM operation: HandshakeAllThreads (Deoptimize)
Event: 13.668 Executing VM operation: HandshakeAllThreads (Deoptimize) done
Event: 13.754 Executing VM operation: HandshakeAllThreads (Deoptimize)
Event: 13.754 Executing VM operation: HandshakeAllThreads (Deoptimize) done
Event: 13.754 Executing VM operation: HandshakeAllThreads (Deoptimize)
Event: 13.754 Executing VM operation: HandshakeAllThreads (Deoptimize) done
Event: 13.797 Executing VM operation: HandshakeAllThreads (Deoptimize)
Event: 13.797 Executing VM operation: HandshakeAllThreads (Deoptimize) done

Events (18 events):
Event: 0.065 Thread 0x000001b0a9c57580 Thread added: 0x000001b0a9c57580
Event: 0.094 Thread 0x000001b0c66ffba0 Thread added: 0x000001b0c66ffba0
Event: 0.094 Thread 0x000001b0c6702b70 Thread added: 0x000001b0c6702b70
Event: 0.095 Thread 0x000001b0c6705880 Thread added: 0x000001b0c6705880
Event: 0.095 Thread 0x000001b0c67063d0 Thread added: 0x000001b0c67063d0
Event: 0.095 Thread 0x000001b0c6706f20 Thread added: 0x000001b0c6706f20
Event: 0.095 Thread 0x000001b0c6707a70 Thread added: 0x000001b0c6707a70
Event: 0.095 Thread 0x000001b0c67110f0 Thread added: 0x000001b0c67110f0
Event: 0.096 Thread 0x000001b0c6715470 Thread added: 0x000001b0c6715470
Event: 0.192 Thread 0x000001b0c6917550 Thread added: 0x000001b0c6917550
Event: 0.653 Thread 0x000001b0c6b3e280 Thread added: 0x000001b0c6b3e280
Event: 0.653 Thread 0x000001b0c6add720 Thread added: 0x000001b0c6add720
Event: 1.358 Thread 0x000001b10c1ebde0 Thread added: 0x000001b10c1ebde0
Event: 1.369 Thread 0x000001b10c6db430 Thread added: 0x000001b10c6db430
Event: 5.391 Thread 0x000001b10c91a430 Thread added: 0x000001b10c91a430
Event: 6.255 Thread 0x000001b10cd8c1d0 Thread added: 0x000001b10cd8c1d0
Event: 6.300 Thread 0x000001b10c91a430 Thread exited: 0x000001b10c91a430
Event: 6.429 Thread 0x000001b10cd8c1d0 Thread exited: 0x000001b10cd8c1d0


Dynamic libraries:
0x00007ff68ae50000 - 0x00007ff68ae60000 	C:\Program Files\Java\jdk-22\bin\java.exe
0x00007ffaa7a20000 - 0x00007ffaa7c29000 	C:\WINDOWS\SYSTEM32\ntdll.dll
0x00007ffaa6380000 - 0x00007ffaa643d000 	C:\WINDOWS\System32\KERNEL32.DLL
0x00007ffaa54e0000 - 0x00007ffaa5864000 	C:\WINDOWS\System32\KERNELBASE.dll
0x00007ffaa51a0000 - 0x00007ffaa52b1000 	C:\WINDOWS\System32\ucrtbase.dll
0x00007ffa99d00000 - 0x00007ffa99d17000 	C:\Program Files\Java\jdk-22\bin\jli.dll
0x00007ffaa5910000 - 0x00007ffaa59be000 	C:\WINDOWS\System32\ADVAPI32.dll
0x00007ffaa5ce0000 - 0x00007ffaa5d83000 	C:\WINDOWS\System32\msvcrt.dll
0x00007ffaa6f50000 - 0x00007ffaa6fee000 	C:\WINDOWS\System32\sechost.dll
0x00007ffaa59d0000 - 0x00007ffaa5af1000 	C:\WINDOWS\System32\RPCRT4.dll
0x00007ffaa64c0000 - 0x00007ffaa666d000 	C:\WINDOWS\System32\USER32.dll
0x00007ffaa54b0000 - 0x00007ffaa54d6000 	C:\WINDOWS\System32\win32u.dll
0x00007ffaa58e0000 - 0x00007ffaa590a000 	C:\WINDOWS\System32\GDI32.dll
0x00007ffaa5080000 - 0x00007ffaa519e000 	C:\WINDOWS\System32\gdi32full.dll
0x00007ffaa4fe0000 - 0x00007ffaa507d000 	C:\WINDOWS\System32\msvcp_win.dll
0x00007ffa872b0000 - 0x00007ffa87555000 	C:\WINDOWS\WinSxS\amd64_microsoft.windows.common-controls_6595b64144ccf1df_6.0.22000.120_none_9d947278b86cc467\COMCTL32.dll
0x00007ffa9f5a0000 - 0x00007ffa9f5aa000 	C:\WINDOWS\SYSTEM32\VERSION.dll
0x00007ffa91780000 - 0x00007ffa9179b000 	C:\Program Files\Java\jdk-22\bin\VCRUNTIME140.dll
0x00007ffaa6820000 - 0x00007ffaa6851000 	C:\WINDOWS\System32\IMM32.DLL
0x00007ffa9fbe0000 - 0x00007ffa9fbec000 	C:\Program Files\Java\jdk-22\bin\vcruntime140_1.dll
0x00007ffa697e0000 - 0x00007ffa6986e000 	C:\Program Files\Java\jdk-22\bin\msvcp140.dll
0x00007ffa3c070000 - 0x00007ffa3cdb7000 	C:\Program Files\Java\jdk-22\bin\server\jvm.dll
0x00007ffaa69d0000 - 0x00007ffaa6a3f000 	C:\WINDOWS\System32\WS2_32.dll
0x00007ffaa4d80000 - 0x00007ffaa4dcd000 	C:\WINDOWS\SYSTEM32\POWRPROF.dll
0x00007ffa9fb00000 - 0x00007ffa9fb33000 	C:\WINDOWS\SYSTEM32\WINMM.dll
0x00007ffaa4d60000 - 0x00007ffaa4d73000 	C:\WINDOWS\SYSTEM32\UMPDC.dll
0x00007ffaa3f20000 - 0x00007ffaa3f38000 	C:\WINDOWS\SYSTEM32\kernel.appcore.dll
0x00007ffa9fbb0000 - 0x00007ffa9fbba000 	C:\Program Files\Java\jdk-22\bin\jimage.dll
0x00007ffaa28e0000 - 0x00007ffaa2b01000 	C:\WINDOWS\SYSTEM32\DBGHELP.DLL
0x00007ffa83df0000 - 0x00007ffa83e21000 	C:\WINDOWS\SYSTEM32\dbgcore.DLL
0x00007ffaa52c0000 - 0x00007ffaa533f000 	C:\WINDOWS\System32\bcryptPrimitives.dll
0x00007ffa9f870000 - 0x00007ffa9f87f000 	C:\Program Files\Java\jdk-22\bin\instrument.dll
0x00007ffa86000000 - 0x00007ffa8601e000 	C:\Program Files\Java\jdk-22\bin\java.dll
0x00007ffaa7210000 - 0x00007ffaa79d5000 	C:\WINDOWS\System32\SHELL32.dll
0x00007ffaa6680000 - 0x00007ffaa681a000 	C:\WINDOWS\System32\ole32.dll
0x00007ffaa5e10000 - 0x00007ffaa6186000 	C:\WINDOWS\System32\combase.dll
0x00007ffaa2f80000 - 0x00007ffaa37e2000 	C:\WINDOWS\SYSTEM32\windows.storage.dll
0x00007ffaa2e10000 - 0x00007ffaa2f77000 	C:\WINDOWS\SYSTEM32\wintypes.dll
0x00007ffaa7120000 - 0x00007ffaa720a000 	C:\WINDOWS\System32\SHCORE.dll
0x00007ffaa6440000 - 0x00007ffaa649d000 	C:\WINDOWS\System32\shlwapi.dll
0x00007ffaa4de0000 - 0x00007ffaa4e05000 	C:\WINDOWS\SYSTEM32\profapi.dll
0x00007ffa57400000 - 0x00007ffa574d7000 	C:\Program Files\Java\jdk-22\bin\jsvml.dll
0x00007ffa85a70000 - 0x00007ffa85a87000 	C:\Program Files\Java\jdk-22\bin\zip.dll
0x00007ffa8e8f0000 - 0x00007ffa8e900000 	C:\Program Files\Java\jdk-22\bin\net.dll
0x00007ffaa43d0000 - 0x00007ffaa4437000 	C:\WINDOWS\system32\mswsock.dll
0x00007ffa79fa0000 - 0x00007ffa79fb6000 	C:\Program Files\Java\jdk-22\bin\nio.dll
0x00007ffa70330000 - 0x00007ffa7034a000 	C:\Program Files\JetBrains\IntelliJ IDEA Community Edition 2024.1.1\bin\breakgen64.dll
0x00007ffa876d0000 - 0x00007ffa876d9000 	C:\Program Files\Java\jdk-22\bin\extnet.dll
0x00007ffa863e0000 - 0x00007ffa863ea000 	C:\Program Files\Java\jdk-22\bin\management.dll
0x00007ffa838a0000 - 0x00007ffa838ab000 	C:\Program Files\Java\jdk-22\bin\management_ext.dll
0x00007ffaa7110000 - 0x00007ffaa7118000 	C:\WINDOWS\System32\PSAPI.DLL
0x00007ffa836c0000 - 0x00007ffa836cb000 	C:\Program Files\Java\jdk-22\bin\le.dll
0x00007ffa7dbd0000 - 0x00007ffa7dbde000 	C:\Program Files\Java\jdk-22\bin\sunmscapi.dll
0x00007ffaa5340000 - 0x00007ffaa54a2000 	C:\WINDOWS\System32\CRYPT32.dll
0x00007ffaa4760000 - 0x00007ffaa4788000 	C:\WINDOWS\SYSTEM32\ncrypt.dll
0x00007ffaa4720000 - 0x00007ffaa4757000 	C:\WINDOWS\SYSTEM32\NTASN1.dll
0x00007ffaa4610000 - 0x00007ffaa4628000 	C:\WINDOWS\SYSTEM32\CRYPTSP.dll
0x00007ffaa3e80000 - 0x00007ffaa3eb5000 	C:\WINDOWS\system32\rsaenh.dll
0x00007ffaa44c0000 - 0x00007ffaa44ec000 	C:\WINDOWS\SYSTEM32\USERENV.dll
0x00007ffaa4790000 - 0x00007ffaa47b7000 	C:\WINDOWS\SYSTEM32\bcrypt.dll
0x00007ffaa4630000 - 0x00007ffaa463c000 	C:\WINDOWS\SYSTEM32\CRYPTBASE.dll
0x00007ffaa3a40000 - 0x00007ffaa3a6d000 	C:\WINDOWS\SYSTEM32\IPHLPAPI.DLL
0x00007ffaa6670000 - 0x00007ffaa6679000 	C:\WINDOWS\System32\NSI.dll

dbghelp: loaded successfully - version: 4.0.5 - missing functions: none
symbol engine: initialized successfully - sym options: 0x614 - pdb path: .;C:\Program Files\Java\jdk-22\bin;C:\WINDOWS\SYSTEM32;C:\WINDOWS\WinSxS\amd64_microsoft.windows.common-controls_6595b64144ccf1df_6.0.22000.120_none_9d947278b86cc467;C:\Program Files\Java\jdk-22\bin\server;C:\Program Files\JetBrains\IntelliJ IDEA Community Edition 2024.1.1\bin

VM Arguments:
jvm_args: -javaagent:C:\Program Files\JetBrains\IntelliJ IDEA Community Edition 2024.1.1\lib\idea_rt.jar=54818:C:\Program Files\JetBrains\IntelliJ IDEA Community Edition 2024.1.1\bin -Dfile.encoding=UTF-8 -Dsun.stdout.encoding=UTF-8 -Dsun.stderr.encoding=UTF-8 
java_command: com.example.dinhtrongkhang.DinhtrongkhangApplication
java_class_path (initial): C:\Users\Admin\Downloads\dinhtrongkhang\dinhtrongkhang\target\classes;C:\Users\Admin\.m2\repository\org\springframework\boot\spring-boot-starter-data-jpa\3.3.0\spring-boot-starter-data-jpa-3.3.0.jar;C:\Users\Admin\.m2\repository\org\springframework\boot\spring-boot-starter-aop\3.3.0\spring-boot-starter-aop-3.3.0.jar;C:\Users\Admin\.m2\repository\org\springframework\spring-aop\6.1.8\spring-aop-6.1.8.jar;C:\Users\Admin\.m2\repository\org\aspectj\aspectjweaver\1.9.22\aspectjweaver-1.9.22.jar;C:\Users\Admin\.m2\repository\org\springframework\boot\spring-boot-starter-jdbc\3.3.0\spring-boot-starter-jdbc-3.3.0.jar;C:\Users\Admin\.m2\repository\com\zaxxer\HikariCP\5.1.0\HikariCP-5.1.0.jar;C:\Users\Admin\.m2\repository\org\springframework\spring-jdbc\6.1.8\spring-jdbc-6.1.8.jar;C:\Users\Admin\.m2\repository\org\hibernate\orm\hibernate-core\6.5.2.Final\hibernate-core-6.5.2.Final.jar;C:\Users\Admin\.m2\repository\jakarta\persistence\jakarta.persistence-api\3.1.0\jakarta.persistence-api-3.1.0.jar;C:\Users\Admin\.m2\repository\jakarta\transaction\jakarta.transaction-api\2.0.1\jakarta.transaction-api-2.0.1.jar;C:\Users\Admin\.m2\repository\org\jboss\logging\jboss-logging\3.5.3.Final\jboss-logging-3.5.3.Final.jar;C:\Users\Admin\.m2\repository\org\hibernate\common\hibernate-commons-annotations\6.0.6.Final\hibernate-commons-annotations-6.0.6.Final.jar;C:\Users\Admin\.m2\repository\io\smallrye\jandex\3.1.2\jandex-3.1.2.jar;C:\Users\Admin\.m2\repository\com\fasterxml\classmate\1.7.0\classmate-1.7.0.jar;C:\Users\Admin\.m2\repository\net\bytebuddy\byte-buddy\1.14.16\byte-buddy-1.14.16.jar;C:\Users\Admin\.m2\repository\org\glassfish\jaxb\jaxb-runtime\4.0.5\jaxb-runtime-4.0.5.jar;C:\Users\Admin\.m2\repository\org\glassfish\jaxb\jaxb-core\4.0.5\jaxb-core-4.0.5.jar;C:\Users\Admin\.m2\repository\org\eclipse\angus\angus-activation\2.0.2\angus-activation-2.0.2.jar;C:\Users\Admin\.m2\repository\org\glassfish\jaxb\txw2\4.0.5\txw2-4.0.5.jar;C:\Users\Admin\.m2\repository\com\sun\istack\istack-commons-runtime\4.1.2\istack-commons-runtime-4.1.2.jar;C:\Users\Admin\.m2\repository\jakarta\inject\jakarta.inject-api\2.0.1\jakarta.inject-api-2.0.1.jar;C:\Users\Admin\.m2\repository\org\antlr\antlr4-runtime\4.13.0\antlr4-runtime-4.13.0.jar;C:\Users\Admin\.m2\repository\org\springframework\data\spring-data-jpa\3.3.0\spring-data-jpa-3.3.0.jar;C:\Users\Admin\.m2\repository\org\springframework\data\spring-data-commons\3.3.0\spring-data-commons-3.3.0.jar;C:\Users\Admin\.m2\repository\org\springframework\spring-orm\6.1.8\spring-orm-6.1.8.jar;C:\Users\Admin\.m2\repository\org\springframework\spring-context\6.1.8\spring-context-6.1.8.jar;C:\Users\Admin\.m2\repository\org\springframework\spring-tx\6.1.8\spring-tx-6.1.8.jar;C:\Users\Admin\.m2\repository\org\springframework\spring-beans\6.1.8\spring-beans-6.1.8.jar;C:\Users\Admin\.m2\repository\jakarta\annotation\jakarta.annotation-api\2.1.1\jakarta.annotation-api-2.1.1.jar;C:\Users\Admin\.m2\repository\org\slf4j\slf4j-api\2.0.13\slf4j-api-2.0.13.jar;C:\Users\Admin\.m2\repository\org\springframework\spring-aspects\6.1.8\spring-aspects-6.1.8.jar;C:\Users\Admin\.m2\repository\org\springframework\boot\spring-boot-starter-thymeleaf\3.3.0\spring-boot-starter-thymeleaf-3.3.0.jar;C:\Users\Admin\.m2\repository\org\springframework\boot\spring-boot-starter\3.3.0\spring-boot-starter-3.3.0.jar;C:\Users\Admin\.m2\repository\org\springframework\boot\spring-boot-starter-logging\3.3.0\spring-boot-starter-logging-3.3.0.jar;C:\Users\Admin\.m2\repository\ch\qos\logback\logback-classic\1.5.6\logback-classic-1.5.6.jar;C:\Users\Admin\.m2\repository\ch\qos\logback\logback-core\1.5.6\logback-core-1.5.6.jar;C:\Users\Admin\.m2\repository\org\apache\logging\log4j\log4j-to-slf4j\2.23.1\log4j-to-slf4j-2.23.1.jar;C:\Users\Admin\.m2\repository\org\apache\logging\log4j\log4j-api\2.23.1\log4j-api-2.23.1.jar;C:\Users\Admin\.m2\repository\org\slf4j\jul-to-slf4j\2.0.13\jul-to-slf4j-2.0.13.jar;C:\Users\Admin\.m2\repository\org\yaml\snakeyaml\2.2\snakeyaml-2.2.jar;C:\Users\Admin\.m2\repository\org\thymeleaf\thymeleaf-spring6\3.1.2.RELEASE\thymeleaf-spring6-3.1.2.RELEASE.jar;C:\Users\Admin\.m2\repository\org\thymeleaf\thymeleaf\3.1.2.RELEASE\thymeleaf-3.1.2.RELEASE.jar;C:\Users\Admin\.m2\repository\org\attoparser\attoparser\2.0.7.RELEASE\attoparser-2.0.7.RELEASE.jar;C:\Users\Admin\.m2\repository\org\unbescape\unbescape\1.1.6.RELEASE\unbescape-1.1.6.RELEASE.jar;C:\Users\Admin\.m2\repository\org\springframework\boot\spring-boot-starter-web\3.3.0\spring-boot-starter-web-3.3.0.jar;C:\Users\Admin\.m2\repository\org\springframework\boot\spring-boot-starter-json\3.3.0\spring-boot-starter-json-3.3.0.jar;C:\Users\Admin\.m2\repository\com\fasterxml\jackson\core\jackson-databind\2.17.1\jackson-databind-2.17.1.jar;C:\Users\Admin\.m2\repository\com\fasterxml\jackson\core\jackson-annotations\2.17.1\jackson-annotations-2.17.1.jar;C:\Users\Admin\.m2\repository\com\fasterxml\jackson\core\jackson-core\2.17.1\jackson-core-2.17.1.jar;C:\Users\Admin\.m2\repository\com\fasterxml\jackson\datatype\jackson-datatype-jdk8\2.17.1\jackson-datatype-jdk8-2.17.1.jar;C:\Users\Admin\.m2\repository\com\fasterxml\jackson\datatype\jackson-datatype-jsr310\2.17.1\jackson-datatype-jsr310-2.17.1.jar;C:\Users\Admin\.m2\repository\com\fasterxml\jackson\module\jackson-module-parameter-names\2.17.1\jackson-module-parameter-names-2.17.1.jar;C:\Users\Admin\.m2\repository\org\springframework\boot\spring-boot-starter-tomcat\3.3.0\spring-boot-starter-tomcat-3.3.0.jar;C:\Users\Admin\.m2\repository\org\apache\tomcat\embed\tomcat-embed-core\10.1.24\tomcat-embed-core-10.1.24.jar;C:\Users\Admin\.m2\repository\org\apache\tomcat\embed\tomcat-embed-el\10.1.24\tomcat-embed-el-10.1.24.jar;C:\Users\Admin\.m2\repository\org\apache\tomcat\embed\tomcat-embed-websocket\10.1.24\tomcat-embed-websocket-10.1.24.jar;C:\Users\Admin\.m2\repository\org\springframework\spring-web\6.1.8\spring-web-6.1.8.jar;C:\Users\Admin\.m2\repository\io\micrometer\micrometer-observation\1.13.0\micrometer-observation-1.13.0.jar;C:\Users\Admin\.m2\repository\io\micrometer\micrometer-commons\1.13.0\micrometer-commons-1.13.0.jar;C:\Users\Admin\.m2\repository\org\springframework\spring-webmvc\6.1.8\spring-webmvc-6.1.8.jar;C:\Users\Admin\.m2\repository\org\springframework\spring-expression\6.1.8\spring-expression-6.1.8.jar;C:\Users\Admin\.m2\repository\org\springframework\boot\spring-boot-devtools\3.3.0\spring-boot-devtools-3.3.0.jar;C:\Users\Admin\.m2\repository\org\springframework\boot\spring-boot\3.3.0\spring-boot-3.3.0.jar;C:\Users\Admin\.m2\repository\org\springframework\boot\spring-boot-autoconfigure\3.3.0\spring-boot-autoconfigure-3.3.0.jar;C:\Users\Admin\.m2\repository\com\mysql\mysql-connector-j\8.3.0\mysql-connector-j-8.3.0.jar;C:\Users\Admin\.m2\repository\org\projectlombok\lombok\1.18.32\lombok-1.18.32.jar;C:\Users\Admin\.m2\repository\jakarta\xml\bind\jakarta.xml.bind-api\4.0.2\jakarta.xml.bind-api-4.0.2.jar;C:\Users\Admin\.m2\repository\jakarta\activation\jakarta.activation-api\2.1.3\jakarta.activation-api-2.1.3.jar;C:\Users\Admin\.m2\repository\org\springframework\spring-core\6.1.8\spring-core-6.1.8.jar;C:\Users\Admin\.m2\repository\org\springframework\spring-jcl\6.1.8\spring-jcl-6.1.8.jar;C:\Users\Admin\.m2\repository\org\jetbrains\annotations\24.1.0\annotations-24.1.0.jar
Launcher Type: SUN_STANDARD

[Global flags]
     intx CICompilerCount                          = 3                                         {product} {ergonomic}
     uint ConcGCThreads                            = 1                                         {product} {ergonomic}
     uint G1ConcRefinementThreads                  = 4                                         {product} {ergonomic}
   size_t G1HeapRegionSize                         = 1048576                                   {product} {ergonomic}
   size_t InitialHeapSize                          = 62914560                                  {product} {ergonomic}
   size_t MarkStackSize                            = 4194304                                   {product} {ergonomic}
   size_t MaxHeapSize                              = 994050048                                 {product} {ergonomic}
   size_t MaxNewSize                               = 595591168                                 {product} {ergonomic}
   size_t MinHeapDeltaBytes                        = 1048576                                   {product} {ergonomic}
   size_t MinHeapSize                              = 8388608                                   {product} {ergonomic}
    uintx NonNMethodCodeHeapSize                   = 5832780                                {pd product} {ergonomic}
    uintx NonProfiledCodeHeapSize                  = 122912730                              {pd product} {ergonomic}
    uintx ProfiledCodeHeapSize                     = 122912730                              {pd product} {ergonomic}
    uintx ReservedCodeCacheSize                    = 251658240                              {pd product} {ergonomic}
     bool SegmentedCodeCache                       = true                                      {product} {ergonomic}
   size_t SoftMaxHeapSize                          = 994050048                              {manageable} {ergonomic}
     bool UseCompressedOops                        = true                           {product lp64_product} {ergonomic}
     bool UseG1GC                                  = true                                      {product} {ergonomic}
     bool UseLargePagesIndividualAllocation        = false                                  {pd product} {ergonomic}

Logging:
Log output configuration:
 #0: stdout all=warning uptime,level,tags foldmultilines=false
 #1: stderr all=off uptime,level,tags foldmultilines=false

Environment Variables:
PATH=C:\ProgramData\Oracle\Java\javapath;C:\Program Files\Common Files\Oracle\Java\javapath;C:\Program Files\Eclipse Adoptium\jdk-17.0.4.8-hotspot\bin;C:\WINDOWS\system32;C:\WINDOWS;C:\WINDOWS\System32\Wbem;C:\WINDOWS\System32\WindowsPowerShell\v1.0\;C:\WINDOWS\System32\OpenSSH\;c:\altera\91sp2\quartus\bin;C:\MinGW\bin;C:\Program Files\Microsoft SQL Server\Client SDK\ODBC\170\Tools\Binn\;C:\Program Files (x86)\Microsoft SQL Server\150\Tools\Binn\;C:\Program Files\Microsoft SQL Server\150\Tools\Binn\;C:\Program Files\Microsoft SQL Server\150\DTS\Binn\;C:\Program Files (x86)\Microsoft SQL Server\150\DTS\Binn\;C:\Program Files\Git\cmd;C:\Program Files\Cloudflare\Cloudflare WARP\;C:\Program Files\dotnet\;C:\Program Files\HP\HP One Agent;C:\Program Files (x86)\Git\cmd;C:\Users\Admin\AppData\Local\Microsoft\WindowsApps;C:\Users\Admin\.dotnet\tools;C:\Program Files\Azure Data Studio\bin
USERNAME=DinhTrongKhang
OS=Windows_NT
PROCESSOR_IDENTIFIER=Intel64 Family 6 Model 126 Stepping 5, GenuineIntel
TMP=C:\Users\Admin\AppData\Local\Temp
TEMP=C:\Users\Admin\AppData\Local\Temp




Periodic native trim disabled

---------------  S Y S T E M  ---------------

OS:
 Windows 11 , 64 bit Build 22000 (10.0.22000.2538)
OS uptime: 0 days 1:46 hours

CPU: total 4 (initial active 4) (2 cores per cpu, 2 threads per core) family 6 model 126 stepping 5 microcode 0xa0, cx8, cmov, fxsr, ht, mmx, 3dnowpref, sse, sse2, sse3, ssse3, sse4.1, sse4.2, popcnt, lzcnt, tsc, tscinvbit, avx, avx2, aes, erms, clmul, bmi1, bmi2, adx, avx512f, avx512dq, avx512cd, avx512bw, avx512vl, sha, fma, vzeroupper, avx512_vpopcntdq, avx512_vpclmulqdq, avx512_vaes, avx512_vnni, clflush, clflushopt, avx512_vbmi2, avx512_vbmi, rdtscp, rdpid, fsrm, gfni, avx512_bitalg, f16c, pku, avx512_ifma
Processor Information for all 4 processors :
  Max Mhz: 1190, Current Mhz: 1190, Mhz Limit: 1190

Memory: 4k page, system-wide physical 3784M (238M free)
TotalPageFile size 11976M (AvailPageFile size 3M)
current process WorkingSet (physical memory assigned to process): 167M, peak: 167M
current process commit charge ("private bytes"): 197M, peak: 197M

vm_info: Java HotSpot(TM) 64-Bit Server VM (22.0.1+8-16) for windows-amd64 JRE (22.0.1+8-16), built on 2024-03-12T10:33:16Z by "mach5one" with MS VC++ 17.6 (VS2022)

END.
