#
# There is insufficient memory for the Java Runtime Environment to continue.
# Native memory allocation (malloc) failed to allocate 238096 bytes. Error detail: Chunk::new
# Possible reasons:
#   The system is out of physical RAM or swap space
#   This process is running with CompressedOops enabled, and the Java Heap may be blocking the growth of the native heap
# Possible solutions:
#   Reduce memory load on the system
#   Increase physical memory or swap space
#   Check if swap backing store is full
#   Decrease Java heap size (-Xmx/-Xms)
#   Decrease number of Java threads
#   Decrease Java thread stack sizes (-Xss)
#   Set larger code cache with -XX:ReservedCodeCacheSize=
#   JVM is running with Unscaled Compressed Oops mode in which the Java heap is
#     placed in the first 4GB address space. The Java Heap base address is the
#     maximum limit for the native heap growth. Please use -XX:HeapBaseMinAddress
#     to set the Java Heap base and to place the Java Heap above 4GB virtual address.
# This output file may be truncated or incomplete.
#
#  Out of Memory Error (arena.cpp:150), pid=28676, tid=29196
#
# JRE version: Java(TM) SE Runtime Environment (22.0.1+8) (build 22.0.1+8-16)
# Java VM: Java HotSpot(TM) 64-Bit Server VM (22.0.1+8-16, mixed mode, sharing, tiered, compressed oops, compressed class ptrs, g1 gc, windows-amd64)
# No core dump will be written. Minidumps are not enabled by default on client versions of Windows
#

---------------  S U M M A R Y ------------

Command Line: -javaagent:C:\Program Files\JetBrains\IntelliJ IDEA Community Edition 2024.1.1\lib\idea_rt.jar=54815:C:\Program Files\JetBrains\IntelliJ IDEA Community Edition 2024.1.1\bin -Dfile.encoding=UTF-8 -Dsun.stdout.encoding=UTF-8 -Dsun.stderr.encoding=UTF-8 com.example.dinhtrongkhang.DinhtrongkhangApplication

Host: Intel(R) Core(TM) i3-1005G1 CPU @ 1.20GHz, 4 cores, 3G,  Windows 11 , 64 bit Build 22000 (10.0.22000.2538)
Time: Mon Jun 10 15:51:16 2024 SE Asia Standard Time elapsed time: 1.729205 seconds (0d 0h 0m 1s)

---------------  T H R E A D  ---------------

Current thread (0x00000211d21361f0):  JavaThread "C2 CompilerThread0" daemon [_thread_in_native, id=29196, stack(0x000000a1ecf00000,0x000000a1ed000000) (1024K)]


Current CompileTask:
C2:1729 1278   !   4       java.util.concurrent.ConcurrentHashMap::putVal (432 bytes)

Stack: [0x000000a1ecf00000,0x000000a1ed000000]
Native frames: (J=compiled Java code, j=interpreted, Vv=VM code, C=native code)
V  [jvm.dll+0x6e2279]  (no source info available)
V  [jvm.dll+0x874e33]  (no source info available)
V  [jvm.dll+0x87725e]  (no source info available)
V  [jvm.dll+0x877933]  (no source info available)
V  [jvm.dll+0x27fd76]  (no source info available)
V  [jvm.dll+0xc3d0f]  (no source info available)
V  [jvm.dll+0xc3f6b]  (no source info available)
V  [jvm.dll+0x3bb0d2]  (no source info available)
V  [jvm.dll+0x387b6b]  (no source info available)
V  [jvm.dll+0x386fda]  (no source info available)
V  [jvm.dll+0x247918]  (no source info available)
V  [jvm.dll+0x246fbf]  (no source info available)
V  [jvm.dll+0x1c4e90]  (no source info available)
V  [jvm.dll+0x2569fe]  (no source info available)
V  [jvm.dll+0x254cba]  (no source info available)
V  [jvm.dll+0x3f5336]  (no source info available)
V  [jvm.dll+0x81d44b]  (no source info available)
V  [jvm.dll+0x6e0915]  (no source info available)
C  [ucrtbase.dll+0x26c0c]  (no source info available)
C  [KERNEL32.DLL+0x153e0]  (no source info available)
C  [ntdll.dll+0x485b]  (no source info available)


---------------  P R O C E S S  ---------------

Threads class SMR info:
_java_thread_list=0x00000211d2e44750, length=14, elements={
0x00000211f3d87200, 0x00000211d212c650, 0x00000211d2130470, 0x00000211d2131170,
0x00000211d2131cc0, 0x00000211d2132810, 0x00000211d2133360, 0x00000211d21361f0,
0x00000211d2139a80, 0x00000211d231c330, 0x00000211d261a990, 0x00000211d261b000,
0x00000211d2e265a0, 0x00000211d2e43bd0
}

Java Threads: ( => current thread )
  0x00000211f3d87200 JavaThread "main"                              [_thread_blocked, id=27948, stack(0x000000a1ec100000,0x000000a1ec200000) (1024K)]
  0x00000211d212c650 JavaThread "Reference Handler"          daemon [_thread_blocked, id=27328, stack(0x000000a1ec900000,0x000000a1eca00000) (1024K)]
  0x00000211d2130470 JavaThread "Finalizer"                  daemon [_thread_blocked, id=28484, stack(0x000000a1eca00000,0x000000a1ecb00000) (1024K)]
  0x00000211d2131170 JavaThread "Signal Dispatcher"          daemon [_thread_blocked, id=26852, stack(0x000000a1ecb00000,0x000000a1ecc00000) (1024K)]
  0x00000211d2131cc0 JavaThread "Attach Listener"            daemon [_thread_blocked, id=528, stack(0x000000a1ecc00000,0x000000a1ecd00000) (1024K)]
  0x00000211d2132810 JavaThread "Service Thread"             daemon [_thread_blocked, id=22892, stack(0x000000a1ecd00000,0x000000a1ece00000) (1024K)]
  0x00000211d2133360 JavaThread "Monitor Deflation Thread"   daemon [_thread_blocked, id=17760, stack(0x000000a1ece00000,0x000000a1ecf00000) (1024K)]
=>0x00000211d21361f0 JavaThread "C2 CompilerThread0"         daemon [_thread_in_native, id=29196, stack(0x000000a1ecf00000,0x000000a1ed000000) (1024K)]
  0x00000211d2139a80 JavaThread "C1 CompilerThread0"         daemon [_thread_blocked, id=820, stack(0x000000a1ed000000,0x000000a1ed100000) (1024K)]
  0x00000211d231c330 JavaThread "Common-Cleaner"             daemon [_thread_blocked, id=29584, stack(0x000000a1ed100000,0x000000a1ed200000) (1024K)]
  0x00000211d261a990 JavaThread "Monitor Ctrl-Break"         daemon [_thread_in_native, id=26500, stack(0x000000a1ed200000,0x000000a1ed300000) (1024K)]
  0x00000211d261b000 JavaThread "Notification Thread"        daemon [_thread_blocked, id=29204, stack(0x000000a1ed300000,0x000000a1ed400000) (1024K)]
  0x00000211d2e265a0 JavaThread "Thread-0"                          [_thread_blocked, id=29612, stack(0x000000a1ed700000,0x000000a1ed800000) (1024K)]
  0x00000211d2e43bd0 JavaThread "restartedMain"                     [_thread_in_Java, id=29596, stack(0x000000a1ed800000,0x000000a1ed900000) (1024K)]
Total: 14

Other Threads:
  0x00000211f6051bc0 VMThread "VM Thread"                           [id=29636, stack(0x000000a1ec800000,0x000000a1ec900000) (1024K)]
  0x00000211d211b220 WatcherThread "VM Periodic Task Thread"        [id=21412, stack(0x000000a1ec700000,0x000000a1ec800000) (1024K)]
  0x00000211f5fca320 WorkerThread "GC Thread#0"                     [id=26308, stack(0x000000a1ec200000,0x000000a1ec300000) (1024K)]
  0x00000211d28fbfe0 WorkerThread "GC Thread#1"                     [id=28720, stack(0x000000a1ed400000,0x000000a1ed500000) (1024K)]
  0x00000211d29ad900 WorkerThread "GC Thread#2"                     [id=23088, stack(0x000000a1ed500000,0x000000a1ed600000) (1024K)]
  0x00000211d295f960 WorkerThread "GC Thread#3"                     [id=28532, stack(0x000000a1ed600000,0x000000a1ed700000) (1024K)]
  0x00000211f5fd2990 ConcurrentGCThread "G1 Main Marker"            [id=24120, stack(0x000000a1ec300000,0x000000a1ec400000) (1024K)]
  0x00000211f5fd34a0 WorkerThread "G1 Conc#0"                       [id=24340, stack(0x000000a1ec400000,0x000000a1ec500000) (1024K)]
  0x00000211f6029dc0 ConcurrentGCThread "G1 Refine#0"               [id=27492, stack(0x000000a1ec500000,0x000000a1ec600000) (1024K)]
  0x00000211f602a940 ConcurrentGCThread "G1 Service"                [id=29108, stack(0x000000a1ec600000,0x000000a1ec700000) (1024K)]
Total: 10

Threads with active compile tasks:
C2 CompilerThread0  1802 1278   !   4       java.util.concurrent.ConcurrentHashMap::putVal (432 bytes)
Total: 1

VM state: not at safepoint (normal execution)

VM Mutex/Monitor currently owned by a thread: None

Heap address: 0x00000000c4c00000, size: 948 MB, Compressed Oops mode: 32-bit

CDS archive(s) mapped at: [0x0000021191000000-0x0000021191c60000-0x0000021191c60000), size 12976128, SharedBaseAddress: 0x0000021191000000, ArchiveRelocationMode: 1.
Compressed class space mapped at: 0x0000021192000000-0x00000211d2000000, reserved size: 1073741824
Narrow klass base: 0x0000021191000000, Narrow klass shift: 0, Narrow klass range: 0x41000000

GC Precious Log:
 CardTable entry size: 512
 Card Set container configuration: InlinePtr #cards 5 size 8 Array Of Cards #cards 12 size 40 Howl #buckets 4 coarsen threshold 1843 Howl Bitmap #cards 512 size 80 coarsen threshold 460 Card regions per heap region 1 cards per card region 2048
 CPUs: 4 total, 4 available
 Memory: 3784M
 Large Page Support: Disabled
 NUMA Support: Disabled
 Compressed Oops: Enabled (32-bit)
 Heap Region Size: 1M
 Heap Min Capacity: 8M
 Heap Initial Capacity: 60M
 Heap Max Capacity: 948M
 Pre-touch: Disabled
 Parallel Workers: 4
 Concurrent Workers: 1
 Concurrent Refinement Workers: 4
 Periodic GC: Disabled

Heap:
 garbage-first heap   total reserved 970752K, committed 61440K, used 16768K [0x00000000c4c00000, 0x0000000100000000)
  region size 1024K, 14 young (14336K), 2 survivors (2048K)
 Metaspace       used 6595K, committed 6912K, reserved 1114112K
  class space    used 746K, committed 896K, reserved 1048576K

Heap Regions: E=young(eden), S=young(survivor), O=old, HS=humongous(starts), HC=humongous(continues), CS=collection set, F=free, TAMS=top-at-mark-start, PB=parsable bottom
|   0|0x00000000c4c00000, 0x00000000c4d00000, 0x00000000c4d00000|100%|HS|  |TAMS 0x00000000c4c00000| PB 0x00000000c4c00000| Complete |  0
|   1|0x00000000c4d00000, 0x00000000c4e00000, 0x00000000c4e00000|100%| O|  |TAMS 0x00000000c4d00000| PB 0x00000000c4d00000| Untracked |  0
|   2|0x00000000c4e00000, 0x00000000c4f00000, 0x00000000c4f00000|100%| O|  |TAMS 0x00000000c4e00000| PB 0x00000000c4e00000| Untracked |  0
|   3|0x00000000c4f00000, 0x00000000c5000000, 0x00000000c5000000|100%| O|  |TAMS 0x00000000c4f00000| PB 0x00000000c4f00000| Untracked |  0
|   4|0x00000000c5000000, 0x00000000c5060000, 0x00000000c5100000| 37%| O|  |TAMS 0x00000000c5000000| PB 0x00000000c5000000| Untracked |  0
|   5|0x00000000c5100000, 0x00000000c5100000, 0x00000000c5200000|  0%| F|  |TAMS 0x00000000c5100000| PB 0x00000000c5100000| Untracked |  0
|   6|0x00000000c5200000, 0x00000000c5200000, 0x00000000c5300000|  0%| F|  |TAMS 0x00000000c5200000| PB 0x00000000c5200000| Untracked |  0
|   7|0x00000000c5300000, 0x00000000c5300000, 0x00000000c5400000|  0%| F|  |TAMS 0x00000000c5300000| PB 0x00000000c5300000| Untracked |  0
|   8|0x00000000c5400000, 0x00000000c5400000, 0x00000000c5500000|  0%| F|  |TAMS 0x00000000c5400000| PB 0x00000000c5400000| Untracked |  0
|   9|0x00000000c5500000, 0x00000000c5500000, 0x00000000c5600000|  0%| F|  |TAMS 0x00000000c5500000| PB 0x00000000c5500000| Untracked |  0
|  10|0x00000000c5600000, 0x00000000c5600000, 0x00000000c5700000|  0%| F|  |TAMS 0x00000000c5600000| PB 0x00000000c5600000| Untracked |  0
|  11|0x00000000c5700000, 0x00000000c5700000, 0x00000000c5800000|  0%| F|  |TAMS 0x00000000c5700000| PB 0x00000000c5700000| Untracked |  0
|  12|0x00000000c5800000, 0x00000000c5800000, 0x00000000c5900000|  0%| F|  |TAMS 0x00000000c5800000| PB 0x00000000c5800000| Untracked |  0
|  13|0x00000000c5900000, 0x00000000c5900000, 0x00000000c5a00000|  0%| F|  |TAMS 0x00000000c5900000| PB 0x00000000c5900000| Untracked |  0
|  14|0x00000000c5a00000, 0x00000000c5a00000, 0x00000000c5b00000|  0%| F|  |TAMS 0x00000000c5a00000| PB 0x00000000c5a00000| Untracked |  0
|  15|0x00000000c5b00000, 0x00000000c5b00000, 0x00000000c5c00000|  0%| F|  |TAMS 0x00000000c5b00000| PB 0x00000000c5b00000| Untracked |  0
|  16|0x00000000c5c00000, 0x00000000c5c00000, 0x00000000c5d00000|  0%| F|  |TAMS 0x00000000c5c00000| PB 0x00000000c5c00000| Untracked |  0
|  17|0x00000000c5d00000, 0x00000000c5d00000, 0x00000000c5e00000|  0%| F|  |TAMS 0x00000000c5d00000| PB 0x00000000c5d00000| Untracked |  0
|  18|0x00000000c5e00000, 0x00000000c5e00000, 0x00000000c5f00000|  0%| F|  |TAMS 0x00000000c5e00000| PB 0x00000000c5e00000| Untracked |  0
|  19|0x00000000c5f00000, 0x00000000c5f00000, 0x00000000c6000000|  0%| F|  |TAMS 0x00000000c5f00000| PB 0x00000000c5f00000| Untracked |  0
|  20|0x00000000c6000000, 0x00000000c6000000, 0x00000000c6100000|  0%| F|  |TAMS 0x00000000c6000000| PB 0x00000000c6000000| Untracked |  0
|  21|0x00000000c6100000, 0x00000000c6100000, 0x00000000c6200000|  0%| F|  |TAMS 0x00000000c6100000| PB 0x00000000c6100000| Untracked |  0
|  22|0x00000000c6200000, 0x00000000c6200000, 0x00000000c6300000|  0%| F|  |TAMS 0x00000000c6200000| PB 0x00000000c6200000| Untracked |  0
|  23|0x00000000c6300000, 0x00000000c6300000, 0x00000000c6400000|  0%| F|  |TAMS 0x00000000c6300000| PB 0x00000000c6300000| Untracked |  0
|  24|0x00000000c6400000, 0x00000000c6400000, 0x00000000c6500000|  0%| F|  |TAMS 0x00000000c6400000| PB 0x00000000c6400000| Untracked |  0
|  25|0x00000000c6500000, 0x00000000c6500000, 0x00000000c6600000|  0%| F|  |TAMS 0x00000000c6500000| PB 0x00000000c6500000| Untracked |  0
|  26|0x00000000c6600000, 0x00000000c6600000, 0x00000000c6700000|  0%| F|  |TAMS 0x00000000c6600000| PB 0x00000000c6600000| Untracked |  0
|  27|0x00000000c6700000, 0x00000000c6700000, 0x00000000c6800000|  0%| F|  |TAMS 0x00000000c6700000| PB 0x00000000c6700000| Untracked |  0
|  28|0x00000000c6800000, 0x00000000c6800000, 0x00000000c6900000|  0%| F|  |TAMS 0x00000000c6800000| PB 0x00000000c6800000| Untracked |  0
|  29|0x00000000c6900000, 0x00000000c6900000, 0x00000000c6a00000|  0%| F|  |TAMS 0x00000000c6900000| PB 0x00000000c6900000| Untracked |  0
|  30|0x00000000c6a00000, 0x00000000c6a00000, 0x00000000c6b00000|  0%| F|  |TAMS 0x00000000c6a00000| PB 0x00000000c6a00000| Untracked |  0
|  31|0x00000000c6b00000, 0x00000000c6b00000, 0x00000000c6c00000|  0%| F|  |TAMS 0x00000000c6b00000| PB 0x00000000c6b00000| Untracked |  0
|  32|0x00000000c6c00000, 0x00000000c6c00000, 0x00000000c6d00000|  0%| F|  |TAMS 0x00000000c6c00000| PB 0x00000000c6c00000| Untracked |  0
|  33|0x00000000c6d00000, 0x00000000c6d00000, 0x00000000c6e00000|  0%| F|  |TAMS 0x00000000c6d00000| PB 0x00000000c6d00000| Untracked |  0
|  34|0x00000000c6e00000, 0x00000000c6e00000, 0x00000000c6f00000|  0%| F|  |TAMS 0x00000000c6e00000| PB 0x00000000c6e00000| Untracked |  0
|  35|0x00000000c6f00000, 0x00000000c6f00000, 0x00000000c7000000|  0%| F|  |TAMS 0x00000000c6f00000| PB 0x00000000c6f00000| Untracked |  0
|  36|0x00000000c7000000, 0x00000000c7000000, 0x00000000c7100000|  0%| F|  |TAMS 0x00000000c7000000| PB 0x00000000c7000000| Untracked |  0
|  37|0x00000000c7100000, 0x00000000c7100000, 0x00000000c7200000|  0%| F|  |TAMS 0x00000000c7100000| PB 0x00000000c7100000| Untracked |  0
|  38|0x00000000c7200000, 0x00000000c7200000, 0x00000000c7300000|  0%| F|  |TAMS 0x00000000c7200000| PB 0x00000000c7200000| Untracked |  0
|  39|0x00000000c7300000, 0x00000000c7300000, 0x00000000c7400000|  0%| F|  |TAMS 0x00000000c7300000| PB 0x00000000c7300000| Untracked |  0
|  40|0x00000000c7400000, 0x00000000c7400000, 0x00000000c7500000|  0%| F|  |TAMS 0x00000000c7400000| PB 0x00000000c7400000| Untracked |  0
|  41|0x00000000c7500000, 0x00000000c7500000, 0x00000000c7600000|  0%| F|  |TAMS 0x00000000c7500000| PB 0x00000000c7500000| Untracked |  0
|  42|0x00000000c7600000, 0x00000000c7600000, 0x00000000c7700000|  0%| F|  |TAMS 0x00000000c7600000| PB 0x00000000c7600000| Untracked |  0
|  43|0x00000000c7700000, 0x00000000c7700000, 0x00000000c7800000|  0%| F|  |TAMS 0x00000000c7700000| PB 0x00000000c7700000| Untracked |  0
|  44|0x00000000c7800000, 0x00000000c7900000, 0x00000000c7900000|100%| S|CS|TAMS 0x00000000c7800000| PB 0x00000000c7800000| Complete |  0
|  45|0x00000000c7900000, 0x00000000c7a00000, 0x00000000c7a00000|100%| S|CS|TAMS 0x00000000c7900000| PB 0x00000000c7900000| Complete |  0
|  46|0x00000000c7a00000, 0x00000000c7a00000, 0x00000000c7b00000|  0%| F|  |TAMS 0x00000000c7a00000| PB 0x00000000c7a00000| Untracked |  0
|  47|0x00000000c7b00000, 0x00000000c7b00000, 0x00000000c7c00000|  0%| F|  |TAMS 0x00000000c7b00000| PB 0x00000000c7b00000| Untracked |  0
|  48|0x00000000c7c00000, 0x00000000c7c25e88, 0x00000000c7d00000| 14%| E|  |TAMS 0x00000000c7c00000| PB 0x00000000c7c00000| Complete |  0
|  49|0x00000000c7d00000, 0x00000000c7e00000, 0x00000000c7e00000|100%| E|CS|TAMS 0x00000000c7d00000| PB 0x00000000c7d00000| Complete |  0
|  50|0x00000000c7e00000, 0x00000000c7f00000, 0x00000000c7f00000|100%| E|CS|TAMS 0x00000000c7e00000| PB 0x00000000c7e00000| Complete |  0
|  51|0x00000000c7f00000, 0x00000000c8000000, 0x00000000c8000000|100%| E|CS|TAMS 0x00000000c7f00000| PB 0x00000000c7f00000| Complete |  0
|  52|0x00000000c8000000, 0x00000000c8100000, 0x00000000c8100000|100%| E|CS|TAMS 0x00000000c8000000| PB 0x00000000c8000000| Complete |  0
|  53|0x00000000c8100000, 0x00000000c8200000, 0x00000000c8200000|100%| E|CS|TAMS 0x00000000c8100000| PB 0x00000000c8100000| Complete |  0
|  54|0x00000000c8200000, 0x00000000c8300000, 0x00000000c8300000|100%| E|CS|TAMS 0x00000000c8200000| PB 0x00000000c8200000| Complete |  0
|  55|0x00000000c8300000, 0x00000000c8400000, 0x00000000c8400000|100%| E|CS|TAMS 0x00000000c8300000| PB 0x00000000c8300000| Complete |  0
|  56|0x00000000c8400000, 0x00000000c8500000, 0x00000000c8500000|100%| E|  |TAMS 0x00000000c8400000| PB 0x00000000c8400000| Complete |  0
|  57|0x00000000c8500000, 0x00000000c8600000, 0x00000000c8600000|100%| E|CS|TAMS 0x00000000c8500000| PB 0x00000000c8500000| Complete |  0
|  58|0x00000000c8600000, 0x00000000c8700000, 0x00000000c8700000|100%| E|CS|TAMS 0x00000000c8600000| PB 0x00000000c8600000| Complete |  0
|  59|0x00000000c8700000, 0x00000000c8800000, 0x00000000c8800000|100%| E|CS|TAMS 0x00000000c8700000| PB 0x00000000c8700000| Complete |  0

Card table byte_map: [0x00000211fe2e0000,0x00000211fe4c0000] _byte_map_base: 0x00000211fdcba000

Marking Bits: (CMBitMap*) 0x00000211f5fcaa30
 Bits: [0x00000211fe4c0000, 0x00000211ff390000)

Polling page: 0x00000211f3ed0000

Metaspace:

Usage:
  Non-class:      5.72 MB used.
      Class:    747.35 KB used.
       Both:      6.45 MB used.

Virtual space:
  Non-class space:       64.00 MB reserved,       5.88 MB (  9%) committed,  1 nodes.
      Class space:        1.00 GB reserved,     896.00 KB ( <1%) committed,  1 nodes.
             Both:        1.06 GB reserved,       6.75 MB ( <1%) committed. 

Chunk freelists:
   Non-Class:  9.45 MB
       Class:  15.04 MB
        Both:  24.49 MB

MaxMetaspaceSize: unlimited
CompressedClassSpaceSize: 1.00 GB
Initial GC threshold: 21.00 MB
Current GC threshold: 21.00 MB
CDS: on
 - commit_granule_bytes: 65536.
 - commit_granule_words: 8192.
 - virtual_space_node_default_size: 8388608.
 - enlarge_chunks_in_place: 1.
 - use_allocation_guard: 0.


Internal statistics:

num_allocs_failed_limit: 0.
num_arena_births: 162.
num_arena_deaths: 0.
num_vsnodes_births: 2.
num_vsnodes_deaths: 0.
num_space_committed: 108.
num_space_uncommitted: 0.
num_chunks_returned_to_freelist: 0.
num_chunks_taken_from_freelist: 365.
num_chunk_merges: 0.
num_chunk_splits: 205.
num_chunks_enlarged: 103.
num_inconsistent_stats: 0.

CodeHeap 'non-profiled nmethods': size=120000Kb used=472Kb max_used=472Kb free=119527Kb
 bounds [0x0000021187ad0000, 0x0000021187d40000, 0x000002118f000000]
CodeHeap 'profiled nmethods': size=120000Kb used=2240Kb max_used=2240Kb free=117759Kb
 bounds [0x0000021180000000, 0x0000021180270000, 0x0000021187530000]
CodeHeap 'non-nmethods': size=5760Kb used=1516Kb max_used=1534Kb free=4243Kb
 bounds [0x0000021187530000, 0x00000211877a0000, 0x0000021187ad0000]
 total_blobs=1773 nmethods=1296 adapters=382
 compilation: enabled
              stopped_count=0, restarted_count=0
 full_count=0

Compilation events (20 events):
Event: 1.636 Thread 0x00000211d2139a80 nmethod 1266 0x0000021180223010 code [0x0000021180223200, 0x0000021180223728]
Event: 1.636 Thread 0x00000211d2139a80 1267       3       java.lang.invoke.MethodHandleNatives::refKindHasReceiver (33 bytes)
Event: 1.636 Thread 0x00000211d2139a80 nmethod 1267 0x0000021180223910 code [0x0000021180223aa0, 0x0000021180223bf0]
Event: 1.641 Thread 0x00000211d2139a80 1268       3       jdk.internal.loader.BuiltinClassLoader::getAndVerifyPackage (113 bytes)
Event: 1.642 Thread 0x00000211d2139a80 nmethod 1268 0x0000021180223c90 code [0x0000021180223fe0, 0x0000021180225040]
Event: 1.678 Thread 0x00000211d2139a80 1270       1       java.lang.reflect.Method::getSharedParameterTypes (5 bytes)
Event: 1.678 Thread 0x00000211d2139a80 nmethod 1270 0x0000021187b44510 code [0x0000021187b446a0, 0x0000021187b44768]
Event: 1.688 Thread 0x00000211d2139a80 1271       1       sun.reflect.generics.tree.SimpleClassTypeSignature::getName (5 bytes)
Event: 1.688 Thread 0x00000211d2139a80 nmethod 1271 0x0000021187b44810 code [0x0000021187b449a0, 0x0000021187b44a68]
Event: 1.690 Thread 0x00000211d2139a80 1272       1       sun.reflect.generics.tree.ClassTypeSignature::getPath (5 bytes)
Event: 1.690 Thread 0x00000211d2139a80 nmethod 1272 0x0000021187b44b10 code [0x0000021187b44ca0, 0x0000021187b44d68]
Event: 1.690 Thread 0x00000211d2139a80 1273       1       sun.reflect.generics.tree.SimpleClassTypeSignature::getDollar (5 bytes)
Event: 1.690 Thread 0x00000211d2139a80 nmethod 1273 0x0000021187b44e10 code [0x0000021187b44fa0, 0x0000021187b45070]
Event: 1.692 Thread 0x00000211d21361f0 1275       4       java.lang.CharacterDataLatin1::isWhitespace (23 bytes)
Event: 1.693 Thread 0x00000211d21361f0 nmethod 1275 0x0000021187b45810 code [0x0000021187b459a0, 0x0000021187b45a80]
Event: 1.702 Thread 0x00000211d2139a80 1276       3       java.util.RegularEnumSet::add (9 bytes)
Event: 1.702 Thread 0x00000211d2139a80 nmethod 1276 0x0000021180225610 code [0x00000211802257c0, 0x00000211802259d8]
Event: 1.702 Thread 0x00000211d2139a80 1277       3       java.util.EnumSet::typeCheck (59 bytes)
Event: 1.703 Thread 0x00000211d21361f0 1278   !   4       java.util.concurrent.ConcurrentHashMap::putVal (432 bytes)
Event: 1.703 Thread 0x00000211d2139a80 nmethod 1277 0x0000021180225a90 code [0x0000021180225d20, 0x0000021180226750]

GC Heap History (2 events):
Event: 0.950 GC heap before
{Heap before GC invocations=0 (full 0):
 garbage-first heap   total reserved 970752K, committed 61440K, used 14336K [0x00000000c4c00000, 0x0000000100000000)
  region size 1024K, 14 young (14336K), 0 survivors (0K)
 Metaspace       used 3871K, committed 4096K, reserved 1114112K
  class space    used 409K, committed 512K, reserved 1048576K
}
Event: 0.961 GC heap after
{Heap after GC invocations=1 (full 0):
 garbage-first heap   total reserved 970752K, committed 61440K, used 6528K [0x00000000c4c00000, 0x0000000100000000)
  region size 1024K, 2 young (2048K), 2 survivors (2048K)
 Metaspace       used 3871K, committed 4096K, reserved 1114112K
  class space    used 409K, committed 512K, reserved 1048576K
}

Dll operation events (12 events):
Event: 0.029 Loaded shared library C:\Program Files\Java\jdk-22\bin\java.dll
Event: 0.087 Loaded shared library C:\Program Files\Java\jdk-22\bin\jsvml.dll
Event: 0.198 Loaded shared library C:\Program Files\Java\jdk-22\bin\zip.dll
Event: 0.204 Loaded shared library C:\Program Files\Java\jdk-22\bin\instrument.dll
Event: 0.210 Loaded shared library C:\Program Files\Java\jdk-22\bin\net.dll
Event: 0.212 Loaded shared library C:\Program Files\Java\jdk-22\bin\nio.dll
Event: 0.217 Loaded shared library C:\Program Files\Java\jdk-22\bin\zip.dll
Event: 0.436 Loaded shared library C:\Program Files\JetBrains\IntelliJ IDEA Community Edition 2024.1.1\bin\breakgen64.dll
Event: 0.459 Loaded shared library C:\Program Files\Java\jdk-22\bin\extnet.dll
Event: 0.511 Loaded shared library C:\Program Files\Java\jdk-22\bin\jimage.dll
Event: 1.075 Loaded shared library C:\Program Files\Java\jdk-22\bin\management.dll
Event: 1.080 Loaded shared library C:\Program Files\Java\jdk-22\bin\management_ext.dll

Deoptimization events (20 events):
Event: 1.462 Thread 0x00000211d2e43bd0 Uncommon trap: trap_request=0xffffffc6 fr.pc=0x0000021187b2c798 relative=0x0000000000000c38
Event: 1.463 Thread 0x00000211d2e43bd0 Uncommon trap: reason=bimorphic_or_optimized_type_check action=maybe_recompile pc=0x0000021187b2c798 method=java.util.HashMap.putVal(ILjava/lang/Object;Ljava/lang/Object;ZZ)Ljava/lang/Object; @ 56 c2
Event: 1.463 Thread 0x00000211d2e43bd0 DEOPT PACKING pc=0x0000021187b2c798 sp=0x000000a1ed8fe0f0
Event: 1.463 Thread 0x00000211d2e43bd0 DEOPT UNPACKING pc=0x0000021187587da2 sp=0x000000a1ed8fe020 mode 2
Event: 1.463 Thread 0x00000211d2e43bd0 Uncommon trap: trap_request=0xffffffc6 fr.pc=0x0000021187b2c798 relative=0x0000000000000c38
Event: 1.463 Thread 0x00000211d2e43bd0 Uncommon trap: reason=bimorphic_or_optimized_type_check action=maybe_recompile pc=0x0000021187b2c798 method=java.util.HashMap.putVal(ILjava/lang/Object;Ljava/lang/Object;ZZ)Ljava/lang/Object; @ 56 c2
Event: 1.463 Thread 0x00000211d2e43bd0 DEOPT PACKING pc=0x0000021187b2c798 sp=0x000000a1ed8fe0f0
Event: 1.463 Thread 0x00000211d2e43bd0 DEOPT UNPACKING pc=0x0000021187587da2 sp=0x000000a1ed8fe020 mode 2
Event: 1.463 Thread 0x00000211d2e43bd0 Uncommon trap: trap_request=0xffffffc6 fr.pc=0x0000021187b2c798 relative=0x0000000000000c38
Event: 1.463 Thread 0x00000211d2e43bd0 Uncommon trap: reason=bimorphic_or_optimized_type_check action=maybe_recompile pc=0x0000021187b2c798 method=java.util.HashMap.putVal(ILjava/lang/Object;Ljava/lang/Object;ZZ)Ljava/lang/Object; @ 56 c2
Event: 1.463 Thread 0x00000211d2e43bd0 DEOPT PACKING pc=0x0000021187b2c798 sp=0x000000a1ed8fe0f0
Event: 1.463 Thread 0x00000211d2e43bd0 DEOPT UNPACKING pc=0x0000021187587da2 sp=0x000000a1ed8fe020 mode 2
Event: 1.463 Thread 0x00000211d2e43bd0 Uncommon trap: trap_request=0xffffffc6 fr.pc=0x0000021187b2c798 relative=0x0000000000000c38
Event: 1.463 Thread 0x00000211d2e43bd0 Uncommon trap: reason=bimorphic_or_optimized_type_check action=maybe_recompile pc=0x0000021187b2c798 method=java.util.HashMap.putVal(ILjava/lang/Object;Ljava/lang/Object;ZZ)Ljava/lang/Object; @ 56 c2
Event: 1.463 Thread 0x00000211d2e43bd0 DEOPT PACKING pc=0x0000021187b2c798 sp=0x000000a1ed8fe0f0
Event: 1.463 Thread 0x00000211d2e43bd0 DEOPT UNPACKING pc=0x0000021187587da2 sp=0x000000a1ed8fe020 mode 2
Event: 1.635 Thread 0x00000211d2131cc0 Uncommon trap: trap_request=0xffffff45 fr.pc=0x0000021187b3ba20 relative=0x0000000000000620
Event: 1.635 Thread 0x00000211d2131cc0 Uncommon trap: reason=unstable_if action=reinterpret pc=0x0000021187b3ba20 method=java.lang.StringLatin1.getChars(II[B)I @ 25 c2
Event: 1.635 Thread 0x00000211d2131cc0 DEOPT PACKING pc=0x0000021187b3ba20 sp=0x000000a1eccff220
Event: 1.635 Thread 0x00000211d2131cc0 DEOPT UNPACKING pc=0x0000021187587da2 sp=0x000000a1eccff170 mode 2

Classes loaded (20 events):
Event: 1.623 Loading class sun/util/resources/OpenListResourceBundle
Event: 1.623 Loading class sun/util/resources/OpenListResourceBundle done
Event: 1.623 Loading class sun/util/resources/TimeZoneNamesBundle done
Event: 1.623 Loading class sun/util/resources/cldr/TimeZoneNames done
Event: 1.624 Loading class sun/util/resources/cldr/TimeZoneNames_en
Event: 1.625 Loading class sun/util/resources/cldr/TimeZoneNames_en done
Event: 1.626 Loading class sun/util/resources/cldr/TimeZoneNames_en_US
Event: 1.626 Loading class sun/util/resources/cldr/TimeZoneNames_en_US done
Event: 1.628 Loading class sun/util/cldr/CLDRBaseLocaleDataMetaInfo$TZCanonicalIDMapHolder
Event: 1.629 Loading class sun/util/cldr/CLDRBaseLocaleDataMetaInfo$TZCanonicalIDMapHolder done
Event: 1.632 Loading class sun/util/resources/TimeZoneNames
Event: 1.633 Loading class sun/util/resources/TimeZoneNames done
Event: 1.633 Loading class sun/util/resources/TimeZoneNames_en
Event: 1.634 Loading class sun/util/resources/TimeZoneNames_en done
Event: 1.670 Loading class java/math/BigDecimal
Event: 1.671 Loading class java/math/BigDecimal done
Event: 1.671 Loading class java/text/ParseException
Event: 1.671 Loading class java/text/ParseException done
Event: 1.711 Loading class java/time/OffsetDateTime
Event: 1.712 Loading class java/time/OffsetDateTime done

Classes unloaded (0 events):
No events

Classes redefined (0 events):
No events

Internal exceptions (20 events):
Event: 0.425 Thread 0x00000211f3d87200 Exception <a 'java/lang/NoSuchMethodError'{0x00000000c81aef80}: 'java.lang.Object java.lang.invoke.Invokers$Holder.invokeExact_MT(java.lang.Object, java.lang.Object, java.lang.Object, java.lang.Object, java.lang.Object)'> (0x00000000c81aef80) 
thrown [s\open\src\hotspot\share\interpreter\linkResolver.cpp, line 774]
Event: 0.461 Thread 0x00000211d261a990 Exception <a 'java/lang/NoSuchMethodError'{0x00000000c81ee630}: 'void java.lang.invoke.DirectMethodHandle$Holder.invokeStatic(java.lang.Object, java.lang.Object)'> (0x00000000c81ee630) 
thrown [s\open\src\hotspot\share\interpreter\linkResolver.cpp, line 774]
Event: 0.583 Thread 0x00000211f3d87200 Exception <a 'java/lang/ClassNotFoundException'{0x00000000c7ffec38}: javax/smartcardio/CardPermission> (0x00000000c7ffec38) 
thrown [s\open\src\hotspot\share\classfile\systemDictionary.cpp, line 313]
Event: 0.588 Thread 0x00000211f3d87200 Exception <a 'java/io/FileNotFoundException'{0x00000000c7e0d0d8}> (0x00000000c7e0d0d8) 
thrown [s\open\src\hotspot\share\prims\jni.cpp, line 520]
Event: 0.632 Thread 0x00000211f3d87200 Exception <a 'java/lang/NoSuchMethodError'{0x00000000c7e9b838}: 'java.lang.Object java.lang.invoke.DirectMethodHandle$Holder.invokeSpecial(java.lang.Object, java.lang.Object, java.lang.Object, long, java.lang.Object)'> (0x00000000c7e9b838) 
thrown [s\open\src\hotspot\share\interpreter\linkResolver.cpp, line 774]
Event: 0.632 Thread 0x00000211f3d87200 Exception <a 'java/lang/NoSuchMethodError'{0x00000000c7e9f198}: 'java.lang.Object java.lang.invoke.Invokers$Holder.linkToTargetMethod(java.lang.Object, long, java.lang.Object, java.lang.Object)'> (0x00000000c7e9f198) 
thrown [s\open\src\hotspot\share\interpreter\linkResolver.cpp, line 774]
Event: 0.820 Thread 0x00000211f3d87200 Exception <a 'java/lang/NoSuchMethodError'{0x00000000c7ca1730}: 'void java.lang.invoke.DirectMethodHandle$Holder.invokeStatic(java.lang.Object, java.lang.Object, java.lang.Object, java.lang.Object)'> (0x00000000c7ca1730) 
thrown [s\open\src\hotspot\share\interpreter\linkResolver.cpp, line 774]
Event: 0.877 Thread 0x00000211f3d87200 Exception <a 'java/lang/NoSuchMethodError'{0x00000000c7bbd620}: 'int java.lang.invoke.DirectMethodHandle$Holder.invokeStaticInit(java.lang.Object, java.lang.Object)'> (0x00000000c7bbd620) 
thrown [s\open\src\hotspot\share\interpreter\linkResolver.cpp, line 774]
Event: 0.894 Thread 0x00000211f3d87200 Exception <a 'java/lang/NoSuchMethodError'{0x00000000c7a07c08}: 'void java.lang.invoke.DirectMethodHandle$Holder.invokeInterface(java.lang.Object, java.lang.Object, java.lang.Object, java.lang.Object)'> (0x00000000c7a07c08) 
thrown [s\open\src\hotspot\share\interpreter\linkResolver.cpp, line 774]
Event: 1.016 Thread 0x00000211f3d87200 Exception <a 'java/lang/NoSuchMethodError'{0x00000000c866adf0}: 'java.lang.Object java.lang.invoke.DirectMethodHandle$Holder.invokeInterface(java.lang.Object, java.lang.Object)'> (0x00000000c866adf0) 
thrown [s\open\src\hotspot\share\interpreter\linkResolver.cpp, line 774]
Event: 1.033 Thread 0x00000211f3d87200 Exception <a 'java/lang/NoSuchMethodError'{0x00000000c86b4360}: 'java.lang.Object java.lang.invoke.DirectMethodHandle$Holder.invokeSpecialIFC(java.lang.Object, java.lang.Object, java.lang.Object, java.lang.Object)'> (0x00000000c86b4360) 
thrown [s\open\src\hotspot\share\interpreter\linkResolver.cpp, line 774]
Event: 1.040 Thread 0x00000211f3d87200 Exception <a 'java/lang/NoSuchMethodError'{0x00000000c86d45e0}: 'java.lang.Object java.lang.invoke.DirectMethodHandle$Holder.invokeInterface(java.lang.Object, java.lang.Object, java.lang.Object)'> (0x00000000c86d45e0) 
thrown [s\open\src\hotspot\share\interpreter\linkResolver.cpp, line 774]
Event: 1.089 Thread 0x00000211f3d87200 Exception <a 'java/lang/NoSuchMethodError'{0x00000000c85e78a8}: 'int java.lang.invoke.DirectMethodHandle$Holder.invokeSpecial(java.lang.Object, java.lang.Object, java.lang.Object)'> (0x00000000c85e78a8) 
thrown [s\open\src\hotspot\share\interpreter\linkResolver.cpp, line 774]
Event: 1.230 Thread 0x00000211d2e43bd0 Exception <a 'java/lang/NoSuchMethodError'{0x00000000c82cf010}: 'void java.lang.invoke.DirectMethodHandle$Holder.invokeSpecial(java.lang.Object, java.lang.Object, java.lang.Object)'> (0x00000000c82cf010) 
thrown [s\open\src\hotspot\share\interpreter\linkResolver.cpp, line 774]
Event: 1.288 Thread 0x00000211d2e43bd0 Exception <a 'java/lang/NoSuchMethodError'{0x00000000c81ae910}: 'int java.lang.invoke.DirectMethodHandle$Holder.invokeStaticInit(java.lang.Object, java.lang.Object, java.lang.Object)'> (0x00000000c81ae910) 
thrown [s\open\src\hotspot\share\interpreter\linkResolver.cpp, line 774]
Event: 1.310 Thread 0x00000211d2e43bd0 Exception <a 'java/lang/NoSuchMethodError'{0x00000000c8009c70}: 'java.lang.Object java.lang.invoke.DirectMethodHandle$Holder.newInvokeSpecial(java.lang.Object, java.lang.Object, java.lang.Object, java.lang.Object, java.lang.Object)'> (0x00000000c8009c70) 
thrown [s\open\src\hotspot\share\interpreter\linkResolver.cpp, line 774]
Event: 1.329 Thread 0x00000211d2e43bd0 Exception <a 'java/lang/NoSuchMethodError'{0x00000000c80539b8}: 'java.lang.Object java.lang.invoke.DirectMethodHandle$Holder.invokeStaticInit(java.lang.Object, java.lang.Object, java.lang.Object)'> (0x00000000c80539b8) 
thrown [s\open\src\hotspot\share\interpreter\linkResolver.cpp, line 774]
Event: 1.399 Thread 0x00000211d2e43bd0 Exception <a 'java/lang/IncompatibleClassChangeError'{0x00000000c80e0c98}: Found class java.lang.Object, but interface was expected> (0x00000000c80e0c98) 
thrown [s\open\src\hotspot\share\interpreter\linkResolver.cpp, line 841]
Event: 1.460 Thread 0x00000211d2e43bd0 Exception <a 'sun/nio/fs/WindowsException'{0x00000000c7f62358}> (0x00000000c7f62358) 
thrown [s\open\src\hotspot\share\prims\jni.cpp, line 520]
Event: 1.636 Thread 0x00000211d2131cc0 Exception <a 'java/lang/NoSuchMethodError'{0x00000000c7d27b28}: 'java.lang.Object java.lang.invoke.Invokers$Holder.invokeExact_MT(java.lang.Object, java.lang.Object, java.lang.Object, java.lang.Object, java.lang.Object, java.lang.Object)'> (0x00000000c7d27b28) 
thrown [s\open\src\hotspot\share\interpreter\linkResolver.cpp, line 774]

ZGC Phase Switch (0 events):
No events

VM Operations (12 events):
Event: 0.181 Executing VM operation: HandshakeAllThreads (Deoptimize)
Event: 0.181 Executing VM operation: HandshakeAllThreads (Deoptimize) done
Event: 0.517 Executing VM operation: HandshakeAllThreads (Deoptimize)
Event: 0.517 Executing VM operation: HandshakeAllThreads (Deoptimize) done
Event: 0.949 Executing VM operation: G1CollectForAllocation (G1 Evacuation Pause)
Event: 0.961 Executing VM operation: G1CollectForAllocation (G1 Evacuation Pause) done
Event: 1.011 Executing VM operation: HandshakeAllThreads (Deoptimize)
Event: 1.011 Executing VM operation: HandshakeAllThreads (Deoptimize) done
Event: 1.011 Executing VM operation: HandshakeAllThreads (Deoptimize)
Event: 1.011 Executing VM operation: HandshakeAllThreads (Deoptimize) done
Event: 1.462 Executing VM operation: HandshakeAllThreads (Deoptimize)
Event: 1.462 Executing VM operation: HandshakeAllThreads (Deoptimize) done

Events (14 events):
Event: 0.064 Thread 0x00000211f3d87200 Thread added: 0x00000211f3d87200
Event: 0.083 Thread 0x00000211d212c650 Thread added: 0x00000211d212c650
Event: 0.083 Thread 0x00000211d2130470 Thread added: 0x00000211d2130470
Event: 0.083 Thread 0x00000211d2131170 Thread added: 0x00000211d2131170
Event: 0.083 Thread 0x00000211d2131cc0 Thread added: 0x00000211d2131cc0
Event: 0.083 Thread 0x00000211d2132810 Thread added: 0x00000211d2132810
Event: 0.083 Thread 0x00000211d2133360 Thread added: 0x00000211d2133360
Event: 0.083 Thread 0x00000211d21361f0 Thread added: 0x00000211d21361f0
Event: 0.084 Thread 0x00000211d2139a80 Thread added: 0x00000211d2139a80
Event: 0.173 Thread 0x00000211d231c330 Thread added: 0x00000211d231c330
Event: 0.439 Thread 0x00000211d261a990 Thread added: 0x00000211d261a990
Event: 0.439 Thread 0x00000211d261b000 Thread added: 0x00000211d261b000
Event: 1.215 Thread 0x00000211d2e265a0 Thread added: 0x00000211d2e265a0
Event: 1.225 Thread 0x00000211d2e43bd0 Thread added: 0x00000211d2e43bd0


Dynamic libraries:
0x00007ff68ae50000 - 0x00007ff68ae60000 	C:\Program Files\Java\jdk-22\bin\java.exe
0x00007ffaa7a20000 - 0x00007ffaa7c29000 	C:\WINDOWS\SYSTEM32\ntdll.dll
0x00007ffaa6380000 - 0x00007ffaa643d000 	C:\WINDOWS\System32\KERNEL32.DLL
0x00007ffaa54e0000 - 0x00007ffaa5864000 	C:\WINDOWS\System32\KERNELBASE.dll
0x00007ffaa51a0000 - 0x00007ffaa52b1000 	C:\WINDOWS\System32\ucrtbase.dll
0x00007ffa99d00000 - 0x00007ffa99d17000 	C:\Program Files\Java\jdk-22\bin\jli.dll
0x00007ffaa5910000 - 0x00007ffaa59be000 	C:\WINDOWS\System32\ADVAPI32.dll
0x00007ffaa5ce0000 - 0x00007ffaa5d83000 	C:\WINDOWS\System32\msvcrt.dll
0x00007ffaa6f50000 - 0x00007ffaa6fee000 	C:\WINDOWS\System32\sechost.dll
0x00007ffaa59d0000 - 0x00007ffaa5af1000 	C:\WINDOWS\System32\RPCRT4.dll
0x00007ffaa64c0000 - 0x00007ffaa666d000 	C:\WINDOWS\System32\USER32.dll
0x00007ffaa54b0000 - 0x00007ffaa54d6000 	C:\WINDOWS\System32\win32u.dll
0x00007ffa91780000 - 0x00007ffa9179b000 	C:\Program Files\Java\jdk-22\bin\VCRUNTIME140.dll
0x00007ffaa58e0000 - 0x00007ffaa590a000 	C:\WINDOWS\System32\GDI32.dll
0x00007ffaa5080000 - 0x00007ffaa519e000 	C:\WINDOWS\System32\gdi32full.dll
0x00007ffaa4fe0000 - 0x00007ffaa507d000 	C:\WINDOWS\System32\msvcp_win.dll
0x00007ffa872b0000 - 0x00007ffa87555000 	C:\WINDOWS\WinSxS\amd64_microsoft.windows.common-controls_6595b64144ccf1df_6.0.22000.120_none_9d947278b86cc467\COMCTL32.dll
0x00007ffa9f5a0000 - 0x00007ffa9f5aa000 	C:\WINDOWS\SYSTEM32\VERSION.dll
0x00007ffaa6820000 - 0x00007ffaa6851000 	C:\WINDOWS\System32\IMM32.DLL
0x00007ffa9fbe0000 - 0x00007ffa9fbec000 	C:\Program Files\Java\jdk-22\bin\vcruntime140_1.dll
0x00007ffa697e0000 - 0x00007ffa6986e000 	C:\Program Files\Java\jdk-22\bin\msvcp140.dll
0x00007ffa3c070000 - 0x00007ffa3cdb7000 	C:\Program Files\Java\jdk-22\bin\server\jvm.dll
0x00007ffaa69d0000 - 0x00007ffaa6a3f000 	C:\WINDOWS\System32\WS2_32.dll
0x00007ffaa4d80000 - 0x00007ffaa4dcd000 	C:\WINDOWS\SYSTEM32\POWRPROF.dll
0x00007ffa9fb00000 - 0x00007ffa9fb33000 	C:\WINDOWS\SYSTEM32\WINMM.dll
0x00007ffaa4d60000 - 0x00007ffaa4d73000 	C:\WINDOWS\SYSTEM32\UMPDC.dll
0x00007ffaa3f20000 - 0x00007ffaa3f38000 	C:\WINDOWS\SYSTEM32\kernel.appcore.dll
0x00007ffa9fbb0000 - 0x00007ffa9fbba000 	C:\Program Files\Java\jdk-22\bin\jimage.dll
0x00007ffaa28e0000 - 0x00007ffaa2b01000 	C:\WINDOWS\SYSTEM32\DBGHELP.DLL
0x00007ffa83df0000 - 0x00007ffa83e21000 	C:\WINDOWS\SYSTEM32\dbgcore.DLL
0x00007ffaa52c0000 - 0x00007ffaa533f000 	C:\WINDOWS\System32\bcryptPrimitives.dll
0x00007ffa9f870000 - 0x00007ffa9f87f000 	C:\Program Files\Java\jdk-22\bin\instrument.dll
0x00007ffa86000000 - 0x00007ffa8601e000 	C:\Program Files\Java\jdk-22\bin\java.dll
0x00007ffaa7210000 - 0x00007ffaa79d5000 	C:\WINDOWS\System32\SHELL32.dll
0x00007ffaa6680000 - 0x00007ffaa681a000 	C:\WINDOWS\System32\ole32.dll
0x00007ffaa5e10000 - 0x00007ffaa6186000 	C:\WINDOWS\System32\combase.dll
0x00007ffaa2f80000 - 0x00007ffaa37e2000 	C:\WINDOWS\SYSTEM32\windows.storage.dll
0x00007ffaa2e10000 - 0x00007ffaa2f77000 	C:\WINDOWS\SYSTEM32\wintypes.dll
0x00007ffaa7120000 - 0x00007ffaa720a000 	C:\WINDOWS\System32\SHCORE.dll
0x00007ffaa6440000 - 0x00007ffaa649d000 	C:\WINDOWS\System32\shlwapi.dll
0x00007ffaa4de0000 - 0x00007ffaa4e05000 	C:\WINDOWS\SYSTEM32\profapi.dll
0x00007ffa57400000 - 0x00007ffa574d7000 	C:\Program Files\Java\jdk-22\bin\jsvml.dll
0x00007ffa85a70000 - 0x00007ffa85a87000 	C:\Program Files\Java\jdk-22\bin\zip.dll
0x00007ffa8e8f0000 - 0x00007ffa8e900000 	C:\Program Files\Java\jdk-22\bin\net.dll
0x00007ffaa43d0000 - 0x00007ffaa4437000 	C:\WINDOWS\system32\mswsock.dll
0x00007ffa79fa0000 - 0x00007ffa79fb6000 	C:\Program Files\Java\jdk-22\bin\nio.dll
0x00007ffa70330000 - 0x00007ffa7034a000 	C:\Program Files\JetBrains\IntelliJ IDEA Community Edition 2024.1.1\bin\breakgen64.dll
0x00007ffa876d0000 - 0x00007ffa876d9000 	C:\Program Files\Java\jdk-22\bin\extnet.dll
0x00007ffa863e0000 - 0x00007ffa863ea000 	C:\Program Files\Java\jdk-22\bin\management.dll
0x00007ffa838a0000 - 0x00007ffa838ab000 	C:\Program Files\Java\jdk-22\bin\management_ext.dll
0x00007ffaa7110000 - 0x00007ffaa7118000 	C:\WINDOWS\System32\PSAPI.DLL

dbghelp: loaded successfully - version: 4.0.5 - missing functions: none
symbol engine: initialized successfully - sym options: 0x614 - pdb path: .;C:\Program Files\Java\jdk-22\bin;C:\WINDOWS\SYSTEM32;C:\WINDOWS\WinSxS\amd64_microsoft.windows.common-controls_6595b64144ccf1df_6.0.22000.120_none_9d947278b86cc467;C:\Program Files\Java\jdk-22\bin\server;C:\Program Files\JetBrains\IntelliJ IDEA Community Edition 2024.1.1\bin

VM Arguments:
jvm_args: -javaagent:C:\Program Files\JetBrains\IntelliJ IDEA Community Edition 2024.1.1\lib\idea_rt.jar=54815:C:\Program Files\JetBrains\IntelliJ IDEA Community Edition 2024.1.1\bin -Dfile.encoding=UTF-8 -Dsun.stdout.encoding=UTF-8 -Dsun.stderr.encoding=UTF-8 
java_command: com.example.dinhtrongkhang.DinhtrongkhangApplication
java_class_path (initial): C:\Users\Admin\Downloads\dinhtrongkhang\dinhtrongkhang\target\classes;C:\Users\Admin\.m2\repository\org\springframework\boot\spring-boot-starter-data-jpa\3.3.0\spring-boot-starter-data-jpa-3.3.0.jar;C:\Users\Admin\.m2\repository\org\springframework\boot\spring-boot-starter-aop\3.3.0\spring-boot-starter-aop-3.3.0.jar;C:\Users\Admin\.m2\repository\org\springframework\spring-aop\6.1.8\spring-aop-6.1.8.jar;C:\Users\Admin\.m2\repository\org\aspectj\aspectjweaver\1.9.22\aspectjweaver-1.9.22.jar;C:\Users\Admin\.m2\repository\org\springframework\boot\spring-boot-starter-jdbc\3.3.0\spring-boot-starter-jdbc-3.3.0.jar;C:\Users\Admin\.m2\repository\com\zaxxer\HikariCP\5.1.0\HikariCP-5.1.0.jar;C:\Users\Admin\.m2\repository\org\springframework\spring-jdbc\6.1.8\spring-jdbc-6.1.8.jar;C:\Users\Admin\.m2\repository\org\hibernate\orm\hibernate-core\6.5.2.Final\hibernate-core-6.5.2.Final.jar;C:\Users\Admin\.m2\repository\jakarta\persistence\jakarta.persistence-api\3.1.0\jakarta.persistence-api-3.1.0.jar;C:\Users\Admin\.m2\repository\jakarta\transaction\jakarta.transaction-api\2.0.1\jakarta.transaction-api-2.0.1.jar;C:\Users\Admin\.m2\repository\org\jboss\logging\jboss-logging\3.5.3.Final\jboss-logging-3.5.3.Final.jar;C:\Users\Admin\.m2\repository\org\hibernate\common\hibernate-commons-annotations\6.0.6.Final\hibernate-commons-annotations-6.0.6.Final.jar;C:\Users\Admin\.m2\repository\io\smallrye\jandex\3.1.2\jandex-3.1.2.jar;C:\Users\Admin\.m2\repository\com\fasterxml\classmate\1.7.0\classmate-1.7.0.jar;C:\Users\Admin\.m2\repository\net\bytebuddy\byte-buddy\1.14.16\byte-buddy-1.14.16.jar;C:\Users\Admin\.m2\repository\org\glassfish\jaxb\jaxb-runtime\4.0.5\jaxb-runtime-4.0.5.jar;C:\Users\Admin\.m2\repository\org\glassfish\jaxb\jaxb-core\4.0.5\jaxb-core-4.0.5.jar;C:\Users\Admin\.m2\repository\org\eclipse\angus\angus-activation\2.0.2\angus-activation-2.0.2.jar;C:\Users\Admin\.m2\repository\org\glassfish\jaxb\txw2\4.0.5\txw2-4.0.5.jar;C:\Users\Admin\.m2\repository\com\sun\istack\istack-commons-runtime\4.1.2\istack-commons-runtime-4.1.2.jar;C:\Users\Admin\.m2\repository\jakarta\inject\jakarta.inject-api\2.0.1\jakarta.inject-api-2.0.1.jar;C:\Users\Admin\.m2\repository\org\antlr\antlr4-runtime\4.13.0\antlr4-runtime-4.13.0.jar;C:\Users\Admin\.m2\repository\org\springframework\data\spring-data-jpa\3.3.0\spring-data-jpa-3.3.0.jar;C:\Users\Admin\.m2\repository\org\springframework\data\spring-data-commons\3.3.0\spring-data-commons-3.3.0.jar;C:\Users\Admin\.m2\repository\org\springframework\spring-orm\6.1.8\spring-orm-6.1.8.jar;C:\Users\Admin\.m2\repository\org\springframework\spring-context\6.1.8\spring-context-6.1.8.jar;C:\Users\Admin\.m2\repository\org\springframework\spring-tx\6.1.8\spring-tx-6.1.8.jar;C:\Users\Admin\.m2\repository\org\springframework\spring-beans\6.1.8\spring-beans-6.1.8.jar;C:\Users\Admin\.m2\repository\jakarta\annotation\jakarta.annotation-api\2.1.1\jakarta.annotation-api-2.1.1.jar;C:\Users\Admin\.m2\repository\org\slf4j\slf4j-api\2.0.13\slf4j-api-2.0.13.jar;C:\Users\Admin\.m2\repository\org\springframework\spring-aspects\6.1.8\spring-aspects-6.1.8.jar;C:\Users\Admin\.m2\repository\org\springframework\boot\spring-boot-starter-thymeleaf\3.3.0\spring-boot-starter-thymeleaf-3.3.0.jar;C:\Users\Admin\.m2\repository\org\springframework\boot\spring-boot-starter\3.3.0\spring-boot-starter-3.3.0.jar;C:\Users\Admin\.m2\repository\org\springframework\boot\spring-boot-starter-logging\3.3.0\spring-boot-starter-logging-3.3.0.jar;C:\Users\Admin\.m2\repository\ch\qos\logback\logback-classic\1.5.6\logback-classic-1.5.6.jar;C:\Users\Admin\.m2\repository\ch\qos\logback\logback-core\1.5.6\logback-core-1.5.6.jar;C:\Users\Admin\.m2\repository\org\apache\logging\log4j\log4j-to-slf4j\2.23.1\log4j-to-slf4j-2.23.1.jar;C:\Users\Admin\.m2\repository\org\apache\logging\log4j\log4j-api\2.23.1\log4j-api-2.23.1.jar;C:\Users\Admin\.m2\repository\org\slf4j\jul-to-slf4j\2.0.13\jul-to-slf4j-2.0.13.jar;C:\Users\Admin\.m2\repository\org\yaml\snakeyaml\2.2\snakeyaml-2.2.jar;C:\Users\Admin\.m2\repository\org\thymeleaf\thymeleaf-spring6\3.1.2.RELEASE\thymeleaf-spring6-3.1.2.RELEASE.jar;C:\Users\Admin\.m2\repository\org\thymeleaf\thymeleaf\3.1.2.RELEASE\thymeleaf-3.1.2.RELEASE.jar;C:\Users\Admin\.m2\repository\org\attoparser\attoparser\2.0.7.RELEASE\attoparser-2.0.7.RELEASE.jar;C:\Users\Admin\.m2\repository\org\unbescape\unbescape\1.1.6.RELEASE\unbescape-1.1.6.RELEASE.jar;C:\Users\Admin\.m2\repository\org\springframework\boot\spring-boot-starter-web\3.3.0\spring-boot-starter-web-3.3.0.jar;C:\Users\Admin\.m2\repository\org\springframework\boot\spring-boot-starter-json\3.3.0\spring-boot-starter-json-3.3.0.jar;C:\Users\Admin\.m2\repository\com\fasterxml\jackson\core\jackson-databind\2.17.1\jackson-databind-2.17.1.jar;C:\Users\Admin\.m2\repository\com\fasterxml\jackson\core\jackson-annotations\2.17.1\jackson-annotations-2.17.1.jar;C:\Users\Admin\.m2\repository\com\fasterxml\jackson\core\jackson-core\2.17.1\jackson-core-2.17.1.jar;C:\Users\Admin\.m2\repository\com\fasterxml\jackson\datatype\jackson-datatype-jdk8\2.17.1\jackson-datatype-jdk8-2.17.1.jar;C:\Users\Admin\.m2\repository\com\fasterxml\jackson\datatype\jackson-datatype-jsr310\2.17.1\jackson-datatype-jsr310-2.17.1.jar;C:\Users\Admin\.m2\repository\com\fasterxml\jackson\module\jackson-module-parameter-names\2.17.1\jackson-module-parameter-names-2.17.1.jar;C:\Users\Admin\.m2\repository\org\springframework\boot\spring-boot-starter-tomcat\3.3.0\spring-boot-starter-tomcat-3.3.0.jar;C:\Users\Admin\.m2\repository\org\apache\tomcat\embed\tomcat-embed-core\10.1.24\tomcat-embed-core-10.1.24.jar;C:\Users\Admin\.m2\repository\org\apache\tomcat\embed\tomcat-embed-el\10.1.24\tomcat-embed-el-10.1.24.jar;C:\Users\Admin\.m2\repository\org\apache\tomcat\embed\tomcat-embed-websocket\10.1.24\tomcat-embed-websocket-10.1.24.jar;C:\Users\Admin\.m2\repository\org\springframework\spring-web\6.1.8\spring-web-6.1.8.jar;C:\Users\Admin\.m2\repository\io\micrometer\micrometer-observation\1.13.0\micrometer-observation-1.13.0.jar;C:\Users\Admin\.m2\repository\io\micrometer\micrometer-commons\1.13.0\micrometer-commons-1.13.0.jar;C:\Users\Admin\.m2\repository\org\springframework\spring-webmvc\6.1.8\spring-webmvc-6.1.8.jar;C:\Users\Admin\.m2\repository\org\springframework\spring-expression\6.1.8\spring-expression-6.1.8.jar;C:\Users\Admin\.m2\repository\org\springframework\boot\spring-boot-devtools\3.3.0\spring-boot-devtools-3.3.0.jar;C:\Users\Admin\.m2\repository\org\springframework\boot\spring-boot\3.3.0\spring-boot-3.3.0.jar;C:\Users\Admin\.m2\repository\org\springframework\boot\spring-boot-autoconfigure\3.3.0\spring-boot-autoconfigure-3.3.0.jar;C:\Users\Admin\.m2\repository\com\mysql\mysql-connector-j\8.3.0\mysql-connector-j-8.3.0.jar;C:\Users\Admin\.m2\repository\org\projectlombok\lombok\1.18.32\lombok-1.18.32.jar;C:\Users\Admin\.m2\repository\jakarta\xml\bind\jakarta.xml.bind-api\4.0.2\jakarta.xml.bind-api-4.0.2.jar;C:\Users\Admin\.m2\repository\jakarta\activation\jakarta.activation-api\2.1.3\jakarta.activation-api-2.1.3.jar;C:\Users\Admin\.m2\repository\org\springframework\spring-core\6.1.8\spring-core-6.1.8.jar;C:\Users\Admin\.m2\repository\org\springframework\spring-jcl\6.1.8\spring-jcl-6.1.8.jar;C:\Users\Admin\.m2\repository\org\jetbrains\annotations\24.1.0\annotations-24.1.0.jar
Launcher Type: SUN_STANDARD

[Global flags]
     intx CICompilerCount                          = 3                                         {product} {ergonomic}
     uint ConcGCThreads                            = 1                                         {product} {ergonomic}
     uint G1ConcRefinementThreads                  = 4                                         {product} {ergonomic}
   size_t G1HeapRegionSize                         = 1048576                                   {product} {ergonomic}
   size_t InitialHeapSize                          = 62914560                                  {product} {ergonomic}
   size_t MarkStackSize                            = 4194304                                   {product} {ergonomic}
   size_t MaxHeapSize                              = 994050048                                 {product} {ergonomic}
   size_t MaxNewSize                               = 595591168                                 {product} {ergonomic}
   size_t MinHeapDeltaBytes                        = 1048576                                   {product} {ergonomic}
   size_t MinHeapSize                              = 8388608                                   {product} {ergonomic}
    uintx NonNMethodCodeHeapSize                   = 5832780                                {pd product} {ergonomic}
    uintx NonProfiledCodeHeapSize                  = 122912730                              {pd product} {ergonomic}
    uintx ProfiledCodeHeapSize                     = 122912730                              {pd product} {ergonomic}
    uintx ReservedCodeCacheSize                    = 251658240                              {pd product} {ergonomic}
     bool SegmentedCodeCache                       = true                                      {product} {ergonomic}
   size_t SoftMaxHeapSize                          = 994050048                              {manageable} {ergonomic}
     bool UseCompressedOops                        = true                           {product lp64_product} {ergonomic}
     bool UseG1GC                                  = true                                      {product} {ergonomic}
     bool UseLargePagesIndividualAllocation        = false                                  {pd product} {ergonomic}

Logging:
Log output configuration:
 #0: stdout all=warning uptime,level,tags foldmultilines=false
 #1: stderr all=off uptime,level,tags foldmultilines=false

Environment Variables:
PATH=C:\ProgramData\Oracle\Java\javapath;C:\Program Files\Common Files\Oracle\Java\javapath;C:\Program Files\Eclipse Adoptium\jdk-17.0.4.8-hotspot\bin;C:\WINDOWS\system32;C:\WINDOWS;C:\WINDOWS\System32\Wbem;C:\WINDOWS\System32\WindowsPowerShell\v1.0\;C:\WINDOWS\System32\OpenSSH\;c:\altera\91sp2\quartus\bin;C:\MinGW\bin;C:\Program Files\Microsoft SQL Server\Client SDK\ODBC\170\Tools\Binn\;C:\Program Files (x86)\Microsoft SQL Server\150\Tools\Binn\;C:\Program Files\Microsoft SQL Server\150\Tools\Binn\;C:\Program Files\Microsoft SQL Server\150\DTS\Binn\;C:\Program Files (x86)\Microsoft SQL Server\150\DTS\Binn\;C:\Program Files\Git\cmd;C:\Program Files\Cloudflare\Cloudflare WARP\;C:\Program Files\dotnet\;C:\Program Files\HP\HP One Agent;C:\Program Files (x86)\Git\cmd;C:\Users\Admin\AppData\Local\Microsoft\WindowsApps;C:\Users\Admin\.dotnet\tools;C:\Program Files\Azure Data Studio\bin
USERNAME=DinhTrongKhang
OS=Windows_NT
PROCESSOR_IDENTIFIER=Intel64 Family 6 Model 126 Stepping 5, GenuineIntel
TMP=C:\Users\Admin\AppData\Local\Temp
TEMP=C:\Users\Admin\AppData\Local\Temp




Periodic native trim disabled

---------------  S Y S T E M  ---------------

OS:
 Windows 11 , 64 bit Build 22000 (10.0.22000.2538)
OS uptime: 0 days 1:45 hours

CPU: total 4 (initial active 4) (2 cores per cpu, 2 threads per core) family 6 model 126 stepping 5 microcode 0xa0, cx8, cmov, fxsr, ht, mmx, 3dnowpref, sse, sse2, sse3, ssse3, sse4.1, sse4.2, popcnt, lzcnt, tsc, tscinvbit, avx, avx2, aes, erms, clmul, bmi1, bmi2, adx, avx512f, avx512dq, avx512cd, avx512bw, avx512vl, sha, fma, vzeroupper, avx512_vpopcntdq, avx512_vpclmulqdq, avx512_vaes, avx512_vnni, clflush, clflushopt, avx512_vbmi2, avx512_vbmi, rdtscp, rdpid, fsrm, gfni, avx512_bitalg, f16c, pku, avx512_ifma
Processor Information for all 4 processors :
  Max Mhz: 1190, Current Mhz: 1190, Mhz Limit: 1190

Memory: 4k page, system-wide physical 3784M (295M free)
TotalPageFile size 11976M (AvailPageFile size 0M)
current process WorkingSet (physical memory assigned to process): 77M, peak: 77M
current process commit charge ("private bytes"): 149M, peak: 149M

vm_info: Java HotSpot(TM) 64-Bit Server VM (22.0.1+8-16) for windows-amd64 JRE (22.0.1+8-16), built on 2024-03-12T10:33:16Z by "mach5one" with MS VC++ 17.6 (VS2022)

END.
